<?xml version="1.0" encoding="UTF-8"?>
<testsuite name="com.template.FlowTests" tests="1" skipped="0" failures="0" errors="0" timestamp="2020-07-06T16:13:29" hostname="20ldn-mac284.mynet" time="13.841">
  <properties/>
  <testcase name="SleepyFlowTest" classname="com.template.FlowTests" time="13.841"/>
  <system-out><![CDATA[?[37m[INFO] 17:13:15,490 [Test worker] internal.TestCordappImpl. - Generating CorDapp jar from local project in /Users/irynatsimashenka/corda/cordapp-template-java/workflows ...
?[m?[37m[INFO] 17:13:15,685 [Connection worker] internal.TestCordappImpl. - Build
?[m?[37m[INFO] 17:13:16,736 [Connection worker] internal.TestCordappImpl. - Starting Gradle Daemon
?[m?[37m[INFO] 17:13:17,461 [Connection worker] internal.TestCordappImpl. - Connecting to Gradle Daemon
?[m?[37m[INFO] 17:13:17,471 [Connection worker] internal.TestCordappImpl. - Starting Gradle Daemon
?[m?[37m[INFO] 17:13:17,472 [Connection worker] internal.TestCordappImpl. - Build
?[m?[37m[INFO] 17:13:17,903 [Connection worker] internal.TestCordappImpl. - Run build
?[m?[37m[INFO] 17:13:17,924 [Connection worker] internal.TestCordappImpl. - Evaluate settings
?[m?[37m[INFO] 17:13:18,296 [Connection worker] internal.TestCordappImpl. - Run build
?[m?[37m[INFO] 17:13:18,308 [Connection worker] internal.TestCordappImpl. - Configure build
?[m?[37m[INFO] 17:13:18,308 [Connection worker] internal.TestCordappImpl. - Load projects
?[m?[37m[INFO] 17:13:18,431 [Connection worker] internal.TestCordappImpl. - Configure build
?[m?[37m[INFO] 17:13:18,431 [Connection worker] internal.TestCordappImpl. - Configure project :
?[m?[37m[INFO] 17:13:18,814 [Connection worker] internal.TestCordappImpl. - Resolve dependencies of :classpath
?[m?[37m[INFO] 17:13:18,990 [Connection worker] internal.TestCordappImpl. - Configure project :
?[m?[37m[INFO] 17:13:19,000 [Connection worker] internal.TestCordappImpl. - Resolve files of :classpath
?[m?[37m[INFO] 17:13:19,011 [Connection worker] internal.TestCordappImpl. - Configure project :
?[m?[37m[INFO] 17:13:19,011 [Connection worker] internal.TestCordappImpl. - Resolve files of :classpath
?[m?[37m[INFO] 17:13:19,011 [Connection worker] internal.TestCordappImpl. - Configure project :
?[m?[37m[INFO] 17:13:19,641 [Connection worker] internal.TestCordappImpl. - Configure build
?[m?[37m[INFO] 17:13:19,641 [Connection worker] internal.TestCordappImpl. - Configure project :clients
?[m?[37m[INFO] 17:13:19,732 [Connection worker] internal.TestCordappImpl. - Configure build
?[m?[37m[INFO] 17:13:19,732 [Connection worker] internal.TestCordappImpl. - Configure project :contracts
?[m?[37m[INFO] 17:13:19,753 [Connection worker] internal.TestCordappImpl. - Configure build
?[m?[37m[INFO] 17:13:19,753 [Connection worker] internal.TestCordappImpl. - Configure project :workflows
?[m?[37m[INFO] 17:13:19,785 [Connection worker] internal.TestCordappImpl. - Configure build
?[m?[37m[INFO] 17:13:19,785 [Connection worker] internal.TestCordappImpl. - Run build
?[m?[37m[INFO] 17:13:19,877 [Connection worker] internal.TestCordappImpl. - Run tasks
?[m?[37m[INFO] 17:13:19,889 [Connection worker] internal.TestCordappImpl. - Task :contracts:compileJava
?[m?[37m[INFO] 17:13:19,923 [Connection worker] internal.TestCordappImpl. - Resolve dependencies of :contracts:compileClasspath
?[m?[37m[INFO] 17:13:19,968 [Connection worker] internal.TestCordappImpl. - Task :contracts:compileJava
?[m?[37m[INFO] 17:13:19,968 [Connection worker] internal.TestCordappImpl. - Resolve files of :contracts:compileClasspath
?[m?[37m[INFO] 17:13:19,968 [Connection worker] internal.TestCordappImpl. - Task :contracts:compileJava
?[m?[37m[INFO] 17:13:19,989 [Connection worker] internal.TestCordappImpl. - Resolve dependencies of :contracts:annotationProcessor
?[m?[37m[INFO] 17:13:19,989 [Connection worker] internal.TestCordappImpl. - Task :contracts:compileJava
?[m?[37m[INFO] 17:13:19,999 [Connection worker] internal.TestCordappImpl. - Run tasks
?[m?[37m[INFO] 17:13:19,999 [Connection worker] internal.TestCordappImpl. - Task :contracts:processResources
?[m?[37m[INFO] 17:13:20,009 [Connection worker] internal.TestCordappImpl. - Run tasks
?[m?[37m[INFO] 17:13:20,009 [Connection worker] internal.TestCordappImpl. - Task :contracts:classes
?[m?[37m[INFO] 17:13:20,009 [Connection worker] internal.TestCordappImpl. - Run tasks
?[m?[37m[INFO] 17:13:20,010 [Connection worker] internal.TestCordappImpl. - Task :contracts:configureCordappFatJar
?[m?[37m[INFO] 17:13:20,020 [Connection worker] internal.TestCordappImpl. - Resolve dependencies of :contracts:runtime
?[m?[37m[INFO] 17:13:20,062 [Connection worker] internal.TestCordappImpl. - Task :contracts:configureCordappFatJar
?[m?[37m[INFO] 17:13:20,063 [Connection worker] internal.TestCordappImpl. - Resolve files of :contracts:runtime
?[m?[37m[INFO] 17:13:20,063 [Connection worker] internal.TestCordappImpl. - Task :contracts:configureCordappFatJar
?[m?[37m[INFO] 17:13:20,063 [Connection worker] internal.TestCordappImpl. - Resolve files of :contracts:runtime
?[m?[37m[INFO] 17:13:20,063 [Connection worker] internal.TestCordappImpl. - Task :contracts:configureCordappFatJar
?[m?[37m[INFO] 17:13:20,063 [Connection worker] internal.TestCordappImpl. - Resolve files of :contracts:runtime
?[m?[37m[INFO] 17:13:20,074 [Connection worker] internal.TestCordappImpl. - Task :contracts:configureCordappFatJar
?[m?[37m[INFO] 17:13:20,074 [Connection worker] internal.TestCordappImpl. - Run tasks
?[m?[37m[INFO] 17:13:20,074 [Connection worker] internal.TestCordappImpl. - Task :contracts:jar
?[m?[37m[INFO] 17:13:20,085 [Connection worker] internal.TestCordappImpl. - Run tasks
?[m?[37m[INFO] 17:13:20,085 [Connection worker] internal.TestCordappImpl. - Task :workflows:compileJava
?[m?[37m[INFO] 17:13:20,085 [Connection worker] internal.TestCordappImpl. - Resolve dependencies of :workflows:compileClasspath
?[m?[37m[INFO] 17:13:20,127 [Connection worker] internal.TestCordappImpl. - Task :workflows:compileJava
?[m?[37m[INFO] 17:13:20,127 [Connection worker] internal.TestCordappImpl. - Resolve files of :workflows:compileClasspath
?[m?[37m[INFO] 17:13:20,127 [Connection worker] internal.TestCordappImpl. - Task :workflows:compileJava
?[m?[37m[INFO] 17:13:20,127 [Connection worker] internal.TestCordappImpl. - Resolve dependencies of :workflows:annotationProcessor
?[m?[37m[INFO] 17:13:20,127 [Connection worker] internal.TestCordappImpl. - Task :workflows:compileJava
?[m?[37m[INFO] 17:13:20,138 [Connection worker] internal.TestCordappImpl. - Run tasks
?[m?[37m[INFO] 17:13:20,138 [Connection worker] internal.TestCordappImpl. - Task :workflows:processResources
?[m?[37m[INFO] 17:13:20,138 [Connection worker] internal.TestCordappImpl. - Run tasks
?[m?[37m[INFO] 17:13:20,138 [Connection worker] internal.TestCordappImpl. - Task :workflows:classes
?[m?[37m[INFO] 17:13:20,138 [Connection worker] internal.TestCordappImpl. - Run tasks
?[m?[37m[INFO] 17:13:20,138 [Connection worker] internal.TestCordappImpl. - Task :workflows:configureCordappFatJar
?[m?[37m[INFO] 17:13:20,138 [Connection worker] internal.TestCordappImpl. - Resolve dependencies of :workflows:runtime
?[m?[37m[INFO] 17:13:20,169 [Connection worker] internal.TestCordappImpl. - Task :workflows:configureCordappFatJar
?[m?[37m[INFO] 17:13:20,169 [Connection worker] internal.TestCordappImpl. - Resolve files of :workflows:runtime
?[m?[37m[INFO] 17:13:20,169 [Connection worker] internal.TestCordappImpl. - Task :workflows:configureCordappFatJar
?[m?[37m[INFO] 17:13:20,169 [Connection worker] internal.TestCordappImpl. - Resolve files of :workflows:runtime
?[m?[37m[INFO] 17:13:20,171 [Connection worker] internal.TestCordappImpl. - Task :workflows:configureCordappFatJar
?[m?[37m[INFO] 17:13:20,171 [Connection worker] internal.TestCordappImpl. - Resolve files of :workflows:runtime
?[m?[37m[INFO] 17:13:20,171 [Connection worker] internal.TestCordappImpl. - Task :workflows:configureCordappFatJar
?[m?[37m[INFO] 17:13:20,171 [Connection worker] internal.TestCordappImpl. - Resolve files of :workflows:runtime
?[m?[37m[INFO] 17:13:20,171 [Connection worker] internal.TestCordappImpl. - Task :workflows:configureCordappFatJar
?[m?[37m[INFO] 17:13:20,171 [Connection worker] internal.TestCordappImpl. - Run tasks
?[m?[37m[INFO] 17:13:20,171 [Connection worker] internal.TestCordappImpl. - Task :workflows:jar
?[m?[37m[INFO] 17:13:21,679 [Connection worker] internal.TestCordappImpl. - Run tasks
?[m?[37m[INFO] 17:13:21,689 [Connection worker] internal.TestCordappImpl. - Run build
?[m?[37m[INFO] 17:13:21,690 [Connection worker] internal.TestCordappImpl. - Build model 'java.lang.Void' for project ':workflows'
?[m?[37m[INFO] 17:13:21,690 [Connection worker] internal.TestCordappImpl. - Run build
?[m?[37m[INFO] 17:13:21,691 [Connection worker] internal.TestCordappImpl. - Build
?[m?[37m[INFO] 17:13:21,700 [Connection worker] internal.TestCordappImpl. - Deleting unused version-specific caches in /Users/irynatsimashenka/corda/cordapp-template-java/.gradle
?[m?[37m[INFO] 17:13:21,701 [Connection worker] internal.TestCordappImpl. - Build
?[m?[37m[INFO] 17:13:21,712 [Connection worker] internal.TestCordappImpl. - 
?[m?[37m[INFO] 17:13:21,817 [Test worker] cordapp.JarScanningCordappLoader. - Looking for CorDapps in [build/mock-network/20200706-161310.834/nodes/0/cordapps]
?[m?[37m[INFO] 17:13:21,821 [Test worker] cordapp.JarScanningCordappLoader. - Loading CorDapps from RestrictedURL(url=file:/Users/irynatsimashenka/corda/cordapp-template-java/workflows/build/mock-network/20200706-161310.834/nodes/0/cordapps/contracts-0.1.jar, rootPackageName=null), RestrictedURL(url=file:/Users/irynatsimashenka/corda/cordapp-template-java/workflows/build/mock-network/20200706-161310.834/nodes/0/cordapps/workflows-0.1.jar, rootPackageName=null)
?[m?[37m[INFO] 17:13:21,827 [Test worker] cordapp.JarScanningCordappLoader. - Scanning CorDapp in file:/Users/irynatsimashenka/corda/cordapp-template-java/workflows/build/mock-network/20200706-161310.834/nodes/0/cordapps/contracts-0.1.jar
?[m?[37m[INFO] 17:13:21,893 [Test worker] cordapp.JarScanningCordappLoader. - Scanning CorDapp in file:/Users/irynatsimashenka/corda/cordapp-template-java/workflows/build/mock-network/20200706-161310.834/nodes/0/cordapps/workflows-0.1.jar
?[m?[37m[INFO] 17:13:22,432 [Test worker] internal.InternalMockNetwork$MockNode. - Flow external operation executor has a max of 2 threads
?[m?[37m[INFO] 17:13:22,457 [Test worker] internal.InternalMockNetwork$MockNode. - Node starting up ...
?[m?[37m[INFO] 17:13:22,503 [Test worker] internal.NodeFlowManager. - Registered com.template.flows.PingFlow to initiate com.template.flows.PongFlow (version 1)
?[m?[37m[INFO] 17:13:22,961 [Test worker] internal.InternalMockNetwork$MockNode. - Loaded network parameters: NetworkParameters {
      minimumPlatformVersion=1
      notaries=[NotaryInfo(identity=O=Notary Service, L=Zurich, C=CH, validating=true)]
      maxMessageSize=10485760
      maxTransactionSize=524288000
      whitelistedContractImplementations {
        
      }
      eventHorizon=PT720H
      packageOwnership {
        
      }
      modifiedTime=2020-07-06T16:13:10.779Z
      epoch=1
  }
?[m?[37m[INFO] 17:13:22,997 [Test worker] hikari.HikariDataSource. - HikariPool-1 - Starting...
?[m?[37m[INFO] 17:13:23,488 [Test worker] hikari.HikariDataSource. - HikariPool-1 - Start completed.
?[m?[37m[INFO] 17:13:25,595 [Test worker] changelog.StandardChangeLogHistoryService. - Creating database history table with name: PUBLIC.DATABASECHANGELOG
?[m?[37m[INFO] 17:13:25,598 [Test worker] jvm.JdbcExecutor. - CREATE TABLE PUBLIC.DATABASECHANGELOG (ID VARCHAR(255) NOT NULL, AUTHOR VARCHAR(255) NOT NULL, FILENAME VARCHAR(255) NOT NULL, DATEEXECUTED TIMESTAMP NOT NULL, ORDEREXECUTED INT NOT NULL, EXECTYPE VARCHAR(10) NOT NULL, MD5SUM VARCHAR(35), DESCRIPTION VARCHAR(255), COMMENTS VARCHAR(255), TAG VARCHAR(255), LIQUIBASE VARCHAR(20), CONTEXTS VARCHAR(255), LABELS VARCHAR(255), DEPLOYMENT_ID VARCHAR(10))
?[m?[37m[INFO] 17:13:25,599 [Test worker] jvm.JdbcExecutor. - SELECT COUNT(*) FROM PUBLIC.DATABASECHANGELOG
?[m?[37m[INFO] 17:13:25,602 [Test worker] changelog.StandardChangeLogHistoryService. - Reading from PUBLIC.DATABASECHANGELOG
?[m?[37m[INFO] 17:13:25,602 [Test worker] jvm.JdbcExecutor. - SELECT * FROM PUBLIC.DATABASECHANGELOG ORDER BY DATEEXECUTED ASC, ORDEREXECUTED ASC
?[m?[37m[INFO] 17:13:25,604 [Test worker] jvm.JdbcExecutor. - SELECT COUNT(*) FROM PUBLIC.DATABASECHANGELOGLOCK
?[m?[37m[INFO] 17:13:25,605 [Test worker] jvm.JdbcExecutor. - CREATE TABLE PUBLIC.DATABASECHANGELOGLOCK (ID INT NOT NULL, LOCKED BOOLEAN NOT NULL, LOCKGRANTED TIMESTAMP, LOCKEDBY VARCHAR(255), CONSTRAINT PK_DATABASECHANGELOGLOCK PRIMARY KEY (ID))
?[m?[37m[INFO] 17:13:25,613 [Test worker] jvm.JdbcExecutor. - SELECT COUNT(*) FROM PUBLIC.DATABASECHANGELOGLOCK
?[m?[37m[INFO] 17:13:25,613 [Test worker] jvm.JdbcExecutor. - DELETE FROM PUBLIC.DATABASECHANGELOGLOCK
?[m?[37m[INFO] 17:13:25,615 [Test worker] jvm.JdbcExecutor. - INSERT INTO PUBLIC.DATABASECHANGELOGLOCK (ID, LOCKED) VALUES (1, FALSE)
?[m?[37m[INFO] 17:13:25,651 [Test worker] visitor.ValidatingVisitor. - Skipping change set migration/vault-schema.changelog-pkey.xml::non-clustered_pk-11::R3.Corda due to validation error(s): clustered is not allowed on h2 {changeSet=migration/vault-schema.changelog-pkey.xml::non-clustered_pk-11::R3.Corda, databaseChangeLog=master.changelog.json}
?[m?[37m[INFO] 17:13:25,652 [Test worker] visitor.ValidatingVisitor. - Skipping change set migration/vault-schema.changelog-pkey.xml::non-clustered_pk-12::R3.Corda due to validation error(s): clustered is not allowed on h2 {changeSet=migration/vault-schema.changelog-pkey.xml::non-clustered_pk-12::R3.Corda, databaseChangeLog=master.changelog.json}
?[m?[37m[INFO] 17:13:25,652 [Test worker] visitor.ValidatingVisitor. - Skipping change set migration/vault-schema.changelog-pkey.xml::non-clustered_pk-13::R3.Corda due to validation error(s): clustered is not allowed on h2 {changeSet=migration/vault-schema.changelog-pkey.xml::non-clustered_pk-13::R3.Corda, databaseChangeLog=master.changelog.json}
?[m?[37m[INFO] 17:13:25,687 [Test worker] visitor.ValidatingVisitor. - Skipping change set migration/node-core.changelog-pkey.xml::non-clustered_pk-1::R3.Corda due to validation error(s): clustered is not allowed on h2 {changeSet=migration/node-core.changelog-pkey.xml::non-clustered_pk-1::R3.Corda, databaseChangeLog=master.changelog.json}
?[m?[37m[INFO] 17:13:25,687 [Test worker] visitor.ValidatingVisitor. - Skipping change set migration/node-core.changelog-pkey.xml::non-clustered_pk-2::R3.Corda due to validation error(s): clustered is not allowed on h2 {changeSet=migration/node-core.changelog-pkey.xml::non-clustered_pk-2::R3.Corda, databaseChangeLog=master.changelog.json}
?[m?[37m[INFO] 17:13:25,687 [Test worker] visitor.ValidatingVisitor. - Skipping change set migration/node-core.changelog-pkey.xml::non-clustered_pk-3::R3.Corda due to validation error(s): clustered is not allowed on h2 {changeSet=migration/node-core.changelog-pkey.xml::non-clustered_pk-3::R3.Corda, databaseChangeLog=master.changelog.json}
?[m?[37m[INFO] 17:13:25,688 [Test worker] visitor.ValidatingVisitor. - Skipping change set migration/node-core.changelog-pkey.xml::non-clustered_pk-4::R3.Corda due to validation error(s): clustered is not allowed on h2 {changeSet=migration/node-core.changelog-pkey.xml::non-clustered_pk-4::R3.Corda, databaseChangeLog=master.changelog.json}
?[m?[37m[INFO] 17:13:25,688 [Test worker] visitor.ValidatingVisitor. - Skipping change set migration/node-core.changelog-pkey.xml::non-clustered_pk-5::R3.Corda due to validation error(s): clustered is not allowed on h2 {changeSet=migration/node-core.changelog-pkey.xml::non-clustered_pk-5::R3.Corda, databaseChangeLog=master.changelog.json}
?[m?[37m[INFO] 17:13:25,689 [Test worker] visitor.ValidatingVisitor. - Skipping change set migration/node-core.changelog-pkey.xml::non-clustered_pk-6::R3.Corda due to validation error(s): clustered is not allowed on h2 {changeSet=migration/node-core.changelog-pkey.xml::non-clustered_pk-6::R3.Corda, databaseChangeLog=master.changelog.json}
?[m?[37m[INFO] 17:13:25,689 [Test worker] visitor.ValidatingVisitor. - Skipping change set migration/node-core.changelog-pkey.xml::non-clustered_pk-7::R3.Corda due to validation error(s): clustered is not allowed on h2 {changeSet=migration/node-core.changelog-pkey.xml::non-clustered_pk-7::R3.Corda, databaseChangeLog=master.changelog.json}
?[m?[37m[INFO] 17:13:25,702 [Test worker] visitor.ValidatingVisitor. - Skipping change set migration/node-notary.changelog-pkey.xml::non-clustered_pk-notary_state::R3.Corda due to validation error(s): clustered is not allowed on h2 {changeSet=migration/node-notary.changelog-pkey.xml::non-clustered_pk-notary_state::R3.Corda, databaseChangeLog=master.changelog.json}
?[m?[37m[INFO] 17:13:25,704 [Test worker] jvm.JdbcExecutor. - SELECT COUNT(*) FROM PUBLIC.DATABASECHANGELOGLOCK
?[m?[37m[INFO] 17:13:25,705 [Test worker] jvm.JdbcExecutor. - SELECT LOCKED FROM PUBLIC.DATABASECHANGELOGLOCK WHERE ID=1
?[m?[37m[INFO] 17:13:25,713 [Test worker] lockservice.StandardLockService. - Successfully acquired change log lock
?[m?[37m[INFO] 17:13:25,717 [Test worker] visitor.ValidatingVisitor. - Skipping change set migration/vault-schema.changelog-pkey.xml::non-clustered_pk-11::R3.Corda due to validation error(s): clustered is not allowed on h2 {changeSet=migration/vault-schema.changelog-pkey.xml::non-clustered_pk-11::R3.Corda, databaseChangeLog=master.changelog.json}
?[m?[37m[INFO] 17:13:25,717 [Test worker] visitor.ValidatingVisitor. - Skipping change set migration/vault-schema.changelog-pkey.xml::non-clustered_pk-12::R3.Corda due to validation error(s): clustered is not allowed on h2 {changeSet=migration/vault-schema.changelog-pkey.xml::non-clustered_pk-12::R3.Corda, databaseChangeLog=master.changelog.json}
?[m?[37m[INFO] 17:13:25,717 [Test worker] visitor.ValidatingVisitor. - Skipping change set migration/vault-schema.changelog-pkey.xml::non-clustered_pk-13::R3.Corda due to validation error(s): clustered is not allowed on h2 {changeSet=migration/vault-schema.changelog-pkey.xml::non-clustered_pk-13::R3.Corda, databaseChangeLog=master.changelog.json}
?[m?[37m[INFO] 17:13:25,725 [Test worker] visitor.ValidatingVisitor. - Skipping change set migration/node-core.changelog-pkey.xml::non-clustered_pk-1::R3.Corda due to validation error(s): clustered is not allowed on h2 {changeSet=migration/node-core.changelog-pkey.xml::non-clustered_pk-1::R3.Corda, databaseChangeLog=master.changelog.json}
?[m?[37m[INFO] 17:13:25,725 [Test worker] visitor.ValidatingVisitor. - Skipping change set migration/node-core.changelog-pkey.xml::non-clustered_pk-2::R3.Corda due to validation error(s): clustered is not allowed on h2 {changeSet=migration/node-core.changelog-pkey.xml::non-clustered_pk-2::R3.Corda, databaseChangeLog=master.changelog.json}
?[m?[37m[INFO] 17:13:25,725 [Test worker] visitor.ValidatingVisitor. - Skipping change set migration/node-core.changelog-pkey.xml::non-clustered_pk-3::R3.Corda due to validation error(s): clustered is not allowed on h2 {changeSet=migration/node-core.changelog-pkey.xml::non-clustered_pk-3::R3.Corda, databaseChangeLog=master.changelog.json}
?[m?[37m[INFO] 17:13:25,725 [Test worker] visitor.ValidatingVisitor. - Skipping change set migration/node-core.changelog-pkey.xml::non-clustered_pk-4::R3.Corda due to validation error(s): clustered is not allowed on h2 {changeSet=migration/node-core.changelog-pkey.xml::non-clustered_pk-4::R3.Corda, databaseChangeLog=master.changelog.json}
?[m?[37m[INFO] 17:13:25,725 [Test worker] visitor.ValidatingVisitor. - Skipping change set migration/node-core.changelog-pkey.xml::non-clustered_pk-5::R3.Corda due to validation error(s): clustered is not allowed on h2 {changeSet=migration/node-core.changelog-pkey.xml::non-clustered_pk-5::R3.Corda, databaseChangeLog=master.changelog.json}
?[m?[37m[INFO] 17:13:25,725 [Test worker] visitor.ValidatingVisitor. - Skipping change set migration/node-core.changelog-pkey.xml::non-clustered_pk-6::R3.Corda due to validation error(s): clustered is not allowed on h2 {changeSet=migration/node-core.changelog-pkey.xml::non-clustered_pk-6::R3.Corda, databaseChangeLog=master.changelog.json}
?[m?[37m[INFO] 17:13:25,726 [Test worker] visitor.ValidatingVisitor. - Skipping change set migration/node-core.changelog-pkey.xml::non-clustered_pk-7::R3.Corda due to validation error(s): clustered is not allowed on h2 {changeSet=migration/node-core.changelog-pkey.xml::non-clustered_pk-7::R3.Corda, databaseChangeLog=master.changelog.json}
?[m?[37m[INFO] 17:13:25,728 [Test worker] visitor.ValidatingVisitor. - Skipping change set migration/node-notary.changelog-pkey.xml::non-clustered_pk-notary_state::R3.Corda due to validation error(s): clustered is not allowed on h2 {changeSet=migration/node-notary.changelog-pkey.xml::non-clustered_pk-notary_state::R3.Corda, databaseChangeLog=master.changelog.json}
?[m?[37m[INFO] 17:13:25,730 [Test worker] jvm.JdbcExecutor. - SELECT SEQUENCE_NAME FROM INFORMATION_SCHEMA.SEQUENCES WHERE SEQUENCE_SCHEMA = 'null' AND IS_GENERATED=FALSE {changeSet=migration/common.changelog-init.xml::1511451595465-1.1::R3.Corda, databaseChangeLog=master.changelog.json}
?[m?[37m[INFO] 17:13:25,733 [Test worker] jvm.JdbcExecutor. - SELECT SEQUENCE_NAME FROM INFORMATION_SCHEMA.SEQUENCES WHERE SEQUENCE_SCHEMA = 'PUBLIC' AND IS_GENERATED=FALSE {changeSet=migration/common.changelog-init.xml::1511451595465-1.1::R3.Corda, databaseChangeLog=master.changelog.json}
?[m?[37m[INFO] 17:13:25,734 [Test worker] jvm.JdbcExecutor. - CREATE SEQUENCE PUBLIC.hibernate_sequence {changeSet=migration/common.changelog-init.xml::1511451595465-1.1::R3.Corda, databaseChangeLog=master.changelog.json}
?[m?[37m[INFO] 17:13:25,736 [Test worker] changelog.ChangeSet. - Sequence hibernate_sequence created {changeSet=migration/common.changelog-init.xml::1511451595465-1.1::R3.Corda, databaseChangeLog=master.changelog.json}
?[m?[37m[INFO] 17:13:25,736 [Test worker] changelog.ChangeSet. - ChangeSet migration/common.changelog-init.xml::1511451595465-1.1::R3.Corda ran successfully in 6ms {changeSet=migration/common.changelog-init.xml::1511451595465-1.1::R3.Corda, databaseChangeLog=master.changelog.json}
?[m?[37m[INFO] 17:13:25,737 [Test worker] jvm.JdbcExecutor. - SELECT MAX(ORDEREXECUTED) FROM PUBLIC.DATABASECHANGELOG {changeSet=migration/common.changelog-init.xml::1511451595465-1.1::R3.Corda, databaseChangeLog=master.changelog.json}
?[m?[37m[INFO] 17:13:25,747 [Test worker] jvm.JdbcExecutor. - INSERT INTO PUBLIC.DATABASECHANGELOG (ID, AUTHOR, FILENAME, DATEEXECUTED, ORDEREXECUTED, MD5SUM, DESCRIPTION, COMMENTS, EXECTYPE, CONTEXTS, LABELS, LIQUIBASE, DEPLOYMENT_ID) VALUES ('1511451595465-1.1', 'R3.Corda', 'migration/common.changelog-init.xml', NOW(), 1, '8:9df4ee4464a4a10dfcf2717c73a52620', 'createSequence sequenceName=hibernate_sequence', '', 'EXECUTED', NULL, NULL, '3.6.3', '4052005713') {changeSet=migration/common.changelog-init.xml::1511451595465-1.1::R3.Corda, databaseChangeLog=master.changelog.json}
?[m?[37m[INFO] 17:13:25,749 [Test worker] jvm.JdbcExecutor. - CREATE TABLE PUBLIC.vault_fungible_states (output_index INT NOT NULL, transaction_id NVARCHAR(64) NOT NULL, issuer_name NVARCHAR(255), issuer_ref VARBINARY(512), owner_name NVARCHAR(255), quantity BIGINT) {changeSet=migration/vault-schema.changelog-init.xml::1511451595465-22::R3.Corda, databaseChangeLog=master.changelog.json}
?[m?[37m[INFO] 17:13:25,750 [Test worker] changelog.ChangeSet. - Table vault_fungible_states created {changeSet=migration/vault-schema.changelog-init.xml::1511451595465-22::R3.Corda, databaseChangeLog=master.changelog.json}
?[m?[37m[INFO] 17:13:25,750 [Test worker] changelog.ChangeSet. - ChangeSet migration/vault-schema.changelog-init.xml::1511451595465-22::R3.Corda ran successfully in 1ms {changeSet=migration/vault-schema.changelog-init.xml::1511451595465-22::R3.Corda, databaseChangeLog=master.changelog.json}
?[m?[37m[INFO] 17:13:25,751 [Test worker] jvm.JdbcExecutor. - INSERT INTO PUBLIC.DATABASECHANGELOG (ID, AUTHOR, FILENAME, DATEEXECUTED, ORDEREXECUTED, MD5SUM, DESCRIPTION, COMMENTS, EXECTYPE, CONTEXTS, LABELS, LIQUIBASE, DEPLOYMENT_ID) VALUES ('1511451595465-22', 'R3.Corda', 'migration/vault-schema.changelog-init.xml', NOW(), 2, '8:4ae481f11ac84744a4392bbfd533fa75', 'createTable tableName=vault_fungible_states', '', 'EXECUTED', NULL, NULL, '3.6.3', '4052005713') {changeSet=migration/vault-schema.changelog-init.xml::1511451595465-22::R3.Corda, databaseChangeLog=master.changelog.json}
?[m?[37m[INFO] 17:13:25,752 [Test worker] jvm.JdbcExecutor. - CREATE TABLE PUBLIC.vault_fungible_states_parts (output_index INT NOT NULL, transaction_id NVARCHAR(64) NOT NULL, participants NVARCHAR(255)) {changeSet=migration/vault-schema.changelog-init.xml::1511451595465-23::R3.Corda, databaseChangeLog=master.changelog.json}
?[m?[37m[INFO] 17:13:25,753 [Test worker] changelog.ChangeSet. - Table vault_fungible_states_parts created {changeSet=migration/vault-schema.changelog-init.xml::1511451595465-23::R3.Corda, databaseChangeLog=master.changelog.json}
?[m?[37m[INFO] 17:13:25,753 [Test worker] changelog.ChangeSet. - ChangeSet migration/vault-schema.changelog-init.xml::1511451595465-23::R3.Corda ran successfully in 1ms {changeSet=migration/vault-schema.changelog-init.xml::1511451595465-23::R3.Corda, databaseChangeLog=master.changelog.json}
?[m?[37m[INFO] 17:13:25,754 [Test worker] jvm.JdbcExecutor. - INSERT INTO PUBLIC.DATABASECHANGELOG (ID, AUTHOR, FILENAME, DATEEXECUTED, ORDEREXECUTED, MD5SUM, DESCRIPTION, COMMENTS, EXECTYPE, CONTEXTS, LABELS, LIQUIBASE, DEPLOYMENT_ID) VALUES ('1511451595465-23', 'R3.Corda', 'migration/vault-schema.changelog-init.xml', NOW(), 3, '8:3222255d3b2e04b9dfad42d9acab103e', 'createTable tableName=vault_fungible_states_parts', '', 'EXECUTED', NULL, NULL, '3.6.3', '4052005713') {changeSet=migration/vault-schema.changelog-init.xml::1511451595465-23::R3.Corda, databaseChangeLog=master.changelog.json}
?[m?[37m[INFO] 17:13:25,755 [Test worker] jvm.JdbcExecutor. - CREATE TABLE PUBLIC.vault_linear_states (output_index INT NOT NULL, transaction_id NVARCHAR(64) NOT NULL, external_id NVARCHAR(255), uuid VARCHAR(255) NOT NULL) {changeSet=migration/vault-schema.changelog-init.xml::1511451595465-24::R3.Corda, databaseChangeLog=master.changelog.json}
?[m?[37m[INFO] 17:13:25,755 [Test worker] changelog.ChangeSet. - Table vault_linear_states created {changeSet=migration/vault-schema.changelog-init.xml::1511451595465-24::R3.Corda, databaseChangeLog=master.changelog.json}
?[m?[37m[INFO] 17:13:25,755 [Test worker] changelog.ChangeSet. - ChangeSet migration/vault-schema.changelog-init.xml::1511451595465-24::R3.Corda ran successfully in 1ms {changeSet=migration/vault-schema.changelog-init.xml::1511451595465-24::R3.Corda, databaseChangeLog=master.changelog.json}
?[m?[37m[INFO] 17:13:25,756 [Test worker] jvm.JdbcExecutor. - INSERT INTO PUBLIC.DATABASECHANGELOG (ID, AUTHOR, FILENAME, DATEEXECUTED, ORDEREXECUTED, MD5SUM, DESCRIPTION, COMMENTS, EXECTYPE, CONTEXTS, LABELS, LIQUIBASE, DEPLOYMENT_ID) VALUES ('1511451595465-24', 'R3.Corda', 'migration/vault-schema.changelog-init.xml', NOW(), 4, '8:fb2c5b52213239424320d137dc22059b', 'createTable tableName=vault_linear_states', '', 'EXECUTED', NULL, NULL, '3.6.3', '4052005713') {changeSet=migration/vault-schema.changelog-init.xml::1511451595465-24::R3.Corda, databaseChangeLog=master.changelog.json}
?[m?[37m[INFO] 17:13:25,757 [Test worker] jvm.JdbcExecutor. - CREATE TABLE PUBLIC.vault_linear_states_parts (output_index INT NOT NULL, transaction_id NVARCHAR(64) NOT NULL, participants NVARCHAR(255)) {changeSet=migration/vault-schema.changelog-init.xml::1511451595465-25::R3.Corda, databaseChangeLog=master.changelog.json}
?[m?[37m[INFO] 17:13:25,757 [Test worker] changelog.ChangeSet. - Table vault_linear_states_parts created {changeSet=migration/vault-schema.changelog-init.xml::1511451595465-25::R3.Corda, databaseChangeLog=master.changelog.json}
?[m?[37m[INFO] 17:13:25,757 [Test worker] changelog.ChangeSet. - ChangeSet migration/vault-schema.changelog-init.xml::1511451595465-25::R3.Corda ran successfully in 1ms {changeSet=migration/vault-schema.changelog-init.xml::1511451595465-25::R3.Corda, databaseChangeLog=master.changelog.json}
?[m?[37m[INFO] 17:13:25,758 [Test worker] jvm.JdbcExecutor. - INSERT INTO PUBLIC.DATABASECHANGELOG (ID, AUTHOR, FILENAME, DATEEXECUTED, ORDEREXECUTED, MD5SUM, DESCRIPTION, COMMENTS, EXECTYPE, CONTEXTS, LABELS, LIQUIBASE, DEPLOYMENT_ID) VALUES ('1511451595465-25', 'R3.Corda', 'migration/vault-schema.changelog-init.xml', NOW(), 5, '8:ccb2ca1b37c0eeb2ac12506f17bc8ee0', 'createTable tableName=vault_linear_states_parts', '', 'EXECUTED', NULL, NULL, '3.6.3', '4052005713') {changeSet=migration/vault-schema.changelog-init.xml::1511451595465-25::R3.Corda, databaseChangeLog=master.changelog.json}
?[m?[37m[INFO] 17:13:25,759 [Test worker] jvm.JdbcExecutor. - CREATE TABLE PUBLIC.vault_states (output_index INT NOT NULL, transaction_id NVARCHAR(64) NOT NULL, consumed_timestamp TIMESTAMP, contract_state_class_name NVARCHAR(255), lock_id NVARCHAR(255), lock_timestamp TIMESTAMP, notary_name NVARCHAR(255), recorded_timestamp TIMESTAMP, state_status INT) {changeSet=migration/vault-schema.changelog-init.xml::1511451595465-26::R3.Corda, databaseChangeLog=master.changelog.json}
?[m?[37m[INFO] 17:13:25,760 [Test worker] changelog.ChangeSet. - Table vault_states created {changeSet=migration/vault-schema.changelog-init.xml::1511451595465-26::R3.Corda, databaseChangeLog=master.changelog.json}
?[m?[37m[INFO] 17:13:25,760 [Test worker] changelog.ChangeSet. - ChangeSet migration/vault-schema.changelog-init.xml::1511451595465-26::R3.Corda ran successfully in 1ms {changeSet=migration/vault-schema.changelog-init.xml::1511451595465-26::R3.Corda, databaseChangeLog=master.changelog.json}
?[m?[37m[INFO] 17:13:25,761 [Test worker] jvm.JdbcExecutor. - INSERT INTO PUBLIC.DATABASECHANGELOG (ID, AUTHOR, FILENAME, DATEEXECUTED, ORDEREXECUTED, MD5SUM, DESCRIPTION, COMMENTS, EXECTYPE, CONTEXTS, LABELS, LIQUIBASE, DEPLOYMENT_ID) VALUES ('1511451595465-26', 'R3.Corda', 'migration/vault-schema.changelog-init.xml', NOW(), 6, '8:971edadc2af9e847ed490f418530d40b', 'createTable tableName=vault_states', '', 'EXECUTED', NULL, NULL, '3.6.3', '4052005713') {changeSet=migration/vault-schema.changelog-init.xml::1511451595465-26::R3.Corda, databaseChangeLog=master.changelog.json}
?[m?[37m[INFO] 17:13:25,761 [Test worker] jvm.JdbcExecutor. - CREATE TABLE PUBLIC.vault_transaction_notes (seq_no INT NOT NULL, note NVARCHAR(255), transaction_id NVARCHAR(64)) {changeSet=migration/vault-schema.changelog-init.xml::1511451595465-27::R3.Corda, databaseChangeLog=master.changelog.json}
?[m?[37m[INFO] 17:13:25,762 [Test worker] changelog.ChangeSet. - Table vault_transaction_notes created {changeSet=migration/vault-schema.changelog-init.xml::1511451595465-27::R3.Corda, databaseChangeLog=master.changelog.json}
?[m?[37m[INFO] 17:13:25,762 [Test worker] changelog.ChangeSet. - ChangeSet migration/vault-schema.changelog-init.xml::1511451595465-27::R3.Corda ran successfully in 1ms {changeSet=migration/vault-schema.changelog-init.xml::1511451595465-27::R3.Corda, databaseChangeLog=master.changelog.json}
?[m?[37m[INFO] 17:13:25,762 [Test worker] jvm.JdbcExecutor. - INSERT INTO PUBLIC.DATABASECHANGELOG (ID, AUTHOR, FILENAME, DATEEXECUTED, ORDEREXECUTED, MD5SUM, DESCRIPTION, COMMENTS, EXECTYPE, CONTEXTS, LABELS, LIQUIBASE, DEPLOYMENT_ID) VALUES ('1511451595465-27', 'R3.Corda', 'migration/vault-schema.changelog-init.xml', NOW(), 7, '8:7a8064e58d100a02ed56e538122296e4', 'createTable tableName=vault_transaction_notes', '', 'EXECUTED', NULL, NULL, '3.6.3', '4052005713') {changeSet=migration/vault-schema.changelog-init.xml::1511451595465-27::R3.Corda, databaseChangeLog=master.changelog.json}
?[m?[37m[INFO] 17:13:25,763 [Test worker] jvm.JdbcExecutor. - ALTER TABLE PUBLIC.vault_fungible_states ADD CONSTRAINT vault_fungible_states_pkey PRIMARY KEY (output_index, transaction_id) {changeSet=migration/vault-schema.changelog-init.xml::1511451595465-47::R3.Corda, databaseChangeLog=master.changelog.json}
?[m?[37m[INFO] 17:13:25,765 [Test worker] changelog.ChangeSet. - Primary key added to vault_fungible_states (output_index, transaction_id) {changeSet=migration/vault-schema.changelog-init.xml::1511451595465-47::R3.Corda, databaseChangeLog=master.changelog.json}
?[m?[37m[INFO] 17:13:25,765 [Test worker] changelog.ChangeSet. - ChangeSet migration/vault-schema.changelog-init.xml::1511451595465-47::R3.Corda ran successfully in 2ms {changeSet=migration/vault-schema.changelog-init.xml::1511451595465-47::R3.Corda, databaseChangeLog=master.changelog.json}
?[m?[37m[INFO] 17:13:25,766 [Test worker] jvm.JdbcExecutor. - INSERT INTO PUBLIC.DATABASECHANGELOG (ID, AUTHOR, FILENAME, DATEEXECUTED, ORDEREXECUTED, MD5SUM, DESCRIPTION, COMMENTS, EXECTYPE, CONTEXTS, LABELS, LIQUIBASE, DEPLOYMENT_ID) VALUES ('1511451595465-47', 'R3.Corda', 'migration/vault-schema.changelog-init.xml', NOW(), 8, '8:4eddd48de14b69bdd265a4b0c438f070', 'addPrimaryKey constraintName=vault_fungible_states_pkey, tableName=vault_fungible_states', '', 'EXECUTED', NULL, NULL, '3.6.3', '4052005713') {changeSet=migration/vault-schema.changelog-init.xml::1511451595465-47::R3.Corda, databaseChangeLog=master.changelog.json}
?[m?[37m[INFO] 17:13:25,767 [Test worker] jvm.JdbcExecutor. - ALTER TABLE PUBLIC.vault_linear_states ADD CONSTRAINT vault_linear_states_pkey PRIMARY KEY (output_index, transaction_id) {changeSet=migration/vault-schema.changelog-init.xml::1511451595465-48::R3.Corda, databaseChangeLog=master.changelog.json}
?[m?[37m[INFO] 17:13:25,767 [Test worker] changelog.ChangeSet. - Primary key added to vault_linear_states (output_index, transaction_id) {changeSet=migration/vault-schema.changelog-init.xml::1511451595465-48::R3.Corda, databaseChangeLog=master.changelog.json}
?[m?[37m[INFO] 17:13:25,767 [Test worker] changelog.ChangeSet. - ChangeSet migration/vault-schema.changelog-init.xml::1511451595465-48::R3.Corda ran successfully in 1ms {changeSet=migration/vault-schema.changelog-init.xml::1511451595465-48::R3.Corda, databaseChangeLog=master.changelog.json}
?[m?[37m[INFO] 17:13:25,768 [Test worker] jvm.JdbcExecutor. - INSERT INTO PUBLIC.DATABASECHANGELOG (ID, AUTHOR, FILENAME, DATEEXECUTED, ORDEREXECUTED, MD5SUM, DESCRIPTION, COMMENTS, EXECTYPE, CONTEXTS, LABELS, LIQUIBASE, DEPLOYMENT_ID) VALUES ('1511451595465-48', 'R3.Corda', 'migration/vault-schema.changelog-init.xml', NOW(), 9, '8:3695c44ddebef2dde359dec253a5969a', 'addPrimaryKey constraintName=vault_linear_states_pkey, tableName=vault_linear_states', '', 'EXECUTED', NULL, NULL, '3.6.3', '4052005713') {changeSet=migration/vault-schema.changelog-init.xml::1511451595465-48::R3.Corda, databaseChangeLog=master.changelog.json}
?[m?[37m[INFO] 17:13:25,769 [Test worker] jvm.JdbcExecutor. - ALTER TABLE PUBLIC.vault_states ADD CONSTRAINT vault_states_pkey PRIMARY KEY (output_index, transaction_id) {changeSet=migration/vault-schema.changelog-init.xml::1511451595465-49::R3.Corda, databaseChangeLog=master.changelog.json}
?[m?[37m[INFO] 17:13:25,769 [Test worker] changelog.ChangeSet. - Primary key added to vault_states (output_index, transaction_id) {changeSet=migration/vault-schema.changelog-init.xml::1511451595465-49::R3.Corda, databaseChangeLog=master.changelog.json}
?[m?[37m[INFO] 17:13:25,770 [Test worker] changelog.ChangeSet. - ChangeSet migration/vault-schema.changelog-init.xml::1511451595465-49::R3.Corda ran successfully in 1ms {changeSet=migration/vault-schema.changelog-init.xml::1511451595465-49::R3.Corda, databaseChangeLog=master.changelog.json}
?[m?[37m[INFO] 17:13:25,770 [Test worker] jvm.JdbcExecutor. - INSERT INTO PUBLIC.DATABASECHANGELOG (ID, AUTHOR, FILENAME, DATEEXECUTED, ORDEREXECUTED, MD5SUM, DESCRIPTION, COMMENTS, EXECTYPE, CONTEXTS, LABELS, LIQUIBASE, DEPLOYMENT_ID) VALUES ('1511451595465-49', 'R3.Corda', 'migration/vault-schema.changelog-init.xml', NOW(), 10, '8:5d21dc3c09051ea30475250d25178892', 'addPrimaryKey constraintName=vault_states_pkey, tableName=vault_states', '', 'EXECUTED', NULL, NULL, '3.6.3', '4052005713') {changeSet=migration/vault-schema.changelog-init.xml::1511451595465-49::R3.Corda, databaseChangeLog=master.changelog.json}
?[m?[37m[INFO] 17:13:25,771 [Test worker] jvm.JdbcExecutor. - ALTER TABLE PUBLIC.vault_transaction_notes ADD CONSTRAINT vault_transaction_notes_pkey PRIMARY KEY (seq_no) {changeSet=migration/vault-schema.changelog-init.xml::1511451595465-50::R3.Corda, databaseChangeLog=master.changelog.json}
?[m?[37m[INFO] 17:13:25,771 [Test worker] changelog.ChangeSet. - Primary key added to vault_transaction_notes (seq_no) {changeSet=migration/vault-schema.changelog-init.xml::1511451595465-50::R3.Corda, databaseChangeLog=master.changelog.json}
?[m?[37m[INFO] 17:13:25,771 [Test worker] changelog.ChangeSet. - ChangeSet migration/vault-schema.changelog-init.xml::1511451595465-50::R3.Corda ran successfully in 0ms {changeSet=migration/vault-schema.changelog-init.xml::1511451595465-50::R3.Corda, databaseChangeLog=master.changelog.json}
?[m?[37m[INFO] 17:13:25,772 [Test worker] jvm.JdbcExecutor. - INSERT INTO PUBLIC.DATABASECHANGELOG (ID, AUTHOR, FILENAME, DATEEXECUTED, ORDEREXECUTED, MD5SUM, DESCRIPTION, COMMENTS, EXECTYPE, CONTEXTS, LABELS, LIQUIBASE, DEPLOYMENT_ID) VALUES ('1511451595465-50', 'R3.Corda', 'migration/vault-schema.changelog-init.xml', NOW(), 11, '8:2bf545e5d7593a3456708426c3686ebb', 'addPrimaryKey constraintName=vault_transaction_notes_pkey, tableName=vault_transaction_notes', '', 'EXECUTED', NULL, NULL, '3.6.3', '4052005713') {changeSet=migration/vault-schema.changelog-init.xml::1511451595465-50::R3.Corda, databaseChangeLog=master.changelog.json}
?[m?[37m[INFO] 17:13:25,773 [Test worker] jvm.JdbcExecutor. - CREATE INDEX PUBLIC.external_id_index ON PUBLIC.vault_linear_states(external_id) {changeSet=migration/vault-schema.changelog-init.xml::1511451595465-53::R3.Corda, databaseChangeLog=master.changelog.json}
?[m?[37m[INFO] 17:13:25,774 [Test worker] changelog.ChangeSet. - Index external_id_index created {changeSet=migration/vault-schema.changelog-init.xml::1511451595465-53::R3.Corda, databaseChangeLog=master.changelog.json}
?[m?[37m[INFO] 17:13:25,775 [Test worker] changelog.ChangeSet. - ChangeSet migration/vault-schema.changelog-init.xml::1511451595465-53::R3.Corda ran successfully in 2ms {changeSet=migration/vault-schema.changelog-init.xml::1511451595465-53::R3.Corda, databaseChangeLog=master.changelog.json}
?[m?[37m[INFO] 17:13:25,775 [Test worker] jvm.JdbcExecutor. - INSERT INTO PUBLIC.DATABASECHANGELOG (ID, AUTHOR, FILENAME, DATEEXECUTED, ORDEREXECUTED, MD5SUM, DESCRIPTION, COMMENTS, EXECTYPE, CONTEXTS, LABELS, LIQUIBASE, DEPLOYMENT_ID) VALUES ('1511451595465-53', 'R3.Corda', 'migration/vault-schema.changelog-init.xml', NOW(), 12, '8:b1272090dcd2325b0382f829ce13a1ff', 'createIndex indexName=external_id_index, tableName=vault_linear_states', '', 'EXECUTED', NULL, NULL, '3.6.3', '4052005713') {changeSet=migration/vault-schema.changelog-init.xml::1511451595465-53::R3.Corda, databaseChangeLog=master.changelog.json}
?[m?[37m[INFO] 17:13:25,776 [Test worker] jvm.JdbcExecutor. - CREATE INDEX PUBLIC.lock_id_idx ON PUBLIC.vault_states(lock_id, state_status) {changeSet=migration/vault-schema.changelog-init.xml::1511451595465-55::R3.Corda, databaseChangeLog=master.changelog.json}
?[m?[37m[INFO] 17:13:25,777 [Test worker] changelog.ChangeSet. - Index lock_id_idx created {changeSet=migration/vault-schema.changelog-init.xml::1511451595465-55::R3.Corda, databaseChangeLog=master.changelog.json}
?[m?[37m[INFO] 17:13:25,777 [Test worker] changelog.ChangeSet. - ChangeSet migration/vault-schema.changelog-init.xml::1511451595465-55::R3.Corda ran successfully in 1ms {changeSet=migration/vault-schema.changelog-init.xml::1511451595465-55::R3.Corda, databaseChangeLog=master.changelog.json}
?[m?[37m[INFO] 17:13:25,777 [Test worker] jvm.JdbcExecutor. - INSERT INTO PUBLIC.DATABASECHANGELOG (ID, AUTHOR, FILENAME, DATEEXECUTED, ORDEREXECUTED, MD5SUM, DESCRIPTION, COMMENTS, EXECTYPE, CONTEXTS, LABELS, LIQUIBASE, DEPLOYMENT_ID) VALUES ('1511451595465-55', 'R3.Corda', 'migration/vault-schema.changelog-init.xml', NOW(), 13, '8:0b77fbedaccc2eed4b8efd6fddf6581b', 'createIndex indexName=lock_id_idx, tableName=vault_states', '', 'EXECUTED', NULL, NULL, '3.6.3', '4052005713') {changeSet=migration/vault-schema.changelog-init.xml::1511451595465-55::R3.Corda, databaseChangeLog=master.changelog.json}
?[m?[37m[INFO] 17:13:25,778 [Test worker] jvm.JdbcExecutor. - CREATE INDEX PUBLIC.state_status_idx ON PUBLIC.vault_states(state_status) {changeSet=migration/vault-schema.changelog-init.xml::1511451595465-58::R3.Corda, databaseChangeLog=master.changelog.json}
?[m?[37m[INFO] 17:13:25,779 [Test worker] changelog.ChangeSet. - Index state_status_idx created {changeSet=migration/vault-schema.changelog-init.xml::1511451595465-58::R3.Corda, databaseChangeLog=master.changelog.json}
?[m?[37m[INFO] 17:13:25,779 [Test worker] changelog.ChangeSet. - ChangeSet migration/vault-schema.changelog-init.xml::1511451595465-58::R3.Corda ran successfully in 1ms {changeSet=migration/vault-schema.changelog-init.xml::1511451595465-58::R3.Corda, databaseChangeLog=master.changelog.json}
?[m?[37m[INFO] 17:13:25,779 [Test worker] jvm.JdbcExecutor. - INSERT INTO PUBLIC.DATABASECHANGELOG (ID, AUTHOR, FILENAME, DATEEXECUTED, ORDEREXECUTED, MD5SUM, DESCRIPTION, COMMENTS, EXECTYPE, CONTEXTS, LABELS, LIQUIBASE, DEPLOYMENT_ID) VALUES ('1511451595465-58', 'R3.Corda', 'migration/vault-schema.changelog-init.xml', NOW(), 14, '8:7a1bbb20835907728df143e4cc1bfc04', 'createIndex indexName=state_status_idx, tableName=vault_states', '', 'EXECUTED', NULL, NULL, '3.6.3', '4052005713') {changeSet=migration/vault-schema.changelog-init.xml::1511451595465-58::R3.Corda, databaseChangeLog=master.changelog.json}
?[m?[37m[INFO] 17:13:25,780 [Test worker] jvm.JdbcExecutor. - CREATE INDEX PUBLIC.transaction_id_index ON PUBLIC.vault_transaction_notes(transaction_id) {changeSet=migration/vault-schema.changelog-init.xml::1511451595465-59::R3.Corda, databaseChangeLog=master.changelog.json}
?[m?[37m[INFO] 17:13:25,781 [Test worker] changelog.ChangeSet. - Index transaction_id_index created {changeSet=migration/vault-schema.changelog-init.xml::1511451595465-59::R3.Corda, databaseChangeLog=master.changelog.json}
?[m?[37m[INFO] 17:13:25,781 [Test worker] changelog.ChangeSet. - ChangeSet migration/vault-schema.changelog-init.xml::1511451595465-59::R3.Corda ran successfully in 1ms {changeSet=migration/vault-schema.changelog-init.xml::1511451595465-59::R3.Corda, databaseChangeLog=master.changelog.json}
?[m?[37m[INFO] 17:13:25,781 [Test worker] jvm.JdbcExecutor. - INSERT INTO PUBLIC.DATABASECHANGELOG (ID, AUTHOR, FILENAME, DATEEXECUTED, ORDEREXECUTED, MD5SUM, DESCRIPTION, COMMENTS, EXECTYPE, CONTEXTS, LABELS, LIQUIBASE, DEPLOYMENT_ID) VALUES ('1511451595465-59', 'R3.Corda', 'migration/vault-schema.changelog-init.xml', NOW(), 15, '8:2bfe64cedfc8120dc219d42dc19d49f6', 'createIndex indexName=transaction_id_index, tableName=vault_transaction_notes', '', 'EXECUTED', NULL, NULL, '3.6.3', '4052005713') {changeSet=migration/vault-schema.changelog-init.xml::1511451595465-59::R3.Corda, databaseChangeLog=master.changelog.json}
?[m?[37m[INFO] 17:13:25,782 [Test worker] jvm.JdbcExecutor. - CREATE INDEX PUBLIC.uuid_index ON PUBLIC.vault_linear_states(uuid) {changeSet=migration/vault-schema.changelog-init.xml::1511451595465-60::R3.Corda, databaseChangeLog=master.changelog.json}
?[m?[37m[INFO] 17:13:25,783 [Test worker] changelog.ChangeSet. - Index uuid_index created {changeSet=migration/vault-schema.changelog-init.xml::1511451595465-60::R3.Corda, databaseChangeLog=master.changelog.json}
?[m?[37m[INFO] 17:13:25,783 [Test worker] changelog.ChangeSet. - ChangeSet migration/vault-schema.changelog-init.xml::1511451595465-60::R3.Corda ran successfully in 1ms {changeSet=migration/vault-schema.changelog-init.xml::1511451595465-60::R3.Corda, databaseChangeLog=master.changelog.json}
?[m?[37m[INFO] 17:13:25,783 [Test worker] jvm.JdbcExecutor. - INSERT INTO PUBLIC.DATABASECHANGELOG (ID, AUTHOR, FILENAME, DATEEXECUTED, ORDEREXECUTED, MD5SUM, DESCRIPTION, COMMENTS, EXECTYPE, CONTEXTS, LABELS, LIQUIBASE, DEPLOYMENT_ID) VALUES ('1511451595465-60', 'R3.Corda', 'migration/vault-schema.changelog-init.xml', NOW(), 16, '8:4cffb289ce33d922274cc829175a2a55', 'createIndex indexName=uuid_index, tableName=vault_linear_states', '', 'EXECUTED', NULL, NULL, '3.6.3', '4052005713') {changeSet=migration/vault-schema.changelog-init.xml::1511451595465-60::R3.Corda, databaseChangeLog=master.changelog.json}
?[m?[37m[INFO] 17:13:25,785 [Test worker] jvm.JdbcExecutor. - ALTER TABLE PUBLIC.vault_fungible_states_parts ADD CONSTRAINT FK__fung_st_parts__fung_st FOREIGN KEY (output_index, transaction_id) REFERENCES PUBLIC.vault_fungible_states (output_index, transaction_id) {changeSet=migration/vault-schema.changelog-init.xml::1511451595465-64::R3.Corda, databaseChangeLog=master.changelog.json}
?[m?[37m[INFO] 17:13:25,789 [Test worker] changelog.ChangeSet. - Foreign key constraint added to vault_fungible_states_parts (output_index,transaction_id) {changeSet=migration/vault-schema.changelog-init.xml::1511451595465-64::R3.Corda, databaseChangeLog=master.changelog.json}
?[m?[37m[INFO] 17:13:25,789 [Test worker] changelog.ChangeSet. - ChangeSet migration/vault-schema.changelog-init.xml::1511451595465-64::R3.Corda ran successfully in 5ms {changeSet=migration/vault-schema.changelog-init.xml::1511451595465-64::R3.Corda, databaseChangeLog=master.changelog.json}
?[m?[37m[INFO] 17:13:25,789 [Test worker] jvm.JdbcExecutor. - INSERT INTO PUBLIC.DATABASECHANGELOG (ID, AUTHOR, FILENAME, DATEEXECUTED, ORDEREXECUTED, MD5SUM, DESCRIPTION, COMMENTS, EXECTYPE, CONTEXTS, LABELS, LIQUIBASE, DEPLOYMENT_ID) VALUES ('1511451595465-64', 'R3.Corda', 'migration/vault-schema.changelog-init.xml', NOW(), 17, '8:1bde72346badbbe52e74b189ce1d079c', 'addForeignKeyConstraint baseTableName=vault_fungible_states_parts, constraintName=FK__fung_st_parts__fung_st, referencedTableName=vault_fungible_states', '', 'EXECUTED', NULL, NULL, '3.6.3', '4052005713') {changeSet=migration/vault-schema.changelog-init.xml::1511451595465-64::R3.Corda, databaseChangeLog=master.changelog.json}
?[m?[37m[INFO] 17:13:25,791 [Test worker] jvm.JdbcExecutor. - ALTER TABLE PUBLIC.vault_linear_states_parts ADD CONSTRAINT FK__lin_stat_parts__lin_stat FOREIGN KEY (output_index, transaction_id) REFERENCES PUBLIC.vault_linear_states (output_index, transaction_id) {changeSet=migration/vault-schema.changelog-init.xml::1511451595465-65::R3.Corda, databaseChangeLog=master.changelog.json}
?[m?[37m[INFO] 17:13:25,796 [Test worker] changelog.ChangeSet. - Foreign key constraint added to vault_linear_states_parts (output_index,transaction_id) {changeSet=migration/vault-schema.changelog-init.xml::1511451595465-65::R3.Corda, databaseChangeLog=master.changelog.json}
?[m?[37m[INFO] 17:13:25,796 [Test worker] changelog.ChangeSet. - ChangeSet migration/vault-schema.changelog-init.xml::1511451595465-65::R3.Corda ran successfully in 6ms {changeSet=migration/vault-schema.changelog-init.xml::1511451595465-65::R3.Corda, databaseChangeLog=master.changelog.json}
?[m?[37m[INFO] 17:13:25,796 [Test worker] jvm.JdbcExecutor. - INSERT INTO PUBLIC.DATABASECHANGELOG (ID, AUTHOR, FILENAME, DATEEXECUTED, ORDEREXECUTED, MD5SUM, DESCRIPTION, COMMENTS, EXECTYPE, CONTEXTS, LABELS, LIQUIBASE, DEPLOYMENT_ID) VALUES ('1511451595465-65', 'R3.Corda', 'migration/vault-schema.changelog-init.xml', NOW(), 18, '8:9a5d0106c45f631cb60a3e2f9542d2c2', 'addForeignKeyConstraint baseTableName=vault_linear_states_parts, constraintName=FK__lin_stat_parts__lin_stat, referencedTableName=vault_linear_states', '', 'EXECUTED', NULL, NULL, '3.6.3', '4052005713') {changeSet=migration/vault-schema.changelog-init.xml::1511451595465-65::R3.Corda, databaseChangeLog=master.changelog.json}
?[m?[37m[INFO] 17:13:25,797 [Test worker] jvm.JdbcExecutor. - DELETE FROM PUBLIC.vault_fungible_states_parts {changeSet=migration/vault-schema.changelog-v3.xml::clean_vault::R3.Corda, databaseChangeLog=master.changelog.json}
?[m?[37m[INFO] 17:13:25,798 [Test worker] changelog.ChangeSet. - Data deleted from vault_fungible_states_parts {changeSet=migration/vault-schema.changelog-v3.xml::clean_vault::R3.Corda, databaseChangeLog=master.changelog.json}
?[m?[37m[INFO] 17:13:25,798 [Test worker] jvm.JdbcExecutor. - DELETE FROM PUBLIC.vault_fungible_states {changeSet=migration/vault-schema.changelog-v3.xml::clean_vault::R3.Corda, databaseChangeLog=master.changelog.json}
?[m?[37m[INFO] 17:13:25,798 [Test worker] changelog.ChangeSet. - Data deleted from vault_fungible_states {changeSet=migration/vault-schema.changelog-v3.xml::clean_vault::R3.Corda, databaseChangeLog=master.changelog.json}
?[m?[37m[INFO] 17:13:25,798 [Test worker] jvm.JdbcExecutor. - DELETE FROM PUBLIC.vault_linear_states_parts {changeSet=migration/vault-schema.changelog-v3.xml::clean_vault::R3.Corda, databaseChangeLog=master.changelog.json}
?[m?[37m[INFO] 17:13:25,798 [Test worker] changelog.ChangeSet. - Data deleted from vault_linear_states_parts {changeSet=migration/vault-schema.changelog-v3.xml::clean_vault::R3.Corda, databaseChangeLog=master.changelog.json}
?[m?[37m[INFO] 17:13:25,798 [Test worker] jvm.JdbcExecutor. - DELETE FROM PUBLIC.vault_linear_states {changeSet=migration/vault-schema.changelog-v3.xml::clean_vault::R3.Corda, databaseChangeLog=master.changelog.json}
?[m?[37m[INFO] 17:13:25,798 [Test worker] changelog.ChangeSet. - Data deleted from vault_linear_states {changeSet=migration/vault-schema.changelog-v3.xml::clean_vault::R3.Corda, databaseChangeLog=master.changelog.json}
?[m?[37m[INFO] 17:13:25,798 [Test worker] jvm.JdbcExecutor. - DELETE FROM PUBLIC.vault_states {changeSet=migration/vault-schema.changelog-v3.xml::clean_vault::R3.Corda, databaseChangeLog=master.changelog.json}
?[m?[37m[INFO] 17:13:25,799 [Test worker] changelog.ChangeSet. - Data deleted from vault_states {changeSet=migration/vault-schema.changelog-v3.xml::clean_vault::R3.Corda, databaseChangeLog=master.changelog.json}
?[m?[37m[INFO] 17:13:25,799 [Test worker] jvm.JdbcExecutor. - DELETE FROM PUBLIC.vault_transaction_notes {changeSet=migration/vault-schema.changelog-v3.xml::clean_vault::R3.Corda, databaseChangeLog=master.changelog.json}
?[m?[37m[INFO] 17:13:25,799 [Test worker] changelog.ChangeSet. - Data deleted from vault_transaction_notes {changeSet=migration/vault-schema.changelog-v3.xml::clean_vault::R3.Corda, databaseChangeLog=master.changelog.json}
?[m?[37m[INFO] 17:13:25,799 [Test worker] changelog.ChangeSet. - ChangeSet migration/vault-schema.changelog-v3.xml::clean_vault::R3.Corda ran successfully in 2ms {changeSet=migration/vault-schema.changelog-v3.xml::clean_vault::R3.Corda, databaseChangeLog=master.changelog.json}
?[m?[37m[INFO] 17:13:25,799 [Test worker] jvm.JdbcExecutor. - INSERT INTO PUBLIC.DATABASECHANGELOG (ID, AUTHOR, FILENAME, DATEEXECUTED, ORDEREXECUTED, MD5SUM, DESCRIPTION, COMMENTS, EXECTYPE, CONTEXTS, LABELS, LIQUIBASE, DEPLOYMENT_ID) VALUES ('clean_vault', 'R3.Corda', 'migration/vault-schema.changelog-v3.xml', NOW(), 19, '8:0701d37bf9b322ada2323cea6db9393c', 'delete tableName=vault_fungible_states_parts; delete tableName=vault_fungible_states; delete tableName=vault_linear_states_parts; delete tableName=vault_linear_states; delete tableName=vault_states; delete tableName=vault_transaction_notes', '', 'EXECUTED', NULL, NULL, '3.6.3', '4052005713') {changeSet=migration/vault-schema.changelog-v3.xml::clean_vault::R3.Corda, databaseChangeLog=master.changelog.json}
?[m?[37m[INFO] 17:13:25,801 [Test worker] jvm.JdbcExecutor. - ALTER TABLE PUBLIC.vault_fungible_states ALTER COLUMN quantity SET NOT NULL {changeSet=migration/vault-schema.changelog-v4.xml::nullability::R3.Corda, databaseChangeLog=master.changelog.json}
?[m?[37m[INFO] 17:13:25,803 [Test worker] changelog.ChangeSet. - NOT NULL constraint has been added to vault_fungible_states.quantity {changeSet=migration/vault-schema.changelog-v4.xml::nullability::R3.Corda, databaseChangeLog=master.changelog.json}
?[m?[37m[INFO] 17:13:25,804 [Test worker] jvm.JdbcExecutor. - ALTER TABLE PUBLIC.vault_states ALTER COLUMN contract_state_class_name SET NOT NULL {changeSet=migration/vault-schema.changelog-v4.xml::nullability::R3.Corda, databaseChangeLog=master.changelog.json}
?[m?[37m[INFO] 17:13:25,804 [Test worker] changelog.ChangeSet. - NOT NULL constraint has been added to vault_states.contract_state_class_name {changeSet=migration/vault-schema.changelog-v4.xml::nullability::R3.Corda, databaseChangeLog=master.changelog.json}
?[m?[37m[INFO] 17:13:25,805 [Test worker] jvm.JdbcExecutor. - ALTER TABLE PUBLIC.vault_states ALTER COLUMN notary_name SET NOT NULL {changeSet=migration/vault-schema.changelog-v4.xml::nullability::R3.Corda, databaseChangeLog=master.changelog.json}
?[m?[37m[INFO] 17:13:25,805 [Test worker] changelog.ChangeSet. - NOT NULL constraint has been added to vault_states.notary_name {changeSet=migration/vault-schema.changelog-v4.xml::nullability::R3.Corda, databaseChangeLog=master.changelog.json}
?[m?[37m[INFO] 17:13:25,805 [Test worker] jvm.JdbcExecutor. - ALTER TABLE PUBLIC.vault_states ALTER COLUMN recorded_timestamp SET NOT NULL {changeSet=migration/vault-schema.changelog-v4.xml::nullability::R3.Corda, databaseChangeLog=master.changelog.json}
?[m?[37m[INFO] 17:13:25,806 [Test worker] changelog.ChangeSet. - NOT NULL constraint has been added to vault_states.recorded_timestamp {changeSet=migration/vault-schema.changelog-v4.xml::nullability::R3.Corda, databaseChangeLog=master.changelog.json}
?[m?[37m[INFO] 17:13:25,806 [Test worker] jvm.JdbcExecutor. - DROP INDEX PUBLIC.state_status_idx {changeSet=migration/vault-schema.changelog-v4.xml::nullability::R3.Corda, databaseChangeLog=master.changelog.json}
?[m?[37m[INFO] 17:13:25,809 [Test worker] changelog.ChangeSet. - Index state_status_idx dropped from table vault_states {changeSet=migration/vault-schema.changelog-v4.xml::nullability::R3.Corda, databaseChangeLog=master.changelog.json}
?[m?[37m[INFO] 17:13:25,809 [Test worker] jvm.JdbcExecutor. - DROP INDEX PUBLIC.lock_id_idx {changeSet=migration/vault-schema.changelog-v4.xml::nullability::R3.Corda, databaseChangeLog=master.changelog.json}
?[m?[37m[INFO] 17:13:25,809 [Test worker] changelog.ChangeSet. - Index lock_id_idx dropped from table vault_states {changeSet=migration/vault-schema.changelog-v4.xml::nullability::R3.Corda, databaseChangeLog=master.changelog.json}
?[m?[37m[INFO] 17:13:25,810 [Test worker] jvm.JdbcExecutor. - ALTER TABLE PUBLIC.vault_states ALTER COLUMN state_status SET NOT NULL {changeSet=migration/vault-schema.changelog-v4.xml::nullability::R3.Corda, databaseChangeLog=master.changelog.json}
?[m?[37m[INFO] 17:13:25,810 [Test worker] changelog.ChangeSet. - NOT NULL constraint has been added to vault_states.state_status {changeSet=migration/vault-schema.changelog-v4.xml::nullability::R3.Corda, databaseChangeLog=master.changelog.json}
?[m?[37m[INFO] 17:13:25,810 [Test worker] jvm.JdbcExecutor. - CREATE INDEX PUBLIC.state_status_idx ON PUBLIC.vault_states(state_status) {changeSet=migration/vault-schema.changelog-v4.xml::nullability::R3.Corda, databaseChangeLog=master.changelog.json}
?[m?[37m[INFO] 17:13:25,811 [Test worker] changelog.ChangeSet. - Index state_status_idx created {changeSet=migration/vault-schema.changelog-v4.xml::nullability::R3.Corda, databaseChangeLog=master.changelog.json}
?[m?[37m[INFO] 17:13:25,811 [Test worker] jvm.JdbcExecutor. - CREATE INDEX PUBLIC.lock_id_idx ON PUBLIC.vault_states(lock_id, state_status) {changeSet=migration/vault-schema.changelog-v4.xml::nullability::R3.Corda, databaseChangeLog=master.changelog.json}
?[m?[37m[INFO] 17:13:25,811 [Test worker] changelog.ChangeSet. - Index lock_id_idx created {changeSet=migration/vault-schema.changelog-v4.xml::nullability::R3.Corda, databaseChangeLog=master.changelog.json}
?[m?[37m[INFO] 17:13:25,812 [Test worker] jvm.JdbcExecutor. - DROP INDEX PUBLIC.transaction_id_index {changeSet=migration/vault-schema.changelog-v4.xml::nullability::R3.Corda, databaseChangeLog=master.changelog.json}
?[m?[37m[INFO] 17:13:25,812 [Test worker] changelog.ChangeSet. - Index transaction_id_index dropped from table vault_transaction_notes {changeSet=migration/vault-schema.changelog-v4.xml::nullability::R3.Corda, databaseChangeLog=master.changelog.json}
?[m?[37m[INFO] 17:13:25,812 [Test worker] jvm.JdbcExecutor. - ALTER TABLE PUBLIC.vault_transaction_notes ALTER COLUMN note SET NOT NULL {changeSet=migration/vault-schema.changelog-v4.xml::nullability::R3.Corda, databaseChangeLog=master.changelog.json}
?[m?[37m[INFO] 17:13:25,813 [Test worker] changelog.ChangeSet. - NOT NULL constraint has been added to vault_transaction_notes.note {changeSet=migration/vault-schema.changelog-v4.xml::nullability::R3.Corda, databaseChangeLog=master.changelog.json}
?[m?[37m[INFO] 17:13:25,813 [Test worker] jvm.JdbcExecutor. - ALTER TABLE PUBLIC.vault_transaction_notes ALTER COLUMN transaction_id SET NOT NULL {changeSet=migration/vault-schema.changelog-v4.xml::nullability::R3.Corda, databaseChangeLog=master.changelog.json}
?[m?[37m[INFO] 17:13:25,813 [Test worker] changelog.ChangeSet. - NOT NULL constraint has been added to vault_transaction_notes.transaction_id {changeSet=migration/vault-schema.changelog-v4.xml::nullability::R3.Corda, databaseChangeLog=master.changelog.json}
?[m?[37m[INFO] 17:13:25,814 [Test worker] jvm.JdbcExecutor. - CREATE INDEX PUBLIC.transaction_id_index ON PUBLIC.vault_transaction_notes(transaction_id) {changeSet=migration/vault-schema.changelog-v4.xml::nullability::R3.Corda, databaseChangeLog=master.changelog.json}
?[m?[37m[INFO] 17:13:25,814 [Test worker] changelog.ChangeSet. - Index transaction_id_index created {changeSet=migration/vault-schema.changelog-v4.xml::nullability::R3.Corda, databaseChangeLog=master.changelog.json}
?[m?[37m[INFO] 17:13:25,814 [Test worker] changelog.ChangeSet. - ChangeSet migration/vault-schema.changelog-v4.xml::nullability::R3.Corda ran successfully in 14ms {changeSet=migration/vault-schema.changelog-v4.xml::nullability::R3.Corda, databaseChangeLog=master.changelog.json}
?[m?[37m[INFO] 17:13:25,815 [Test worker] jvm.JdbcExecutor. - INSERT INTO PUBLIC.DATABASECHANGELOG (ID, AUTHOR, FILENAME, DATEEXECUTED, ORDEREXECUTED, MD5SUM, DESCRIPTION, COMMENTS, EXECTYPE, CONTEXTS, LABELS, LIQUIBASE, DEPLOYMENT_ID) VALUES ('nullability', 'R3.Corda', 'migration/vault-schema.changelog-v4.xml', NOW(), 20, '8:853fd1e24b974ff22712322ebb2860bf', 'addNotNullConstraint columnName=quantity, tableName=vault_fungible_states; addNotNullConstraint columnName=contract_state_class_name, tableName=vault_states; addNotNullConstraint columnName=notary_name, tableName=vault_states; addNotNullConstraint...', '', 'EXECUTED', NULL, NULL, '3.6.3', '4052005713') {changeSet=migration/vault-schema.changelog-v4.xml::nullability::R3.Corda, databaseChangeLog=master.changelog.json}
?[m?[37m[INFO] 17:13:25,817 [Test worker] jvm.JdbcExecutor. - INSERT INTO PUBLIC.DATABASECHANGELOG (ID, AUTHOR, FILENAME, DATEEXECUTED, ORDEREXECUTED, MD5SUM, DESCRIPTION, COMMENTS, EXECTYPE, CONTEXTS, LABELS, LIQUIBASE, DEPLOYMENT_ID) VALUES ('non-clustered_pk-11', 'R3.Corda', 'migration/vault-schema.changelog-pkey.xml', NOW(), 21, '8:7fca5375330f0b3b62de65b84274dd6e', 'dropForeignKeyConstraint baseTableName=vault_fungible_states_parts, constraintName=FK__fung_st_parts__fung_st; dropPrimaryKey constraintName=vault_fungible_states_pkey, tableName=vault_fungible_states; addPrimaryKey constraintName=vault_fungible_s...', '', 'MARK_RAN', NULL, NULL, '3.6.3', '4052005713') {changeSet=migration/vault-schema.changelog-pkey.xml::non-clustered_pk-11::R3.Corda, databaseChangeLog=master.changelog.json}
?[m?[37m[INFO] 17:13:25,819 [Test worker] jvm.JdbcExecutor. - INSERT INTO PUBLIC.DATABASECHANGELOG (ID, AUTHOR, FILENAME, DATEEXECUTED, ORDEREXECUTED, MD5SUM, DESCRIPTION, COMMENTS, EXECTYPE, CONTEXTS, LABELS, LIQUIBASE, DEPLOYMENT_ID) VALUES ('non-clustered_pk-12', 'R3.Corda', 'migration/vault-schema.changelog-pkey.xml', NOW(), 22, '8:8469058af292b08d108fcf1b3eb8fca4', 'dropForeignKeyConstraint baseTableName=vault_linear_states_parts, constraintName=FK__lin_stat_parts__lin_stat; dropPrimaryKey constraintName=vault_linear_states_pkey, tableName=vault_linear_states; addPrimaryKey constraintName=vault_linear_states_...', '', 'MARK_RAN', NULL, NULL, '3.6.3', '4052005713') {changeSet=migration/vault-schema.changelog-pkey.xml::non-clustered_pk-12::R3.Corda, databaseChangeLog=master.changelog.json}
?[m?[37m[INFO] 17:13:25,820 [Test worker] jvm.JdbcExecutor. - INSERT INTO PUBLIC.DATABASECHANGELOG (ID, AUTHOR, FILENAME, DATEEXECUTED, ORDEREXECUTED, MD5SUM, DESCRIPTION, COMMENTS, EXECTYPE, CONTEXTS, LABELS, LIQUIBASE, DEPLOYMENT_ID) VALUES ('non-clustered_pk-13', 'R3.Corda', 'migration/vault-schema.changelog-pkey.xml', NOW(), 23, '8:e0ccce8941c28a45870d60f5bf54cd50', 'dropPrimaryKey constraintName=vault_states_pkey, tableName=vault_states; addPrimaryKey constraintName=vault_states_pkey, tableName=vault_states', '', 'MARK_RAN', NULL, NULL, '3.6.3', '4052005713') {changeSet=migration/vault-schema.changelog-pkey.xml::non-clustered_pk-13::R3.Corda, databaseChangeLog=master.changelog.json}
?[m?[37m[INFO] 17:13:25,822 [Test worker] jvm.JdbcExecutor. - ALTER TABLE PUBLIC.vault_states ADD relevancy_status INT {changeSet=migration/vault-schema.changelog-v5.xml::add_relevancy_status_column::R3.Corda, databaseChangeLog=master.changelog.json}
?[m?[37m[INFO] 17:13:25,830 [Test worker] changelog.ChangeSet. - Columns relevancy_status(INT) added to vault_states {changeSet=migration/vault-schema.changelog-v5.xml::add_relevancy_status_column::R3.Corda, databaseChangeLog=master.changelog.json}
?[m?[37m[INFO] 17:13:25,830 [Test worker] jvm.JdbcExecutor. - UPDATE PUBLIC.vault_states SET relevancy_status = 0 {changeSet=migration/vault-schema.changelog-v5.xml::add_relevancy_status_column::R3.Corda, databaseChangeLog=master.changelog.json}
?[m?[37m[INFO] 17:13:25,830 [Test worker] changelog.ChangeSet. - Data updated in vault_states {changeSet=migration/vault-schema.changelog-v5.xml::add_relevancy_status_column::R3.Corda, databaseChangeLog=master.changelog.json}
?[m?[37m[INFO] 17:13:25,830 [Test worker] jvm.JdbcExecutor. - ALTER TABLE PUBLIC.vault_states ALTER COLUMN relevancy_status SET NOT NULL {changeSet=migration/vault-schema.changelog-v5.xml::add_relevancy_status_column::R3.Corda, databaseChangeLog=master.changelog.json}
?[m?[37m[INFO] 17:13:25,831 [Test worker] changelog.ChangeSet. - NOT NULL constraint has been added to vault_states.relevancy_status {changeSet=migration/vault-schema.changelog-v5.xml::add_relevancy_status_column::R3.Corda, databaseChangeLog=master.changelog.json}
?[m?[37m[INFO] 17:13:25,831 [Test worker] changelog.ChangeSet. - ChangeSet migration/vault-schema.changelog-v5.xml::add_relevancy_status_column::R3.Corda ran successfully in 10ms {changeSet=migration/vault-schema.changelog-v5.xml::add_relevancy_status_column::R3.Corda, databaseChangeLog=master.changelog.json}
?[m?[37m[INFO] 17:13:25,832 [Test worker] jvm.JdbcExecutor. - INSERT INTO PUBLIC.DATABASECHANGELOG (ID, AUTHOR, FILENAME, DATEEXECUTED, ORDEREXECUTED, MD5SUM, DESCRIPTION, COMMENTS, EXECTYPE, CONTEXTS, LABELS, LIQUIBASE, DEPLOYMENT_ID) VALUES ('add_relevancy_status_column', 'R3.Corda', 'migration/vault-schema.changelog-v5.xml', NOW(), 24, '8:93c5dcaf00387d4d643def4355a54b56', 'addColumn tableName=vault_states; update tableName=vault_states; addNotNullConstraint columnName=relevancy_status, tableName=vault_states', '', 'EXECUTED', NULL, NULL, '3.6.3', '4052005713') {changeSet=migration/vault-schema.changelog-v5.xml::add_relevancy_status_column::R3.Corda, databaseChangeLog=master.changelog.json}
?[m?[37m[INFO] 17:13:25,834 [Test worker] jvm.JdbcExecutor. - ALTER TABLE PUBLIC.vault_states ADD constraint_type INT DEFAULT '0' NOT NULL {changeSet=migration/vault-schema.changelog-v6.xml::add_is_constraint_information_columns::R3.Corda, databaseChangeLog=master.changelog.json}
?[m?[37m[INFO] 17:13:25,839 [Test worker] changelog.ChangeSet. - Columns constraint_type(INT) added to vault_states {changeSet=migration/vault-schema.changelog-v6.xml::add_is_constraint_information_columns::R3.Corda, databaseChangeLog=master.changelog.json}
?[m?[37m[INFO] 17:13:25,839 [Test worker] jvm.JdbcExecutor. - ALTER TABLE PUBLIC.vault_states ADD constraint_data VARBINARY(563) {changeSet=migration/vault-schema.changelog-v6.xml::add_is_constraint_information_columns::R3.Corda, databaseChangeLog=master.changelog.json}
?[m?[37m[INFO] 17:13:25,843 [Test worker] changelog.ChangeSet. - Columns constraint_data(varbinary(563)) added to vault_states {changeSet=migration/vault-schema.changelog-v6.xml::add_is_constraint_information_columns::R3.Corda, databaseChangeLog=master.changelog.json}
?[m?[37m[INFO] 17:13:25,844 [Test worker] changelog.ChangeSet. - ChangeSet migration/vault-schema.changelog-v6.xml::add_is_constraint_information_columns::R3.Corda ran successfully in 12ms {changeSet=migration/vault-schema.changelog-v6.xml::add_is_constraint_information_columns::R3.Corda, databaseChangeLog=master.changelog.json}
?[m?[37m[INFO] 17:13:25,844 [Test worker] jvm.JdbcExecutor. - INSERT INTO PUBLIC.DATABASECHANGELOG (ID, AUTHOR, FILENAME, DATEEXECUTED, ORDEREXECUTED, MD5SUM, DESCRIPTION, COMMENTS, EXECTYPE, CONTEXTS, LABELS, LIQUIBASE, DEPLOYMENT_ID) VALUES ('add_is_constraint_information_columns', 'R3.Corda', 'migration/vault-schema.changelog-v6.xml', NOW(), 25, '8:acf60bd84f648e157d402de8f8e22f3a', 'addColumn tableName=vault_states; addColumn tableName=vault_states', '', 'EXECUTED', NULL, NULL, '3.6.3', '4052005713') {changeSet=migration/vault-schema.changelog-v6.xml::add_is_constraint_information_columns::R3.Corda, databaseChangeLog=master.changelog.json}
?[m?[37m[INFO] 17:13:25,845 [Test worker] jvm.JdbcExecutor. - ALTER TABLE PUBLIC.vault_fungible_states ALTER COLUMN issuer_ref SET NULL {changeSet=migration/vault-schema.changelog-v7.xml::make_issuer_ref_nullable::R3.Corda, databaseChangeLog=master.changelog.json}
?[m?[37m[INFO] 17:13:25,845 [Test worker] changelog.ChangeSet. - Null constraint dropped from vault_fungible_states.issuer_ref {changeSet=migration/vault-schema.changelog-v7.xml::make_issuer_ref_nullable::R3.Corda, databaseChangeLog=master.changelog.json}
?[m?[37m[INFO] 17:13:25,845 [Test worker] changelog.ChangeSet. - ChangeSet migration/vault-schema.changelog-v7.xml::make_issuer_ref_nullable::R3.Corda ran successfully in 0ms {changeSet=migration/vault-schema.changelog-v7.xml::make_issuer_ref_nullable::R3.Corda, databaseChangeLog=master.changelog.json}
?[m?[37m[INFO] 17:13:25,846 [Test worker] jvm.JdbcExecutor. - INSERT INTO PUBLIC.DATABASECHANGELOG (ID, AUTHOR, FILENAME, DATEEXECUTED, ORDEREXECUTED, MD5SUM, DESCRIPTION, COMMENTS, EXECTYPE, CONTEXTS, LABELS, LIQUIBASE, DEPLOYMENT_ID) VALUES ('make_issuer_ref_nullable', 'R3.Corda', 'migration/vault-schema.changelog-v7.xml', NOW(), 26, '8:58039722b4808e90a7711d3c82e5fc95', 'dropNotNullConstraint columnName=issuer_ref, tableName=vault_fungible_states', '', 'EXECUTED', NULL, NULL, '3.6.3', '4052005713') {changeSet=migration/vault-schema.changelog-v7.xml::make_issuer_ref_nullable::R3.Corda, databaseChangeLog=master.changelog.json}
?[m?[37m[INFO] 17:13:25,847 [Test worker] jvm.JdbcExecutor. - CREATE TABLE PUBLIC.state_party (output_index INT, transaction_id NVARCHAR(64), public_key_hash NVARCHAR(255) NOT NULL, x500_name NVARCHAR(255)) {changeSet=migration/vault-schema.changelog-v8.xml::create-external-id-to-state-party-view::R3.Corda, databaseChangeLog=master.changelog.json}
?[m?[37m[INFO] 17:13:25,847 [Test worker] changelog.ChangeSet. - Table state_party created {changeSet=migration/vault-schema.changelog-v8.xml::create-external-id-to-state-party-view::R3.Corda, databaseChangeLog=master.changelog.json}
?[m?[37m[INFO] 17:13:25,847 [Test worker] jvm.JdbcExecutor. - CREATE INDEX PUBLIC.state_pk_hash_idx ON PUBLIC.state_party(public_key_hash) {changeSet=migration/vault-schema.changelog-v8.xml::create-external-id-to-state-party-view::R3.Corda, databaseChangeLog=master.changelog.json}
?[m?[37m[INFO] 17:13:25,848 [Test worker] changelog.ChangeSet. - Index state_pk_hash_idx created {changeSet=migration/vault-schema.changelog-v8.xml::create-external-id-to-state-party-view::R3.Corda, databaseChangeLog=master.changelog.json}
?[m?[37m[INFO] 17:13:25,848 [Test worker] jvm.JdbcExecutor. - CREATE TABLE PUBLIC.pk_hash_to_ext_id_map (id BIGINT NOT NULL, external_id VARCHAR(255) NOT NULL, public_key_hash NVARCHAR(255) NOT NULL) {changeSet=migration/vault-schema.changelog-v8.xml::create-external-id-to-state-party-view::R3.Corda, databaseChangeLog=master.changelog.json}
?[m?[37m[INFO] 17:13:25,848 [Test worker] changelog.ChangeSet. - Table pk_hash_to_ext_id_map created {changeSet=migration/vault-schema.changelog-v8.xml::create-external-id-to-state-party-view::R3.Corda, databaseChangeLog=master.changelog.json}
?[m?[37m[INFO] 17:13:25,848 [Test worker] jvm.JdbcExecutor. - CREATE INDEX PUBLIC.pk_hash_to_xid_idx ON PUBLIC.pk_hash_to_ext_id_map(public_key_hash) {changeSet=migration/vault-schema.changelog-v8.xml::create-external-id-to-state-party-view::R3.Corda, databaseChangeLog=master.changelog.json}
?[m?[37m[INFO] 17:13:25,849 [Test worker] changelog.ChangeSet. - Index pk_hash_to_xid_idx created {changeSet=migration/vault-schema.changelog-v8.xml::create-external-id-to-state-party-view::R3.Corda, databaseChangeLog=master.changelog.json}
?[m?[37m[INFO] 17:13:25,850 [Test worker] jvm.JdbcExecutor. - CREATE VIEW PUBLIC.v_pkey_hash_ex_id_map AS select
                state_party.public_key_hash,
                state_party.transaction_id,
                state_party.output_index,
                pk_hash_to_ext_id_map.external_id
            from state_party
            join pk_hash_to_ext_id_map
            on state_party.public_key_hash = pk_hash_to_ext_id_map.public_key_hash {changeSet=migration/vault-schema.changelog-v8.xml::create-external-id-to-state-party-view::R3.Corda, databaseChangeLog=master.changelog.json}
?[m?[37m[INFO] 17:13:25,851 [Test worker] changelog.ChangeSet. - View v_pkey_hash_ex_id_map created {changeSet=migration/vault-schema.changelog-v8.xml::create-external-id-to-state-party-view::R3.Corda, databaseChangeLog=master.changelog.json}
?[m?[37m[INFO] 17:13:25,851 [Test worker] changelog.ChangeSet. - ChangeSet migration/vault-schema.changelog-v8.xml::create-external-id-to-state-party-view::R3.Corda ran successfully in 4ms {changeSet=migration/vault-schema.changelog-v8.xml::create-external-id-to-state-party-view::R3.Corda, databaseChangeLog=master.changelog.json}
?[m?[37m[INFO] 17:13:25,852 [Test worker] jvm.JdbcExecutor. - INSERT INTO PUBLIC.DATABASECHANGELOG (ID, AUTHOR, FILENAME, DATEEXECUTED, ORDEREXECUTED, MD5SUM, DESCRIPTION, COMMENTS, EXECTYPE, CONTEXTS, LABELS, LIQUIBASE, DEPLOYMENT_ID) VALUES ('create-external-id-to-state-party-view', 'R3.Corda', 'migration/vault-schema.changelog-v8.xml', NOW(), 27, '8:9a5b20f7b7367bb3b86f600bccaa423b', 'createTable tableName=state_party; createIndex indexName=state_pk_hash_idx, tableName=state_party; createTable tableName=pk_hash_to_ext_id_map; createIndex indexName=pk_hash_to_xid_idx, tableName=pk_hash_to_ext_id_map; createView viewName=v_pkey_h...', '', 'EXECUTED', NULL, NULL, '3.6.3', '4052005713') {changeSet=migration/vault-schema.changelog-v8.xml::create-external-id-to-state-party-view::R3.Corda, databaseChangeLog=master.changelog.json}
?[m?[37m[INFO] 17:13:25,853 [Test worker] jvm.JdbcExecutor. - ALTER TABLE PUBLIC.vault_states ALTER COLUMN constraint_data VARBINARY(20000) {changeSet=migration/vault-schema.changelog-v11.xml::expand_constraint_data_size::R3.Corda, databaseChangeLog=master.changelog.json}
?[m?[37m[INFO] 17:13:25,858 [Test worker] changelog.ChangeSet. - vault_states.constraint_data datatype was changed to varbinary(20000) {changeSet=migration/vault-schema.changelog-v11.xml::expand_constraint_data_size::R3.Corda, databaseChangeLog=master.changelog.json}
?[m?[37m[INFO] 17:13:25,858 [Test worker] changelog.ChangeSet. - ChangeSet migration/vault-schema.changelog-v11.xml::expand_constraint_data_size::R3.Corda ran successfully in 5ms {changeSet=migration/vault-schema.changelog-v11.xml::expand_constraint_data_size::R3.Corda, databaseChangeLog=master.changelog.json}
?[m?[37m[INFO] 17:13:25,859 [Test worker] jvm.JdbcExecutor. - INSERT INTO PUBLIC.DATABASECHANGELOG (ID, AUTHOR, FILENAME, DATEEXECUTED, ORDEREXECUTED, MD5SUM, DESCRIPTION, COMMENTS, EXECTYPE, CONTEXTS, LABELS, LIQUIBASE, DEPLOYMENT_ID) VALUES ('expand_constraint_data_size', 'R3.Corda', 'migration/vault-schema.changelog-v11.xml', NOW(), 28, '8:0bd51f3d930d4b03d7b1075454bb2d70', 'modifyDataType columnName=constraint_data, tableName=vault_states', '', 'EXECUTED', NULL, NULL, '3.6.3', '4052005713') {changeSet=migration/vault-schema.changelog-v11.xml::expand_constraint_data_size::R3.Corda, databaseChangeLog=master.changelog.json}
?[m?[37m[INFO] 17:13:25,860 [Test worker] jvm.JdbcExecutor. - CREATE TABLE PUBLIC.node_link_nodeinfo_party (node_info_id INT NOT NULL, party_name NVARCHAR(255) NOT NULL) {changeSet=migration/node-info.changelog-init.xml::1511451595465-4::R3.Corda, databaseChangeLog=master.changelog.json}
?[m?[37m[INFO] 17:13:25,860 [Test worker] changelog.ChangeSet. - Table node_link_nodeinfo_party created {changeSet=migration/node-info.changelog-init.xml::1511451595465-4::R3.Corda, databaseChangeLog=master.changelog.json}
?[m?[37m[INFO] 17:13:25,860 [Test worker] changelog.ChangeSet. - ChangeSet migration/node-info.changelog-init.xml::1511451595465-4::R3.Corda ran successfully in 1ms {changeSet=migration/node-info.changelog-init.xml::1511451595465-4::R3.Corda, databaseChangeLog=master.changelog.json}
?[m?[37m[INFO] 17:13:25,861 [Test worker] jvm.JdbcExecutor. - INSERT INTO PUBLIC.DATABASECHANGELOG (ID, AUTHOR, FILENAME, DATEEXECUTED, ORDEREXECUTED, MD5SUM, DESCRIPTION, COMMENTS, EXECTYPE, CONTEXTS, LABELS, LIQUIBASE, DEPLOYMENT_ID) VALUES ('1511451595465-4', 'R3.Corda', 'migration/node-info.changelog-init.xml', NOW(), 29, '8:cbf3edf78266c3bd22738eaf20c7c111', 'createTable tableName=node_link_nodeinfo_party', '', 'EXECUTED', NULL, NULL, '3.6.3', '4052005713') {changeSet=migration/node-info.changelog-init.xml::1511451595465-4::R3.Corda, databaseChangeLog=master.changelog.json}
?[m?[37m[INFO] 17:13:25,862 [Test worker] jvm.JdbcExecutor. - CREATE TABLE PUBLIC.node_info_hosts (host NVARCHAR(255) NOT NULL, port INT NOT NULL, node_info_id INT) {changeSet=migration/node-info.changelog-init.xml::1511451595465-10::R3.Corda, databaseChangeLog=master.changelog.json}
?[m?[37m[INFO] 17:13:25,862 [Test worker] changelog.ChangeSet. - Table node_info_hosts created {changeSet=migration/node-info.changelog-init.xml::1511451595465-10::R3.Corda, databaseChangeLog=master.changelog.json}
?[m?[37m[INFO] 17:13:25,862 [Test worker] changelog.ChangeSet. - ChangeSet migration/node-info.changelog-init.xml::1511451595465-10::R3.Corda ran successfully in 0ms {changeSet=migration/node-info.changelog-init.xml::1511451595465-10::R3.Corda, databaseChangeLog=master.changelog.json}
?[m?[37m[INFO] 17:13:25,863 [Test worker] jvm.JdbcExecutor. - INSERT INTO PUBLIC.DATABASECHANGELOG (ID, AUTHOR, FILENAME, DATEEXECUTED, ORDEREXECUTED, MD5SUM, DESCRIPTION, COMMENTS, EXECTYPE, CONTEXTS, LABELS, LIQUIBASE, DEPLOYMENT_ID) VALUES ('1511451595465-10', 'R3.Corda', 'migration/node-info.changelog-init.xml', NOW(), 30, '8:f0b2c5a77ffde6aaa3c417095fc220a9', 'createTable tableName=node_info_hosts', '', 'EXECUTED', NULL, NULL, '3.6.3', '4052005713') {changeSet=migration/node-info.changelog-init.xml::1511451595465-10::R3.Corda, databaseChangeLog=master.changelog.json}
?[m?[37m[INFO] 17:13:25,864 [Test worker] jvm.JdbcExecutor. - CREATE TABLE PUBLIC.node_info_party_cert (party_name NVARCHAR(255) NOT NULL, ismain BOOLEAN NOT NULL, owning_key_hash NVARCHAR(130), party_cert_binary BLOB) {changeSet=migration/node-info.changelog-init.xml::1511451595465-11::R3.Corda, databaseChangeLog=master.changelog.json}
?[m?[37m[INFO] 17:13:25,865 [Test worker] changelog.ChangeSet. - Table node_info_party_cert created {changeSet=migration/node-info.changelog-init.xml::1511451595465-11::R3.Corda, databaseChangeLog=master.changelog.json}
?[m?[37m[INFO] 17:13:25,865 [Test worker] changelog.ChangeSet. - ChangeSet migration/node-info.changelog-init.xml::1511451595465-11::R3.Corda ran successfully in 1ms {changeSet=migration/node-info.changelog-init.xml::1511451595465-11::R3.Corda, databaseChangeLog=master.changelog.json}
?[m?[37m[INFO] 17:13:25,865 [Test worker] jvm.JdbcExecutor. - INSERT INTO PUBLIC.DATABASECHANGELOG (ID, AUTHOR, FILENAME, DATEEXECUTED, ORDEREXECUTED, MD5SUM, DESCRIPTION, COMMENTS, EXECTYPE, CONTEXTS, LABELS, LIQUIBASE, DEPLOYMENT_ID) VALUES ('1511451595465-11', 'R3.Corda', 'migration/node-info.changelog-init.xml', NOW(), 31, '8:5eacbf7ce0d85376219f1903b55f5e18', 'createTable tableName=node_info_party_cert', '', 'EXECUTED', NULL, NULL, '3.6.3', '4052005713') {changeSet=migration/node-info.changelog-init.xml::1511451595465-11::R3.Corda, databaseChangeLog=master.changelog.json}
?[m?[37m[INFO] 17:13:25,866 [Test worker] jvm.JdbcExecutor. - CREATE TABLE PUBLIC.node_infos (node_info_id INT NOT NULL, node_info_hash NVARCHAR(64), platform_version INT, serial BIGINT) {changeSet=migration/node-info.changelog-init.xml::1511451595465-12::R3.Corda, databaseChangeLog=master.changelog.json}
?[m?[37m[INFO] 17:13:25,867 [Test worker] changelog.ChangeSet. - Table node_infos created {changeSet=migration/node-info.changelog-init.xml::1511451595465-12::R3.Corda, databaseChangeLog=master.changelog.json}
?[m?[37m[INFO] 17:13:25,867 [Test worker] changelog.ChangeSet. - ChangeSet migration/node-info.changelog-init.xml::1511451595465-12::R3.Corda ran successfully in 1ms {changeSet=migration/node-info.changelog-init.xml::1511451595465-12::R3.Corda, databaseChangeLog=master.changelog.json}
?[m?[37m[INFO] 17:13:25,868 [Test worker] jvm.JdbcExecutor. - INSERT INTO PUBLIC.DATABASECHANGELOG (ID, AUTHOR, FILENAME, DATEEXECUTED, ORDEREXECUTED, MD5SUM, DESCRIPTION, COMMENTS, EXECTYPE, CONTEXTS, LABELS, LIQUIBASE, DEPLOYMENT_ID) VALUES ('1511451595465-12', 'R3.Corda', 'migration/node-info.changelog-init.xml', NOW(), 32, '8:7e30f20cf268860d637ecfb8635f45a3', 'createTable tableName=node_infos', '', 'EXECUTED', NULL, NULL, '3.6.3', '4052005713') {changeSet=migration/node-info.changelog-init.xml::1511451595465-12::R3.Corda, databaseChangeLog=master.changelog.json}
?[m?[37m[INFO] 17:13:25,868 [Test worker] jvm.JdbcExecutor. - ALTER TABLE PUBLIC.node_info_hosts ADD CONSTRAINT node_info_hosts_pkey PRIMARY KEY (host, port) {changeSet=migration/node-info.changelog-init.xml::1511451595465-35::R3.Corda, databaseChangeLog=master.changelog.json}
?[m?[37m[INFO] 17:13:25,869 [Test worker] changelog.ChangeSet. - Primary key added to node_info_hosts (host, port) {changeSet=migration/node-info.changelog-init.xml::1511451595465-35::R3.Corda, databaseChangeLog=master.changelog.json}
?[m?[37m[INFO] 17:13:25,869 [Test worker] changelog.ChangeSet. - ChangeSet migration/node-info.changelog-init.xml::1511451595465-35::R3.Corda ran successfully in 1ms {changeSet=migration/node-info.changelog-init.xml::1511451595465-35::R3.Corda, databaseChangeLog=master.changelog.json}
?[m?[37m[INFO] 17:13:25,869 [Test worker] jvm.JdbcExecutor. - INSERT INTO PUBLIC.DATABASECHANGELOG (ID, AUTHOR, FILENAME, DATEEXECUTED, ORDEREXECUTED, MD5SUM, DESCRIPTION, COMMENTS, EXECTYPE, CONTEXTS, LABELS, LIQUIBASE, DEPLOYMENT_ID) VALUES ('1511451595465-35', 'R3.Corda', 'migration/node-info.changelog-init.xml', NOW(), 33, '8:0d1a734e7350a8278808f540d992fedf', 'addPrimaryKey constraintName=node_info_hosts_pkey, tableName=node_info_hosts', '', 'EXECUTED', NULL, NULL, '3.6.3', '4052005713') {changeSet=migration/node-info.changelog-init.xml::1511451595465-35::R3.Corda, databaseChangeLog=master.changelog.json}
?[m?[37m[INFO] 17:13:25,870 [Test worker] jvm.JdbcExecutor. - ALTER TABLE PUBLIC.node_info_party_cert ADD CONSTRAINT node_info_party_cert_pkey PRIMARY KEY (party_name) {changeSet=migration/node-info.changelog-init.xml::1511451595465-36::R3.Corda, databaseChangeLog=master.changelog.json}
?[m?[37m[INFO] 17:13:25,871 [Test worker] changelog.ChangeSet. - Primary key added to node_info_party_cert (party_name) {changeSet=migration/node-info.changelog-init.xml::1511451595465-36::R3.Corda, databaseChangeLog=master.changelog.json}
?[m?[37m[INFO] 17:13:25,871 [Test worker] changelog.ChangeSet. - ChangeSet migration/node-info.changelog-init.xml::1511451595465-36::R3.Corda ran successfully in 1ms {changeSet=migration/node-info.changelog-init.xml::1511451595465-36::R3.Corda, databaseChangeLog=master.changelog.json}
?[m?[37m[INFO] 17:13:25,871 [Test worker] jvm.JdbcExecutor. - INSERT INTO PUBLIC.DATABASECHANGELOG (ID, AUTHOR, FILENAME, DATEEXECUTED, ORDEREXECUTED, MD5SUM, DESCRIPTION, COMMENTS, EXECTYPE, CONTEXTS, LABELS, LIQUIBASE, DEPLOYMENT_ID) VALUES ('1511451595465-36', 'R3.Corda', 'migration/node-info.changelog-init.xml', NOW(), 34, '8:dc78ba227ce869f406d2645c2064e8dc', 'addPrimaryKey constraintName=node_info_party_cert_pkey, tableName=node_info_party_cert', '', 'EXECUTED', NULL, NULL, '3.6.3', '4052005713') {changeSet=migration/node-info.changelog-init.xml::1511451595465-36::R3.Corda, databaseChangeLog=master.changelog.json}
?[m?[37m[INFO] 17:13:25,872 [Test worker] jvm.JdbcExecutor. - ALTER TABLE PUBLIC.node_infos ADD CONSTRAINT node_infos_pkey PRIMARY KEY (node_info_id) {changeSet=migration/node-info.changelog-init.xml::1511451595465-37::R3.Corda, databaseChangeLog=master.changelog.json}
?[m?[37m[INFO] 17:13:25,873 [Test worker] changelog.ChangeSet. - Primary key added to node_infos (node_info_id) {changeSet=migration/node-info.changelog-init.xml::1511451595465-37::R3.Corda, databaseChangeLog=master.changelog.json}
?[m?[37m[INFO] 17:13:25,873 [Test worker] changelog.ChangeSet. - ChangeSet migration/node-info.changelog-init.xml::1511451595465-37::R3.Corda ran successfully in 1ms {changeSet=migration/node-info.changelog-init.xml::1511451595465-37::R3.Corda, databaseChangeLog=master.changelog.json}
?[m?[37m[INFO] 17:13:25,873 [Test worker] jvm.JdbcExecutor. - INSERT INTO PUBLIC.DATABASECHANGELOG (ID, AUTHOR, FILENAME, DATEEXECUTED, ORDEREXECUTED, MD5SUM, DESCRIPTION, COMMENTS, EXECTYPE, CONTEXTS, LABELS, LIQUIBASE, DEPLOYMENT_ID) VALUES ('1511451595465-37', 'R3.Corda', 'migration/node-info.changelog-init.xml', NOW(), 35, '8:c07cbda2d04c6d77539ac802c66df023', 'addPrimaryKey constraintName=node_infos_pkey, tableName=node_infos', '', 'EXECUTED', NULL, NULL, '3.6.3', '4052005713') {changeSet=migration/node-info.changelog-init.xml::1511451595465-37::R3.Corda, databaseChangeLog=master.changelog.json}
?[m?[37m[INFO] 17:13:25,874 [Test worker] jvm.JdbcExecutor. - ALTER TABLE PUBLIC.node_link_nodeinfo_party ADD CONSTRAINT FK__link_nodeinfo_party__infos FOREIGN KEY (node_info_id) REFERENCES PUBLIC.node_infos (node_info_id) {changeSet=migration/node-info.changelog-init.xml::1511451595465-62::R3.Corda, databaseChangeLog=master.changelog.json}
?[m?[37m[INFO] 17:13:25,875 [Test worker] changelog.ChangeSet. - Foreign key constraint added to node_link_nodeinfo_party (node_info_id) {changeSet=migration/node-info.changelog-init.xml::1511451595465-62::R3.Corda, databaseChangeLog=master.changelog.json}
?[m?[37m[INFO] 17:13:25,876 [Test worker] changelog.ChangeSet. - ChangeSet migration/node-info.changelog-init.xml::1511451595465-62::R3.Corda ran successfully in 1ms {changeSet=migration/node-info.changelog-init.xml::1511451595465-62::R3.Corda, databaseChangeLog=master.changelog.json}
?[m?[37m[INFO] 17:13:25,876 [Test worker] jvm.JdbcExecutor. - INSERT INTO PUBLIC.DATABASECHANGELOG (ID, AUTHOR, FILENAME, DATEEXECUTED, ORDEREXECUTED, MD5SUM, DESCRIPTION, COMMENTS, EXECTYPE, CONTEXTS, LABELS, LIQUIBASE, DEPLOYMENT_ID) VALUES ('1511451595465-62', 'R3.Corda', 'migration/node-info.changelog-init.xml', NOW(), 36, '8:073bbdb8865055a19cde67340a2063e2', 'addForeignKeyConstraint baseTableName=node_link_nodeinfo_party, constraintName=FK__link_nodeinfo_party__infos, referencedTableName=node_infos', '', 'EXECUTED', NULL, NULL, '3.6.3', '4052005713') {changeSet=migration/node-info.changelog-init.xml::1511451595465-62::R3.Corda, databaseChangeLog=master.changelog.json}
?[m?[37m[INFO] 17:13:25,877 [Test worker] jvm.JdbcExecutor. - ALTER TABLE PUBLIC.node_info_hosts ADD CONSTRAINT FK__info_hosts__infos FOREIGN KEY (node_info_id) REFERENCES PUBLIC.node_infos (node_info_id) {changeSet=migration/node-info.changelog-init.xml::1511451595465-63::R3.Corda, databaseChangeLog=master.changelog.json}
?[m?[37m[INFO] 17:13:25,878 [Test worker] changelog.ChangeSet. - Foreign key constraint added to node_info_hosts (node_info_id) {changeSet=migration/node-info.changelog-init.xml::1511451595465-63::R3.Corda, databaseChangeLog=master.changelog.json}
?[m?[37m[INFO] 17:13:25,879 [Test worker] changelog.ChangeSet. - ChangeSet migration/node-info.changelog-init.xml::1511451595465-63::R3.Corda ran successfully in 1ms {changeSet=migration/node-info.changelog-init.xml::1511451595465-63::R3.Corda, databaseChangeLog=master.changelog.json}
?[m?[37m[INFO] 17:13:25,879 [Test worker] jvm.JdbcExecutor. - INSERT INTO PUBLIC.DATABASECHANGELOG (ID, AUTHOR, FILENAME, DATEEXECUTED, ORDEREXECUTED, MD5SUM, DESCRIPTION, COMMENTS, EXECTYPE, CONTEXTS, LABELS, LIQUIBASE, DEPLOYMENT_ID) VALUES ('1511451595465-63', 'R3.Corda', 'migration/node-info.changelog-init.xml', NOW(), 37, '8:fa5ee007de41334ad2ac991b32969076', 'addForeignKeyConstraint baseTableName=node_info_hosts, constraintName=FK__info_hosts__infos, referencedTableName=node_infos', '', 'EXECUTED', NULL, NULL, '3.6.3', '4052005713') {changeSet=migration/node-info.changelog-init.xml::1511451595465-63::R3.Corda, databaseChangeLog=master.changelog.json}
?[m?[37m[INFO] 17:13:25,880 [Test worker] jvm.JdbcExecutor. - DELETE FROM PUBLIC.node_infos {changeSet=migration/node-info.changelog-init.xml::remove_host_port_pk::R3.Corda, databaseChangeLog=master.changelog.json}
?[m?[37m[INFO] 17:13:25,880 [Test worker] changelog.ChangeSet. - Data deleted from node_infos {changeSet=migration/node-info.changelog-init.xml::remove_host_port_pk::R3.Corda, databaseChangeLog=master.changelog.json}
?[m?[37m[INFO] 17:13:25,881 [Test worker] jvm.JdbcExecutor. - DELETE FROM PUBLIC.node_link_nodeinfo_party {changeSet=migration/node-info.changelog-init.xml::remove_host_port_pk::R3.Corda, databaseChangeLog=master.changelog.json}
?[m?[37m[INFO] 17:13:25,881 [Test worker] changelog.ChangeSet. - Data deleted from node_link_nodeinfo_party {changeSet=migration/node-info.changelog-init.xml::remove_host_port_pk::R3.Corda, databaseChangeLog=master.changelog.json}
?[m?[37m[INFO] 17:13:25,881 [Test worker] jvm.JdbcExecutor. - DELETE FROM PUBLIC.node_info_hosts {changeSet=migration/node-info.changelog-init.xml::remove_host_port_pk::R3.Corda, databaseChangeLog=master.changelog.json}
?[m?[37m[INFO] 17:13:25,881 [Test worker] changelog.ChangeSet. - Data deleted from node_info_hosts {changeSet=migration/node-info.changelog-init.xml::remove_host_port_pk::R3.Corda, databaseChangeLog=master.changelog.json}
?[m?[37m[INFO] 17:13:25,881 [Test worker] jvm.JdbcExecutor. - DELETE FROM PUBLIC.node_info_party_cert {changeSet=migration/node-info.changelog-init.xml::remove_host_port_pk::R3.Corda, databaseChangeLog=master.changelog.json}
?[m?[37m[INFO] 17:13:25,881 [Test worker] changelog.ChangeSet. - Data deleted from node_info_party_cert {changeSet=migration/node-info.changelog-init.xml::remove_host_port_pk::R3.Corda, databaseChangeLog=master.changelog.json}
?[m?[37m[INFO] 17:13:25,881 [Test worker] jvm.JdbcExecutor. - ALTER TABLE PUBLIC.node_info_hosts DROP PRIMARY KEY {changeSet=migration/node-info.changelog-init.xml::remove_host_port_pk::R3.Corda, databaseChangeLog=master.changelog.json}
?[m?[37m[INFO] 17:13:25,882 [Test worker] changelog.ChangeSet. - Primary key dropped from node_info_hosts {changeSet=migration/node-info.changelog-init.xml::remove_host_port_pk::R3.Corda, databaseChangeLog=master.changelog.json}
?[m?[37m[INFO] 17:13:25,882 [Test worker] jvm.JdbcExecutor. - ALTER TABLE PUBLIC.node_info_hosts ADD hosts_id INT NOT NULL {changeSet=migration/node-info.changelog-init.xml::remove_host_port_pk::R3.Corda, databaseChangeLog=master.changelog.json}
?[m?[37m[INFO] 17:13:25,885 [Test worker] changelog.ChangeSet. - Columns hosts_id(INT) added to node_info_hosts {changeSet=migration/node-info.changelog-init.xml::remove_host_port_pk::R3.Corda, databaseChangeLog=master.changelog.json}
?[m?[37m[INFO] 17:13:25,885 [Test worker] jvm.JdbcExecutor. - ALTER TABLE PUBLIC.node_info_hosts ADD CONSTRAINT node_info_hosts_pkey_id PRIMARY KEY (hosts_id) {changeSet=migration/node-info.changelog-init.xml::remove_host_port_pk::R3.Corda, databaseChangeLog=master.changelog.json}
?[m?[37m[INFO] 17:13:25,886 [Test worker] changelog.ChangeSet. - Primary key added to node_info_hosts (hosts_id) {changeSet=migration/node-info.changelog-init.xml::remove_host_port_pk::R3.Corda, databaseChangeLog=master.changelog.json}
?[m?[37m[INFO] 17:13:25,886 [Test worker] changelog.ChangeSet. - ChangeSet migration/node-info.changelog-init.xml::remove_host_port_pk::R3.Corda ran successfully in 6ms {changeSet=migration/node-info.changelog-init.xml::remove_host_port_pk::R3.Corda, databaseChangeLog=master.changelog.json}
?[m?[37m[INFO] 17:13:25,886 [Test worker] jvm.JdbcExecutor. - INSERT INTO PUBLIC.DATABASECHANGELOG (ID, AUTHOR, FILENAME, DATEEXECUTED, ORDEREXECUTED, MD5SUM, DESCRIPTION, COMMENTS, EXECTYPE, CONTEXTS, LABELS, LIQUIBASE, DEPLOYMENT_ID) VALUES ('remove_host_port_pk', 'R3.Corda', 'migration/node-info.changelog-init.xml', NOW(), 38, '8:50fa65c10fd9bb3d89e0ad75d29a0e4d', 'delete tableName=node_infos; delete tableName=node_link_nodeinfo_party; delete tableName=node_info_hosts; delete tableName=node_info_party_cert; dropPrimaryKey constraintName=node_info_hosts_pkey, tableName=node_info_hosts; addColumn tableName=nod...', '', 'EXECUTED', NULL, NULL, '3.6.3', '4052005713') {changeSet=migration/node-info.changelog-init.xml::remove_host_port_pk::R3.Corda, databaseChangeLog=master.changelog.json}
?[m?[37m[INFO] 17:13:25,887 [Test worker] jvm.JdbcExecutor. - CREATE TABLE PUBLIC.node_properties (property_key NVARCHAR(255) NOT NULL, property_value NVARCHAR(255)) {changeSet=migration/node-info.changelog-v1.xml::key/value node properties table::R3.Corda, databaseChangeLog=master.changelog.json}
?[m?[37m[INFO] 17:13:25,888 [Test worker] changelog.ChangeSet. - Table node_properties created {changeSet=migration/node-info.changelog-v1.xml::key/value node properties table::R3.Corda, databaseChangeLog=master.changelog.json}
?[m?[37m[INFO] 17:13:25,888 [Test worker] changelog.ChangeSet. - ChangeSet migration/node-info.changelog-v1.xml::key/value node properties table::R3.Corda ran successfully in 1ms {changeSet=migration/node-info.changelog-v1.xml::key/value node properties table::R3.Corda, databaseChangeLog=master.changelog.json}
?[m?[37m[INFO] 17:13:25,888 [Test worker] jvm.JdbcExecutor. - INSERT INTO PUBLIC.DATABASECHANGELOG (ID, AUTHOR, FILENAME, DATEEXECUTED, ORDEREXECUTED, MD5SUM, DESCRIPTION, COMMENTS, EXECTYPE, CONTEXTS, LABELS, LIQUIBASE, DEPLOYMENT_ID) VALUES ('key/value node properties table', 'R3.Corda', 'migration/node-info.changelog-v1.xml', NOW(), 39, '8:39e4c897aa5e893e79a0434af2948a91', 'createTable tableName=node_properties', '', 'EXECUTED', NULL, NULL, '3.6.3', '4052005713') {changeSet=migration/node-info.changelog-v1.xml::key/value node properties table::R3.Corda, databaseChangeLog=master.changelog.json}
?[m?[37m[INFO] 17:13:25,889 [Test worker] jvm.JdbcExecutor. - ALTER TABLE PUBLIC.node_infos ALTER COLUMN node_info_hash SET NOT NULL {changeSet=migration/node-info.changelog-v2.xml::1525962920::R3.Corda, databaseChangeLog=master.changelog.json}
?[m?[37m[INFO] 17:13:25,890 [Test worker] changelog.ChangeSet. - NOT NULL constraint has been added to node_infos.node_info_hash {changeSet=migration/node-info.changelog-v2.xml::1525962920::R3.Corda, databaseChangeLog=master.changelog.json}
?[m?[37m[INFO] 17:13:25,890 [Test worker] jvm.JdbcExecutor. - ALTER TABLE PUBLIC.node_infos ALTER COLUMN platform_version SET NOT NULL {changeSet=migration/node-info.changelog-v2.xml::1525962920::R3.Corda, databaseChangeLog=master.changelog.json}
?[m?[37m[INFO] 17:13:25,890 [Test worker] changelog.ChangeSet. - NOT NULL constraint has been added to node_infos.platform_version {changeSet=migration/node-info.changelog-v2.xml::1525962920::R3.Corda, databaseChangeLog=master.changelog.json}
?[m?[37m[INFO] 17:13:25,891 [Test worker] jvm.JdbcExecutor. - ALTER TABLE PUBLIC.node_infos ALTER COLUMN serial SET NOT NULL {changeSet=migration/node-info.changelog-v2.xml::1525962920::R3.Corda, databaseChangeLog=master.changelog.json}
?[m?[37m[INFO] 17:13:25,891 [Test worker] changelog.ChangeSet. - NOT NULL constraint has been added to node_infos.serial {changeSet=migration/node-info.changelog-v2.xml::1525962920::R3.Corda, databaseChangeLog=master.changelog.json}
?[m?[37m[INFO] 17:13:25,891 [Test worker] jvm.JdbcExecutor. - ALTER TABLE PUBLIC.node_info_hosts ALTER COLUMN host SET NULL {changeSet=migration/node-info.changelog-v2.xml::1525962920::R3.Corda, databaseChangeLog=master.changelog.json}
?[m?[37m[INFO] 17:13:25,891 [Test worker] changelog.ChangeSet. - Null constraint dropped from node_info_hosts.host {changeSet=migration/node-info.changelog-v2.xml::1525962920::R3.Corda, databaseChangeLog=master.changelog.json}
?[m?[37m[INFO] 17:13:25,892 [Test worker] jvm.JdbcExecutor. - ALTER TABLE PUBLIC.node_info_hosts ALTER COLUMN port SET NULL {changeSet=migration/node-info.changelog-v2.xml::1525962920::R3.Corda, databaseChangeLog=master.changelog.json}
?[m?[37m[INFO] 17:13:25,892 [Test worker] changelog.ChangeSet. - Null constraint dropped from node_info_hosts.port {changeSet=migration/node-info.changelog-v2.xml::1525962920::R3.Corda, databaseChangeLog=master.changelog.json}
?[m?[37m[INFO] 17:13:25,892 [Test worker] jvm.JdbcExecutor. - ALTER TABLE PUBLIC.node_info_party_cert ALTER COLUMN owning_key_hash SET NOT NULL {changeSet=migration/node-info.changelog-v2.xml::1525962920::R3.Corda, databaseChangeLog=master.changelog.json}
?[m?[37m[INFO] 17:13:25,893 [Test worker] changelog.ChangeSet. - NOT NULL constraint has been added to node_info_party_cert.owning_key_hash {changeSet=migration/node-info.changelog-v2.xml::1525962920::R3.Corda, databaseChangeLog=master.changelog.json}
?[m?[37m[INFO] 17:13:25,893 [Test worker] jvm.JdbcExecutor. - ALTER TABLE PUBLIC.node_info_party_cert ALTER COLUMN party_cert_binary SET NOT NULL {changeSet=migration/node-info.changelog-v2.xml::1525962920::R3.Corda, databaseChangeLog=master.changelog.json}
?[m?[37m[INFO] 17:13:25,893 [Test worker] changelog.ChangeSet. - NOT NULL constraint has been added to node_info_party_cert.party_cert_binary {changeSet=migration/node-info.changelog-v2.xml::1525962920::R3.Corda, databaseChangeLog=master.changelog.json}
?[m?[37m[INFO] 17:13:25,893 [Test worker] changelog.ChangeSet. - ChangeSet migration/node-info.changelog-v2.xml::1525962920::R3.Corda ran successfully in 4ms {changeSet=migration/node-info.changelog-v2.xml::1525962920::R3.Corda, databaseChangeLog=master.changelog.json}
?[m?[37m[INFO] 17:13:25,894 [Test worker] jvm.JdbcExecutor. - INSERT INTO PUBLIC.DATABASECHANGELOG (ID, AUTHOR, FILENAME, DATEEXECUTED, ORDEREXECUTED, MD5SUM, DESCRIPTION, COMMENTS, EXECTYPE, CONTEXTS, LABELS, LIQUIBASE, DEPLOYMENT_ID) VALUES ('1525962920', 'R3.Corda', 'migration/node-info.changelog-v2.xml', NOW(), 40, '8:cc835e848ed6cc1f4b2a2e8e31fa92f1', 'addNotNullConstraint columnName=node_info_hash, tableName=node_infos; addNotNullConstraint columnName=platform_version, tableName=node_infos; addNotNullConstraint columnName=serial, tableName=node_infos; dropNotNullConstraint columnName=host, tabl...', '', 'EXECUTED', NULL, NULL, '3.6.3', '4052005713') {changeSet=migration/node-info.changelog-v2.xml::1525962920::R3.Corda, databaseChangeLog=master.changelog.json}
?[m?[37m[INFO] 17:13:25,895 [Test worker] jvm.JdbcExecutor. - ALTER TABLE PUBLIC.node_info_hosts ALTER COLUMN host RENAME TO host_name {changeSet=migration/node-info.changelog-v3.xml::column_host_name::R3.Corda, databaseChangeLog=master.changelog.json}
?[m?[37m[INFO] 17:13:25,896 [Test worker] changelog.ChangeSet. - Column node_info_hosts.host renamed to host_name {changeSet=migration/node-info.changelog-v3.xml::column_host_name::R3.Corda, databaseChangeLog=master.changelog.json}
?[m?[37m[INFO] 17:13:25,896 [Test worker] changelog.ChangeSet. - ChangeSet migration/node-info.changelog-v3.xml::column_host_name::R3.Corda ran successfully in 1ms {changeSet=migration/node-info.changelog-v3.xml::column_host_name::R3.Corda, databaseChangeLog=master.changelog.json}
?[m?[37m[INFO] 17:13:25,897 [Test worker] jvm.JdbcExecutor. - INSERT INTO PUBLIC.DATABASECHANGELOG (ID, AUTHOR, FILENAME, DATEEXECUTED, ORDEREXECUTED, MD5SUM, DESCRIPTION, COMMENTS, EXECTYPE, CONTEXTS, LABELS, LIQUIBASE, DEPLOYMENT_ID) VALUES ('column_host_name', 'R3.Corda', 'migration/node-info.changelog-v3.xml', NOW(), 41, '8:e5fb9380221a91515f45ee44c9c30053', 'renameColumn newColumnName=host_name, oldColumnName=host, tableName=node_info_hosts', '', 'EXECUTED', NULL, NULL, '3.6.3', '4052005713') {changeSet=migration/node-info.changelog-v3.xml::column_host_name::R3.Corda, databaseChangeLog=master.changelog.json}
?[m?[37m[INFO] 17:13:25,898 [Test worker] jvm.JdbcExecutor. - CREATE TABLE PUBLIC.node_attachments (att_id NVARCHAR(255) NOT NULL, content BLOB, filename NVARCHAR(255), insertion_date TIMESTAMP NOT NULL, uploader NVARCHAR(255)) {changeSet=migration/node-services.changelog-init.xml::1511451595465-5::R3.Corda, databaseChangeLog=master.changelog.json}
?[m?[37m[INFO] 17:13:25,899 [Test worker] changelog.ChangeSet. - Table node_attachments created {changeSet=migration/node-services.changelog-init.xml::1511451595465-5::R3.Corda, databaseChangeLog=master.changelog.json}
?[m?[37m[INFO] 17:13:25,899 [Test worker] changelog.ChangeSet. - ChangeSet migration/node-services.changelog-init.xml::1511451595465-5::R3.Corda ran successfully in 2ms {changeSet=migration/node-services.changelog-init.xml::1511451595465-5::R3.Corda, databaseChangeLog=master.changelog.json}
?[m?[37m[INFO] 17:13:25,899 [Test worker] jvm.JdbcExecutor. - INSERT INTO PUBLIC.DATABASECHANGELOG (ID, AUTHOR, FILENAME, DATEEXECUTED, ORDEREXECUTED, MD5SUM, DESCRIPTION, COMMENTS, EXECTYPE, CONTEXTS, LABELS, LIQUIBASE, DEPLOYMENT_ID) VALUES ('1511451595465-5', 'R3.Corda', 'migration/node-services.changelog-init.xml', NOW(), 42, '8:380e64788d9896c1166e4c22336d01e4', 'createTable tableName=node_attachments', '', 'EXECUTED', NULL, NULL, '3.6.3', '4052005713') {changeSet=migration/node-services.changelog-init.xml::1511451595465-5::R3.Corda, databaseChangeLog=master.changelog.json}
?[m?[37m[INFO] 17:13:25,900 [Test worker] jvm.JdbcExecutor. - CREATE TABLE PUBLIC.node_checkpoints (checkpoint_id NVARCHAR(64) NOT NULL, checkpoint_value BLOB) {changeSet=migration/node-services.changelog-init.xml::1511451595465-7::R3.Corda, databaseChangeLog=master.changelog.json}
?[m?[37m[INFO] 17:13:25,901 [Test worker] changelog.ChangeSet. - Table node_checkpoints created {changeSet=migration/node-services.changelog-init.xml::1511451595465-7::R3.Corda, databaseChangeLog=master.changelog.json}
?[m?[37m[INFO] 17:13:25,901 [Test worker] changelog.ChangeSet. - ChangeSet migration/node-services.changelog-init.xml::1511451595465-7::R3.Corda ran successfully in 1ms {changeSet=migration/node-services.changelog-init.xml::1511451595465-7::R3.Corda, databaseChangeLog=master.changelog.json}
?[m?[37m[INFO] 17:13:25,901 [Test worker] jvm.JdbcExecutor. - INSERT INTO PUBLIC.DATABASECHANGELOG (ID, AUTHOR, FILENAME, DATEEXECUTED, ORDEREXECUTED, MD5SUM, DESCRIPTION, COMMENTS, EXECTYPE, CONTEXTS, LABELS, LIQUIBASE, DEPLOYMENT_ID) VALUES ('1511451595465-7', 'R3.Corda', 'migration/node-services.changelog-init.xml', NOW(), 43, '8:8aefa1967ed80f8f98b69247c70c9f24', 'createTable tableName=node_checkpoints', '', 'EXECUTED', NULL, NULL, '3.6.3', '4052005713') {changeSet=migration/node-services.changelog-init.xml::1511451595465-7::R3.Corda, databaseChangeLog=master.changelog.json}
?[m?[37m[INFO] 17:13:25,902 [Test worker] jvm.JdbcExecutor. - CREATE TABLE PUBLIC.node_contract_upgrades (state_ref NVARCHAR(96) NOT NULL, contract_class_name NVARCHAR(255)) {changeSet=migration/node-services.changelog-init.xml::1511451595465-8::R3.Corda, databaseChangeLog=master.changelog.json}
?[m?[37m[INFO] 17:13:25,903 [Test worker] changelog.ChangeSet. - Table node_contract_upgrades created {changeSet=migration/node-services.changelog-init.xml::1511451595465-8::R3.Corda, databaseChangeLog=master.changelog.json}
?[m?[37m[INFO] 17:13:25,903 [Test worker] changelog.ChangeSet. - ChangeSet migration/node-services.changelog-init.xml::1511451595465-8::R3.Corda ran successfully in 1ms {changeSet=migration/node-services.changelog-init.xml::1511451595465-8::R3.Corda, databaseChangeLog=master.changelog.json}
?[m?[37m[INFO] 17:13:25,903 [Test worker] jvm.JdbcExecutor. - INSERT INTO PUBLIC.DATABASECHANGELOG (ID, AUTHOR, FILENAME, DATEEXECUTED, ORDEREXECUTED, MD5SUM, DESCRIPTION, COMMENTS, EXECTYPE, CONTEXTS, LABELS, LIQUIBASE, DEPLOYMENT_ID) VALUES ('1511451595465-8', 'R3.Corda', 'migration/node-services.changelog-init.xml', NOW(), 44, '8:6b06fe4c0ef085967f4dbd00dca08533', 'createTable tableName=node_contract_upgrades', '', 'EXECUTED', NULL, NULL, '3.6.3', '4052005713') {changeSet=migration/node-services.changelog-init.xml::1511451595465-8::R3.Corda, databaseChangeLog=master.changelog.json}
?[m?[37m[INFO] 17:13:25,904 [Test worker] jvm.JdbcExecutor. - CREATE TABLE PUBLIC.node_identities (pk_hash NVARCHAR(130) NOT NULL, identity_value BLOB) {changeSet=migration/node-services.changelog-init.xml::1511451595465-9::R3.Corda, databaseChangeLog=master.changelog.json}
?[m?[37m[INFO] 17:13:25,905 [Test worker] changelog.ChangeSet. - Table node_identities created {changeSet=migration/node-services.changelog-init.xml::1511451595465-9::R3.Corda, databaseChangeLog=master.changelog.json}
?[m?[37m[INFO] 17:13:25,905 [Test worker] changelog.ChangeSet. - ChangeSet migration/node-services.changelog-init.xml::1511451595465-9::R3.Corda ran successfully in 1ms {changeSet=migration/node-services.changelog-init.xml::1511451595465-9::R3.Corda, databaseChangeLog=master.changelog.json}
?[m?[37m[INFO] 17:13:25,905 [Test worker] jvm.JdbcExecutor. - INSERT INTO PUBLIC.DATABASECHANGELOG (ID, AUTHOR, FILENAME, DATEEXECUTED, ORDEREXECUTED, MD5SUM, DESCRIPTION, COMMENTS, EXECTYPE, CONTEXTS, LABELS, LIQUIBASE, DEPLOYMENT_ID) VALUES ('1511451595465-9', 'R3.Corda', 'migration/node-services.changelog-init.xml', NOW(), 45, '8:293963c9989772e272e1397c8ae9dfb1', 'createTable tableName=node_identities', '', 'EXECUTED', NULL, NULL, '3.6.3', '4052005713') {changeSet=migration/node-services.changelog-init.xml::1511451595465-9::R3.Corda, databaseChangeLog=master.changelog.json}
?[m?[37m[INFO] 17:13:25,906 [Test worker] jvm.JdbcExecutor. - CREATE TABLE PUBLIC.node_message_ids (message_id NVARCHAR(64) NOT NULL, insertion_time TIMESTAMP) {changeSet=migration/node-services.changelog-init.xml::1511451595465-13::R3.Corda, databaseChangeLog=master.changelog.json}
?[m?[37m[INFO] 17:13:25,907 [Test worker] changelog.ChangeSet. - Table node_message_ids created {changeSet=migration/node-services.changelog-init.xml::1511451595465-13::R3.Corda, databaseChangeLog=master.changelog.json}
?[m?[37m[INFO] 17:13:25,907 [Test worker] changelog.ChangeSet. - ChangeSet migration/node-services.changelog-init.xml::1511451595465-13::R3.Corda ran successfully in 1ms {changeSet=migration/node-services.changelog-init.xml::1511451595465-13::R3.Corda, databaseChangeLog=master.changelog.json}
?[m?[37m[INFO] 17:13:25,907 [Test worker] jvm.JdbcExecutor. - INSERT INTO PUBLIC.DATABASECHANGELOG (ID, AUTHOR, FILENAME, DATEEXECUTED, ORDEREXECUTED, MD5SUM, DESCRIPTION, COMMENTS, EXECTYPE, CONTEXTS, LABELS, LIQUIBASE, DEPLOYMENT_ID) VALUES ('1511451595465-13', 'R3.Corda', 'migration/node-services.changelog-init.xml', NOW(), 46, '8:421bb9432660d6cdf67a18c6f0acdeb4', 'createTable tableName=node_message_ids', '', 'EXECUTED', NULL, NULL, '3.6.3', '4052005713') {changeSet=migration/node-services.changelog-init.xml::1511451595465-13::R3.Corda, databaseChangeLog=master.changelog.json}
?[m?[37m[INFO] 17:13:25,908 [Test worker] jvm.JdbcExecutor. - CREATE TABLE PUBLIC.node_message_retry (message_id BIGINT NOT NULL, message BLOB, recipients BLOB) {changeSet=migration/node-services.changelog-init.xml::1511451595465-14::R3.Corda, databaseChangeLog=master.changelog.json}
?[m?[37m[INFO] 17:13:25,909 [Test worker] changelog.ChangeSet. - Table node_message_retry created {changeSet=migration/node-services.changelog-init.xml::1511451595465-14::R3.Corda, databaseChangeLog=master.changelog.json}
?[m?[37m[INFO] 17:13:25,909 [Test worker] changelog.ChangeSet. - ChangeSet migration/node-services.changelog-init.xml::1511451595465-14::R3.Corda ran successfully in 1ms {changeSet=migration/node-services.changelog-init.xml::1511451595465-14::R3.Corda, databaseChangeLog=master.changelog.json}
?[m?[37m[INFO] 17:13:25,910 [Test worker] jvm.JdbcExecutor. - INSERT INTO PUBLIC.DATABASECHANGELOG (ID, AUTHOR, FILENAME, DATEEXECUTED, ORDEREXECUTED, MD5SUM, DESCRIPTION, COMMENTS, EXECTYPE, CONTEXTS, LABELS, LIQUIBASE, DEPLOYMENT_ID) VALUES ('1511451595465-14', 'R3.Corda', 'migration/node-services.changelog-init.xml', NOW(), 47, '8:ba7acbbe63086c3c9fb627ea948864b2', 'createTable tableName=node_message_retry', '', 'EXECUTED', NULL, NULL, '3.6.3', '4052005713') {changeSet=migration/node-services.changelog-init.xml::1511451595465-14::R3.Corda, databaseChangeLog=master.changelog.json}
?[m?[37m[INFO] 17:13:25,911 [Test worker] jvm.JdbcExecutor. - CREATE TABLE PUBLIC.node_named_identities (name NVARCHAR(128) NOT NULL, pk_hash NVARCHAR(130)) {changeSet=migration/node-services.changelog-init.xml::1511451595465-15::R3.Corda, databaseChangeLog=master.changelog.json}
?[m?[37m[INFO] 17:13:25,911 [Test worker] changelog.ChangeSet. - Table node_named_identities created {changeSet=migration/node-services.changelog-init.xml::1511451595465-15::R3.Corda, databaseChangeLog=master.changelog.json}
?[m?[37m[INFO] 17:13:25,912 [Test worker] changelog.ChangeSet. - ChangeSet migration/node-services.changelog-init.xml::1511451595465-15::R3.Corda ran successfully in 2ms {changeSet=migration/node-services.changelog-init.xml::1511451595465-15::R3.Corda, databaseChangeLog=master.changelog.json}
?[m?[37m[INFO] 17:13:25,912 [Test worker] jvm.JdbcExecutor. - INSERT INTO PUBLIC.DATABASECHANGELOG (ID, AUTHOR, FILENAME, DATEEXECUTED, ORDEREXECUTED, MD5SUM, DESCRIPTION, COMMENTS, EXECTYPE, CONTEXTS, LABELS, LIQUIBASE, DEPLOYMENT_ID) VALUES ('1511451595465-15', 'R3.Corda', 'migration/node-services.changelog-init.xml', NOW(), 48, '8:bf6ca4e45e140b225f6f934935dd2f34', 'createTable tableName=node_named_identities', '', 'EXECUTED', NULL, NULL, '3.6.3', '4052005713') {changeSet=migration/node-services.changelog-init.xml::1511451595465-15::R3.Corda, databaseChangeLog=master.changelog.json}
?[m?[37m[INFO] 17:13:25,913 [Test worker] jvm.JdbcExecutor. - CREATE TABLE PUBLIC.node_our_key_pairs (public_key_hash NVARCHAR(130) NOT NULL, private_key BLOB, public_key BLOB) {changeSet=migration/node-services.changelog-init.xml::1511451595465-17::R3.Corda, databaseChangeLog=master.changelog.json}
?[m?[37m[INFO] 17:13:25,914 [Test worker] changelog.ChangeSet. - Table node_our_key_pairs created {changeSet=migration/node-services.changelog-init.xml::1511451595465-17::R3.Corda, databaseChangeLog=master.changelog.json}
?[m?[37m[INFO] 17:13:25,914 [Test worker] changelog.ChangeSet. - ChangeSet migration/node-services.changelog-init.xml::1511451595465-17::R3.Corda ran successfully in 1ms {changeSet=migration/node-services.changelog-init.xml::1511451595465-17::R3.Corda, databaseChangeLog=master.changelog.json}
?[m?[37m[INFO] 17:13:25,915 [Test worker] jvm.JdbcExecutor. - INSERT INTO PUBLIC.DATABASECHANGELOG (ID, AUTHOR, FILENAME, DATEEXECUTED, ORDEREXECUTED, MD5SUM, DESCRIPTION, COMMENTS, EXECTYPE, CONTEXTS, LABELS, LIQUIBASE, DEPLOYMENT_ID) VALUES ('1511451595465-17', 'R3.Corda', 'migration/node-services.changelog-init.xml', NOW(), 49, '8:e91eb86cb57176d4605d948f694d8441', 'createTable tableName=node_our_key_pairs', '', 'EXECUTED', NULL, NULL, '3.6.3', '4052005713') {changeSet=migration/node-services.changelog-init.xml::1511451595465-17::R3.Corda, databaseChangeLog=master.changelog.json}
?[m?[37m[INFO] 17:13:25,915 [Test worker] jvm.JdbcExecutor. - CREATE TABLE PUBLIC.node_scheduled_states (output_index INT NOT NULL, transaction_id NVARCHAR(64) NOT NULL, scheduled_at TIMESTAMP NOT NULL) {changeSet=migration/node-services.changelog-init.xml::1511451595465-19::R3.Corda, databaseChangeLog=master.changelog.json}
?[m?[37m[INFO] 17:13:25,916 [Test worker] changelog.ChangeSet. - Table node_scheduled_states created {changeSet=migration/node-services.changelog-init.xml::1511451595465-19::R3.Corda, databaseChangeLog=master.changelog.json}
?[m?[37m[INFO] 17:13:25,916 [Test worker] changelog.ChangeSet. - ChangeSet migration/node-services.changelog-init.xml::1511451595465-19::R3.Corda ran successfully in 1ms {changeSet=migration/node-services.changelog-init.xml::1511451595465-19::R3.Corda, databaseChangeLog=master.changelog.json}
?[m?[37m[INFO] 17:13:25,916 [Test worker] jvm.JdbcExecutor. - INSERT INTO PUBLIC.DATABASECHANGELOG (ID, AUTHOR, FILENAME, DATEEXECUTED, ORDEREXECUTED, MD5SUM, DESCRIPTION, COMMENTS, EXECTYPE, CONTEXTS, LABELS, LIQUIBASE, DEPLOYMENT_ID) VALUES ('1511451595465-19', 'R3.Corda', 'migration/node-services.changelog-init.xml', NOW(), 50, '8:55282f9fbfc1cb8f7583a90173e3ff4c', 'createTable tableName=node_scheduled_states', '', 'EXECUTED', NULL, NULL, '3.6.3', '4052005713') {changeSet=migration/node-services.changelog-init.xml::1511451595465-19::R3.Corda, databaseChangeLog=master.changelog.json}
?[m?[37m[INFO] 17:13:25,917 [Test worker] jvm.JdbcExecutor. - CREATE TABLE PUBLIC.node_transaction_mappings (tx_id NVARCHAR(64) NOT NULL, state_machine_run_id NVARCHAR(36)) {changeSet=migration/node-services.changelog-init.xml::1511451595465-20::R3.Corda, databaseChangeLog=master.changelog.json}
?[m?[37m[INFO] 17:13:25,918 [Test worker] changelog.ChangeSet. - Table node_transaction_mappings created {changeSet=migration/node-services.changelog-init.xml::1511451595465-20::R3.Corda, databaseChangeLog=master.changelog.json}
?[m?[37m[INFO] 17:13:25,918 [Test worker] changelog.ChangeSet. - ChangeSet migration/node-services.changelog-init.xml::1511451595465-20::R3.Corda ran successfully in 1ms {changeSet=migration/node-services.changelog-init.xml::1511451595465-20::R3.Corda, databaseChangeLog=master.changelog.json}
?[m?[37m[INFO] 17:13:25,918 [Test worker] jvm.JdbcExecutor. - INSERT INTO PUBLIC.DATABASECHANGELOG (ID, AUTHOR, FILENAME, DATEEXECUTED, ORDEREXECUTED, MD5SUM, DESCRIPTION, COMMENTS, EXECTYPE, CONTEXTS, LABELS, LIQUIBASE, DEPLOYMENT_ID) VALUES ('1511451595465-20', 'R3.Corda', 'migration/node-services.changelog-init.xml', NOW(), 51, '8:cc085b3d33f3d53b75c8866522653f98', 'createTable tableName=node_transaction_mappings', '', 'EXECUTED', NULL, NULL, '3.6.3', '4052005713') {changeSet=migration/node-services.changelog-init.xml::1511451595465-20::R3.Corda, databaseChangeLog=master.changelog.json}
?[m?[37m[INFO] 17:13:25,919 [Test worker] jvm.JdbcExecutor. - CREATE TABLE PUBLIC.node_transactions (tx_id NVARCHAR(64) NOT NULL, transaction_value BLOB) {changeSet=migration/node-services.changelog-init.xml::1511451595465-21::R3.Corda, databaseChangeLog=master.changelog.json}
?[m?[37m[INFO] 17:13:25,920 [Test worker] changelog.ChangeSet. - Table node_transactions created {changeSet=migration/node-services.changelog-init.xml::1511451595465-21::R3.Corda, databaseChangeLog=master.changelog.json}
?[m?[37m[INFO] 17:13:25,920 [Test worker] changelog.ChangeSet. - ChangeSet migration/node-services.changelog-init.xml::1511451595465-21::R3.Corda ran successfully in 1ms {changeSet=migration/node-services.changelog-init.xml::1511451595465-21::R3.Corda, databaseChangeLog=master.changelog.json}
?[m?[37m[INFO] 17:13:25,921 [Test worker] jvm.JdbcExecutor. - INSERT INTO PUBLIC.DATABASECHANGELOG (ID, AUTHOR, FILENAME, DATEEXECUTED, ORDEREXECUTED, MD5SUM, DESCRIPTION, COMMENTS, EXECTYPE, CONTEXTS, LABELS, LIQUIBASE, DEPLOYMENT_ID) VALUES ('1511451595465-21', 'R3.Corda', 'migration/node-services.changelog-init.xml', NOW(), 52, '8:69feb7582f3b77828510a56cb111cfd8', 'createTable tableName=node_transactions', '', 'EXECUTED', NULL, NULL, '3.6.3', '4052005713') {changeSet=migration/node-services.changelog-init.xml::1511451595465-21::R3.Corda, databaseChangeLog=master.changelog.json}
?[m?[37m[INFO] 17:13:25,923 [Test worker] jvm.JdbcExecutor. - ALTER TABLE PUBLIC.node_attachments ADD CONSTRAINT node_attachments_pkey PRIMARY KEY (att_id) {changeSet=migration/node-services.changelog-init.xml::1511451595465-30::R3.Corda, databaseChangeLog=master.changelog.json}
?[m?[37m[INFO] 17:13:25,924 [Test worker] changelog.ChangeSet. - Primary key added to node_attachments (att_id) {changeSet=migration/node-services.changelog-init.xml::1511451595465-30::R3.Corda, databaseChangeLog=master.changelog.json}
?[m?[37m[INFO] 17:13:25,924 [Test worker] changelog.ChangeSet. - ChangeSet migration/node-services.changelog-init.xml::1511451595465-30::R3.Corda ran successfully in 2ms {changeSet=migration/node-services.changelog-init.xml::1511451595465-30::R3.Corda, databaseChangeLog=master.changelog.json}
?[m?[37m[INFO] 17:13:25,926 [Test worker] jvm.JdbcExecutor. - INSERT INTO PUBLIC.DATABASECHANGELOG (ID, AUTHOR, FILENAME, DATEEXECUTED, ORDEREXECUTED, MD5SUM, DESCRIPTION, COMMENTS, EXECTYPE, CONTEXTS, LABELS, LIQUIBASE, DEPLOYMENT_ID) VALUES ('1511451595465-30', 'R3.Corda', 'migration/node-services.changelog-init.xml', NOW(), 53, '8:97c42d4eac368e79f47df345a072b237', 'addPrimaryKey constraintName=node_attachments_pkey, tableName=node_attachments', '', 'EXECUTED', NULL, NULL, '3.6.3', '4052005713') {changeSet=migration/node-services.changelog-init.xml::1511451595465-30::R3.Corda, databaseChangeLog=master.changelog.json}
?[m?[37m[INFO] 17:13:25,927 [Test worker] jvm.JdbcExecutor. - ALTER TABLE PUBLIC.node_checkpoints ADD CONSTRAINT node_checkpoints_pkey PRIMARY KEY (checkpoint_id) {changeSet=migration/node-services.changelog-init.xml::1511451595465-32::R3.Corda, databaseChangeLog=master.changelog.json}
?[m?[37m[INFO] 17:13:25,927 [Test worker] changelog.ChangeSet. - Primary key added to node_checkpoints (checkpoint_id) {changeSet=migration/node-services.changelog-init.xml::1511451595465-32::R3.Corda, databaseChangeLog=master.changelog.json}
?[m?[37m[INFO] 17:13:25,928 [Test worker] changelog.ChangeSet. - ChangeSet migration/node-services.changelog-init.xml::1511451595465-32::R3.Corda ran successfully in 1ms {changeSet=migration/node-services.changelog-init.xml::1511451595465-32::R3.Corda, databaseChangeLog=master.changelog.json}
?[m?[37m[INFO] 17:13:25,928 [Test worker] jvm.JdbcExecutor. - INSERT INTO PUBLIC.DATABASECHANGELOG (ID, AUTHOR, FILENAME, DATEEXECUTED, ORDEREXECUTED, MD5SUM, DESCRIPTION, COMMENTS, EXECTYPE, CONTEXTS, LABELS, LIQUIBASE, DEPLOYMENT_ID) VALUES ('1511451595465-32', 'R3.Corda', 'migration/node-services.changelog-init.xml', NOW(), 54, '8:7224c32660081d3e820e52e2b70b365f', 'addPrimaryKey constraintName=node_checkpoints_pkey, tableName=node_checkpoints', '', 'EXECUTED', NULL, NULL, '3.6.3', '4052005713') {changeSet=migration/node-services.changelog-init.xml::1511451595465-32::R3.Corda, databaseChangeLog=master.changelog.json}
?[m?[37m[INFO] 17:13:25,929 [Test worker] jvm.JdbcExecutor. - ALTER TABLE PUBLIC.node_contract_upgrades ADD CONSTRAINT node_contract_upgrades_pkey PRIMARY KEY (state_ref) {changeSet=migration/node-services.changelog-init.xml::1511451595465-33::R3.Corda, databaseChangeLog=master.changelog.json}
?[m?[37m[INFO] 17:13:25,930 [Test worker] changelog.ChangeSet. - Primary key added to node_contract_upgrades (state_ref) {changeSet=migration/node-services.changelog-init.xml::1511451595465-33::R3.Corda, databaseChangeLog=master.changelog.json}
?[m?[37m[INFO] 17:13:25,930 [Test worker] changelog.ChangeSet. - ChangeSet migration/node-services.changelog-init.xml::1511451595465-33::R3.Corda ran successfully in 1ms {changeSet=migration/node-services.changelog-init.xml::1511451595465-33::R3.Corda, databaseChangeLog=master.changelog.json}
?[m?[37m[INFO] 17:13:25,931 [Test worker] jvm.JdbcExecutor. - INSERT INTO PUBLIC.DATABASECHANGELOG (ID, AUTHOR, FILENAME, DATEEXECUTED, ORDEREXECUTED, MD5SUM, DESCRIPTION, COMMENTS, EXECTYPE, CONTEXTS, LABELS, LIQUIBASE, DEPLOYMENT_ID) VALUES ('1511451595465-33', 'R3.Corda', 'migration/node-services.changelog-init.xml', NOW(), 55, '8:85bcae037a29317065e3b922e0563902', 'addPrimaryKey constraintName=node_contract_upgrades_pkey, tableName=node_contract_upgrades', '', 'EXECUTED', NULL, NULL, '3.6.3', '4052005713') {changeSet=migration/node-services.changelog-init.xml::1511451595465-33::R3.Corda, databaseChangeLog=master.changelog.json}
?[m?[37m[INFO] 17:13:25,932 [Test worker] jvm.JdbcExecutor. - ALTER TABLE PUBLIC.node_identities ADD CONSTRAINT node_identities_pkey PRIMARY KEY (pk_hash) {changeSet=migration/node-services.changelog-init.xml::1511451595465-34::R3.Corda, databaseChangeLog=master.changelog.json}
?[m?[37m[INFO] 17:13:25,932 [Test worker] changelog.ChangeSet. - Primary key added to node_identities (pk_hash) {changeSet=migration/node-services.changelog-init.xml::1511451595465-34::R3.Corda, databaseChangeLog=master.changelog.json}
?[m?[37m[INFO] 17:13:25,932 [Test worker] changelog.ChangeSet. - ChangeSet migration/node-services.changelog-init.xml::1511451595465-34::R3.Corda ran successfully in 1ms {changeSet=migration/node-services.changelog-init.xml::1511451595465-34::R3.Corda, databaseChangeLog=master.changelog.json}
?[m?[37m[INFO] 17:13:25,933 [Test worker] jvm.JdbcExecutor. - INSERT INTO PUBLIC.DATABASECHANGELOG (ID, AUTHOR, FILENAME, DATEEXECUTED, ORDEREXECUTED, MD5SUM, DESCRIPTION, COMMENTS, EXECTYPE, CONTEXTS, LABELS, LIQUIBASE, DEPLOYMENT_ID) VALUES ('1511451595465-34', 'R3.Corda', 'migration/node-services.changelog-init.xml', NOW(), 56, '8:308ffe9985df3029fc05bd41c60010a9', 'addPrimaryKey constraintName=node_identities_pkey, tableName=node_identities', '', 'EXECUTED', NULL, NULL, '3.6.3', '4052005713') {changeSet=migration/node-services.changelog-init.xml::1511451595465-34::R3.Corda, databaseChangeLog=master.changelog.json}
?[m?[37m[INFO] 17:13:25,935 [Test worker] jvm.JdbcExecutor. - ALTER TABLE PUBLIC.node_message_ids ADD CONSTRAINT node_message_ids_pkey PRIMARY KEY (message_id) {changeSet=migration/node-services.changelog-init.xml::1511451595465-38::R3.Corda, databaseChangeLog=master.changelog.json}
?[m?[37m[INFO] 17:13:25,936 [Test worker] changelog.ChangeSet. - Primary key added to node_message_ids (message_id) {changeSet=migration/node-services.changelog-init.xml::1511451595465-38::R3.Corda, databaseChangeLog=master.changelog.json}
?[m?[37m[INFO] 17:13:25,936 [Test worker] changelog.ChangeSet. - ChangeSet migration/node-services.changelog-init.xml::1511451595465-38::R3.Corda ran successfully in 2ms {changeSet=migration/node-services.changelog-init.xml::1511451595465-38::R3.Corda, databaseChangeLog=master.changelog.json}
?[m?[37m[INFO] 17:13:25,937 [Test worker] jvm.JdbcExecutor. - INSERT INTO PUBLIC.DATABASECHANGELOG (ID, AUTHOR, FILENAME, DATEEXECUTED, ORDEREXECUTED, MD5SUM, DESCRIPTION, COMMENTS, EXECTYPE, CONTEXTS, LABELS, LIQUIBASE, DEPLOYMENT_ID) VALUES ('1511451595465-38', 'R3.Corda', 'migration/node-services.changelog-init.xml', NOW(), 57, '8:18b1b83ce2a778af1a8a8c9c56bb9651', 'addPrimaryKey constraintName=node_message_ids_pkey, tableName=node_message_ids', '', 'EXECUTED', NULL, NULL, '3.6.3', '4052005713') {changeSet=migration/node-services.changelog-init.xml::1511451595465-38::R3.Corda, databaseChangeLog=master.changelog.json}
?[m?[37m[INFO] 17:13:25,938 [Test worker] jvm.JdbcExecutor. - ALTER TABLE PUBLIC.node_message_retry ADD CONSTRAINT node_message_retry_pkey PRIMARY KEY (message_id) {changeSet=migration/node-services.changelog-init.xml::1511451595465-39::R3.Corda, databaseChangeLog=master.changelog.json}
?[m?[37m[INFO] 17:13:25,939 [Test worker] changelog.ChangeSet. - Primary key added to node_message_retry (message_id) {changeSet=migration/node-services.changelog-init.xml::1511451595465-39::R3.Corda, databaseChangeLog=master.changelog.json}
?[m?[37m[INFO] 17:13:25,939 [Test worker] changelog.ChangeSet. - ChangeSet migration/node-services.changelog-init.xml::1511451595465-39::R3.Corda ran successfully in 1ms {changeSet=migration/node-services.changelog-init.xml::1511451595465-39::R3.Corda, databaseChangeLog=master.changelog.json}
?[m?[37m[INFO] 17:13:25,939 [Test worker] jvm.JdbcExecutor. - INSERT INTO PUBLIC.DATABASECHANGELOG (ID, AUTHOR, FILENAME, DATEEXECUTED, ORDEREXECUTED, MD5SUM, DESCRIPTION, COMMENTS, EXECTYPE, CONTEXTS, LABELS, LIQUIBASE, DEPLOYMENT_ID) VALUES ('1511451595465-39', 'R3.Corda', 'migration/node-services.changelog-init.xml', NOW(), 58, '8:0359c73c9db723c73ee0171620ff4ac6', 'addPrimaryKey constraintName=node_message_retry_pkey, tableName=node_message_retry', '', 'EXECUTED', NULL, NULL, '3.6.3', '4052005713') {changeSet=migration/node-services.changelog-init.xml::1511451595465-39::R3.Corda, databaseChangeLog=master.changelog.json}
?[m?[37m[INFO] 17:13:25,940 [Test worker] jvm.JdbcExecutor. - ALTER TABLE PUBLIC.node_named_identities ADD CONSTRAINT node_named_identities_pkey PRIMARY KEY (name) {changeSet=migration/node-services.changelog-init.xml::1511451595465-40::R3.Corda, databaseChangeLog=master.changelog.json}
?[m?[37m[INFO] 17:13:25,941 [Test worker] changelog.ChangeSet. - Primary key added to node_named_identities (name) {changeSet=migration/node-services.changelog-init.xml::1511451595465-40::R3.Corda, databaseChangeLog=master.changelog.json}
?[m?[37m[INFO] 17:13:25,941 [Test worker] changelog.ChangeSet. - ChangeSet migration/node-services.changelog-init.xml::1511451595465-40::R3.Corda ran successfully in 1ms {changeSet=migration/node-services.changelog-init.xml::1511451595465-40::R3.Corda, databaseChangeLog=master.changelog.json}
?[m?[37m[INFO] 17:13:25,952 [Test worker] jvm.JdbcExecutor. - INSERT INTO PUBLIC.DATABASECHANGELOG (ID, AUTHOR, FILENAME, DATEEXECUTED, ORDEREXECUTED, MD5SUM, DESCRIPTION, COMMENTS, EXECTYPE, CONTEXTS, LABELS, LIQUIBASE, DEPLOYMENT_ID) VALUES ('1511451595465-40', 'R3.Corda', 'migration/node-services.changelog-init.xml', NOW(), 59, '8:ef3ab101a3e4c5820f575d5adcb85c08', 'addPrimaryKey constraintName=node_named_identities_pkey, tableName=node_named_identities', '', 'EXECUTED', NULL, NULL, '3.6.3', '4052005713') {changeSet=migration/node-services.changelog-init.xml::1511451595465-40::R3.Corda, databaseChangeLog=master.changelog.json}
?[m?[37m[INFO] 17:13:25,953 [Test worker] jvm.JdbcExecutor. - ALTER TABLE PUBLIC.node_our_key_pairs ADD CONSTRAINT node_our_key_pairs_pkey PRIMARY KEY (public_key_hash) {changeSet=migration/node-services.changelog-init.xml::1511451595465-42::R3.Corda, databaseChangeLog=master.changelog.json}
?[m?[37m[INFO] 17:13:25,953 [Test worker] changelog.ChangeSet. - Primary key added to node_our_key_pairs (public_key_hash) {changeSet=migration/node-services.changelog-init.xml::1511451595465-42::R3.Corda, databaseChangeLog=master.changelog.json}
?[m?[37m[INFO] 17:13:25,953 [Test worker] changelog.ChangeSet. - ChangeSet migration/node-services.changelog-init.xml::1511451595465-42::R3.Corda ran successfully in 0ms {changeSet=migration/node-services.changelog-init.xml::1511451595465-42::R3.Corda, databaseChangeLog=master.changelog.json}
?[m?[37m[INFO] 17:13:25,954 [Test worker] jvm.JdbcExecutor. - INSERT INTO PUBLIC.DATABASECHANGELOG (ID, AUTHOR, FILENAME, DATEEXECUTED, ORDEREXECUTED, MD5SUM, DESCRIPTION, COMMENTS, EXECTYPE, CONTEXTS, LABELS, LIQUIBASE, DEPLOYMENT_ID) VALUES ('1511451595465-42', 'R3.Corda', 'migration/node-services.changelog-init.xml', NOW(), 60, '8:d742088fd258d00e0a1fbffcf2e27c61', 'addPrimaryKey constraintName=node_our_key_pairs_pkey, tableName=node_our_key_pairs', '', 'EXECUTED', NULL, NULL, '3.6.3', '4052005713') {changeSet=migration/node-services.changelog-init.xml::1511451595465-42::R3.Corda, databaseChangeLog=master.changelog.json}
?[m?[37m[INFO] 17:13:25,956 [Test worker] jvm.JdbcExecutor. - ALTER TABLE PUBLIC.node_scheduled_states ADD CONSTRAINT node_scheduled_states_pkey PRIMARY KEY (output_index, transaction_id) {changeSet=migration/node-services.changelog-init.xml::1511451595465-44::R3.Corda, databaseChangeLog=master.changelog.json}
?[m?[37m[INFO] 17:13:25,956 [Test worker] changelog.ChangeSet. - Primary key added to node_scheduled_states (output_index, transaction_id) {changeSet=migration/node-services.changelog-init.xml::1511451595465-44::R3.Corda, databaseChangeLog=master.changelog.json}
?[m?[37m[INFO] 17:13:25,956 [Test worker] changelog.ChangeSet. - ChangeSet migration/node-services.changelog-init.xml::1511451595465-44::R3.Corda ran successfully in 1ms {changeSet=migration/node-services.changelog-init.xml::1511451595465-44::R3.Corda, databaseChangeLog=master.changelog.json}
?[m?[37m[INFO] 17:13:25,957 [Test worker] jvm.JdbcExecutor. - INSERT INTO PUBLIC.DATABASECHANGELOG (ID, AUTHOR, FILENAME, DATEEXECUTED, ORDEREXECUTED, MD5SUM, DESCRIPTION, COMMENTS, EXECTYPE, CONTEXTS, LABELS, LIQUIBASE, DEPLOYMENT_ID) VALUES ('1511451595465-44', 'R3.Corda', 'migration/node-services.changelog-init.xml', NOW(), 61, '8:dc8b980de5154038877f6d2e43b97ad1', 'addPrimaryKey constraintName=node_scheduled_states_pkey, tableName=node_scheduled_states', '', 'EXECUTED', NULL, NULL, '3.6.3', '4052005713') {changeSet=migration/node-services.changelog-init.xml::1511451595465-44::R3.Corda, databaseChangeLog=master.changelog.json}
?[m?[37m[INFO] 17:13:25,958 [Test worker] jvm.JdbcExecutor. - ALTER TABLE PUBLIC.node_transaction_mappings ADD CONSTRAINT node_transaction_mappings_pkey PRIMARY KEY (tx_id) {changeSet=migration/node-services.changelog-init.xml::1511451595465-45::R3.Corda, databaseChangeLog=master.changelog.json}
?[m?[37m[INFO] 17:13:25,958 [Test worker] changelog.ChangeSet. - Primary key added to node_transaction_mappings (tx_id) {changeSet=migration/node-services.changelog-init.xml::1511451595465-45::R3.Corda, databaseChangeLog=master.changelog.json}
?[m?[37m[INFO] 17:13:25,958 [Test worker] changelog.ChangeSet. - ChangeSet migration/node-services.changelog-init.xml::1511451595465-45::R3.Corda ran successfully in 1ms {changeSet=migration/node-services.changelog-init.xml::1511451595465-45::R3.Corda, databaseChangeLog=master.changelog.json}
?[m?[37m[INFO] 17:13:25,959 [Test worker] jvm.JdbcExecutor. - INSERT INTO PUBLIC.DATABASECHANGELOG (ID, AUTHOR, FILENAME, DATEEXECUTED, ORDEREXECUTED, MD5SUM, DESCRIPTION, COMMENTS, EXECTYPE, CONTEXTS, LABELS, LIQUIBASE, DEPLOYMENT_ID) VALUES ('1511451595465-45', 'R3.Corda', 'migration/node-services.changelog-init.xml', NOW(), 62, '8:2ae0fa18530e20aa3bcd6109b7d95247', 'addPrimaryKey constraintName=node_transaction_mappings_pkey, tableName=node_transaction_mappings', '', 'EXECUTED', NULL, NULL, '3.6.3', '4052005713') {changeSet=migration/node-services.changelog-init.xml::1511451595465-45::R3.Corda, databaseChangeLog=master.changelog.json}
?[m?[37m[INFO] 17:13:25,960 [Test worker] jvm.JdbcExecutor. - ALTER TABLE PUBLIC.node_transactions ADD CONSTRAINT node_transactions_pkey PRIMARY KEY (tx_id) {changeSet=migration/node-services.changelog-init.xml::1511451595465-46::R3.Corda, databaseChangeLog=master.changelog.json}
?[m?[37m[INFO] 17:13:25,960 [Test worker] changelog.ChangeSet. - Primary key added to node_transactions (tx_id) {changeSet=migration/node-services.changelog-init.xml::1511451595465-46::R3.Corda, databaseChangeLog=master.changelog.json}
?[m?[37m[INFO] 17:13:25,960 [Test worker] changelog.ChangeSet. - ChangeSet migration/node-services.changelog-init.xml::1511451595465-46::R3.Corda ran successfully in 0ms {changeSet=migration/node-services.changelog-init.xml::1511451595465-46::R3.Corda, databaseChangeLog=master.changelog.json}
?[m?[37m[INFO] 17:13:25,961 [Test worker] jvm.JdbcExecutor. - INSERT INTO PUBLIC.DATABASECHANGELOG (ID, AUTHOR, FILENAME, DATEEXECUTED, ORDEREXECUTED, MD5SUM, DESCRIPTION, COMMENTS, EXECTYPE, CONTEXTS, LABELS, LIQUIBASE, DEPLOYMENT_ID) VALUES ('1511451595465-46', 'R3.Corda', 'migration/node-services.changelog-init.xml', NOW(), 63, '8:d5e4dd3dba8e89f77b6eeff0fc5b7a49', 'addPrimaryKey constraintName=node_transactions_pkey, tableName=node_transactions', '', 'EXECUTED', NULL, NULL, '3.6.3', '4052005713') {changeSet=migration/node-services.changelog-init.xml::1511451595465-46::R3.Corda, databaseChangeLog=master.changelog.json}
?[m?[37m[INFO] 17:13:25,962 [Test worker] jvm.JdbcExecutor. - ALTER TABLE PUBLIC.node_link_nodeinfo_party ADD CONSTRAINT FK__link_ni_p__info_p_cert FOREIGN KEY (party_name) REFERENCES PUBLIC.node_info_party_cert (party_name) {changeSet=migration/node-services.changelog-init.xml::1511451595465-61::R3.Corda, databaseChangeLog=master.changelog.json}
?[m?[37m[INFO] 17:13:25,964 [Test worker] changelog.ChangeSet. - Foreign key constraint added to node_link_nodeinfo_party (party_name) {changeSet=migration/node-services.changelog-init.xml::1511451595465-61::R3.Corda, databaseChangeLog=master.changelog.json}
?[m?[37m[INFO] 17:13:25,964 [Test worker] changelog.ChangeSet. - ChangeSet migration/node-services.changelog-init.xml::1511451595465-61::R3.Corda ran successfully in 3ms {changeSet=migration/node-services.changelog-init.xml::1511451595465-61::R3.Corda, databaseChangeLog=master.changelog.json}
?[m?[37m[INFO] 17:13:25,964 [Test worker] jvm.JdbcExecutor. - INSERT INTO PUBLIC.DATABASECHANGELOG (ID, AUTHOR, FILENAME, DATEEXECUTED, ORDEREXECUTED, MD5SUM, DESCRIPTION, COMMENTS, EXECTYPE, CONTEXTS, LABELS, LIQUIBASE, DEPLOYMENT_ID) VALUES ('1511451595465-61', 'R3.Corda', 'migration/node-services.changelog-init.xml', NOW(), 64, '8:1d4e406a8056aa782ccbd978771f1fb9', 'addForeignKeyConstraint baseTableName=node_link_nodeinfo_party, constraintName=FK__link_ni_p__info_p_cert, referencedTableName=node_info_party_cert', '', 'EXECUTED', NULL, NULL, '3.6.3', '4052005713') {changeSet=migration/node-services.changelog-init.xml::1511451595465-61::R3.Corda, databaseChangeLog=master.changelog.json}
?[m?[37m[INFO] 17:13:25,965 [Test worker] jvm.JdbcExecutor. - CREATE INDEX PUBLIC.att_id_idx ON PUBLIC.node_attachments(att_id) {changeSet=migration/node-services.changelog-init.xml::add index att_id::R3.Corda, databaseChangeLog=master.changelog.json}
?[m?[37m[INFO] 17:13:25,966 [Test worker] changelog.ChangeSet. - Index att_id_idx created {changeSet=migration/node-services.changelog-init.xml::add index att_id::R3.Corda, databaseChangeLog=master.changelog.json}
?[m?[37m[INFO] 17:13:25,966 [Test worker] changelog.ChangeSet. - ChangeSet migration/node-services.changelog-init.xml::add index att_id::R3.Corda ran successfully in 1ms {changeSet=migration/node-services.changelog-init.xml::add index att_id::R3.Corda, databaseChangeLog=master.changelog.json}
?[m?[37m[INFO] 17:13:25,966 [Test worker] jvm.JdbcExecutor. - INSERT INTO PUBLIC.DATABASECHANGELOG (ID, AUTHOR, FILENAME, DATEEXECUTED, ORDEREXECUTED, MD5SUM, DESCRIPTION, COMMENTS, EXECTYPE, CONTEXTS, LABELS, LIQUIBASE, DEPLOYMENT_ID) VALUES ('add index att_id', 'R3.Corda', 'migration/node-services.changelog-init.xml', NOW(), 65, '8:ccf9b08f32d685dc60d6e34a3013bffc', 'createIndex indexName=att_id_idx, tableName=node_attachments', '', 'EXECUTED', NULL, NULL, '3.6.3', '4052005713') {changeSet=migration/node-services.changelog-init.xml::add index att_id::R3.Corda, databaseChangeLog=master.changelog.json}
?[m?[37m[INFO] 17:13:25,968 [Test worker] jvm.JdbcExecutor. - CREATE TABLE PUBLIC.node_attchments_contracts (att_id NVARCHAR(255) NOT NULL, contract_class_name NVARCHAR(255)) {changeSet=migration/node-services.changelog-init.xml::add_contract_attachment::R3.Corda, databaseChangeLog=master.changelog.json}
?[m?[37m[INFO] 17:13:25,968 [Test worker] changelog.ChangeSet. - Table node_attchments_contracts created {changeSet=migration/node-services.changelog-init.xml::add_contract_attachment::R3.Corda, databaseChangeLog=master.changelog.json}
?[m?[37m[INFO] 17:13:25,968 [Test worker] jvm.JdbcExecutor. - ALTER TABLE PUBLIC.node_attchments_contracts ADD CONSTRAINT FK__ctr_class__attachments FOREIGN KEY (att_id) REFERENCES PUBLIC.node_attachments (att_id) {changeSet=migration/node-services.changelog-init.xml::add_contract_attachment::R3.Corda, databaseChangeLog=master.changelog.json}
?[m?[37m[INFO] 17:13:25,970 [Test worker] changelog.ChangeSet. - Foreign key constraint added to node_attchments_contracts (att_id) {changeSet=migration/node-services.changelog-init.xml::add_contract_attachment::R3.Corda, databaseChangeLog=master.changelog.json}
?[m?[37m[INFO] 17:13:25,970 [Test worker] jvm.JdbcExecutor. - DELETE FROM PUBLIC.node_attachments {changeSet=migration/node-services.changelog-init.xml::add_contract_attachment::R3.Corda, databaseChangeLog=master.changelog.json}
?[m?[37m[INFO] 17:13:25,970 [Test worker] changelog.ChangeSet. - Data deleted from node_attachments {changeSet=migration/node-services.changelog-init.xml::add_contract_attachment::R3.Corda, databaseChangeLog=master.changelog.json}
?[m?[37m[INFO] 17:13:25,970 [Test worker] changelog.ChangeSet. - ChangeSet migration/node-services.changelog-init.xml::add_contract_attachment::R3.Corda ran successfully in 3ms {changeSet=migration/node-services.changelog-init.xml::add_contract_attachment::R3.Corda, databaseChangeLog=master.changelog.json}
?[m?[37m[INFO] 17:13:25,970 [Test worker] jvm.JdbcExecutor. - INSERT INTO PUBLIC.DATABASECHANGELOG (ID, AUTHOR, FILENAME, DATEEXECUTED, ORDEREXECUTED, MD5SUM, DESCRIPTION, COMMENTS, EXECTYPE, CONTEXTS, LABELS, LIQUIBASE, DEPLOYMENT_ID) VALUES ('add_contract_attachment', 'R3.Corda', 'migration/node-services.changelog-init.xml', NOW(), 66, '8:8898557cf18644883f6f3b0c5e784c0b', 'createTable tableName=node_attchments_contracts; addForeignKeyConstraint baseTableName=node_attchments_contracts, constraintName=FK__ctr_class__attachments, referencedTableName=node_attachments; delete tableName=node_attachments', '', 'EXECUTED', NULL, NULL, '3.6.3', '4052005713') {changeSet=migration/node-services.changelog-init.xml::add_contract_attachment::R3.Corda, databaseChangeLog=master.changelog.json}
?[m?[37m[INFO] 17:13:25,972 [Test worker] jvm.JdbcExecutor. - ALTER TABLE PUBLIC.node_message_ids ADD sender NVARCHAR(64) {changeSet=migration/node-services.changelog-init.xml::add_dedup_columns::R3.Corda, databaseChangeLog=master.changelog.json}
?[m?[37m[INFO] 17:13:25,974 [Test worker] jvm.JdbcExecutor. - ALTER TABLE PUBLIC.node_message_ids ADD sequence_number BIGINT {changeSet=migration/node-services.changelog-init.xml::add_dedup_columns::R3.Corda, databaseChangeLog=master.changelog.json}
?[m?[37m[INFO] 17:13:25,976 [Test worker] changelog.ChangeSet. - Columns sender(NVARCHAR(64)),sequence_number(BIGINT) added to node_message_ids {changeSet=migration/node-services.changelog-init.xml::add_dedup_columns::R3.Corda, databaseChangeLog=master.changelog.json}
?[m?[37m[INFO] 17:13:25,976 [Test worker] changelog.ChangeSet. - ChangeSet migration/node-services.changelog-init.xml::add_dedup_columns::R3.Corda ran successfully in 5ms {changeSet=migration/node-services.changelog-init.xml::add_dedup_columns::R3.Corda, databaseChangeLog=master.changelog.json}
?[m?[37m[INFO] 17:13:25,977 [Test worker] jvm.JdbcExecutor. - INSERT INTO PUBLIC.DATABASECHANGELOG (ID, AUTHOR, FILENAME, DATEEXECUTED, ORDEREXECUTED, MD5SUM, DESCRIPTION, COMMENTS, EXECTYPE, CONTEXTS, LABELS, LIQUIBASE, DEPLOYMENT_ID) VALUES ('add_dedup_columns', 'R3.Corda', 'migration/node-services.changelog-init.xml', NOW(), 67, '8:5924ebdacff695e1f30aa3e0173eccdf', 'addColumn tableName=node_message_ids', '', 'EXECUTED', NULL, NULL, '3.6.3', '4052005713') {changeSet=migration/node-services.changelog-init.xml::add_dedup_columns::R3.Corda, databaseChangeLog=master.changelog.json}
?[m?[37m[INFO] 17:13:25,978 [Test worker] jvm.JdbcExecutor. - ALTER TABLE PUBLIC.node_attchments_contracts RENAME TO node_attachments_contracts {changeSet=migration/node-core.changelog-v4.xml::attchments_rename::R3.Corda, databaseChangeLog=master.changelog.json}
?[m?[37m[INFO] 17:13:25,978 [Test worker] changelog.ChangeSet. - Table node_attchments_contracts renamed to node_attachments_contracts {changeSet=migration/node-core.changelog-v4.xml::attchments_rename::R3.Corda, databaseChangeLog=master.changelog.json}
?[m?[37m[INFO] 17:13:25,978 [Test worker] changelog.ChangeSet. - ChangeSet migration/node-core.changelog-v4.xml::attchments_rename::R3.Corda ran successfully in 1ms {changeSet=migration/node-core.changelog-v4.xml::attchments_rename::R3.Corda, databaseChangeLog=master.changelog.json}
?[m?[37m[INFO] 17:13:25,979 [Test worker] jvm.JdbcExecutor. - INSERT INTO PUBLIC.DATABASECHANGELOG (ID, AUTHOR, FILENAME, DATEEXECUTED, ORDEREXECUTED, MD5SUM, DESCRIPTION, COMMENTS, EXECTYPE, CONTEXTS, LABELS, LIQUIBASE, DEPLOYMENT_ID) VALUES ('attchments_rename', 'R3.Corda', 'migration/node-core.changelog-v4.xml', NOW(), 68, '8:94816d7657264059f2b8da4e97d4b15d', 'renameTable newTableName=node_attachments_contracts, oldTableName=node_attchments_contracts', '', 'EXECUTED', NULL, NULL, '3.6.3', '4052005713') {changeSet=migration/node-core.changelog-v4.xml::attchments_rename::R3.Corda, databaseChangeLog=master.changelog.json}
?[m?[37m[INFO] 17:13:25,980 [Test worker] jvm.JdbcExecutor. - ALTER TABLE PUBLIC.node_identities ALTER COLUMN identity_value SET NOT NULL {changeSet=migration/node-core.changelog-v4.xml::nullability::R3.Corda, databaseChangeLog=master.changelog.json}
?[m?[37m[INFO] 17:13:25,980 [Test worker] changelog.ChangeSet. - NOT NULL constraint has been added to node_identities.identity_value {changeSet=migration/node-core.changelog-v4.xml::nullability::R3.Corda, databaseChangeLog=master.changelog.json}
?[m?[37m[INFO] 17:13:25,981 [Test worker] jvm.JdbcExecutor. - ALTER TABLE PUBLIC.node_attachments ALTER COLUMN content SET NOT NULL {changeSet=migration/node-core.changelog-v4.xml::nullability::R3.Corda, databaseChangeLog=master.changelog.json}
?[m?[37m[INFO] 17:13:25,981 [Test worker] changelog.ChangeSet. - NOT NULL constraint has been added to node_attachments.content {changeSet=migration/node-core.changelog-v4.xml::nullability::R3.Corda, databaseChangeLog=master.changelog.json}
?[m?[37m[INFO] 17:13:25,981 [Test worker] jvm.JdbcExecutor. - ALTER TABLE PUBLIC.node_attachments_contracts ALTER COLUMN contract_class_name SET NOT NULL {changeSet=migration/node-core.changelog-v4.xml::nullability::R3.Corda, databaseChangeLog=master.changelog.json}
?[m?[37m[INFO] 17:13:25,981 [Test worker] changelog.ChangeSet. - NOT NULL constraint has been added to node_attachments_contracts.contract_class_name {changeSet=migration/node-core.changelog-v4.xml::nullability::R3.Corda, databaseChangeLog=master.changelog.json}
?[m?[37m[INFO] 17:13:25,982 [Test worker] jvm.JdbcExecutor. - ALTER TABLE PUBLIC.node_checkpoints ALTER COLUMN checkpoint_value SET NOT NULL {changeSet=migration/node-core.changelog-v4.xml::nullability::R3.Corda, databaseChangeLog=master.changelog.json}
?[m?[37m[INFO] 17:13:25,982 [Test worker] changelog.ChangeSet. - NOT NULL constraint has been added to node_checkpoints.checkpoint_value {changeSet=migration/node-core.changelog-v4.xml::nullability::R3.Corda, databaseChangeLog=master.changelog.json}
?[m?[37m[INFO] 17:13:25,982 [Test worker] jvm.JdbcExecutor. - ALTER TABLE PUBLIC.node_contract_upgrades ALTER COLUMN contract_class_name SET NOT NULL {changeSet=migration/node-core.changelog-v4.xml::nullability::R3.Corda, databaseChangeLog=master.changelog.json}
?[m?[37m[INFO] 17:13:25,982 [Test worker] changelog.ChangeSet. - NOT NULL constraint has been added to node_contract_upgrades.contract_class_name {changeSet=migration/node-core.changelog-v4.xml::nullability::R3.Corda, databaseChangeLog=master.changelog.json}
?[m?[37m[INFO] 17:13:25,983 [Test worker] jvm.JdbcExecutor. - ALTER TABLE PUBLIC.node_message_ids ALTER COLUMN insertion_time SET NOT NULL {changeSet=migration/node-core.changelog-v4.xml::nullability::R3.Corda, databaseChangeLog=master.changelog.json}
?[m?[37m[INFO] 17:13:25,983 [Test worker] changelog.ChangeSet. - NOT NULL constraint has been added to node_message_ids.insertion_time {changeSet=migration/node-core.changelog-v4.xml::nullability::R3.Corda, databaseChangeLog=master.changelog.json}
?[m?[37m[INFO] 17:13:25,983 [Test worker] jvm.JdbcExecutor. - ALTER TABLE PUBLIC.node_message_retry ALTER COLUMN message SET NOT NULL {changeSet=migration/node-core.changelog-v4.xml::nullability::R3.Corda, databaseChangeLog=master.changelog.json}
?[m?[37m[INFO] 17:13:25,984 [Test worker] changelog.ChangeSet. - NOT NULL constraint has been added to node_message_retry.message {changeSet=migration/node-core.changelog-v4.xml::nullability::R3.Corda, databaseChangeLog=master.changelog.json}
?[m?[37m[INFO] 17:13:25,984 [Test worker] jvm.JdbcExecutor. - ALTER TABLE PUBLIC.node_message_retry ALTER COLUMN recipients SET NOT NULL {changeSet=migration/node-core.changelog-v4.xml::nullability::R3.Corda, databaseChangeLog=master.changelog.json}
?[m?[37m[INFO] 17:13:25,984 [Test worker] changelog.ChangeSet. - NOT NULL constraint has been added to node_message_retry.recipients {changeSet=migration/node-core.changelog-v4.xml::nullability::R3.Corda, databaseChangeLog=master.changelog.json}
?[m?[37m[INFO] 17:13:25,985 [Test worker] jvm.JdbcExecutor. - ALTER TABLE PUBLIC.node_named_identities ALTER COLUMN pk_hash SET NOT NULL {changeSet=migration/node-core.changelog-v4.xml::nullability::R3.Corda, databaseChangeLog=master.changelog.json}
?[m?[37m[INFO] 17:13:25,985 [Test worker] changelog.ChangeSet. - NOT NULL constraint has been added to node_named_identities.pk_hash {changeSet=migration/node-core.changelog-v4.xml::nullability::R3.Corda, databaseChangeLog=master.changelog.json}
?[m?[37m[INFO] 17:13:25,985 [Test worker] jvm.JdbcExecutor. - ALTER TABLE PUBLIC.node_our_key_pairs ALTER COLUMN private_key SET NOT NULL {changeSet=migration/node-core.changelog-v4.xml::nullability::R3.Corda, databaseChangeLog=master.changelog.json}
?[m?[37m[INFO] 17:13:25,985 [Test worker] changelog.ChangeSet. - NOT NULL constraint has been added to node_our_key_pairs.private_key {changeSet=migration/node-core.changelog-v4.xml::nullability::R3.Corda, databaseChangeLog=master.changelog.json}
?[m?[37m[INFO] 17:13:25,985 [Test worker] jvm.JdbcExecutor. - ALTER TABLE PUBLIC.node_our_key_pairs ALTER COLUMN public_key SET NOT NULL {changeSet=migration/node-core.changelog-v4.xml::nullability::R3.Corda, databaseChangeLog=master.changelog.json}
?[m?[37m[INFO] 17:13:25,986 [Test worker] changelog.ChangeSet. - NOT NULL constraint has been added to node_our_key_pairs.public_key {changeSet=migration/node-core.changelog-v4.xml::nullability::R3.Corda, databaseChangeLog=master.changelog.json}
?[m?[37m[INFO] 17:13:25,986 [Test worker] jvm.JdbcExecutor. - ALTER TABLE PUBLIC.node_transaction_mappings ALTER COLUMN state_machine_run_id SET NOT NULL {changeSet=migration/node-core.changelog-v4.xml::nullability::R3.Corda, databaseChangeLog=master.changelog.json}
?[m?[37m[INFO] 17:13:25,986 [Test worker] changelog.ChangeSet. - NOT NULL constraint has been added to node_transaction_mappings.state_machine_run_id {changeSet=migration/node-core.changelog-v4.xml::nullability::R3.Corda, databaseChangeLog=master.changelog.json}
?[m?[37m[INFO] 17:13:25,986 [Test worker] jvm.JdbcExecutor. - ALTER TABLE PUBLIC.node_transactions ALTER COLUMN transaction_value SET NOT NULL {changeSet=migration/node-core.changelog-v4.xml::nullability::R3.Corda, databaseChangeLog=master.changelog.json}
?[m?[37m[INFO] 17:13:25,986 [Test worker] changelog.ChangeSet. - NOT NULL constraint has been added to node_transactions.transaction_value {changeSet=migration/node-core.changelog-v4.xml::nullability::R3.Corda, databaseChangeLog=master.changelog.json}
?[m?[37m[INFO] 17:13:25,987 [Test worker] changelog.ChangeSet. - ChangeSet migration/node-core.changelog-v4.xml::nullability::R3.Corda ran successfully in 7ms {changeSet=migration/node-core.changelog-v4.xml::nullability::R3.Corda, databaseChangeLog=master.changelog.json}
?[m?[37m[INFO] 17:13:25,988 [Test worker] jvm.JdbcExecutor. - INSERT INTO PUBLIC.DATABASECHANGELOG (ID, AUTHOR, FILENAME, DATEEXECUTED, ORDEREXECUTED, MD5SUM, DESCRIPTION, COMMENTS, EXECTYPE, CONTEXTS, LABELS, LIQUIBASE, DEPLOYMENT_ID) VALUES ('nullability', 'R3.Corda', 'migration/node-core.changelog-v4.xml', NOW(), 69, '8:62ddcf64aece5dc383fa400ac8ccc392', 'addNotNullConstraint columnName=identity_value, tableName=node_identities; addNotNullConstraint columnName=content, tableName=node_attachments; addNotNullConstraint columnName=contract_class_name, tableName=node_attachments_contracts; addNotNullCo...', '', 'EXECUTED', NULL, NULL, '3.6.3', '4052005713') {changeSet=migration/node-core.changelog-v4.xml::nullability::R3.Corda, databaseChangeLog=master.changelog.json}
?[m?[37m[INFO] 17:13:25,989 [Test worker] jvm.JdbcExecutor. - DROP TABLE PUBLIC.node_message_retry {changeSet=migration/node-core.changelog-v5.xml::remove_unused_node_message_retry::R3.Corda, databaseChangeLog=master.changelog.json}
?[m?[37m[INFO] 17:13:25,991 [Test worker] changelog.ChangeSet. - Table node_message_retry dropped {changeSet=migration/node-core.changelog-v5.xml::remove_unused_node_message_retry::R3.Corda, databaseChangeLog=master.changelog.json}
?[m?[37m[INFO] 17:13:25,991 [Test worker] changelog.ChangeSet. - ChangeSet migration/node-core.changelog-v5.xml::remove_unused_node_message_retry::R3.Corda ran successfully in 3ms {changeSet=migration/node-core.changelog-v5.xml::remove_unused_node_message_retry::R3.Corda, databaseChangeLog=master.changelog.json}
?[m?[37m[INFO] 17:13:25,992 [Test worker] jvm.JdbcExecutor. - INSERT INTO PUBLIC.DATABASECHANGELOG (ID, AUTHOR, FILENAME, DATEEXECUTED, ORDEREXECUTED, MD5SUM, DESCRIPTION, COMMENTS, EXECTYPE, CONTEXTS, LABELS, LIQUIBASE, DEPLOYMENT_ID) VALUES ('remove_unused_node_message_retry', 'R3.Corda', 'migration/node-core.changelog-v5.xml', NOW(), 70, '8:7f43b1a30ed49119520e7d14de6b57bd', 'dropTable tableName=node_message_retry', '', 'EXECUTED', NULL, NULL, '3.6.3', '4052005713') {changeSet=migration/node-core.changelog-v5.xml::remove_unused_node_message_retry::R3.Corda, databaseChangeLog=master.changelog.json}
?[m?[37m[INFO] 17:13:25,993 [Test worker] jvm.JdbcExecutor. - INSERT INTO PUBLIC.DATABASECHANGELOG (ID, AUTHOR, FILENAME, DATEEXECUTED, ORDEREXECUTED, MD5SUM, DESCRIPTION, COMMENTS, EXECTYPE, CONTEXTS, LABELS, LIQUIBASE, DEPLOYMENT_ID) VALUES ('non-clustered_pk-1', 'R3.Corda', 'migration/node-core.changelog-pkey.xml', NOW(), 71, '8:fc341b0d5ff080f0093d8a528299de25', 'dropPrimaryKey constraintName=node_checkpoints_pkey, tableName=node_checkpoints; addPrimaryKey constraintName=node_checkpoints_pkey, tableName=node_checkpoints', '', 'MARK_RAN', NULL, NULL, '3.6.3', '4052005713') {changeSet=migration/node-core.changelog-pkey.xml::non-clustered_pk-1::R3.Corda, databaseChangeLog=master.changelog.json}
?[m?[37m[INFO] 17:13:25,995 [Test worker] jvm.JdbcExecutor. - INSERT INTO PUBLIC.DATABASECHANGELOG (ID, AUTHOR, FILENAME, DATEEXECUTED, ORDEREXECUTED, MD5SUM, DESCRIPTION, COMMENTS, EXECTYPE, CONTEXTS, LABELS, LIQUIBASE, DEPLOYMENT_ID) VALUES ('non-clustered_pk-2', 'R3.Corda', 'migration/node-core.changelog-pkey.xml', NOW(), 72, '8:438db96910ca09a1e8910e74fe31d943', 'dropPrimaryKey constraintName=node_identities_pkey, tableName=node_identities; addPrimaryKey constraintName=node_identities_pkey, tableName=node_identities', '', 'MARK_RAN', NULL, NULL, '3.6.3', '4052005713') {changeSet=migration/node-core.changelog-pkey.xml::non-clustered_pk-2::R3.Corda, databaseChangeLog=master.changelog.json}
?[m?[37m[INFO] 17:13:25,996 [Test worker] jvm.JdbcExecutor. - INSERT INTO PUBLIC.DATABASECHANGELOG (ID, AUTHOR, FILENAME, DATEEXECUTED, ORDEREXECUTED, MD5SUM, DESCRIPTION, COMMENTS, EXECTYPE, CONTEXTS, LABELS, LIQUIBASE, DEPLOYMENT_ID) VALUES ('non-clustered_pk-3', 'R3.Corda', 'migration/node-core.changelog-pkey.xml', NOW(), 73, '8:b02515ba3eb419e880a62ad581d57d9a', 'dropPrimaryKey constraintName=node_message_ids_pkey, tableName=node_message_ids; addPrimaryKey constraintName=node_message_ids_pkey, tableName=node_message_ids', '', 'MARK_RAN', NULL, NULL, '3.6.3', '4052005713') {changeSet=migration/node-core.changelog-pkey.xml::non-clustered_pk-3::R3.Corda, databaseChangeLog=master.changelog.json}
?[m?[37m[INFO] 17:13:25,998 [Test worker] jvm.JdbcExecutor. - INSERT INTO PUBLIC.DATABASECHANGELOG (ID, AUTHOR, FILENAME, DATEEXECUTED, ORDEREXECUTED, MD5SUM, DESCRIPTION, COMMENTS, EXECTYPE, CONTEXTS, LABELS, LIQUIBASE, DEPLOYMENT_ID) VALUES ('non-clustered_pk-4', 'R3.Corda', 'migration/node-core.changelog-pkey.xml', NOW(), 74, '8:9a733c73c5a8ca979384c41d59473644', 'dropPrimaryKey constraintName=node_named_identities_pkey, tableName=node_named_identities; addPrimaryKey constraintName=node_named_identities_pkey, tableName=node_named_identities', '', 'MARK_RAN', NULL, NULL, '3.6.3', '4052005713') {changeSet=migration/node-core.changelog-pkey.xml::non-clustered_pk-4::R3.Corda, databaseChangeLog=master.changelog.json}
?[m?[37m[INFO] 17:13:25,999 [Test worker] jvm.JdbcExecutor. - INSERT INTO PUBLIC.DATABASECHANGELOG (ID, AUTHOR, FILENAME, DATEEXECUTED, ORDEREXECUTED, MD5SUM, DESCRIPTION, COMMENTS, EXECTYPE, CONTEXTS, LABELS, LIQUIBASE, DEPLOYMENT_ID) VALUES ('non-clustered_pk-5', 'R3.Corda', 'migration/node-core.changelog-pkey.xml', NOW(), 75, '8:48cf4a4dad77b6a8f7c3c73c09cc3959', 'dropPrimaryKey constraintName=node_our_key_pairs_pkey, tableName=node_our_key_pairs; addPrimaryKey constraintName=node_our_key_pairs_pkey, tableName=node_our_key_pairs', '', 'MARK_RAN', NULL, NULL, '3.6.3', '4052005713') {changeSet=migration/node-core.changelog-pkey.xml::non-clustered_pk-5::R3.Corda, databaseChangeLog=master.changelog.json}
?[m?[37m[INFO] 17:13:26,001 [Test worker] jvm.JdbcExecutor. - INSERT INTO PUBLIC.DATABASECHANGELOG (ID, AUTHOR, FILENAME, DATEEXECUTED, ORDEREXECUTED, MD5SUM, DESCRIPTION, COMMENTS, EXECTYPE, CONTEXTS, LABELS, LIQUIBASE, DEPLOYMENT_ID) VALUES ('non-clustered_pk-6', 'R3.Corda', 'migration/node-core.changelog-pkey.xml', NOW(), 76, '8:25c5581ce04f688ea83704ffa44bab8e', 'dropPrimaryKey constraintName=node_transaction_mappings_pkey, tableName=node_transaction_mappings; addPrimaryKey constraintName=node_transaction_mappings_pkey, tableName=node_transaction_mappings', '', 'MARK_RAN', NULL, NULL, '3.6.3', '4052005713') {changeSet=migration/node-core.changelog-pkey.xml::non-clustered_pk-6::R3.Corda, databaseChangeLog=master.changelog.json}
?[m?[37m[INFO] 17:13:26,002 [Test worker] jvm.JdbcExecutor. - INSERT INTO PUBLIC.DATABASECHANGELOG (ID, AUTHOR, FILENAME, DATEEXECUTED, ORDEREXECUTED, MD5SUM, DESCRIPTION, COMMENTS, EXECTYPE, CONTEXTS, LABELS, LIQUIBASE, DEPLOYMENT_ID) VALUES ('non-clustered_pk-7', 'R3.Corda', 'migration/node-core.changelog-pkey.xml', NOW(), 77, '8:64773359f27e2f85fe6df6097823ce69', 'dropPrimaryKey constraintName=node_transactions_pkey, tableName=node_transactions; addPrimaryKey constraintName=node_transactions_pkey, tableName=node_transactions', '', 'MARK_RAN', NULL, NULL, '3.6.3', '4052005713') {changeSet=migration/node-core.changelog-pkey.xml::non-clustered_pk-7::R3.Corda, databaseChangeLog=master.changelog.json}
?[m?[37m[INFO] 17:13:26,015 [Test worker] changelog.ChangeSet. - Marking ChangeSet: migration/node-core.changelog-v8.xml::conditional_attchments_rename::R3.Corda ran despite precondition failure due to onFail='MARK_RAN': 
          master.changelog.json : Table PUBLIC.NODE_ATTCHMENTS_CONTRACTS does not exist
 {changeSet=migration/node-core.changelog-v8.xml::conditional_attchments_rename::R3.Corda, databaseChangeLog=master.changelog.json}
?[m?[37m[INFO] 17:13:26,016 [Test worker] jvm.JdbcExecutor. - INSERT INTO PUBLIC.DATABASECHANGELOG (ID, AUTHOR, FILENAME, DATEEXECUTED, ORDEREXECUTED, MD5SUM, DESCRIPTION, COMMENTS, EXECTYPE, CONTEXTS, LABELS, LIQUIBASE, DEPLOYMENT_ID) VALUES ('conditional_attchments_rename', 'R3.Corda', 'migration/node-core.changelog-v8.xml', NOW(), 78, '8:114fc6d1775676ecf274989170741a5b', 'renameTable newTableName=NODE_ATTACHMENTS_CONTRACTS, oldTableName=NODE_ATTCHMENTS_CONTRACTS', '', 'MARK_RAN', NULL, NULL, '3.6.3', '4052005713') {changeSet=migration/node-core.changelog-v8.xml::conditional_attchments_rename::R3.Corda, databaseChangeLog=master.changelog.json}
?[m?[37m[INFO] 17:13:26,024 [Test worker] changelog.ChangeSet. - Marking ChangeSet: migration/node-core.changelog-v8.xml::conditional_attchments_contracts::R3.Corda ran despite precondition failure due to onFail='MARK_RAN': 
          master.changelog.json : Table PUBLIC.NODE_ATTACHMENTS_CONTRACT_CLASS_NAME does not exist
 {changeSet=migration/node-core.changelog-v8.xml::conditional_attchments_contracts::R3.Corda, databaseChangeLog=master.changelog.json}
?[m?[37m[INFO] 17:13:26,025 [Test worker] jvm.JdbcExecutor. - INSERT INTO PUBLIC.DATABASECHANGELOG (ID, AUTHOR, FILENAME, DATEEXECUTED, ORDEREXECUTED, MD5SUM, DESCRIPTION, COMMENTS, EXECTYPE, CONTEXTS, LABELS, LIQUIBASE, DEPLOYMENT_ID) VALUES ('conditional_attchments_contracts', 'R3.Corda', 'migration/node-core.changelog-v8.xml', NOW(), 79, '8:c26d868db33a85bdd25570b094635db5', 'renameTable newTableName=NODE_ATTACHMENTS_CONTRACTS, oldTableName=NODE_ATTACHMENTS_CONTRACT_CLASS_NAME', '', 'MARK_RAN', NULL, NULL, '3.6.3', '4052005713') {changeSet=migration/node-core.changelog-v8.xml::conditional_attchments_contracts::R3.Corda, databaseChangeLog=master.changelog.json}
?[m?[37m[INFO] 17:13:26,026 [Test worker] jvm.JdbcExecutor. - CREATE TABLE PUBLIC.node_attachments_signers (att_id NVARCHAR(255) NOT NULL, signer NVARCHAR(1024)) {changeSet=migration/node-core.changelog-v8.xml::add_signers::R3.Corda, databaseChangeLog=master.changelog.json}
?[m?[37m[INFO] 17:13:26,027 [Test worker] changelog.ChangeSet. - Table node_attachments_signers created {changeSet=migration/node-core.changelog-v8.xml::add_signers::R3.Corda, databaseChangeLog=master.changelog.json}
?[m?[37m[INFO] 17:13:26,027 [Test worker] jvm.JdbcExecutor. - ALTER TABLE PUBLIC.node_attachments_signers ADD CONSTRAINT FK__signers__attachments FOREIGN KEY (att_id) REFERENCES PUBLIC.node_attachments (att_id) {changeSet=migration/node-core.changelog-v8.xml::add_signers::R3.Corda, databaseChangeLog=master.changelog.json}
?[m?[37m[INFO] 17:13:26,028 [Test worker] changelog.ChangeSet. - Foreign key constraint added to node_attachments_signers (att_id) {changeSet=migration/node-core.changelog-v8.xml::add_signers::R3.Corda, databaseChangeLog=master.changelog.json}
?[m?[37m[INFO] 17:13:26,028 [Test worker] changelog.ChangeSet. - ChangeSet migration/node-core.changelog-v8.xml::add_signers::R3.Corda ran successfully in 2ms {changeSet=migration/node-core.changelog-v8.xml::add_signers::R3.Corda, databaseChangeLog=master.changelog.json}
?[m?[37m[INFO] 17:13:26,029 [Test worker] jvm.JdbcExecutor. - INSERT INTO PUBLIC.DATABASECHANGELOG (ID, AUTHOR, FILENAME, DATEEXECUTED, ORDEREXECUTED, MD5SUM, DESCRIPTION, COMMENTS, EXECTYPE, CONTEXTS, LABELS, LIQUIBASE, DEPLOYMENT_ID) VALUES ('add_signers', 'R3.Corda', 'migration/node-core.changelog-v8.xml', NOW(), 80, '8:6a033a579a3a8e11a35846d455833835', 'createTable tableName=node_attachments_signers; addForeignKeyConstraint baseTableName=node_attachments_signers, constraintName=FK__signers__attachments, referencedTableName=node_attachments', '', 'EXECUTED', NULL, NULL, '3.6.3', '4052005713') {changeSet=migration/node-core.changelog-v8.xml::add_signers::R3.Corda, databaseChangeLog=master.changelog.json}
?[m?[37m[INFO] 17:13:26,030 [Test worker] jvm.JdbcExecutor. - ALTER TABLE PUBLIC.node_transactions ADD state_machine_run_id NVARCHAR(36) {changeSet=migration/node-core.changelog-tx-mapping.xml::add_tx_mapping_column::R3.Corda, databaseChangeLog=master.changelog.json}
?[m?[37m[INFO] 17:13:26,032 [Test worker] changelog.ChangeSet. - Columns state_machine_run_id(NVARCHAR(36)) added to node_transactions {changeSet=migration/node-core.changelog-tx-mapping.xml::add_tx_mapping_column::R3.Corda, databaseChangeLog=master.changelog.json}
?[m?[37m[INFO] 17:13:26,033 [Test worker] jvm.JdbcExecutor. - update node_transactions set state_machine_run_id=(select state_machine_run_id from
            node_transaction_mappings where node_transactions.tx_id = node_transaction_mappings.tx_id) {changeSet=migration/node-core.changelog-tx-mapping.xml::add_tx_mapping_column::R3.Corda, databaseChangeLog=master.changelog.json}
?[m?[37m[INFO] 17:13:26,034 [Test worker] changelog.ChangeSet. - Custom SQL executed {changeSet=migration/node-core.changelog-tx-mapping.xml::add_tx_mapping_column::R3.Corda, databaseChangeLog=master.changelog.json}
?[m?[37m[INFO] 17:13:26,034 [Test worker] jvm.JdbcExecutor. - DROP TABLE PUBLIC.node_transaction_mappings {changeSet=migration/node-core.changelog-tx-mapping.xml::add_tx_mapping_column::R3.Corda, databaseChangeLog=master.changelog.json}
?[m?[37m[INFO] 17:13:26,035 [Test worker] changelog.ChangeSet. - Table node_transaction_mappings dropped {changeSet=migration/node-core.changelog-tx-mapping.xml::add_tx_mapping_column::R3.Corda, databaseChangeLog=master.changelog.json}
?[m?[37m[INFO] 17:13:26,035 [Test worker] changelog.ChangeSet. - ChangeSet migration/node-core.changelog-tx-mapping.xml::add_tx_mapping_column::R3.Corda ran successfully in 6ms {changeSet=migration/node-core.changelog-tx-mapping.xml::add_tx_mapping_column::R3.Corda, databaseChangeLog=master.changelog.json}
?[m?[37m[INFO] 17:13:26,035 [Test worker] jvm.JdbcExecutor. - INSERT INTO PUBLIC.DATABASECHANGELOG (ID, AUTHOR, FILENAME, DATEEXECUTED, ORDEREXECUTED, MD5SUM, DESCRIPTION, COMMENTS, EXECTYPE, CONTEXTS, LABELS, LIQUIBASE, DEPLOYMENT_ID) VALUES ('add_tx_mapping_column', 'R3.Corda', 'migration/node-core.changelog-tx-mapping.xml', NOW(), 81, '8:6d9d8484a635e932dd8e8f45db1b3d7e', 'addColumn tableName=node_transactions; sql; dropTable tableName=node_transaction_mappings', '', 'EXECUTED', NULL, NULL, '3.6.3', '4052005713') {changeSet=migration/node-core.changelog-tx-mapping.xml::add_tx_mapping_column::R3.Corda, databaseChangeLog=master.changelog.json}
?[m?[37m[INFO] 17:13:26,037 [Test worker] jvm.JdbcExecutor. - CREATE TABLE PUBLIC.node_network_parameters (hash NVARCHAR(130) NOT NULL, epoch INT NOT NULL, parameters_bytes BLOB NOT NULL, signature_bytes BLOB NOT NULL, cert BLOB NOT NULL, parent_cert_path BLOB NOT NULL) {changeSet=migration/node-services.changelog-init.xml::add_network_parameters_storage::R3.Corda, databaseChangeLog=master.changelog.json}
?[m?[37m[INFO] 17:13:26,037 [Test worker] changelog.ChangeSet. - Table node_network_parameters created {changeSet=migration/node-services.changelog-init.xml::add_network_parameters_storage::R3.Corda, databaseChangeLog=master.changelog.json}
?[m?[37m[INFO] 17:13:26,037 [Test worker] changelog.ChangeSet. - ChangeSet migration/node-services.changelog-init.xml::add_network_parameters_storage::R3.Corda ran successfully in 1ms {changeSet=migration/node-services.changelog-init.xml::add_network_parameters_storage::R3.Corda, databaseChangeLog=master.changelog.json}
?[m?[37m[INFO] 17:13:26,038 [Test worker] jvm.JdbcExecutor. - INSERT INTO PUBLIC.DATABASECHANGELOG (ID, AUTHOR, FILENAME, DATEEXECUTED, ORDEREXECUTED, MD5SUM, DESCRIPTION, COMMENTS, EXECTYPE, CONTEXTS, LABELS, LIQUIBASE, DEPLOYMENT_ID) VALUES ('add_network_parameters_storage', 'R3.Corda', 'migration/node-services.changelog-init.xml', NOW(), 82, '8:b448755ba392674254c59e2b9489140f', 'createTable tableName=node_network_parameters', '', 'EXECUTED', NULL, NULL, '3.6.3', '4052005713') {changeSet=migration/node-services.changelog-init.xml::add_network_parameters_storage::R3.Corda, databaseChangeLog=master.changelog.json}
?[m?[37m[INFO] 17:13:26,039 [Test worker] jvm.JdbcExecutor. - ALTER TABLE PUBLIC.node_network_parameters ADD CONSTRAINT node_network_parameters_pkey PRIMARY KEY (hash) {changeSet=migration/node-services.changelog-init.xml::network_parameters_pk::R3.Corda, databaseChangeLog=master.changelog.json}
?[m?[37m[INFO] 17:13:26,039 [Test worker] changelog.ChangeSet. - Primary key added to node_network_parameters (hash) {changeSet=migration/node-services.changelog-init.xml::network_parameters_pk::R3.Corda, databaseChangeLog=master.changelog.json}
?[m?[37m[INFO] 17:13:26,039 [Test worker] changelog.ChangeSet. - ChangeSet migration/node-services.changelog-init.xml::network_parameters_pk::R3.Corda ran successfully in 1ms {changeSet=migration/node-services.changelog-init.xml::network_parameters_pk::R3.Corda, databaseChangeLog=master.changelog.json}
?[m?[37m[INFO] 17:13:26,040 [Test worker] jvm.JdbcExecutor. - INSERT INTO PUBLIC.DATABASECHANGELOG (ID, AUTHOR, FILENAME, DATEEXECUTED, ORDEREXECUTED, MD5SUM, DESCRIPTION, COMMENTS, EXECTYPE, CONTEXTS, LABELS, LIQUIBASE, DEPLOYMENT_ID) VALUES ('network_parameters_pk', 'R3.Corda', 'migration/node-services.changelog-init.xml', NOW(), 83, '8:fc0358b8cab487b52558cd68d6feaf9e', 'addPrimaryKey constraintName=node_network_parameters_pkey, tableName=node_network_parameters', '', 'EXECUTED', NULL, NULL, '3.6.3', '4052005713') {changeSet=migration/node-services.changelog-init.xml::network_parameters_pk::R3.Corda, databaseChangeLog=master.changelog.json}
?[m?[37m[INFO] 17:13:26,041 [Test worker] jvm.JdbcExecutor. - ALTER TABLE PUBLIC.node_attachments ADD version INT {changeSet=migration/node-services.changelog-init.xml::add_version_column::R3.Corda, databaseChangeLog=master.changelog.json}
?[m?[37m[INFO] 17:13:26,053 [Test worker] changelog.ChangeSet. - Columns version(INT) added to node_attachments {changeSet=migration/node-services.changelog-init.xml::add_version_column::R3.Corda, databaseChangeLog=master.changelog.json}
?[m?[37m[INFO] 17:13:26,053 [Test worker] jvm.JdbcExecutor. - update node_attachments set version = 1 {changeSet=migration/node-services.changelog-init.xml::add_version_column::R3.Corda, databaseChangeLog=master.changelog.json}
?[m?[37m[INFO] 17:13:26,054 [Test worker] changelog.ChangeSet. - Custom SQL executed {changeSet=migration/node-services.changelog-init.xml::add_version_column::R3.Corda, databaseChangeLog=master.changelog.json}
?[m?[37m[INFO] 17:13:26,054 [Test worker] jvm.JdbcExecutor. - ALTER TABLE PUBLIC.node_attachments ALTER COLUMN version SET NOT NULL {changeSet=migration/node-services.changelog-init.xml::add_version_column::R3.Corda, databaseChangeLog=master.changelog.json}
?[m?[37m[INFO] 17:13:26,055 [Test worker] changelog.ChangeSet. - NOT NULL constraint has been added to node_attachments.version {changeSet=migration/node-services.changelog-init.xml::add_version_column::R3.Corda, databaseChangeLog=master.changelog.json}
?[m?[37m[INFO] 17:13:26,055 [Test worker] changelog.ChangeSet. - ChangeSet migration/node-services.changelog-init.xml::add_version_column::R3.Corda ran successfully in 14ms {changeSet=migration/node-services.changelog-init.xml::add_version_column::R3.Corda, databaseChangeLog=master.changelog.json}
?[m?[37m[INFO] 17:13:26,056 [Test worker] jvm.JdbcExecutor. - INSERT INTO PUBLIC.DATABASECHANGELOG (ID, AUTHOR, FILENAME, DATEEXECUTED, ORDEREXECUTED, MD5SUM, DESCRIPTION, COMMENTS, EXECTYPE, CONTEXTS, LABELS, LIQUIBASE, DEPLOYMENT_ID) VALUES ('add_version_column', 'R3.Corda', 'migration/node-services.changelog-init.xml', NOW(), 84, '8:ab6a3101d1da88b0f174ccc06a62feef', 'addColumn tableName=node_attachments; sql; addNotNullConstraint columnName=version, tableName=node_attachments', '', 'EXECUTED', NULL, NULL, '3.6.3', '4052005713') {changeSet=migration/node-services.changelog-init.xml::add_version_column::R3.Corda, databaseChangeLog=master.changelog.json}
?[m?[37m[INFO] 17:13:26,057 [Test worker] persistence.AttachmentVersionNumberMigration. - Start executing... {changeSet=migration/node-services.changelog-init.xml::update-version-of-whitelisted-jars::R3.Corda, databaseChangeLog=master.changelog.json}
?[m?[37m[INFO] 17:13:26,061 [Test worker] persistence.AttachmentVersionNumberMigration. - Attachment version creation from whitelisted JARs using network parameters from build/mock-network/20200706-161310.834/nodes/0/network-parameters, whitelistedContractImplementations: {}. {changeSet=migration/node-services.changelog-init.xml::update-version-of-whitelisted-jars::R3.Corda, databaseChangeLog=master.changelog.json}
?[m?[37m[INFO] 17:13:26,061 [Test worker] persistence.AttachmentVersionNumberMigration. - Attachment version creation from whitelisted JARs skipped, no attachments not found. {changeSet=migration/node-services.changelog-init.xml::update-version-of-whitelisted-jars::R3.Corda, databaseChangeLog=master.changelog.json}
?[m?[37m[INFO] 17:13:26,061 [Test worker] changelog.ChangeSet. - null {changeSet=migration/node-services.changelog-init.xml::update-version-of-whitelisted-jars::R3.Corda, databaseChangeLog=master.changelog.json}
?[m?[37m[INFO] 17:13:26,061 [Test worker] changelog.ChangeSet. - ChangeSet migration/node-services.changelog-init.xml::update-version-of-whitelisted-jars::R3.Corda ran successfully in 4ms {changeSet=migration/node-services.changelog-init.xml::update-version-of-whitelisted-jars::R3.Corda, databaseChangeLog=master.changelog.json}
?[m?[37m[INFO] 17:13:26,063 [Test worker] jvm.JdbcExecutor. - INSERT INTO PUBLIC.DATABASECHANGELOG (ID, AUTHOR, FILENAME, DATEEXECUTED, ORDEREXECUTED, MD5SUM, DESCRIPTION, COMMENTS, EXECTYPE, CONTEXTS, LABELS, LIQUIBASE, DEPLOYMENT_ID) VALUES ('update-version-of-whitelisted-jars', 'R3.Corda', 'migration/node-services.changelog-init.xml', NOW(), 85, '8:1d4174a12a4902070f6bf2ba624b0e97', 'customChange', '', 'EXECUTED', NULL, NULL, '3.6.3', '4052005713') {changeSet=migration/node-services.changelog-init.xml::update-version-of-whitelisted-jars::R3.Corda, databaseChangeLog=master.changelog.json}
?[m?[37m[INFO] 17:13:26,065 [Test worker] jvm.JdbcExecutor. - CREATE TABLE PUBLIC.node_identities_no_cert (pk_hash NVARCHAR(130) NOT NULL, name NVARCHAR(128) NOT NULL) {changeSet=migration/node-services.changelog-init.xml::add-new-persistence-table::R3.Corda, databaseChangeLog=master.changelog.json}
?[m?[37m[INFO] 17:13:26,066 [Test worker] changelog.ChangeSet. - Table node_identities_no_cert created {changeSet=migration/node-services.changelog-init.xml::add-new-persistence-table::R3.Corda, databaseChangeLog=master.changelog.json}
?[m?[37m[INFO] 17:13:26,066 [Test worker] jvm.JdbcExecutor. - ALTER TABLE PUBLIC.node_identities_no_cert ADD CONSTRAINT node_identities_no_cert_pkey PRIMARY KEY (pk_hash) {changeSet=migration/node-services.changelog-init.xml::add-new-persistence-table::R3.Corda, databaseChangeLog=master.changelog.json}
?[m?[37m[INFO] 17:13:26,067 [Test worker] changelog.ChangeSet. - Primary key added to node_identities_no_cert (pk_hash) {changeSet=migration/node-services.changelog-init.xml::add-new-persistence-table::R3.Corda, databaseChangeLog=master.changelog.json}
?[m?[37m[INFO] 17:13:26,067 [Test worker] changelog.ChangeSet. - ChangeSet migration/node-services.changelog-init.xml::add-new-persistence-table::R3.Corda ran successfully in 3ms {changeSet=migration/node-services.changelog-init.xml::add-new-persistence-table::R3.Corda, databaseChangeLog=master.changelog.json}
?[m?[37m[INFO] 17:13:26,067 [Test worker] jvm.JdbcExecutor. - INSERT INTO PUBLIC.DATABASECHANGELOG (ID, AUTHOR, FILENAME, DATEEXECUTED, ORDEREXECUTED, MD5SUM, DESCRIPTION, COMMENTS, EXECTYPE, CONTEXTS, LABELS, LIQUIBASE, DEPLOYMENT_ID) VALUES ('add-new-persistence-table', 'R3.Corda', 'migration/node-services.changelog-init.xml', NOW(), 86, '8:cb3302a80bf346270e0d8f3509c64a9b', 'createTable tableName=node_identities_no_cert; addPrimaryKey constraintName=node_identities_no_cert_pkey, tableName=node_identities_no_cert', '', 'EXECUTED', NULL, NULL, '3.6.3', '4052005713') {changeSet=migration/node-services.changelog-init.xml::add-new-persistence-table::R3.Corda, databaseChangeLog=master.changelog.json}
?[m?[37m[INFO] 17:13:26,068 [Test worker] jvm.JdbcExecutor. - ALTER TABLE PUBLIC.pk_hash_to_ext_id_map DROP COLUMN id {changeSet=migration/node-services.changelog-init.xml::migrate_pk_hash_to_ext_id::R3.Corda, databaseChangeLog=master.changelog.json}
?[m?[37m[INFO] 17:13:26,075 [Test worker] changelog.ChangeSet. - Column pk_hash_to_ext_id_map.id dropped {changeSet=migration/node-services.changelog-init.xml::migrate_pk_hash_to_ext_id::R3.Corda, databaseChangeLog=master.changelog.json}
?[m?[37m[INFO] 17:13:26,075 [Test worker] jvm.JdbcExecutor. - DROP INDEX PUBLIC.pk_hash_to_xid_idx {changeSet=migration/node-services.changelog-init.xml::migrate_pk_hash_to_ext_id::R3.Corda, databaseChangeLog=master.changelog.json}
?[m?[37m[INFO] 17:13:26,075 [Test worker] changelog.ChangeSet. - Index pk_hash_to_xid_idx dropped from table pk_hash_to_ext_id_map {changeSet=migration/node-services.changelog-init.xml::migrate_pk_hash_to_ext_id::R3.Corda, databaseChangeLog=master.changelog.json}
?[m?[37m[INFO] 17:13:26,075 [Test worker] jvm.JdbcExecutor. - ALTER TABLE PUBLIC.pk_hash_to_ext_id_map ADD CONSTRAINT pubkey_hash_to_external_id_pk PRIMARY KEY (public_key_hash) {changeSet=migration/node-services.changelog-init.xml::migrate_pk_hash_to_ext_id::R3.Corda, databaseChangeLog=master.changelog.json}
?[m?[37m[INFO] 17:13:26,075 [Test worker] changelog.ChangeSet. - Primary key added to pk_hash_to_ext_id_map (public_key_hash) {changeSet=migration/node-services.changelog-init.xml::migrate_pk_hash_to_ext_id::R3.Corda, databaseChangeLog=master.changelog.json}
?[m?[37m[INFO] 17:13:26,075 [Test worker] jvm.JdbcExecutor. - CREATE INDEX PUBLIC.ext_id_idx ON PUBLIC.pk_hash_to_ext_id_map(external_id) {changeSet=migration/node-services.changelog-init.xml::migrate_pk_hash_to_ext_id::R3.Corda, databaseChangeLog=master.changelog.json}
?[m?[37m[INFO] 17:13:26,076 [Test worker] changelog.ChangeSet. - Index ext_id_idx created {changeSet=migration/node-services.changelog-init.xml::migrate_pk_hash_to_ext_id::R3.Corda, databaseChangeLog=master.changelog.json}
?[m?[37m[INFO] 17:13:26,076 [Test worker] changelog.ChangeSet. - ChangeSet migration/node-services.changelog-init.xml::migrate_pk_hash_to_ext_id::R3.Corda ran successfully in 8ms {changeSet=migration/node-services.changelog-init.xml::migrate_pk_hash_to_ext_id::R3.Corda, databaseChangeLog=master.changelog.json}
?[m?[37m[INFO] 17:13:26,076 [Test worker] jvm.JdbcExecutor. - INSERT INTO PUBLIC.DATABASECHANGELOG (ID, AUTHOR, FILENAME, DATEEXECUTED, ORDEREXECUTED, MD5SUM, DESCRIPTION, COMMENTS, EXECTYPE, CONTEXTS, LABELS, LIQUIBASE, DEPLOYMENT_ID) VALUES ('migrate_pk_hash_to_ext_id', 'R3.Corda', 'migration/node-services.changelog-init.xml', NOW(), 87, '8:daf9ba8b9522b5ed5e0c474f220a5ef9', 'dropColumn columnName=id, tableName=pk_hash_to_ext_id_map; dropIndex indexName=pk_hash_to_xid_idx, tableName=pk_hash_to_ext_id_map; addPrimaryKey constraintName=pubkey_hash_to_external_id_pk, tableName=pk_hash_to_ext_id_map; createIndex indexName=...', '', 'EXECUTED', NULL, NULL, '3.6.3', '4052005713') {changeSet=migration/node-services.changelog-init.xml::migrate_pk_hash_to_ext_id::R3.Corda, databaseChangeLog=master.changelog.json}
?[m?[37m[INFO] 17:13:26,086 [Test worker] changelog.ChangeSet. - null {changeSet=migration/node-services.changelog-init.xml::migrate_identity_service_to_use_publicKey.toShortString()::R3.Corda, databaseChangeLog=master.changelog.json}
?[m?[37m[INFO] 17:13:26,086 [Test worker] changelog.ChangeSet. - ChangeSet migration/node-services.changelog-init.xml::migrate_identity_service_to_use_publicKey.toShortString()::R3.Corda ran successfully in 9ms {changeSet=migration/node-services.changelog-init.xml::migrate_identity_service_to_use_publicKey.toShortString()::R3.Corda, databaseChangeLog=master.changelog.json}
?[m?[37m[INFO] 17:13:26,087 [Test worker] jvm.JdbcExecutor. - INSERT INTO PUBLIC.DATABASECHANGELOG (ID, AUTHOR, FILENAME, DATEEXECUTED, ORDEREXECUTED, MD5SUM, DESCRIPTION, COMMENTS, EXECTYPE, CONTEXTS, LABELS, LIQUIBASE, DEPLOYMENT_ID) VALUES ('migrate_identity_service_to_use_publicKey.toShortString()', 'R3.Corda', 'migration/node-services.changelog-init.xml', NOW(), 88, '8:51a17ecff2c7f17e1502992fdda4356d', 'customChange', '', 'EXECUTED', NULL, NULL, '3.6.3', '4052005713') {changeSet=migration/node-services.changelog-init.xml::migrate_identity_service_to_use_publicKey.toShortString()::R3.Corda, databaseChangeLog=master.changelog.json}
?[m?[37m[INFO] 17:13:26,088 [Test worker] jvm.JdbcExecutor. - ALTER TABLE PUBLIC.node_transactions ADD status NVARCHAR(1) DEFAULT 'V' NOT NULL {changeSet=migration/node-services.changelog-init.xml::add_status_column::R3.Corda, databaseChangeLog=master.changelog.json}
?[m?[37m[INFO] 17:13:26,090 [Test worker] changelog.ChangeSet. - Columns status(NVARCHAR(1)) added to node_transactions {changeSet=migration/node-services.changelog-init.xml::add_status_column::R3.Corda, databaseChangeLog=master.changelog.json}
?[m?[37m[INFO] 17:13:26,090 [Test worker] changelog.ChangeSet. - ChangeSet migration/node-services.changelog-init.xml::add_status_column::R3.Corda ran successfully in 2ms {changeSet=migration/node-services.changelog-init.xml::add_status_column::R3.Corda, databaseChangeLog=master.changelog.json}
?[m?[37m[INFO] 17:13:26,091 [Test worker] jvm.JdbcExecutor. - INSERT INTO PUBLIC.DATABASECHANGELOG (ID, AUTHOR, FILENAME, DATEEXECUTED, ORDEREXECUTED, MD5SUM, DESCRIPTION, COMMENTS, EXECTYPE, CONTEXTS, LABELS, LIQUIBASE, DEPLOYMENT_ID) VALUES ('add_status_column', 'R3.Corda', 'migration/node-services.changelog-init.xml', NOW(), 89, '8:163dc66ab97910470ce080cd4c4d33ef', 'addColumn tableName=node_transactions', '', 'EXECUTED', NULL, NULL, '3.6.3', '4052005713') {changeSet=migration/node-services.changelog-init.xml::add_status_column::R3.Corda, databaseChangeLog=master.changelog.json}
?[m?[37m[INFO] 17:13:26,092 [Test worker] jvm.JdbcExecutor. - CREATE TABLE PUBLIC.node_hash_to_key (pk_hash NVARCHAR(130) NOT NULL, public_key BLOB NOT NULL) {changeSet=migration/node-services.changelog-init.xml::add-new-pk-hash-to-pk-table::R3.Corda, databaseChangeLog=master.changelog.json}
?[m?[37m[INFO] 17:13:26,092 [Test worker] changelog.ChangeSet. - Table node_hash_to_key created {changeSet=migration/node-services.changelog-init.xml::add-new-pk-hash-to-pk-table::R3.Corda, databaseChangeLog=master.changelog.json}
?[m?[37m[INFO] 17:13:26,092 [Test worker] jvm.JdbcExecutor. - ALTER TABLE PUBLIC.node_hash_to_key ADD CONSTRAINT node_hash_to_key_pk_hash PRIMARY KEY (pk_hash) {changeSet=migration/node-services.changelog-init.xml::add-new-pk-hash-to-pk-table::R3.Corda, databaseChangeLog=master.changelog.json}
?[m?[37m[INFO] 17:13:26,093 [Test worker] changelog.ChangeSet. - Primary key added to node_hash_to_key (pk_hash) {changeSet=migration/node-services.changelog-init.xml::add-new-pk-hash-to-pk-table::R3.Corda, databaseChangeLog=master.changelog.json}
?[m?[37m[INFO] 17:13:26,093 [Test worker] changelog.ChangeSet. - ChangeSet migration/node-services.changelog-init.xml::add-new-pk-hash-to-pk-table::R3.Corda ran successfully in 2ms {changeSet=migration/node-services.changelog-init.xml::add-new-pk-hash-to-pk-table::R3.Corda, databaseChangeLog=master.changelog.json}
?[m?[37m[INFO] 17:13:26,094 [Test worker] jvm.JdbcExecutor. - INSERT INTO PUBLIC.DATABASECHANGELOG (ID, AUTHOR, FILENAME, DATEEXECUTED, ORDEREXECUTED, MD5SUM, DESCRIPTION, COMMENTS, EXECTYPE, CONTEXTS, LABELS, LIQUIBASE, DEPLOYMENT_ID) VALUES ('add-new-pk-hash-to-pk-table', 'R3.Corda', 'migration/node-services.changelog-init.xml', NOW(), 90, '8:90ed8145a19f497b5c95a5c9542917f0', 'createTable tableName=node_hash_to_key; addPrimaryKey constraintName=node_hash_to_key_pk_hash, tableName=node_hash_to_key', '', 'EXECUTED', NULL, NULL, '3.6.3', '4052005713') {changeSet=migration/node-services.changelog-init.xml::add-new-pk-hash-to-pk-table::R3.Corda, databaseChangeLog=master.changelog.json}
?[m?[37m[INFO] 17:13:26,095 [Test worker] jvm.JdbcExecutor. - ALTER TABLE PUBLIC.node_transactions ADD timestamp TIMESTAMP DEFAULT '2000-01-01 12:00:00' NOT NULL {changeSet=migration/node-services.changelog-init.xml::add_timestamp_column_to_node_transactions::R3.Corda, databaseChangeLog=master.changelog.json}
?[m?[37m[INFO] 17:13:26,097 [Test worker] changelog.ChangeSet. - Columns timestamp(TIMESTAMP) added to node_transactions {changeSet=migration/node-services.changelog-init.xml::add_timestamp_column_to_node_transactions::R3.Corda, databaseChangeLog=master.changelog.json}
?[m?[37m[INFO] 17:13:26,097 [Test worker] changelog.ChangeSet. - ChangeSet migration/node-services.changelog-init.xml::add_timestamp_column_to_node_transactions::R3.Corda ran successfully in 3ms {changeSet=migration/node-services.changelog-init.xml::add_timestamp_column_to_node_transactions::R3.Corda, databaseChangeLog=master.changelog.json}
?[m?[37m[INFO] 17:13:26,097 [Test worker] jvm.JdbcExecutor. - INSERT INTO PUBLIC.DATABASECHANGELOG (ID, AUTHOR, FILENAME, DATEEXECUTED, ORDEREXECUTED, MD5SUM, DESCRIPTION, COMMENTS, EXECTYPE, CONTEXTS, LABELS, LIQUIBASE, DEPLOYMENT_ID) VALUES ('add_timestamp_column_to_node_transactions', 'R3.Corda', 'migration/node-services.changelog-init.xml', NOW(), 91, '8:bc308c6c38c83b58a03f11f0943a944f', 'addColumn tableName=node_transactions', '', 'EXECUTED', NULL, NULL, '3.6.3', '4052005713') {changeSet=migration/node-services.changelog-init.xml::add_timestamp_column_to_node_transactions::R3.Corda, databaseChangeLog=master.changelog.json}
?[m?[37m[INFO] 17:13:26,098 [Test worker] migration.VaultStateMigration. - Migrating vault state data to V4 tables {changeSet=migration/vault-schema.changelog-v9.xml::update-vault-states::R3.Corda, databaseChangeLog=master.changelog.json}
?[m?[37m[INFO] 17:13:26,155 [Test worker] persistence.HibernateConfiguration. - Init HibernateConfiguration for schemas: [VaultMigrationSchemaV1(name=net.corda.node.migration.VaultMigrationSchema, version=1), VaultSchemaV1(name=net.corda.node.services.vault.VaultSchema, version=1)] {changeSet=migration/vault-schema.changelog-v9.xml::update-vault-states::R3.Corda, databaseChangeLog=master.changelog.json}
?[m?[37m[INFO] 17:13:26,159 [Test worker] persistence.HibernateConfiguration. - Creating session factory for schemas: [VaultMigrationSchemaV1(name=net.corda.node.migration.VaultMigrationSchema, version=1), VaultSchemaV1(name=net.corda.node.services.vault.VaultSchema, version=1)] {changeSet=migration/vault-schema.changelog-v9.xml::update-vault-states::R3.Corda, databaseChangeLog=master.changelog.json}
?[m?[37m[INFO] 17:13:26,351 [Test worker] hibernate.Version. - HHH000412: Hibernate Core {5.4.3.Final} {changeSet=migration/vault-schema.changelog-v9.xml::update-vault-states::R3.Corda, databaseChangeLog=master.changelog.json}
?[m?[37m[INFO] 17:13:26,449 [Test worker] common.Version. - HCANN000001: Hibernate Commons Annotations {5.1.0.Final} {changeSet=migration/vault-schema.changelog-v9.xml::update-vault-states::R3.Corda, databaseChangeLog=master.changelog.json}
?[m?[37m[INFO] 17:13:26,591 [Test worker] internal.ConnectionProviderInitiator. - HHH000130: Instantiating explicit connection provider: net.corda.nodeapi.internal.persistence.HibernateConfiguration$NodeDatabaseConnectionProvider {changeSet=migration/vault-schema.changelog-v9.xml::update-vault-states::R3.Corda, databaseChangeLog=master.changelog.json}
?[m?[37m[INFO] 17:13:26,627 [Test worker] dialect.Dialect. - HHH000400: Using dialect: org.hibernate.dialect.H2Dialect {changeSet=migration/vault-schema.changelog-v9.xml::update-vault-states::R3.Corda, databaseChangeLog=master.changelog.json}
?[m?[37m[INFO] 17:13:27,703 [Test worker] connections.access. - HHH10001501: Connection obtained from JdbcConnectionAccess [org.hibernate.engine.jdbc.env.internal.JdbcEnvironmentInitiator$ConnectionProviderJdbcConnectionAccess@8e37565] for (non-JTA) DDL execution was not in auto-commit mode; the Connection 'local transaction' will be committed and the Connection will be set into auto-commit mode. {changeSet=migration/vault-schema.changelog-v9.xml::update-vault-states::R3.Corda, databaseChangeLog=master.changelog.json}
?[m?[37m[INFO] 17:13:27,767 [Test worker] internal.JtaPlatformInitiator. - HHH000490: Using JtaPlatform implementation: [org.hibernate.engine.transaction.jta.platform.internal.NoJtaPlatform] {changeSet=migration/vault-schema.changelog-v9.xml::update-vault-states::R3.Corda, databaseChangeLog=master.changelog.json}
?[m?[37m[INFO] 17:13:27,772 [Test worker] persistence.HibernateConfiguration. - Created session factory for schemas: [VaultMigrationSchemaV1(name=net.corda.node.migration.VaultMigrationSchema, version=1), VaultSchemaV1(name=net.corda.node.services.vault.VaultSchema, version=1)] {changeSet=migration/vault-schema.changelog-v9.xml::update-vault-states::R3.Corda, databaseChangeLog=master.changelog.json}
?[m?[37m[INFO] 17:13:28,254 [Test worker] migration.VaultStateMigration. - Finished performing vault state data migration for 0 states {changeSet=migration/vault-schema.changelog-v9.xml::update-vault-states::R3.Corda, databaseChangeLog=master.changelog.json}
?[m?[37m[INFO] 17:13:28,254 [Test worker] changelog.ChangeSet. - null {changeSet=migration/vault-schema.changelog-v9.xml::update-vault-states::R3.Corda, databaseChangeLog=master.changelog.json}
?[m?[37m[INFO] 17:13:28,254 [Test worker] changelog.ChangeSet. - ChangeSet migration/vault-schema.changelog-v9.xml::update-vault-states::R3.Corda ran successfully in 2156ms {changeSet=migration/vault-schema.changelog-v9.xml::update-vault-states::R3.Corda, databaseChangeLog=master.changelog.json}
?[m?[37m[INFO] 17:13:28,255 [Test worker] jvm.JdbcExecutor. - INSERT INTO PUBLIC.DATABASECHANGELOG (ID, AUTHOR, FILENAME, DATEEXECUTED, ORDEREXECUTED, MD5SUM, DESCRIPTION, COMMENTS, EXECTYPE, CONTEXTS, LABELS, LIQUIBASE, DEPLOYMENT_ID) VALUES ('update-vault-states', 'R3.Corda', 'migration/vault-schema.changelog-v9.xml', NOW(), 92, '8:f8f4c73846280164daf6855e1ecf3cc6', 'customChange', '', 'EXECUTED', NULL, NULL, '3.6.3', '4052005713') {changeSet=migration/vault-schema.changelog-v9.xml::update-vault-states::R3.Corda, databaseChangeLog=master.changelog.json}
?[m?[37m[INFO] 17:13:28,255 [Test worker] migration.PersistentIdentityMigrationNewTable. - Migrating persistent identities with certificates table into persistent table with no certificate data. {changeSet=migration/node-services.changelog-init.xml::transfer-to-new-persistence-table::R3.Corda, databaseChangeLog=master.changelog.json}
?[m?[37m[INFO] 17:13:28,258 [Test worker] persistence.HibernateConfiguration. - Init HibernateConfiguration for schemas: [MappedSchema(name=net.corda.node.migration.PersistentIdentitiesMigrationSchema, version=1)] {changeSet=migration/node-services.changelog-init.xml::transfer-to-new-persistence-table::R3.Corda, databaseChangeLog=master.changelog.json}
?[m?[37m[INFO] 17:13:28,258 [Test worker] persistence.HibernateConfiguration. - Creating session factory for schemas: [MappedSchema(name=net.corda.node.migration.PersistentIdentitiesMigrationSchema, version=1)] {changeSet=migration/node-services.changelog-init.xml::transfer-to-new-persistence-table::R3.Corda, databaseChangeLog=master.changelog.json}
?[m?[37m[INFO] 17:13:28,262 [Test worker] internal.ConnectionProviderInitiator. - HHH000130: Instantiating explicit connection provider: net.corda.nodeapi.internal.persistence.HibernateConfiguration$NodeDatabaseConnectionProvider {changeSet=migration/node-services.changelog-init.xml::transfer-to-new-persistence-table::R3.Corda, databaseChangeLog=master.changelog.json}
?[m?[37m[INFO] 17:13:28,262 [Test worker] dialect.Dialect. - HHH000400: Using dialect: org.hibernate.dialect.H2Dialect {changeSet=migration/node-services.changelog-init.xml::transfer-to-new-persistence-table::R3.Corda, databaseChangeLog=master.changelog.json}
?[m?[37m[INFO] 17:13:28,292 [Test worker] connections.access. - HHH10001501: Connection obtained from JdbcConnectionAccess [org.hibernate.engine.jdbc.env.internal.JdbcEnvironmentInitiator$ConnectionProviderJdbcConnectionAccess@66808b5a] for (non-JTA) DDL execution was not in auto-commit mode; the Connection 'local transaction' will be committed and the Connection will be set into auto-commit mode. {changeSet=migration/node-services.changelog-init.xml::transfer-to-new-persistence-table::R3.Corda, databaseChangeLog=master.changelog.json}
?[m?[37m[INFO] 17:13:28,320 [Test worker] internal.JtaPlatformInitiator. - HHH000490: Using JtaPlatform implementation: [org.hibernate.engine.transaction.jta.platform.internal.NoJtaPlatform] {changeSet=migration/node-services.changelog-init.xml::transfer-to-new-persistence-table::R3.Corda, databaseChangeLog=master.changelog.json}
?[m?[37m[INFO] 17:13:28,320 [Test worker] persistence.HibernateConfiguration. - Created session factory for schemas: [MappedSchema(name=net.corda.node.migration.PersistentIdentitiesMigrationSchema, version=1)] {changeSet=migration/node-services.changelog-init.xml::transfer-to-new-persistence-table::R3.Corda, databaseChangeLog=master.changelog.json}
?[m?[37m[INFO] 17:13:28,324 [Test worker] changelog.ChangeSet. - null {changeSet=migration/node-services.changelog-init.xml::transfer-to-new-persistence-table::R3.Corda, databaseChangeLog=master.changelog.json}
?[m?[37m[INFO] 17:13:28,324 [Test worker] changelog.ChangeSet. - ChangeSet migration/node-services.changelog-init.xml::transfer-to-new-persistence-table::R3.Corda ran successfully in 69ms {changeSet=migration/node-services.changelog-init.xml::transfer-to-new-persistence-table::R3.Corda, databaseChangeLog=master.changelog.json}
?[m?[37m[INFO] 17:13:28,331 [Test worker] jvm.JdbcExecutor. - INSERT INTO PUBLIC.DATABASECHANGELOG (ID, AUTHOR, FILENAME, DATEEXECUTED, ORDEREXECUTED, MD5SUM, DESCRIPTION, COMMENTS, EXECTYPE, CONTEXTS, LABELS, LIQUIBASE, DEPLOYMENT_ID) VALUES ('transfer-to-new-persistence-table', 'R3.Corda', 'migration/node-services.changelog-init.xml', NOW(), 93, '8:dc5c1913b593f4a2b95ddca810da11ba', 'customChange', '', 'EXECUTED', NULL, NULL, '3.6.3', '4052005713') {changeSet=migration/node-services.changelog-init.xml::transfer-to-new-persistence-table::R3.Corda, databaseChangeLog=master.changelog.json}
?[m?[37m[INFO] 17:13:28,331 [Test worker] jvm.JdbcExecutor. - CREATE TABLE PUBLIC.node_notary_committed_states (output_index INT NOT NULL, transaction_id NVARCHAR(64) NOT NULL, consuming_transaction_id NVARCHAR(64)) {changeSet=migration/node-services.changelog-init.xml::1511451595465-16::R3.Corda, databaseChangeLog=master.changelog.json}
?[m?[37m[INFO] 17:13:28,332 [Test worker] changelog.ChangeSet. - Table node_notary_committed_states created {changeSet=migration/node-services.changelog-init.xml::1511451595465-16::R3.Corda, databaseChangeLog=master.changelog.json}
?[m?[37m[INFO] 17:13:28,332 [Test worker] changelog.ChangeSet. - ChangeSet migration/node-services.changelog-init.xml::1511451595465-16::R3.Corda ran successfully in 1ms {changeSet=migration/node-services.changelog-init.xml::1511451595465-16::R3.Corda, databaseChangeLog=master.changelog.json}
?[m?[37m[INFO] 17:13:28,332 [Test worker] jvm.JdbcExecutor. - INSERT INTO PUBLIC.DATABASECHANGELOG (ID, AUTHOR, FILENAME, DATEEXECUTED, ORDEREXECUTED, MD5SUM, DESCRIPTION, COMMENTS, EXECTYPE, CONTEXTS, LABELS, LIQUIBASE, DEPLOYMENT_ID) VALUES ('1511451595465-16', 'R3.Corda', 'migration/node-services.changelog-init.xml', NOW(), 94, '8:202eb6144ca2ddf982810c5b333117b8', 'createTable tableName=node_notary_committed_states', '', 'EXECUTED', NULL, NULL, '3.6.3', '4052005713') {changeSet=migration/node-services.changelog-init.xml::1511451595465-16::R3.Corda, databaseChangeLog=master.changelog.json}
?[m?[37m[INFO] 17:13:28,333 [Test worker] jvm.JdbcExecutor. - CREATE TABLE PUBLIC.node_notary_request_log (id INT NOT NULL, consuming_transaction_id NVARCHAR(64) NOT NULL, requesting_party_name NVARCHAR(255) NOT NULL, request_timestamp TIMESTAMP NOT NULL, request_signature BLOB NOT NULL) {changeSet=migration/node-services.changelog-init.xml::1521131680317-17::R3.Corda, databaseChangeLog=master.changelog.json}
?[m?[37m[INFO] 17:13:28,333 [Test worker] changelog.ChangeSet. - Table node_notary_request_log created {changeSet=migration/node-services.changelog-init.xml::1521131680317-17::R3.Corda, databaseChangeLog=master.changelog.json}
?[m?[37m[INFO] 17:13:28,333 [Test worker] changelog.ChangeSet. - ChangeSet migration/node-services.changelog-init.xml::1521131680317-17::R3.Corda ran successfully in 0ms {changeSet=migration/node-services.changelog-init.xml::1521131680317-17::R3.Corda, databaseChangeLog=master.changelog.json}
?[m?[37m[INFO] 17:13:28,334 [Test worker] jvm.JdbcExecutor. - INSERT INTO PUBLIC.DATABASECHANGELOG (ID, AUTHOR, FILENAME, DATEEXECUTED, ORDEREXECUTED, MD5SUM, DESCRIPTION, COMMENTS, EXECTYPE, CONTEXTS, LABELS, LIQUIBASE, DEPLOYMENT_ID) VALUES ('1521131680317-17', 'R3.Corda', 'migration/node-services.changelog-init.xml', NOW(), 95, '8:da67caf796d1a61c253ac38815a6fa6b', 'createTable tableName=node_notary_request_log', '', 'EXECUTED', NULL, NULL, '3.6.3', '4052005713') {changeSet=migration/node-services.changelog-init.xml::1521131680317-17::R3.Corda, databaseChangeLog=master.changelog.json}
?[m?[37m[INFO] 17:13:28,334 [Test worker] jvm.JdbcExecutor. - ALTER TABLE PUBLIC.node_notary_committed_states ADD CONSTRAINT node_notary_states_pkey PRIMARY KEY (output_index, transaction_id) {changeSet=migration/node-services.changelog-init.xml::1511451595465-41::R3.Corda, databaseChangeLog=master.changelog.json}
?[m?[37m[INFO] 17:13:28,335 [Test worker] changelog.ChangeSet. - Primary key added to node_notary_committed_states (output_index, transaction_id) {changeSet=migration/node-services.changelog-init.xml::1511451595465-41::R3.Corda, databaseChangeLog=master.changelog.json}
?[m?[37m[INFO] 17:13:28,335 [Test worker] changelog.ChangeSet. - ChangeSet migration/node-services.changelog-init.xml::1511451595465-41::R3.Corda ran successfully in 1ms {changeSet=migration/node-services.changelog-init.xml::1511451595465-41::R3.Corda, databaseChangeLog=master.changelog.json}
?[m?[37m[INFO] 17:13:28,335 [Test worker] jvm.JdbcExecutor. - INSERT INTO PUBLIC.DATABASECHANGELOG (ID, AUTHOR, FILENAME, DATEEXECUTED, ORDEREXECUTED, MD5SUM, DESCRIPTION, COMMENTS, EXECTYPE, CONTEXTS, LABELS, LIQUIBASE, DEPLOYMENT_ID) VALUES ('1511451595465-41', 'R3.Corda', 'migration/node-services.changelog-init.xml', NOW(), 96, '8:73a5b14473602a38c02858208ef2af9d', 'addPrimaryKey constraintName=node_notary_states_pkey, tableName=node_notary_committed_states', '', 'EXECUTED', NULL, NULL, '3.6.3', '4052005713') {changeSet=migration/node-services.changelog-init.xml::1511451595465-41::R3.Corda, databaseChangeLog=master.changelog.json}
?[m?[37m[INFO] 17:13:28,336 [Test worker] jvm.JdbcExecutor. - ALTER TABLE PUBLIC.node_notary_request_log ADD CONSTRAINT node_notary_request_log_pkey PRIMARY KEY (id) {changeSet=migration/node-services.changelog-init.xml::1521131680317-48::R3.Corda, databaseChangeLog=master.changelog.json}
?[m?[37m[INFO] 17:13:28,336 [Test worker] changelog.ChangeSet. - Primary key added to node_notary_request_log (id) {changeSet=migration/node-services.changelog-init.xml::1521131680317-48::R3.Corda, databaseChangeLog=master.changelog.json}
?[m?[37m[INFO] 17:13:28,336 [Test worker] changelog.ChangeSet. - ChangeSet migration/node-services.changelog-init.xml::1521131680317-48::R3.Corda ran successfully in 1ms {changeSet=migration/node-services.changelog-init.xml::1521131680317-48::R3.Corda, databaseChangeLog=master.changelog.json}
?[m?[37m[INFO] 17:13:28,336 [Test worker] jvm.JdbcExecutor. - INSERT INTO PUBLIC.DATABASECHANGELOG (ID, AUTHOR, FILENAME, DATEEXECUTED, ORDEREXECUTED, MD5SUM, DESCRIPTION, COMMENTS, EXECTYPE, CONTEXTS, LABELS, LIQUIBASE, DEPLOYMENT_ID) VALUES ('1521131680317-48', 'R3.Corda', 'migration/node-services.changelog-init.xml', NOW(), 97, '8:7b2392b8e69fe748f22e678d1e8b1d3e', 'addPrimaryKey constraintName=node_notary_request_log_pkey, tableName=node_notary_request_log', '', 'EXECUTED', NULL, NULL, '3.6.3', '4052005713') {changeSet=migration/node-services.changelog-init.xml::1521131680317-48::R3.Corda, databaseChangeLog=master.changelog.json}
?[m?[37m[INFO] 17:13:28,337 [Test worker] jvm.JdbcExecutor. - ALTER TABLE PUBLIC.node_notary_committed_states ALTER COLUMN consuming_transaction_id SET NOT NULL {changeSet=migration/node-services.changelog-init.xml::nullability::R3.Corda, databaseChangeLog=master.changelog.json}
?[m?[37m[INFO] 17:13:28,338 [Test worker] changelog.ChangeSet. - NOT NULL constraint has been added to node_notary_committed_states.consuming_transaction_id {changeSet=migration/node-services.changelog-init.xml::nullability::R3.Corda, databaseChangeLog=master.changelog.json}
?[m?[37m[INFO] 17:13:28,338 [Test worker] changelog.ChangeSet. - ChangeSet migration/node-services.changelog-init.xml::nullability::R3.Corda ran successfully in 1ms {changeSet=migration/node-services.changelog-init.xml::nullability::R3.Corda, databaseChangeLog=master.changelog.json}
?[m?[37m[INFO] 17:13:28,338 [Test worker] jvm.JdbcExecutor. - INSERT INTO PUBLIC.DATABASECHANGELOG (ID, AUTHOR, FILENAME, DATEEXECUTED, ORDEREXECUTED, MD5SUM, DESCRIPTION, COMMENTS, EXECTYPE, CONTEXTS, LABELS, LIQUIBASE, DEPLOYMENT_ID) VALUES ('nullability', 'R3.Corda', 'migration/node-services.changelog-init.xml', NOW(), 98, '8:3a26bc5f7d8e2feba54946ed0460d0a6', 'addNotNullConstraint columnName=consuming_transaction_id, tableName=node_notary_committed_states', '', 'EXECUTED', NULL, NULL, '3.6.3', '4052005713') {changeSet=migration/node-services.changelog-init.xml::nullability::R3.Corda, databaseChangeLog=master.changelog.json}
?[m?[37m[INFO] 17:13:28,346 [Test worker] changelog.ChangeSet. - Marking ChangeSet: migration/node-notary.changelog-v2.xml::rename-table-notary-commit-log::R3.Corda ran despite precondition failure due to onFail='MARK_RAN': 
          master.changelog.json : Table PUBLIC.node_notary_commit_log does not exist
 {changeSet=migration/node-notary.changelog-v2.xml::rename-table-notary-commit-log::R3.Corda, databaseChangeLog=master.changelog.json}
?[m?[37m[INFO] 17:13:28,347 [Test worker] jvm.JdbcExecutor. - INSERT INTO PUBLIC.DATABASECHANGELOG (ID, AUTHOR, FILENAME, DATEEXECUTED, ORDEREXECUTED, MD5SUM, DESCRIPTION, COMMENTS, EXECTYPE, CONTEXTS, LABELS, LIQUIBASE, DEPLOYMENT_ID) VALUES ('rename-table-notary-commit-log', 'R3.Corda', 'migration/node-notary.changelog-v2.xml', NOW(), 99, '8:18c525e013adbd6f729983990933c4f4', 'renameTable newTableName=node_notary_committed_states, oldTableName=node_notary_commit_log', '', 'MARK_RAN', NULL, NULL, '3.6.3', '4052005713') {changeSet=migration/node-notary.changelog-v2.xml::rename-table-notary-commit-log::R3.Corda, databaseChangeLog=master.changelog.json}
?[m?[37m[INFO] 17:13:28,348 [Test worker] changelog.ChangeSet. - Marking ChangeSet: migration/node-notary.changelog-v2.xml::create-notary-request-log-table::R3.Corda ran despite precondition failure due to onFail='MARK_RAN': 
          master.changelog.json : Not precondition failed
 {changeSet=migration/node-notary.changelog-v2.xml::create-notary-request-log-table::R3.Corda, databaseChangeLog=master.changelog.json}
?[m?[37m[INFO] 17:13:28,349 [Test worker] jvm.JdbcExecutor. - INSERT INTO PUBLIC.DATABASECHANGELOG (ID, AUTHOR, FILENAME, DATEEXECUTED, ORDEREXECUTED, MD5SUM, DESCRIPTION, COMMENTS, EXECTYPE, CONTEXTS, LABELS, LIQUIBASE, DEPLOYMENT_ID) VALUES ('create-notary-request-log-table', 'R3.Corda', 'migration/node-notary.changelog-v2.xml', NOW(), 100, '8:d25c67b0275b7f205b89a85407bf51d0', 'createTable tableName=node_notary_request_log; addPrimaryKey constraintName=node_notary_request_log_pkey, tableName=node_notary_request_log', '', 'MARK_RAN', NULL, NULL, '3.6.3', '4052005713') {changeSet=migration/node-notary.changelog-v2.xml::create-notary-request-log-table::R3.Corda, databaseChangeLog=master.changelog.json}
?[m?[37m[INFO] 17:13:28,350 [Test worker] jvm.JdbcExecutor. - INSERT INTO PUBLIC.DATABASECHANGELOG (ID, AUTHOR, FILENAME, DATEEXECUTED, ORDEREXECUTED, MD5SUM, DESCRIPTION, COMMENTS, EXECTYPE, CONTEXTS, LABELS, LIQUIBASE, DEPLOYMENT_ID) VALUES ('non-clustered_pk-notary_state', 'R3.Corda', 'migration/node-notary.changelog-pkey.xml', NOW(), 101, '8:5b30922594a05dde8768e8af608451f5', 'dropPrimaryKey constraintName=node_notary_states_pkey, tableName=node_notary_committed_states; addPrimaryKey constraintName=node_notary_states_pkey, tableName=node_notary_committed_states', '', 'MARK_RAN', NULL, NULL, '3.6.3', '4052005713') {changeSet=migration/node-notary.changelog-pkey.xml::non-clustered_pk-notary_state::R3.Corda, databaseChangeLog=master.changelog.json}
?[m?[37m[INFO] 17:13:28,351 [Test worker] jvm.JdbcExecutor. - CREATE TABLE PUBLIC.node_notary_committed_txs (transaction_id NVARCHAR(64) NOT NULL) {changeSet=migration/node-notary.changelog-committed-transactions-table.xml::create-notary-committed-transactions-table::R3.Corda, databaseChangeLog=master.changelog.json}
?[m?[37m[INFO] 17:13:28,351 [Test worker] changelog.ChangeSet. - Table node_notary_committed_txs created {changeSet=migration/node-notary.changelog-committed-transactions-table.xml::create-notary-committed-transactions-table::R3.Corda, databaseChangeLog=master.changelog.json}
?[m?[37m[INFO] 17:13:28,351 [Test worker] jvm.JdbcExecutor. - ALTER TABLE PUBLIC.node_notary_committed_txs ADD CONSTRAINT node_notary_transactions_pkey PRIMARY KEY (transaction_id) {changeSet=migration/node-notary.changelog-committed-transactions-table.xml::create-notary-committed-transactions-table::R3.Corda, databaseChangeLog=master.changelog.json}
?[m?[37m[INFO] 17:13:28,351 [Test worker] changelog.ChangeSet. - Primary key added to node_notary_committed_txs (transaction_id) {changeSet=migration/node-notary.changelog-committed-transactions-table.xml::create-notary-committed-transactions-table::R3.Corda, databaseChangeLog=master.changelog.json}
?[m?[37m[INFO] 17:13:28,351 [Test worker] changelog.ChangeSet. - ChangeSet migration/node-notary.changelog-committed-transactions-table.xml::create-notary-committed-transactions-table::R3.Corda ran successfully in 1ms {changeSet=migration/node-notary.changelog-committed-transactions-table.xml::create-notary-committed-transactions-table::R3.Corda, databaseChangeLog=master.changelog.json}
?[m?[37m[INFO] 17:13:28,352 [Test worker] jvm.JdbcExecutor. - INSERT INTO PUBLIC.DATABASECHANGELOG (ID, AUTHOR, FILENAME, DATEEXECUTED, ORDEREXECUTED, MD5SUM, DESCRIPTION, COMMENTS, EXECTYPE, CONTEXTS, LABELS, LIQUIBASE, DEPLOYMENT_ID) VALUES ('create-notary-committed-transactions-table', 'R3.Corda', 'migration/node-notary.changelog-committed-transactions-table.xml', NOW(), 102, '8:ab59160cd3f0ceb591177364f90aa039', 'createTable tableName=node_notary_committed_txs; addPrimaryKey constraintName=node_notary_transactions_pkey, tableName=node_notary_committed_txs', '', 'EXECUTED', NULL, NULL, '3.6.3', '4052005713') {changeSet=migration/node-notary.changelog-committed-transactions-table.xml::create-notary-committed-transactions-table::R3.Corda, databaseChangeLog=master.changelog.json}
?[m?[37m[INFO] 17:13:28,353 [Test worker] lockservice.StandardLockService. - Successfully released change log lock
?[m?[37m[INFO] 17:13:28,355 [Test worker] internal.InternalMockNetwork$MockNode. - Connected to H2 database.
?[m?[37m[INFO] 17:13:28,370 [Test worker] persistence.HibernateConfiguration. - Init HibernateConfiguration for schemas: [CommonSchemaV1(name=net.corda.core.schemas.CommonSchema, version=1), VaultSchemaV1(name=net.corda.node.services.vault.VaultSchema, version=1), NodeInfoSchemaV1(name=net.corda.node.internal.schemas.NodeInfoSchema, version=1), NodeCoreV1(name=net.corda.node.services.schema.NodeSchemaService$NodeCore, version=1), NodeNotarySchemaV1(name=net.corda.node.services.transactions.NodeNotarySchema, version=1)]
?[m?[37m[INFO] 17:13:28,370 [Test worker] persistence.HibernateConfiguration. - Creating session factory for schemas: [CommonSchemaV1(name=net.corda.core.schemas.CommonSchema, version=1), VaultSchemaV1(name=net.corda.node.services.vault.VaultSchema, version=1), NodeInfoSchemaV1(name=net.corda.node.internal.schemas.NodeInfoSchema, version=1), NodeCoreV1(name=net.corda.node.services.schema.NodeSchemaService$NodeCore, version=1), NodeNotarySchemaV1(name=net.corda.node.services.transactions.NodeNotarySchema, version=1)]
?[m?[37m[INFO] 17:13:28,374 [Test worker] internal.ConnectionProviderInitiator. - HHH000130: Instantiating explicit connection provider: net.corda.nodeapi.internal.persistence.HibernateConfiguration$NodeDatabaseConnectionProvider
?[m?[37m[INFO] 17:13:28,374 [Test worker] dialect.Dialect. - HHH000400: Using dialect: org.hibernate.dialect.H2Dialect
?[m?[37m[INFO] 17:13:28,500 [Test worker] connections.access. - HHH10001501: Connection obtained from JdbcConnectionAccess [org.hibernate.engine.jdbc.env.internal.JdbcEnvironmentInitiator$ConnectionProviderJdbcConnectionAccess@5a1a9886] for (non-JTA) DDL execution was not in auto-commit mode; the Connection 'local transaction' will be committed and the Connection will be set into auto-commit mode.
?[m?[37m[INFO] 17:13:28,528 [Test worker] internal.JtaPlatformInitiator. - HHH000490: Using JtaPlatform implementation: [org.hibernate.engine.transaction.jta.platform.internal.NoJtaPlatform]
?[m?[37m[INFO] 17:13:28,528 [Test worker] persistence.HibernateConfiguration. - Created session factory for schemas: [CommonSchemaV1(name=net.corda.core.schemas.CommonSchema, version=1), VaultSchemaV1(name=net.corda.node.services.vault.VaultSchema, version=1), NodeInfoSchemaV1(name=net.corda.node.internal.schemas.NodeInfoSchema, version=1), NodeCoreV1(name=net.corda.node.services.schema.NodeSchemaService$NodeCore, version=1), NodeNotarySchemaV1(name=net.corda.node.services.transactions.NodeNotarySchema, version=1)]
?[m?[37m[INFO] 17:13:28,533 [Test worker] internal.InternalMockNetwork$MockNode. - Node-info has changed so submitting update. Old node-info was null
?[m?[37m[INFO] 17:13:28,533 [Test worker] network.PersistentNetworkMapCache. - Adding node with info: NodeInfo(addresses=[mock.node:1000], legalIdentitiesAndCerts=[O=Notary Service, L=Zurich, C=CH], platformVersion=6, serial=1594052008533)
?[m?[37m[INFO] 17:13:28,537 [Test worker] network.PersistentNetworkMapCache. - No previous node found for O=Notary Service, L=Zurich, C=CH
?[m?[37m[INFO] 17:13:28,653 [Test worker] internal.InternalMockNetwork$MockNode. - New node-info: NodeInfo(addresses=[mock.node:1000], legalIdentitiesAndCerts=[O=Notary Service, L=Zurich, C=CH], platformVersion=6, serial=1594052008533)
?[m?[37m[INFO] 17:13:28,693 [Test worker] network.NetworkMapUpdater. - Auto-accept enabled for network parameter changes which modify only: [epoch, modifiedTime, packageOwnership, whitelistedContractImplementations]
?[m?[37m[INFO] 17:13:28,713 [MockNode-1-2] network.PersistentNetworkMapCache. - Adding node with info: NodeInfo(addresses=[mock.node:1000], legalIdentitiesAndCerts=[O=Notary Service, L=Zurich, C=CH], platformVersion=6, serial=1594052008533)
?[m?[37m[INFO] 17:13:28,734 [MockNode-1-2] network.PersistentNetworkMapCache. - Previous node was identical to incoming one - doing nothing
?[m?[37m[INFO] 17:13:28,742 [Test worker] ClassloaderUtils. - Contracts loading for '/var/folders/_g/9fzbngjj4w32txcb7jh6z86c0000gp/T/attachment7043937488252017368.jar' took 5 msec
?[m?[37m[INFO] 17:13:28,755 [Test worker] persistence.NodeAttachmentService. - Stored new attachment: id=C8FAD87E53A1FCF879C27EC3D731908C0E89E846808E94424A07FFB208E7039E uploader=app filename=Template CorDapp
?[m?[37m[INFO] 17:13:28,759 [Test worker] utilities.NotaryLoader. - Starting notary service: class net.corda.node.services.transactions.SimpleNotaryService
?[m?[37m[INFO] 17:13:28,762 [Test worker] notary.SinglePartyNotaryService. - Starting notary in validating mode
?[m?[37m[INFO] 17:13:29,071 [Test worker] statemachine.SingleThreadedStateMachineManager. - Node ready, info: NodeInfo(addresses=[mock.node:1000], legalIdentitiesAndCerts=[O=Notary Service, L=Zurich, C=CH], platformVersion=6, serial=1594052008533)
?[m?[37m[INFO] 17:13:29,092 [Test worker] network.PersistentNetworkMapCache. - Adding node with info: NodeInfo(addresses=[mock.node:1000], legalIdentitiesAndCerts=[O=Notary Service, L=Zurich, C=CH], platformVersion=6, serial=1594052008533)
?[m?[37m[INFO] 17:13:29,093 [Test worker] network.PersistentNetworkMapCache. - Previous node was identical to incoming one - doing nothing
?[m?[37m[INFO] 17:13:29,094 [Test worker] network.PersistentNetworkMapCache. - Adding node with info: NodeInfo(addresses=[mock.node:1000], legalIdentitiesAndCerts=[O=Notary Service, L=Zurich, C=CH], platformVersion=6, serial=1594052008533)
?[m?[37m[INFO] 17:13:29,094 [Test worker] network.PersistentNetworkMapCache. - Previous node was identical to incoming one - doing nothing
?[m?[37m[INFO] 17:13:29,102 [Test worker] cordapp.JarScanningCordappLoader. - Looking for CorDapps in [build/mock-network/20200706-161310.834/nodes/1/cordapps]
?[m?[37m[INFO] 17:13:29,102 [Test worker] cordapp.JarScanningCordappLoader. - Loading CorDapps from RestrictedURL(url=file:/Users/irynatsimashenka/corda/cordapp-template-java/workflows/build/mock-network/20200706-161310.834/nodes/1/cordapps/contracts-0.1.jar, rootPackageName=null), RestrictedURL(url=file:/Users/irynatsimashenka/corda/cordapp-template-java/workflows/build/mock-network/20200706-161310.834/nodes/1/cordapps/workflows-0.1.jar, rootPackageName=null)
?[m?[37m[INFO] 17:13:29,102 [Test worker] cordapp.JarScanningCordappLoader. - Scanning CorDapp in file:/Users/irynatsimashenka/corda/cordapp-template-java/workflows/build/mock-network/20200706-161310.834/nodes/1/cordapps/contracts-0.1.jar
?[m?[37m[INFO] 17:13:29,108 [Test worker] cordapp.JarScanningCordappLoader. - Scanning CorDapp in file:/Users/irynatsimashenka/corda/cordapp-template-java/workflows/build/mock-network/20200706-161310.834/nodes/1/cordapps/workflows-0.1.jar
?[m?[37m[INFO] 17:13:29,127 [Test worker] internal.InternalMockNetwork$MockNode. - Flow external operation executor has a max of 2 threads
?[m?[37m[INFO] 17:13:29,128 [Test worker] internal.InternalMockNetwork$MockNode. - Node starting up ...
?[m?[37m[INFO] 17:13:29,158 [Test worker] internal.NodeFlowManager. - Registered com.template.flows.PingFlow to initiate com.template.flows.PongFlow (version 1)
?[m?[37m[INFO] 17:13:29,160 [Test worker] internal.InternalMockNetwork$MockNode. - Loaded network parameters: NetworkParameters {
      minimumPlatformVersion=1
      notaries=[NotaryInfo(identity=O=Notary Service, L=Zurich, C=CH, validating=true)]
      maxMessageSize=10485760
      maxTransactionSize=524288000
      whitelistedContractImplementations {
        
      }
      eventHorizon=PT720H
      packageOwnership {
        
      }
      modifiedTime=2020-07-06T16:13:10.779Z
      epoch=1
  }
?[m?[37m[INFO] 17:13:29,160 [Test worker] hikari.HikariDataSource. - HikariPool-2 - Starting...
?[m?[37m[INFO] 17:13:29,161 [Test worker] hikari.HikariDataSource. - HikariPool-2 - Start completed.
?[m?[37m[INFO] 17:13:29,333 [Test worker] changelog.StandardChangeLogHistoryService. - Creating database history table with name: PUBLIC.DATABASECHANGELOG
?[m?[37m[INFO] 17:13:29,334 [Test worker] jvm.JdbcExecutor. - CREATE TABLE PUBLIC.DATABASECHANGELOG (ID VARCHAR(255) NOT NULL, AUTHOR VARCHAR(255) NOT NULL, FILENAME VARCHAR(255) NOT NULL, DATEEXECUTED TIMESTAMP NOT NULL, ORDEREXECUTED INT NOT NULL, EXECTYPE VARCHAR(10) NOT NULL, MD5SUM VARCHAR(35), DESCRIPTION VARCHAR(255), COMMENTS VARCHAR(255), TAG VARCHAR(255), LIQUIBASE VARCHAR(20), CONTEXTS VARCHAR(255), LABELS VARCHAR(255), DEPLOYMENT_ID VARCHAR(10))
?[m?[37m[INFO] 17:13:29,334 [Test worker] jvm.JdbcExecutor. - SELECT COUNT(*) FROM PUBLIC.DATABASECHANGELOG
?[m?[37m[INFO] 17:13:29,335 [Test worker] changelog.StandardChangeLogHistoryService. - Reading from PUBLIC.DATABASECHANGELOG
?[m?[37m[INFO] 17:13:29,335 [Test worker] jvm.JdbcExecutor. - SELECT * FROM PUBLIC.DATABASECHANGELOG ORDER BY DATEEXECUTED ASC, ORDEREXECUTED ASC
?[m?[37m[INFO] 17:13:29,335 [Test worker] jvm.JdbcExecutor. - SELECT COUNT(*) FROM PUBLIC.DATABASECHANGELOGLOCK
?[m?[37m[INFO] 17:13:29,336 [Test worker] jvm.JdbcExecutor. - CREATE TABLE PUBLIC.DATABASECHANGELOGLOCK (ID INT NOT NULL, LOCKED BOOLEAN NOT NULL, LOCKGRANTED TIMESTAMP, LOCKEDBY VARCHAR(255), CONSTRAINT PK_DATABASECHANGELOGLOCK PRIMARY KEY (ID))
?[m?[37m[INFO] 17:13:29,336 [Test worker] jvm.JdbcExecutor. - SELECT COUNT(*) FROM PUBLIC.DATABASECHANGELOGLOCK
?[m?[37m[INFO] 17:13:29,336 [Test worker] jvm.JdbcExecutor. - DELETE FROM PUBLIC.DATABASECHANGELOGLOCK
?[m?[37m[INFO] 17:13:29,337 [Test worker] jvm.JdbcExecutor. - INSERT INTO PUBLIC.DATABASECHANGELOGLOCK (ID, LOCKED) VALUES (1, FALSE)
?[m?[37m[INFO] 17:13:29,349 [Test worker] visitor.ValidatingVisitor. - Skipping change set migration/vault-schema.changelog-pkey.xml::non-clustered_pk-11::R3.Corda due to validation error(s): clustered is not allowed on h2 {changeSet=migration/vault-schema.changelog-pkey.xml::non-clustered_pk-11::R3.Corda, databaseChangeLog=master.changelog.json}
?[m?[37m[INFO] 17:13:29,350 [Test worker] visitor.ValidatingVisitor. - Skipping change set migration/vault-schema.changelog-pkey.xml::non-clustered_pk-12::R3.Corda due to validation error(s): clustered is not allowed on h2 {changeSet=migration/vault-schema.changelog-pkey.xml::non-clustered_pk-12::R3.Corda, databaseChangeLog=master.changelog.json}
?[m?[37m[INFO] 17:13:29,350 [Test worker] visitor.ValidatingVisitor. - Skipping change set migration/vault-schema.changelog-pkey.xml::non-clustered_pk-13::R3.Corda due to validation error(s): clustered is not allowed on h2 {changeSet=migration/vault-schema.changelog-pkey.xml::non-clustered_pk-13::R3.Corda, databaseChangeLog=master.changelog.json}
?[m?[37m[INFO] 17:13:29,374 [Test worker] visitor.ValidatingVisitor. - Skipping change set migration/node-core.changelog-pkey.xml::non-clustered_pk-1::R3.Corda due to validation error(s): clustered is not allowed on h2 {changeSet=migration/node-core.changelog-pkey.xml::non-clustered_pk-1::R3.Corda, databaseChangeLog=master.changelog.json}
?[m?[37m[INFO] 17:13:29,374 [Test worker] visitor.ValidatingVisitor. - Skipping change set migration/node-core.changelog-pkey.xml::non-clustered_pk-2::R3.Corda due to validation error(s): clustered is not allowed on h2 {changeSet=migration/node-core.changelog-pkey.xml::non-clustered_pk-2::R3.Corda, databaseChangeLog=master.changelog.json}
?[m?[37m[INFO] 17:13:29,374 [Test worker] visitor.ValidatingVisitor. - Skipping change set migration/node-core.changelog-pkey.xml::non-clustered_pk-3::R3.Corda due to validation error(s): clustered is not allowed on h2 {changeSet=migration/node-core.changelog-pkey.xml::non-clustered_pk-3::R3.Corda, databaseChangeLog=master.changelog.json}
?[m?[37m[INFO] 17:13:29,375 [Test worker] visitor.ValidatingVisitor. - Skipping change set migration/node-core.changelog-pkey.xml::non-clustered_pk-4::R3.Corda due to validation error(s): clustered is not allowed on h2 {changeSet=migration/node-core.changelog-pkey.xml::non-clustered_pk-4::R3.Corda, databaseChangeLog=master.changelog.json}
?[m?[37m[INFO] 17:13:29,375 [Test worker] visitor.ValidatingVisitor. - Skipping change set migration/node-core.changelog-pkey.xml::non-clustered_pk-5::R3.Corda due to validation error(s): clustered is not allowed on h2 {changeSet=migration/node-core.changelog-pkey.xml::non-clustered_pk-5::R3.Corda, databaseChangeLog=master.changelog.json}
?[m?[37m[INFO] 17:13:29,375 [Test worker] visitor.ValidatingVisitor. - Skipping change set migration/node-core.changelog-pkey.xml::non-clustered_pk-6::R3.Corda due to validation error(s): clustered is not allowed on h2 {changeSet=migration/node-core.changelog-pkey.xml::non-clustered_pk-6::R3.Corda, databaseChangeLog=master.changelog.json}
?[m?[37m[INFO] 17:13:29,375 [Test worker] visitor.ValidatingVisitor. - Skipping change set migration/node-core.changelog-pkey.xml::non-clustered_pk-7::R3.Corda due to validation error(s): clustered is not allowed on h2 {changeSet=migration/node-core.changelog-pkey.xml::non-clustered_pk-7::R3.Corda, databaseChangeLog=master.changelog.json}
?[m?[37m[INFO] 17:13:29,391 [Test worker] jvm.JdbcExecutor. - SELECT COUNT(*) FROM PUBLIC.DATABASECHANGELOGLOCK
?[m?[37m[INFO] 17:13:29,391 [Test worker] jvm.JdbcExecutor. - SELECT LOCKED FROM PUBLIC.DATABASECHANGELOGLOCK WHERE ID=1
?[m?[37m[INFO] 17:13:29,392 [Test worker] lockservice.StandardLockService. - Successfully acquired change log lock
?[m?[37m[INFO] 17:13:29,394 [Test worker] visitor.ValidatingVisitor. - Skipping change set migration/vault-schema.changelog-pkey.xml::non-clustered_pk-11::R3.Corda due to validation error(s): clustered is not allowed on h2 {changeSet=migration/vault-schema.changelog-pkey.xml::non-clustered_pk-11::R3.Corda, databaseChangeLog=master.changelog.json}
?[m?[37m[INFO] 17:13:29,395 [Test worker] visitor.ValidatingVisitor. - Skipping change set migration/vault-schema.changelog-pkey.xml::non-clustered_pk-12::R3.Corda due to validation error(s): clustered is not allowed on h2 {changeSet=migration/vault-schema.changelog-pkey.xml::non-clustered_pk-12::R3.Corda, databaseChangeLog=master.changelog.json}
?[m?[37m[INFO] 17:13:29,395 [Test worker] visitor.ValidatingVisitor. - Skipping change set migration/vault-schema.changelog-pkey.xml::non-clustered_pk-13::R3.Corda due to validation error(s): clustered is not allowed on h2 {changeSet=migration/vault-schema.changelog-pkey.xml::non-clustered_pk-13::R3.Corda, databaseChangeLog=master.changelog.json}
?[m?[37m[INFO] 17:13:29,399 [Test worker] visitor.ValidatingVisitor. - Skipping change set migration/node-core.changelog-pkey.xml::non-clustered_pk-1::R3.Corda due to validation error(s): clustered is not allowed on h2 {changeSet=migration/node-core.changelog-pkey.xml::non-clustered_pk-1::R3.Corda, databaseChangeLog=master.changelog.json}
?[m?[37m[INFO] 17:13:29,399 [Test worker] visitor.ValidatingVisitor. - Skipping change set migration/node-core.changelog-pkey.xml::non-clustered_pk-2::R3.Corda due to validation error(s): clustered is not allowed on h2 {changeSet=migration/node-core.changelog-pkey.xml::non-clustered_pk-2::R3.Corda, databaseChangeLog=master.changelog.json}
?[m?[37m[INFO] 17:13:29,399 [Test worker] visitor.ValidatingVisitor. - Skipping change set migration/node-core.changelog-pkey.xml::non-clustered_pk-3::R3.Corda due to validation error(s): clustered is not allowed on h2 {changeSet=migration/node-core.changelog-pkey.xml::non-clustered_pk-3::R3.Corda, databaseChangeLog=master.changelog.json}
?[m?[37m[INFO] 17:13:29,399 [Test worker] visitor.ValidatingVisitor. - Skipping change set migration/node-core.changelog-pkey.xml::non-clustered_pk-4::R3.Corda due to validation error(s): clustered is not allowed on h2 {changeSet=migration/node-core.changelog-pkey.xml::non-clustered_pk-4::R3.Corda, databaseChangeLog=master.changelog.json}
?[m?[37m[INFO] 17:13:29,399 [Test worker] visitor.ValidatingVisitor. - Skipping change set migration/node-core.changelog-pkey.xml::non-clustered_pk-5::R3.Corda due to validation error(s): clustered is not allowed on h2 {changeSet=migration/node-core.changelog-pkey.xml::non-clustered_pk-5::R3.Corda, databaseChangeLog=master.changelog.json}
?[m?[37m[INFO] 17:13:29,399 [Test worker] visitor.ValidatingVisitor. - Skipping change set migration/node-core.changelog-pkey.xml::non-clustered_pk-6::R3.Corda due to validation error(s): clustered is not allowed on h2 {changeSet=migration/node-core.changelog-pkey.xml::non-clustered_pk-6::R3.Corda, databaseChangeLog=master.changelog.json}
?[m?[37m[INFO] 17:13:29,399 [Test worker] visitor.ValidatingVisitor. - Skipping change set migration/node-core.changelog-pkey.xml::non-clustered_pk-7::R3.Corda due to validation error(s): clustered is not allowed on h2 {changeSet=migration/node-core.changelog-pkey.xml::non-clustered_pk-7::R3.Corda, databaseChangeLog=master.changelog.json}
?[m?[37m[INFO] 17:13:29,401 [Test worker] jvm.JdbcExecutor. - SELECT SEQUENCE_NAME FROM INFORMATION_SCHEMA.SEQUENCES WHERE SEQUENCE_SCHEMA = 'null' AND IS_GENERATED=FALSE {changeSet=migration/common.changelog-init.xml::1511451595465-1.1::R3.Corda, databaseChangeLog=master.changelog.json}
?[m?[37m[INFO] 17:13:29,402 [Test worker] jvm.JdbcExecutor. - SELECT SEQUENCE_NAME FROM INFORMATION_SCHEMA.SEQUENCES WHERE SEQUENCE_SCHEMA = 'PUBLIC' AND IS_GENERATED=FALSE {changeSet=migration/common.changelog-init.xml::1511451595465-1.1::R3.Corda, databaseChangeLog=master.changelog.json}
?[m?[37m[INFO] 17:13:29,402 [Test worker] jvm.JdbcExecutor. - CREATE SEQUENCE PUBLIC.hibernate_sequence {changeSet=migration/common.changelog-init.xml::1511451595465-1.1::R3.Corda, databaseChangeLog=master.changelog.json}
?[m?[37m[INFO] 17:13:29,402 [Test worker] changelog.ChangeSet. - Sequence hibernate_sequence created {changeSet=migration/common.changelog-init.xml::1511451595465-1.1::R3.Corda, databaseChangeLog=master.changelog.json}
?[m?[37m[INFO] 17:13:29,402 [Test worker] changelog.ChangeSet. - ChangeSet migration/common.changelog-init.xml::1511451595465-1.1::R3.Corda ran successfully in 1ms {changeSet=migration/common.changelog-init.xml::1511451595465-1.1::R3.Corda, databaseChangeLog=master.changelog.json}
?[m?[37m[INFO] 17:13:29,402 [Test worker] jvm.JdbcExecutor. - SELECT MAX(ORDEREXECUTED) FROM PUBLIC.DATABASECHANGELOG {changeSet=migration/common.changelog-init.xml::1511451595465-1.1::R3.Corda, databaseChangeLog=master.changelog.json}
?[m?[37m[INFO] 17:13:29,403 [Test worker] jvm.JdbcExecutor. - INSERT INTO PUBLIC.DATABASECHANGELOG (ID, AUTHOR, FILENAME, DATEEXECUTED, ORDEREXECUTED, MD5SUM, DESCRIPTION, COMMENTS, EXECTYPE, CONTEXTS, LABELS, LIQUIBASE, DEPLOYMENT_ID) VALUES ('1511451595465-1.1', 'R3.Corda', 'migration/common.changelog-init.xml', NOW(), 1, '8:9df4ee4464a4a10dfcf2717c73a52620', 'createSequence sequenceName=hibernate_sequence', '', 'EXECUTED', NULL, NULL, '3.6.3', '4052009392') {changeSet=migration/common.changelog-init.xml::1511451595465-1.1::R3.Corda, databaseChangeLog=master.changelog.json}
?[m?[37m[INFO] 17:13:29,404 [Test worker] jvm.JdbcExecutor. - CREATE TABLE PUBLIC.vault_fungible_states (output_index INT NOT NULL, transaction_id NVARCHAR(64) NOT NULL, issuer_name NVARCHAR(255), issuer_ref VARBINARY(512), owner_name NVARCHAR(255), quantity BIGINT) {changeSet=migration/vault-schema.changelog-init.xml::1511451595465-22::R3.Corda, databaseChangeLog=master.changelog.json}
?[m?[37m[INFO] 17:13:29,404 [Test worker] changelog.ChangeSet. - Table vault_fungible_states created {changeSet=migration/vault-schema.changelog-init.xml::1511451595465-22::R3.Corda, databaseChangeLog=master.changelog.json}
?[m?[37m[INFO] 17:13:29,404 [Test worker] changelog.ChangeSet. - ChangeSet migration/vault-schema.changelog-init.xml::1511451595465-22::R3.Corda ran successfully in 1ms {changeSet=migration/vault-schema.changelog-init.xml::1511451595465-22::R3.Corda, databaseChangeLog=master.changelog.json}
?[m?[37m[INFO] 17:13:29,404 [Test worker] jvm.JdbcExecutor. - INSERT INTO PUBLIC.DATABASECHANGELOG (ID, AUTHOR, FILENAME, DATEEXECUTED, ORDEREXECUTED, MD5SUM, DESCRIPTION, COMMENTS, EXECTYPE, CONTEXTS, LABELS, LIQUIBASE, DEPLOYMENT_ID) VALUES ('1511451595465-22', 'R3.Corda', 'migration/vault-schema.changelog-init.xml', NOW(), 2, '8:4ae481f11ac84744a4392bbfd533fa75', 'createTable tableName=vault_fungible_states', '', 'EXECUTED', NULL, NULL, '3.6.3', '4052009392') {changeSet=migration/vault-schema.changelog-init.xml::1511451595465-22::R3.Corda, databaseChangeLog=master.changelog.json}
?[m?[37m[INFO] 17:13:29,405 [Test worker] jvm.JdbcExecutor. - CREATE TABLE PUBLIC.vault_fungible_states_parts (output_index INT NOT NULL, transaction_id NVARCHAR(64) NOT NULL, participants NVARCHAR(255)) {changeSet=migration/vault-schema.changelog-init.xml::1511451595465-23::R3.Corda, databaseChangeLog=master.changelog.json}
?[m?[37m[INFO] 17:13:29,405 [Test worker] changelog.ChangeSet. - Table vault_fungible_states_parts created {changeSet=migration/vault-schema.changelog-init.xml::1511451595465-23::R3.Corda, databaseChangeLog=master.changelog.json}
?[m?[37m[INFO] 17:13:29,405 [Test worker] changelog.ChangeSet. - ChangeSet migration/vault-schema.changelog-init.xml::1511451595465-23::R3.Corda ran successfully in 0ms {changeSet=migration/vault-schema.changelog-init.xml::1511451595465-23::R3.Corda, databaseChangeLog=master.changelog.json}
?[m?[37m[INFO] 17:13:29,406 [Test worker] jvm.JdbcExecutor. - INSERT INTO PUBLIC.DATABASECHANGELOG (ID, AUTHOR, FILENAME, DATEEXECUTED, ORDEREXECUTED, MD5SUM, DESCRIPTION, COMMENTS, EXECTYPE, CONTEXTS, LABELS, LIQUIBASE, DEPLOYMENT_ID) VALUES ('1511451595465-23', 'R3.Corda', 'migration/vault-schema.changelog-init.xml', NOW(), 3, '8:3222255d3b2e04b9dfad42d9acab103e', 'createTable tableName=vault_fungible_states_parts', '', 'EXECUTED', NULL, NULL, '3.6.3', '4052009392') {changeSet=migration/vault-schema.changelog-init.xml::1511451595465-23::R3.Corda, databaseChangeLog=master.changelog.json}
?[m?[37m[INFO] 17:13:29,407 [Test worker] jvm.JdbcExecutor. - CREATE TABLE PUBLIC.vault_linear_states (output_index INT NOT NULL, transaction_id NVARCHAR(64) NOT NULL, external_id NVARCHAR(255), uuid VARCHAR(255) NOT NULL) {changeSet=migration/vault-schema.changelog-init.xml::1511451595465-24::R3.Corda, databaseChangeLog=master.changelog.json}
?[m?[37m[INFO] 17:13:29,408 [Test worker] changelog.ChangeSet. - Table vault_linear_states created {changeSet=migration/vault-schema.changelog-init.xml::1511451595465-24::R3.Corda, databaseChangeLog=master.changelog.json}
?[m?[37m[INFO] 17:13:29,408 [Test worker] changelog.ChangeSet. - ChangeSet migration/vault-schema.changelog-init.xml::1511451595465-24::R3.Corda ran successfully in 1ms {changeSet=migration/vault-schema.changelog-init.xml::1511451595465-24::R3.Corda, databaseChangeLog=master.changelog.json}
?[m?[37m[INFO] 17:13:29,408 [Test worker] jvm.JdbcExecutor. - INSERT INTO PUBLIC.DATABASECHANGELOG (ID, AUTHOR, FILENAME, DATEEXECUTED, ORDEREXECUTED, MD5SUM, DESCRIPTION, COMMENTS, EXECTYPE, CONTEXTS, LABELS, LIQUIBASE, DEPLOYMENT_ID) VALUES ('1511451595465-24', 'R3.Corda', 'migration/vault-schema.changelog-init.xml', NOW(), 4, '8:fb2c5b52213239424320d137dc22059b', 'createTable tableName=vault_linear_states', '', 'EXECUTED', NULL, NULL, '3.6.3', '4052009392') {changeSet=migration/vault-schema.changelog-init.xml::1511451595465-24::R3.Corda, databaseChangeLog=master.changelog.json}
?[m?[37m[INFO] 17:13:29,409 [Test worker] jvm.JdbcExecutor. - CREATE TABLE PUBLIC.vault_linear_states_parts (output_index INT NOT NULL, transaction_id NVARCHAR(64) NOT NULL, participants NVARCHAR(255)) {changeSet=migration/vault-schema.changelog-init.xml::1511451595465-25::R3.Corda, databaseChangeLog=master.changelog.json}
?[m?[37m[INFO] 17:13:29,410 [Test worker] changelog.ChangeSet. - Table vault_linear_states_parts created {changeSet=migration/vault-schema.changelog-init.xml::1511451595465-25::R3.Corda, databaseChangeLog=master.changelog.json}
?[m?[37m[INFO] 17:13:29,410 [Test worker] changelog.ChangeSet. - ChangeSet migration/vault-schema.changelog-init.xml::1511451595465-25::R3.Corda ran successfully in 1ms {changeSet=migration/vault-schema.changelog-init.xml::1511451595465-25::R3.Corda, databaseChangeLog=master.changelog.json}
?[m?[37m[INFO] 17:13:29,410 [Test worker] jvm.JdbcExecutor. - INSERT INTO PUBLIC.DATABASECHANGELOG (ID, AUTHOR, FILENAME, DATEEXECUTED, ORDEREXECUTED, MD5SUM, DESCRIPTION, COMMENTS, EXECTYPE, CONTEXTS, LABELS, LIQUIBASE, DEPLOYMENT_ID) VALUES ('1511451595465-25', 'R3.Corda', 'migration/vault-schema.changelog-init.xml', NOW(), 5, '8:ccb2ca1b37c0eeb2ac12506f17bc8ee0', 'createTable tableName=vault_linear_states_parts', '', 'EXECUTED', NULL, NULL, '3.6.3', '4052009392') {changeSet=migration/vault-schema.changelog-init.xml::1511451595465-25::R3.Corda, databaseChangeLog=master.changelog.json}
?[m?[37m[INFO] 17:13:29,411 [Test worker] jvm.JdbcExecutor. - CREATE TABLE PUBLIC.vault_states (output_index INT NOT NULL, transaction_id NVARCHAR(64) NOT NULL, consumed_timestamp TIMESTAMP, contract_state_class_name NVARCHAR(255), lock_id NVARCHAR(255), lock_timestamp TIMESTAMP, notary_name NVARCHAR(255), recorded_timestamp TIMESTAMP, state_status INT) {changeSet=migration/vault-schema.changelog-init.xml::1511451595465-26::R3.Corda, databaseChangeLog=master.changelog.json}
?[m?[37m[INFO] 17:13:29,411 [Test worker] changelog.ChangeSet. - Table vault_states created {changeSet=migration/vault-schema.changelog-init.xml::1511451595465-26::R3.Corda, databaseChangeLog=master.changelog.json}
?[m?[37m[INFO] 17:13:29,411 [Test worker] changelog.ChangeSet. - ChangeSet migration/vault-schema.changelog-init.xml::1511451595465-26::R3.Corda ran successfully in 0ms {changeSet=migration/vault-schema.changelog-init.xml::1511451595465-26::R3.Corda, databaseChangeLog=master.changelog.json}
?[m?[37m[INFO] 17:13:29,412 [Test worker] jvm.JdbcExecutor. - INSERT INTO PUBLIC.DATABASECHANGELOG (ID, AUTHOR, FILENAME, DATEEXECUTED, ORDEREXECUTED, MD5SUM, DESCRIPTION, COMMENTS, EXECTYPE, CONTEXTS, LABELS, LIQUIBASE, DEPLOYMENT_ID) VALUES ('1511451595465-26', 'R3.Corda', 'migration/vault-schema.changelog-init.xml', NOW(), 6, '8:971edadc2af9e847ed490f418530d40b', 'createTable tableName=vault_states', '', 'EXECUTED', NULL, NULL, '3.6.3', '4052009392') {changeSet=migration/vault-schema.changelog-init.xml::1511451595465-26::R3.Corda, databaseChangeLog=master.changelog.json}
?[m?[37m[INFO] 17:13:29,413 [Test worker] jvm.JdbcExecutor. - CREATE TABLE PUBLIC.vault_transaction_notes (seq_no INT NOT NULL, note NVARCHAR(255), transaction_id NVARCHAR(64)) {changeSet=migration/vault-schema.changelog-init.xml::1511451595465-27::R3.Corda, databaseChangeLog=master.changelog.json}
?[m?[37m[INFO] 17:13:29,413 [Test worker] changelog.ChangeSet. - Table vault_transaction_notes created {changeSet=migration/vault-schema.changelog-init.xml::1511451595465-27::R3.Corda, databaseChangeLog=master.changelog.json}
?[m?[37m[INFO] 17:13:29,413 [Test worker] changelog.ChangeSet. - ChangeSet migration/vault-schema.changelog-init.xml::1511451595465-27::R3.Corda ran successfully in 1ms {changeSet=migration/vault-schema.changelog-init.xml::1511451595465-27::R3.Corda, databaseChangeLog=master.changelog.json}
?[m?[37m[INFO] 17:13:29,414 [Test worker] jvm.JdbcExecutor. - INSERT INTO PUBLIC.DATABASECHANGELOG (ID, AUTHOR, FILENAME, DATEEXECUTED, ORDEREXECUTED, MD5SUM, DESCRIPTION, COMMENTS, EXECTYPE, CONTEXTS, LABELS, LIQUIBASE, DEPLOYMENT_ID) VALUES ('1511451595465-27', 'R3.Corda', 'migration/vault-schema.changelog-init.xml', NOW(), 7, '8:7a8064e58d100a02ed56e538122296e4', 'createTable tableName=vault_transaction_notes', '', 'EXECUTED', NULL, NULL, '3.6.3', '4052009392') {changeSet=migration/vault-schema.changelog-init.xml::1511451595465-27::R3.Corda, databaseChangeLog=master.changelog.json}
?[m?[37m[INFO] 17:13:29,415 [Test worker] jvm.JdbcExecutor. - ALTER TABLE PUBLIC.vault_fungible_states ADD CONSTRAINT vault_fungible_states_pkey PRIMARY KEY (output_index, transaction_id) {changeSet=migration/vault-schema.changelog-init.xml::1511451595465-47::R3.Corda, databaseChangeLog=master.changelog.json}
?[m?[37m[INFO] 17:13:29,416 [Test worker] changelog.ChangeSet. - Primary key added to vault_fungible_states (output_index, transaction_id) {changeSet=migration/vault-schema.changelog-init.xml::1511451595465-47::R3.Corda, databaseChangeLog=master.changelog.json}
?[m?[37m[INFO] 17:13:29,416 [Test worker] changelog.ChangeSet. - ChangeSet migration/vault-schema.changelog-init.xml::1511451595465-47::R3.Corda ran successfully in 1ms {changeSet=migration/vault-schema.changelog-init.xml::1511451595465-47::R3.Corda, databaseChangeLog=master.changelog.json}
?[m?[37m[INFO] 17:13:29,417 [Test worker] jvm.JdbcExecutor. - INSERT INTO PUBLIC.DATABASECHANGELOG (ID, AUTHOR, FILENAME, DATEEXECUTED, ORDEREXECUTED, MD5SUM, DESCRIPTION, COMMENTS, EXECTYPE, CONTEXTS, LABELS, LIQUIBASE, DEPLOYMENT_ID) VALUES ('1511451595465-47', 'R3.Corda', 'migration/vault-schema.changelog-init.xml', NOW(), 8, '8:4eddd48de14b69bdd265a4b0c438f070', 'addPrimaryKey constraintName=vault_fungible_states_pkey, tableName=vault_fungible_states', '', 'EXECUTED', NULL, NULL, '3.6.3', '4052009392') {changeSet=migration/vault-schema.changelog-init.xml::1511451595465-47::R3.Corda, databaseChangeLog=master.changelog.json}
?[m?[37m[INFO] 17:13:29,418 [Test worker] jvm.JdbcExecutor. - ALTER TABLE PUBLIC.vault_linear_states ADD CONSTRAINT vault_linear_states_pkey PRIMARY KEY (output_index, transaction_id) {changeSet=migration/vault-schema.changelog-init.xml::1511451595465-48::R3.Corda, databaseChangeLog=master.changelog.json}
?[m?[37m[INFO] 17:13:29,419 [Test worker] changelog.ChangeSet. - Primary key added to vault_linear_states (output_index, transaction_id) {changeSet=migration/vault-schema.changelog-init.xml::1511451595465-48::R3.Corda, databaseChangeLog=master.changelog.json}
?[m?[37m[INFO] 17:13:29,419 [Test worker] changelog.ChangeSet. - ChangeSet migration/vault-schema.changelog-init.xml::1511451595465-48::R3.Corda ran successfully in 2ms {changeSet=migration/vault-schema.changelog-init.xml::1511451595465-48::R3.Corda, databaseChangeLog=master.changelog.json}
?[m?[37m[INFO] 17:13:29,421 [Test worker] jvm.JdbcExecutor. - INSERT INTO PUBLIC.DATABASECHANGELOG (ID, AUTHOR, FILENAME, DATEEXECUTED, ORDEREXECUTED, MD5SUM, DESCRIPTION, COMMENTS, EXECTYPE, CONTEXTS, LABELS, LIQUIBASE, DEPLOYMENT_ID) VALUES ('1511451595465-48', 'R3.Corda', 'migration/vault-schema.changelog-init.xml', NOW(), 9, '8:3695c44ddebef2dde359dec253a5969a', 'addPrimaryKey constraintName=vault_linear_states_pkey, tableName=vault_linear_states', '', 'EXECUTED', NULL, NULL, '3.6.3', '4052009392') {changeSet=migration/vault-schema.changelog-init.xml::1511451595465-48::R3.Corda, databaseChangeLog=master.changelog.json}
?[m?[37m[INFO] 17:13:29,422 [Test worker] jvm.JdbcExecutor. - ALTER TABLE PUBLIC.vault_states ADD CONSTRAINT vault_states_pkey PRIMARY KEY (output_index, transaction_id) {changeSet=migration/vault-schema.changelog-init.xml::1511451595465-49::R3.Corda, databaseChangeLog=master.changelog.json}
?[m?[37m[INFO] 17:13:29,422 [Test worker] changelog.ChangeSet. - Primary key added to vault_states (output_index, transaction_id) {changeSet=migration/vault-schema.changelog-init.xml::1511451595465-49::R3.Corda, databaseChangeLog=master.changelog.json}
?[m?[37m[INFO] 17:13:29,422 [Test worker] changelog.ChangeSet. - ChangeSet migration/vault-schema.changelog-init.xml::1511451595465-49::R3.Corda ran successfully in 0ms {changeSet=migration/vault-schema.changelog-init.xml::1511451595465-49::R3.Corda, databaseChangeLog=master.changelog.json}
?[m?[37m[INFO] 17:13:29,423 [Test worker] jvm.JdbcExecutor. - INSERT INTO PUBLIC.DATABASECHANGELOG (ID, AUTHOR, FILENAME, DATEEXECUTED, ORDEREXECUTED, MD5SUM, DESCRIPTION, COMMENTS, EXECTYPE, CONTEXTS, LABELS, LIQUIBASE, DEPLOYMENT_ID) VALUES ('1511451595465-49', 'R3.Corda', 'migration/vault-schema.changelog-init.xml', NOW(), 10, '8:5d21dc3c09051ea30475250d25178892', 'addPrimaryKey constraintName=vault_states_pkey, tableName=vault_states', '', 'EXECUTED', NULL, NULL, '3.6.3', '4052009392') {changeSet=migration/vault-schema.changelog-init.xml::1511451595465-49::R3.Corda, databaseChangeLog=master.changelog.json}
?[m?[37m[INFO] 17:13:29,424 [Test worker] jvm.JdbcExecutor. - ALTER TABLE PUBLIC.vault_transaction_notes ADD CONSTRAINT vault_transaction_notes_pkey PRIMARY KEY (seq_no) {changeSet=migration/vault-schema.changelog-init.xml::1511451595465-50::R3.Corda, databaseChangeLog=master.changelog.json}
?[m?[37m[INFO] 17:13:29,424 [Test worker] changelog.ChangeSet. - Primary key added to vault_transaction_notes (seq_no) {changeSet=migration/vault-schema.changelog-init.xml::1511451595465-50::R3.Corda, databaseChangeLog=master.changelog.json}
?[m?[37m[INFO] 17:13:29,424 [Test worker] changelog.ChangeSet. - ChangeSet migration/vault-schema.changelog-init.xml::1511451595465-50::R3.Corda ran successfully in 1ms {changeSet=migration/vault-schema.changelog-init.xml::1511451595465-50::R3.Corda, databaseChangeLog=master.changelog.json}
?[m?[37m[INFO] 17:13:29,425 [Test worker] jvm.JdbcExecutor. - INSERT INTO PUBLIC.DATABASECHANGELOG (ID, AUTHOR, FILENAME, DATEEXECUTED, ORDEREXECUTED, MD5SUM, DESCRIPTION, COMMENTS, EXECTYPE, CONTEXTS, LABELS, LIQUIBASE, DEPLOYMENT_ID) VALUES ('1511451595465-50', 'R3.Corda', 'migration/vault-schema.changelog-init.xml', NOW(), 11, '8:2bf545e5d7593a3456708426c3686ebb', 'addPrimaryKey constraintName=vault_transaction_notes_pkey, tableName=vault_transaction_notes', '', 'EXECUTED', NULL, NULL, '3.6.3', '4052009392') {changeSet=migration/vault-schema.changelog-init.xml::1511451595465-50::R3.Corda, databaseChangeLog=master.changelog.json}
?[m?[37m[INFO] 17:13:29,425 [Test worker] jvm.JdbcExecutor. - CREATE INDEX PUBLIC.external_id_index ON PUBLIC.vault_linear_states(external_id) {changeSet=migration/vault-schema.changelog-init.xml::1511451595465-53::R3.Corda, databaseChangeLog=master.changelog.json}
?[m?[37m[INFO] 17:13:29,426 [Test worker] changelog.ChangeSet. - Index external_id_index created {changeSet=migration/vault-schema.changelog-init.xml::1511451595465-53::R3.Corda, databaseChangeLog=master.changelog.json}
?[m?[37m[INFO] 17:13:29,426 [Test worker] changelog.ChangeSet. - ChangeSet migration/vault-schema.changelog-init.xml::1511451595465-53::R3.Corda ran successfully in 1ms {changeSet=migration/vault-schema.changelog-init.xml::1511451595465-53::R3.Corda, databaseChangeLog=master.changelog.json}
?[m?[37m[INFO] 17:13:29,428 [Test worker] jvm.JdbcExecutor. - INSERT INTO PUBLIC.DATABASECHANGELOG (ID, AUTHOR, FILENAME, DATEEXECUTED, ORDEREXECUTED, MD5SUM, DESCRIPTION, COMMENTS, EXECTYPE, CONTEXTS, LABELS, LIQUIBASE, DEPLOYMENT_ID) VALUES ('1511451595465-53', 'R3.Corda', 'migration/vault-schema.changelog-init.xml', NOW(), 12, '8:b1272090dcd2325b0382f829ce13a1ff', 'createIndex indexName=external_id_index, tableName=vault_linear_states', '', 'EXECUTED', NULL, NULL, '3.6.3', '4052009392') {changeSet=migration/vault-schema.changelog-init.xml::1511451595465-53::R3.Corda, databaseChangeLog=master.changelog.json}
?[m?[37m[INFO] 17:13:29,429 [Test worker] jvm.JdbcExecutor. - CREATE INDEX PUBLIC.lock_id_idx ON PUBLIC.vault_states(lock_id, state_status) {changeSet=migration/vault-schema.changelog-init.xml::1511451595465-55::R3.Corda, databaseChangeLog=master.changelog.json}
?[m?[37m[INFO] 17:13:29,429 [Test worker] changelog.ChangeSet. - Index lock_id_idx created {changeSet=migration/vault-schema.changelog-init.xml::1511451595465-55::R3.Corda, databaseChangeLog=master.changelog.json}
?[m?[37m[INFO] 17:13:29,429 [Test worker] changelog.ChangeSet. - ChangeSet migration/vault-schema.changelog-init.xml::1511451595465-55::R3.Corda ran successfully in 0ms {changeSet=migration/vault-schema.changelog-init.xml::1511451595465-55::R3.Corda, databaseChangeLog=master.changelog.json}
?[m?[37m[INFO] 17:13:29,430 [Test worker] jvm.JdbcExecutor. - INSERT INTO PUBLIC.DATABASECHANGELOG (ID, AUTHOR, FILENAME, DATEEXECUTED, ORDEREXECUTED, MD5SUM, DESCRIPTION, COMMENTS, EXECTYPE, CONTEXTS, LABELS, LIQUIBASE, DEPLOYMENT_ID) VALUES ('1511451595465-55', 'R3.Corda', 'migration/vault-schema.changelog-init.xml', NOW(), 13, '8:0b77fbedaccc2eed4b8efd6fddf6581b', 'createIndex indexName=lock_id_idx, tableName=vault_states', '', 'EXECUTED', NULL, NULL, '3.6.3', '4052009392') {changeSet=migration/vault-schema.changelog-init.xml::1511451595465-55::R3.Corda, databaseChangeLog=master.changelog.json}
?[m?[37m[INFO] 17:13:29,431 [Test worker] jvm.JdbcExecutor. - CREATE INDEX PUBLIC.state_status_idx ON PUBLIC.vault_states(state_status) {changeSet=migration/vault-schema.changelog-init.xml::1511451595465-58::R3.Corda, databaseChangeLog=master.changelog.json}
?[m?[37m[INFO] 17:13:29,432 [Test worker] changelog.ChangeSet. - Index state_status_idx created {changeSet=migration/vault-schema.changelog-init.xml::1511451595465-58::R3.Corda, databaseChangeLog=master.changelog.json}
?[m?[37m[INFO] 17:13:29,432 [Test worker] changelog.ChangeSet. - ChangeSet migration/vault-schema.changelog-init.xml::1511451595465-58::R3.Corda ran successfully in 2ms {changeSet=migration/vault-schema.changelog-init.xml::1511451595465-58::R3.Corda, databaseChangeLog=master.changelog.json}
?[m?[37m[INFO] 17:13:29,433 [Test worker] jvm.JdbcExecutor. - INSERT INTO PUBLIC.DATABASECHANGELOG (ID, AUTHOR, FILENAME, DATEEXECUTED, ORDEREXECUTED, MD5SUM, DESCRIPTION, COMMENTS, EXECTYPE, CONTEXTS, LABELS, LIQUIBASE, DEPLOYMENT_ID) VALUES ('1511451595465-58', 'R3.Corda', 'migration/vault-schema.changelog-init.xml', NOW(), 14, '8:7a1bbb20835907728df143e4cc1bfc04', 'createIndex indexName=state_status_idx, tableName=vault_states', '', 'EXECUTED', NULL, NULL, '3.6.3', '4052009392') {changeSet=migration/vault-schema.changelog-init.xml::1511451595465-58::R3.Corda, databaseChangeLog=master.changelog.json}
?[m?[37m[INFO] 17:13:29,434 [Test worker] jvm.JdbcExecutor. - CREATE INDEX PUBLIC.transaction_id_index ON PUBLIC.vault_transaction_notes(transaction_id) {changeSet=migration/vault-schema.changelog-init.xml::1511451595465-59::R3.Corda, databaseChangeLog=master.changelog.json}
?[m?[37m[INFO] 17:13:29,434 [Test worker] changelog.ChangeSet. - Index transaction_id_index created {changeSet=migration/vault-schema.changelog-init.xml::1511451595465-59::R3.Corda, databaseChangeLog=master.changelog.json}
?[m?[37m[INFO] 17:13:29,434 [Test worker] changelog.ChangeSet. - ChangeSet migration/vault-schema.changelog-init.xml::1511451595465-59::R3.Corda ran successfully in 1ms {changeSet=migration/vault-schema.changelog-init.xml::1511451595465-59::R3.Corda, databaseChangeLog=master.changelog.json}
?[m?[37m[INFO] 17:13:29,435 [Test worker] jvm.JdbcExecutor. - INSERT INTO PUBLIC.DATABASECHANGELOG (ID, AUTHOR, FILENAME, DATEEXECUTED, ORDEREXECUTED, MD5SUM, DESCRIPTION, COMMENTS, EXECTYPE, CONTEXTS, LABELS, LIQUIBASE, DEPLOYMENT_ID) VALUES ('1511451595465-59', 'R3.Corda', 'migration/vault-schema.changelog-init.xml', NOW(), 15, '8:2bfe64cedfc8120dc219d42dc19d49f6', 'createIndex indexName=transaction_id_index, tableName=vault_transaction_notes', '', 'EXECUTED', NULL, NULL, '3.6.3', '4052009392') {changeSet=migration/vault-schema.changelog-init.xml::1511451595465-59::R3.Corda, databaseChangeLog=master.changelog.json}
?[m?[37m[INFO] 17:13:29,435 [Test worker] jvm.JdbcExecutor. - CREATE INDEX PUBLIC.uuid_index ON PUBLIC.vault_linear_states(uuid) {changeSet=migration/vault-schema.changelog-init.xml::1511451595465-60::R3.Corda, databaseChangeLog=master.changelog.json}
?[m?[37m[INFO] 17:13:29,435 [Test worker] changelog.ChangeSet. - Index uuid_index created {changeSet=migration/vault-schema.changelog-init.xml::1511451595465-60::R3.Corda, databaseChangeLog=master.changelog.json}
?[m?[37m[INFO] 17:13:29,435 [Test worker] changelog.ChangeSet. - ChangeSet migration/vault-schema.changelog-init.xml::1511451595465-60::R3.Corda ran successfully in 0ms {changeSet=migration/vault-schema.changelog-init.xml::1511451595465-60::R3.Corda, databaseChangeLog=master.changelog.json}
?[m?[37m[INFO] 17:13:29,436 [Test worker] jvm.JdbcExecutor. - INSERT INTO PUBLIC.DATABASECHANGELOG (ID, AUTHOR, FILENAME, DATEEXECUTED, ORDEREXECUTED, MD5SUM, DESCRIPTION, COMMENTS, EXECTYPE, CONTEXTS, LABELS, LIQUIBASE, DEPLOYMENT_ID) VALUES ('1511451595465-60', 'R3.Corda', 'migration/vault-schema.changelog-init.xml', NOW(), 16, '8:4cffb289ce33d922274cc829175a2a55', 'createIndex indexName=uuid_index, tableName=vault_linear_states', '', 'EXECUTED', NULL, NULL, '3.6.3', '4052009392') {changeSet=migration/vault-schema.changelog-init.xml::1511451595465-60::R3.Corda, databaseChangeLog=master.changelog.json}
?[m?[37m[INFO] 17:13:29,441 [Test worker] jvm.JdbcExecutor. - ALTER TABLE PUBLIC.vault_fungible_states_parts ADD CONSTRAINT FK__fung_st_parts__fung_st FOREIGN KEY (output_index, transaction_id) REFERENCES PUBLIC.vault_fungible_states (output_index, transaction_id) {changeSet=migration/vault-schema.changelog-init.xml::1511451595465-64::R3.Corda, databaseChangeLog=master.changelog.json}
?[m?[37m[INFO] 17:13:29,443 [Test worker] changelog.ChangeSet. - Foreign key constraint added to vault_fungible_states_parts (output_index,transaction_id) {changeSet=migration/vault-schema.changelog-init.xml::1511451595465-64::R3.Corda, databaseChangeLog=master.changelog.json}
?[m?[37m[INFO] 17:13:29,443 [Test worker] changelog.ChangeSet. - ChangeSet migration/vault-schema.changelog-init.xml::1511451595465-64::R3.Corda ran successfully in 2ms {changeSet=migration/vault-schema.changelog-init.xml::1511451595465-64::R3.Corda, databaseChangeLog=master.changelog.json}
?[m?[37m[INFO] 17:13:29,443 [Test worker] jvm.JdbcExecutor. - INSERT INTO PUBLIC.DATABASECHANGELOG (ID, AUTHOR, FILENAME, DATEEXECUTED, ORDEREXECUTED, MD5SUM, DESCRIPTION, COMMENTS, EXECTYPE, CONTEXTS, LABELS, LIQUIBASE, DEPLOYMENT_ID) VALUES ('1511451595465-64', 'R3.Corda', 'migration/vault-schema.changelog-init.xml', NOW(), 17, '8:1bde72346badbbe52e74b189ce1d079c', 'addForeignKeyConstraint baseTableName=vault_fungible_states_parts, constraintName=FK__fung_st_parts__fung_st, referencedTableName=vault_fungible_states', '', 'EXECUTED', NULL, NULL, '3.6.3', '4052009392') {changeSet=migration/vault-schema.changelog-init.xml::1511451595465-64::R3.Corda, databaseChangeLog=master.changelog.json}
?[m?[37m[INFO] 17:13:29,445 [Test worker] jvm.JdbcExecutor. - ALTER TABLE PUBLIC.vault_linear_states_parts ADD CONSTRAINT FK__lin_stat_parts__lin_stat FOREIGN KEY (output_index, transaction_id) REFERENCES PUBLIC.vault_linear_states (output_index, transaction_id) {changeSet=migration/vault-schema.changelog-init.xml::1511451595465-65::R3.Corda, databaseChangeLog=master.changelog.json}
?[m?[37m[INFO] 17:13:29,446 [Test worker] changelog.ChangeSet. - Foreign key constraint added to vault_linear_states_parts (output_index,transaction_id) {changeSet=migration/vault-schema.changelog-init.xml::1511451595465-65::R3.Corda, databaseChangeLog=master.changelog.json}
?[m?[37m[INFO] 17:13:29,446 [Test worker] changelog.ChangeSet. - ChangeSet migration/vault-schema.changelog-init.xml::1511451595465-65::R3.Corda ran successfully in 2ms {changeSet=migration/vault-schema.changelog-init.xml::1511451595465-65::R3.Corda, databaseChangeLog=master.changelog.json}
?[m?[37m[INFO] 17:13:29,448 [Test worker] jvm.JdbcExecutor. - INSERT INTO PUBLIC.DATABASECHANGELOG (ID, AUTHOR, FILENAME, DATEEXECUTED, ORDEREXECUTED, MD5SUM, DESCRIPTION, COMMENTS, EXECTYPE, CONTEXTS, LABELS, LIQUIBASE, DEPLOYMENT_ID) VALUES ('1511451595465-65', 'R3.Corda', 'migration/vault-schema.changelog-init.xml', NOW(), 18, '8:9a5d0106c45f631cb60a3e2f9542d2c2', 'addForeignKeyConstraint baseTableName=vault_linear_states_parts, constraintName=FK__lin_stat_parts__lin_stat, referencedTableName=vault_linear_states', '', 'EXECUTED', NULL, NULL, '3.6.3', '4052009392') {changeSet=migration/vault-schema.changelog-init.xml::1511451595465-65::R3.Corda, databaseChangeLog=master.changelog.json}
?[m?[37m[INFO] 17:13:29,450 [Test worker] jvm.JdbcExecutor. - DELETE FROM PUBLIC.vault_fungible_states_parts {changeSet=migration/vault-schema.changelog-v3.xml::clean_vault::R3.Corda, databaseChangeLog=master.changelog.json}
?[m?[37m[INFO] 17:13:29,450 [Test worker] changelog.ChangeSet. - Data deleted from vault_fungible_states_parts {changeSet=migration/vault-schema.changelog-v3.xml::clean_vault::R3.Corda, databaseChangeLog=master.changelog.json}
?[m?[37m[INFO] 17:13:29,450 [Test worker] jvm.JdbcExecutor. - DELETE FROM PUBLIC.vault_fungible_states {changeSet=migration/vault-schema.changelog-v3.xml::clean_vault::R3.Corda, databaseChangeLog=master.changelog.json}
?[m?[37m[INFO] 17:13:29,450 [Test worker] changelog.ChangeSet. - Data deleted from vault_fungible_states {changeSet=migration/vault-schema.changelog-v3.xml::clean_vault::R3.Corda, databaseChangeLog=master.changelog.json}
?[m?[37m[INFO] 17:13:29,451 [Test worker] jvm.JdbcExecutor. - DELETE FROM PUBLIC.vault_linear_states_parts {changeSet=migration/vault-schema.changelog-v3.xml::clean_vault::R3.Corda, databaseChangeLog=master.changelog.json}
?[m?[37m[INFO] 17:13:29,451 [Test worker] changelog.ChangeSet. - Data deleted from vault_linear_states_parts {changeSet=migration/vault-schema.changelog-v3.xml::clean_vault::R3.Corda, databaseChangeLog=master.changelog.json}
?[m?[37m[INFO] 17:13:29,452 [Test worker] jvm.JdbcExecutor. - DELETE FROM PUBLIC.vault_linear_states {changeSet=migration/vault-schema.changelog-v3.xml::clean_vault::R3.Corda, databaseChangeLog=master.changelog.json}
?[m?[37m[INFO] 17:13:29,452 [Test worker] changelog.ChangeSet. - Data deleted from vault_linear_states {changeSet=migration/vault-schema.changelog-v3.xml::clean_vault::R3.Corda, databaseChangeLog=master.changelog.json}
?[m?[37m[INFO] 17:13:29,452 [Test worker] jvm.JdbcExecutor. - DELETE FROM PUBLIC.vault_states {changeSet=migration/vault-schema.changelog-v3.xml::clean_vault::R3.Corda, databaseChangeLog=master.changelog.json}
?[m?[37m[INFO] 17:13:29,453 [Test worker] changelog.ChangeSet. - Data deleted from vault_states {changeSet=migration/vault-schema.changelog-v3.xml::clean_vault::R3.Corda, databaseChangeLog=master.changelog.json}
?[m?[37m[INFO] 17:13:29,453 [Test worker] jvm.JdbcExecutor. - DELETE FROM PUBLIC.vault_transaction_notes {changeSet=migration/vault-schema.changelog-v3.xml::clean_vault::R3.Corda, databaseChangeLog=master.changelog.json}
?[m?[37m[INFO] 17:13:29,453 [Test worker] changelog.ChangeSet. - Data deleted from vault_transaction_notes {changeSet=migration/vault-schema.changelog-v3.xml::clean_vault::R3.Corda, databaseChangeLog=master.changelog.json}
?[m?[37m[INFO] 17:13:29,453 [Test worker] changelog.ChangeSet. - ChangeSet migration/vault-schema.changelog-v3.xml::clean_vault::R3.Corda ran successfully in 4ms {changeSet=migration/vault-schema.changelog-v3.xml::clean_vault::R3.Corda, databaseChangeLog=master.changelog.json}
?[m?[37m[INFO] 17:13:29,455 [Test worker] jvm.JdbcExecutor. - INSERT INTO PUBLIC.DATABASECHANGELOG (ID, AUTHOR, FILENAME, DATEEXECUTED, ORDEREXECUTED, MD5SUM, DESCRIPTION, COMMENTS, EXECTYPE, CONTEXTS, LABELS, LIQUIBASE, DEPLOYMENT_ID) VALUES ('clean_vault', 'R3.Corda', 'migration/vault-schema.changelog-v3.xml', NOW(), 19, '8:0701d37bf9b322ada2323cea6db9393c', 'delete tableName=vault_fungible_states_parts; delete tableName=vault_fungible_states; delete tableName=vault_linear_states_parts; delete tableName=vault_linear_states; delete tableName=vault_states; delete tableName=vault_transaction_notes', '', 'EXECUTED', NULL, NULL, '3.6.3', '4052009392') {changeSet=migration/vault-schema.changelog-v3.xml::clean_vault::R3.Corda, databaseChangeLog=master.changelog.json}
?[m?[37m[INFO] 17:13:29,455 [Test worker] jvm.JdbcExecutor. - ALTER TABLE PUBLIC.vault_fungible_states ALTER COLUMN quantity SET NOT NULL {changeSet=migration/vault-schema.changelog-v4.xml::nullability::R3.Corda, databaseChangeLog=master.changelog.json}
?[m?[37m[INFO] 17:13:29,456 [Test worker] changelog.ChangeSet. - NOT NULL constraint has been added to vault_fungible_states.quantity {changeSet=migration/vault-schema.changelog-v4.xml::nullability::R3.Corda, databaseChangeLog=master.changelog.json}
?[m?[37m[INFO] 17:13:29,456 [Test worker] jvm.JdbcExecutor. - ALTER TABLE PUBLIC.vault_states ALTER COLUMN contract_state_class_name SET NOT NULL {changeSet=migration/vault-schema.changelog-v4.xml::nullability::R3.Corda, databaseChangeLog=master.changelog.json}
?[m?[37m[INFO] 17:13:29,456 [Test worker] changelog.ChangeSet. - NOT NULL constraint has been added to vault_states.contract_state_class_name {changeSet=migration/vault-schema.changelog-v4.xml::nullability::R3.Corda, databaseChangeLog=master.changelog.json}
?[m?[37m[INFO] 17:13:29,456 [Test worker] jvm.JdbcExecutor. - ALTER TABLE PUBLIC.vault_states ALTER COLUMN notary_name SET NOT NULL {changeSet=migration/vault-schema.changelog-v4.xml::nullability::R3.Corda, databaseChangeLog=master.changelog.json}
?[m?[37m[INFO] 17:13:29,457 [Test worker] changelog.ChangeSet. - NOT NULL constraint has been added to vault_states.notary_name {changeSet=migration/vault-schema.changelog-v4.xml::nullability::R3.Corda, databaseChangeLog=master.changelog.json}
?[m?[37m[INFO] 17:13:29,457 [Test worker] jvm.JdbcExecutor. - ALTER TABLE PUBLIC.vault_states ALTER COLUMN recorded_timestamp SET NOT NULL {changeSet=migration/vault-schema.changelog-v4.xml::nullability::R3.Corda, databaseChangeLog=master.changelog.json}
?[m?[37m[INFO] 17:13:29,458 [Test worker] changelog.ChangeSet. - NOT NULL constraint has been added to vault_states.recorded_timestamp {changeSet=migration/vault-schema.changelog-v4.xml::nullability::R3.Corda, databaseChangeLog=master.changelog.json}
?[m?[37m[INFO] 17:13:29,458 [Test worker] jvm.JdbcExecutor. - DROP INDEX PUBLIC.state_status_idx {changeSet=migration/vault-schema.changelog-v4.xml::nullability::R3.Corda, databaseChangeLog=master.changelog.json}
?[m?[37m[INFO] 17:13:29,459 [Test worker] changelog.ChangeSet. - Index state_status_idx dropped from table vault_states {changeSet=migration/vault-schema.changelog-v4.xml::nullability::R3.Corda, databaseChangeLog=master.changelog.json}
?[m?[37m[INFO] 17:13:29,459 [Test worker] jvm.JdbcExecutor. - DROP INDEX PUBLIC.lock_id_idx {changeSet=migration/vault-schema.changelog-v4.xml::nullability::R3.Corda, databaseChangeLog=master.changelog.json}
?[m?[37m[INFO] 17:13:29,459 [Test worker] changelog.ChangeSet. - Index lock_id_idx dropped from table vault_states {changeSet=migration/vault-schema.changelog-v4.xml::nullability::R3.Corda, databaseChangeLog=master.changelog.json}
?[m?[37m[INFO] 17:13:29,459 [Test worker] jvm.JdbcExecutor. - ALTER TABLE PUBLIC.vault_states ALTER COLUMN state_status SET NOT NULL {changeSet=migration/vault-schema.changelog-v4.xml::nullability::R3.Corda, databaseChangeLog=master.changelog.json}
?[m?[37m[INFO] 17:13:29,460 [Test worker] changelog.ChangeSet. - NOT NULL constraint has been added to vault_states.state_status {changeSet=migration/vault-schema.changelog-v4.xml::nullability::R3.Corda, databaseChangeLog=master.changelog.json}
?[m?[37m[INFO] 17:13:29,460 [Test worker] jvm.JdbcExecutor. - CREATE INDEX PUBLIC.state_status_idx ON PUBLIC.vault_states(state_status) {changeSet=migration/vault-schema.changelog-v4.xml::nullability::R3.Corda, databaseChangeLog=master.changelog.json}
?[m?[37m[INFO] 17:13:29,460 [Test worker] changelog.ChangeSet. - Index state_status_idx created {changeSet=migration/vault-schema.changelog-v4.xml::nullability::R3.Corda, databaseChangeLog=master.changelog.json}
?[m?[37m[INFO] 17:13:29,460 [Test worker] jvm.JdbcExecutor. - CREATE INDEX PUBLIC.lock_id_idx ON PUBLIC.vault_states(lock_id, state_status) {changeSet=migration/vault-schema.changelog-v4.xml::nullability::R3.Corda, databaseChangeLog=master.changelog.json}
?[m?[37m[INFO] 17:13:29,461 [Test worker] changelog.ChangeSet. - Index lock_id_idx created {changeSet=migration/vault-schema.changelog-v4.xml::nullability::R3.Corda, databaseChangeLog=master.changelog.json}
?[m?[37m[INFO] 17:13:29,461 [Test worker] jvm.JdbcExecutor. - DROP INDEX PUBLIC.transaction_id_index {changeSet=migration/vault-schema.changelog-v4.xml::nullability::R3.Corda, databaseChangeLog=master.changelog.json}
?[m?[37m[INFO] 17:13:29,461 [Test worker] changelog.ChangeSet. - Index transaction_id_index dropped from table vault_transaction_notes {changeSet=migration/vault-schema.changelog-v4.xml::nullability::R3.Corda, databaseChangeLog=master.changelog.json}
?[m?[37m[INFO] 17:13:29,461 [Test worker] jvm.JdbcExecutor. - ALTER TABLE PUBLIC.vault_transaction_notes ALTER COLUMN note SET NOT NULL {changeSet=migration/vault-schema.changelog-v4.xml::nullability::R3.Corda, databaseChangeLog=master.changelog.json}
?[m?[37m[INFO] 17:13:29,461 [Test worker] changelog.ChangeSet. - NOT NULL constraint has been added to vault_transaction_notes.note {changeSet=migration/vault-schema.changelog-v4.xml::nullability::R3.Corda, databaseChangeLog=master.changelog.json}
?[m?[37m[INFO] 17:13:29,461 [Test worker] jvm.JdbcExecutor. - ALTER TABLE PUBLIC.vault_transaction_notes ALTER COLUMN transaction_id SET NOT NULL {changeSet=migration/vault-schema.changelog-v4.xml::nullability::R3.Corda, databaseChangeLog=master.changelog.json}
?[m?[37m[INFO] 17:13:29,462 [Test worker] changelog.ChangeSet. - NOT NULL constraint has been added to vault_transaction_notes.transaction_id {changeSet=migration/vault-schema.changelog-v4.xml::nullability::R3.Corda, databaseChangeLog=master.changelog.json}
?[m?[37m[INFO] 17:13:29,462 [Test worker] jvm.JdbcExecutor. - CREATE INDEX PUBLIC.transaction_id_index ON PUBLIC.vault_transaction_notes(transaction_id) {changeSet=migration/vault-schema.changelog-v4.xml::nullability::R3.Corda, databaseChangeLog=master.changelog.json}
?[m?[37m[INFO] 17:13:29,462 [Test worker] changelog.ChangeSet. - Index transaction_id_index created {changeSet=migration/vault-schema.changelog-v4.xml::nullability::R3.Corda, databaseChangeLog=master.changelog.json}
?[m?[37m[INFO] 17:13:29,462 [Test worker] changelog.ChangeSet. - ChangeSet migration/vault-schema.changelog-v4.xml::nullability::R3.Corda ran successfully in 7ms {changeSet=migration/vault-schema.changelog-v4.xml::nullability::R3.Corda, databaseChangeLog=master.changelog.json}
?[m?[37m[INFO] 17:13:29,463 [Test worker] jvm.JdbcExecutor. - INSERT INTO PUBLIC.DATABASECHANGELOG (ID, AUTHOR, FILENAME, DATEEXECUTED, ORDEREXECUTED, MD5SUM, DESCRIPTION, COMMENTS, EXECTYPE, CONTEXTS, LABELS, LIQUIBASE, DEPLOYMENT_ID) VALUES ('nullability', 'R3.Corda', 'migration/vault-schema.changelog-v4.xml', NOW(), 20, '8:853fd1e24b974ff22712322ebb2860bf', 'addNotNullConstraint columnName=quantity, tableName=vault_fungible_states; addNotNullConstraint columnName=contract_state_class_name, tableName=vault_states; addNotNullConstraint columnName=notary_name, tableName=vault_states; addNotNullConstraint...', '', 'EXECUTED', NULL, NULL, '3.6.3', '4052009392') {changeSet=migration/vault-schema.changelog-v4.xml::nullability::R3.Corda, databaseChangeLog=master.changelog.json}
?[m?[37m[INFO] 17:13:29,465 [Test worker] jvm.JdbcExecutor. - INSERT INTO PUBLIC.DATABASECHANGELOG (ID, AUTHOR, FILENAME, DATEEXECUTED, ORDEREXECUTED, MD5SUM, DESCRIPTION, COMMENTS, EXECTYPE, CONTEXTS, LABELS, LIQUIBASE, DEPLOYMENT_ID) VALUES ('non-clustered_pk-11', 'R3.Corda', 'migration/vault-schema.changelog-pkey.xml', NOW(), 21, '8:7fca5375330f0b3b62de65b84274dd6e', 'dropForeignKeyConstraint baseTableName=vault_fungible_states_parts, constraintName=FK__fung_st_parts__fung_st; dropPrimaryKey constraintName=vault_fungible_states_pkey, tableName=vault_fungible_states; addPrimaryKey constraintName=vault_fungible_s...', '', 'MARK_RAN', NULL, NULL, '3.6.3', '4052009392') {changeSet=migration/vault-schema.changelog-pkey.xml::non-clustered_pk-11::R3.Corda, databaseChangeLog=master.changelog.json}
?[m?[37m[INFO] 17:13:29,468 [Test worker] jvm.JdbcExecutor. - INSERT INTO PUBLIC.DATABASECHANGELOG (ID, AUTHOR, FILENAME, DATEEXECUTED, ORDEREXECUTED, MD5SUM, DESCRIPTION, COMMENTS, EXECTYPE, CONTEXTS, LABELS, LIQUIBASE, DEPLOYMENT_ID) VALUES ('non-clustered_pk-12', 'R3.Corda', 'migration/vault-schema.changelog-pkey.xml', NOW(), 22, '8:8469058af292b08d108fcf1b3eb8fca4', 'dropForeignKeyConstraint baseTableName=vault_linear_states_parts, constraintName=FK__lin_stat_parts__lin_stat; dropPrimaryKey constraintName=vault_linear_states_pkey, tableName=vault_linear_states; addPrimaryKey constraintName=vault_linear_states_...', '', 'MARK_RAN', NULL, NULL, '3.6.3', '4052009392') {changeSet=migration/vault-schema.changelog-pkey.xml::non-clustered_pk-12::R3.Corda, databaseChangeLog=master.changelog.json}
?[m?[37m[INFO] 17:13:29,469 [Test worker] jvm.JdbcExecutor. - INSERT INTO PUBLIC.DATABASECHANGELOG (ID, AUTHOR, FILENAME, DATEEXECUTED, ORDEREXECUTED, MD5SUM, DESCRIPTION, COMMENTS, EXECTYPE, CONTEXTS, LABELS, LIQUIBASE, DEPLOYMENT_ID) VALUES ('non-clustered_pk-13', 'R3.Corda', 'migration/vault-schema.changelog-pkey.xml', NOW(), 23, '8:e0ccce8941c28a45870d60f5bf54cd50', 'dropPrimaryKey constraintName=vault_states_pkey, tableName=vault_states; addPrimaryKey constraintName=vault_states_pkey, tableName=vault_states', '', 'MARK_RAN', NULL, NULL, '3.6.3', '4052009392') {changeSet=migration/vault-schema.changelog-pkey.xml::non-clustered_pk-13::R3.Corda, databaseChangeLog=master.changelog.json}
?[m?[37m[INFO] 17:13:29,470 [Test worker] jvm.JdbcExecutor. - ALTER TABLE PUBLIC.vault_states ADD relevancy_status INT {changeSet=migration/vault-schema.changelog-v5.xml::add_relevancy_status_column::R3.Corda, databaseChangeLog=master.changelog.json}
?[m?[37m[INFO] 17:13:29,474 [Test worker] changelog.ChangeSet. - Columns relevancy_status(INT) added to vault_states {changeSet=migration/vault-schema.changelog-v5.xml::add_relevancy_status_column::R3.Corda, databaseChangeLog=master.changelog.json}
?[m?[37m[INFO] 17:13:29,474 [Test worker] jvm.JdbcExecutor. - UPDATE PUBLIC.vault_states SET relevancy_status = 0 {changeSet=migration/vault-schema.changelog-v5.xml::add_relevancy_status_column::R3.Corda, databaseChangeLog=master.changelog.json}
?[m?[37m[INFO] 17:13:29,475 [Test worker] changelog.ChangeSet. - Data updated in vault_states {changeSet=migration/vault-schema.changelog-v5.xml::add_relevancy_status_column::R3.Corda, databaseChangeLog=master.changelog.json}
?[m?[37m[INFO] 17:13:29,475 [Test worker] jvm.JdbcExecutor. - ALTER TABLE PUBLIC.vault_states ALTER COLUMN relevancy_status SET NOT NULL {changeSet=migration/vault-schema.changelog-v5.xml::add_relevancy_status_column::R3.Corda, databaseChangeLog=master.changelog.json}
?[m?[37m[INFO] 17:13:29,476 [Test worker] changelog.ChangeSet. - NOT NULL constraint has been added to vault_states.relevancy_status {changeSet=migration/vault-schema.changelog-v5.xml::add_relevancy_status_column::R3.Corda, databaseChangeLog=master.changelog.json}
?[m?[37m[INFO] 17:13:29,476 [Test worker] changelog.ChangeSet. - ChangeSet migration/vault-schema.changelog-v5.xml::add_relevancy_status_column::R3.Corda ran successfully in 7ms {changeSet=migration/vault-schema.changelog-v5.xml::add_relevancy_status_column::R3.Corda, databaseChangeLog=master.changelog.json}
?[m?[37m[INFO] 17:13:29,479 [Test worker] jvm.JdbcExecutor. - INSERT INTO PUBLIC.DATABASECHANGELOG (ID, AUTHOR, FILENAME, DATEEXECUTED, ORDEREXECUTED, MD5SUM, DESCRIPTION, COMMENTS, EXECTYPE, CONTEXTS, LABELS, LIQUIBASE, DEPLOYMENT_ID) VALUES ('add_relevancy_status_column', 'R3.Corda', 'migration/vault-schema.changelog-v5.xml', NOW(), 24, '8:93c5dcaf00387d4d643def4355a54b56', 'addColumn tableName=vault_states; update tableName=vault_states; addNotNullConstraint columnName=relevancy_status, tableName=vault_states', '', 'EXECUTED', NULL, NULL, '3.6.3', '4052009392') {changeSet=migration/vault-schema.changelog-v5.xml::add_relevancy_status_column::R3.Corda, databaseChangeLog=master.changelog.json}
?[m?[37m[INFO] 17:13:29,480 [Test worker] jvm.JdbcExecutor. - ALTER TABLE PUBLIC.vault_states ADD constraint_type INT DEFAULT '0' NOT NULL {changeSet=migration/vault-schema.changelog-v6.xml::add_is_constraint_information_columns::R3.Corda, databaseChangeLog=master.changelog.json}
?[m?[37m[INFO] 17:13:29,483 [Test worker] changelog.ChangeSet. - Columns constraint_type(INT) added to vault_states {changeSet=migration/vault-schema.changelog-v6.xml::add_is_constraint_information_columns::R3.Corda, databaseChangeLog=master.changelog.json}
?[m?[37m[INFO] 17:13:29,484 [Test worker] jvm.JdbcExecutor. - ALTER TABLE PUBLIC.vault_states ADD constraint_data VARBINARY(563) {changeSet=migration/vault-schema.changelog-v6.xml::add_is_constraint_information_columns::R3.Corda, databaseChangeLog=master.changelog.json}
?[m?[37m[INFO] 17:13:29,490 [Test worker] changelog.ChangeSet. - Columns constraint_data(varbinary(563)) added to vault_states {changeSet=migration/vault-schema.changelog-v6.xml::add_is_constraint_information_columns::R3.Corda, databaseChangeLog=master.changelog.json}
?[m?[37m[INFO] 17:13:29,490 [Test worker] changelog.ChangeSet. - ChangeSet migration/vault-schema.changelog-v6.xml::add_is_constraint_information_columns::R3.Corda ran successfully in 10ms {changeSet=migration/vault-schema.changelog-v6.xml::add_is_constraint_information_columns::R3.Corda, databaseChangeLog=master.changelog.json}
?[m?[37m[INFO] 17:13:29,491 [Test worker] jvm.JdbcExecutor. - INSERT INTO PUBLIC.DATABASECHANGELOG (ID, AUTHOR, FILENAME, DATEEXECUTED, ORDEREXECUTED, MD5SUM, DESCRIPTION, COMMENTS, EXECTYPE, CONTEXTS, LABELS, LIQUIBASE, DEPLOYMENT_ID) VALUES ('add_is_constraint_information_columns', 'R3.Corda', 'migration/vault-schema.changelog-v6.xml', NOW(), 25, '8:acf60bd84f648e157d402de8f8e22f3a', 'addColumn tableName=vault_states; addColumn tableName=vault_states', '', 'EXECUTED', NULL, NULL, '3.6.3', '4052009392') {changeSet=migration/vault-schema.changelog-v6.xml::add_is_constraint_information_columns::R3.Corda, databaseChangeLog=master.changelog.json}
?[m?[37m[INFO] 17:13:29,492 [Test worker] jvm.JdbcExecutor. - ALTER TABLE PUBLIC.vault_fungible_states ALTER COLUMN issuer_ref SET NULL {changeSet=migration/vault-schema.changelog-v7.xml::make_issuer_ref_nullable::R3.Corda, databaseChangeLog=master.changelog.json}
?[m?[37m[INFO] 17:13:29,492 [Test worker] changelog.ChangeSet. - Null constraint dropped from vault_fungible_states.issuer_ref {changeSet=migration/vault-schema.changelog-v7.xml::make_issuer_ref_nullable::R3.Corda, databaseChangeLog=master.changelog.json}
?[m?[37m[INFO] 17:13:29,492 [Test worker] changelog.ChangeSet. - ChangeSet migration/vault-schema.changelog-v7.xml::make_issuer_ref_nullable::R3.Corda ran successfully in 1ms {changeSet=migration/vault-schema.changelog-v7.xml::make_issuer_ref_nullable::R3.Corda, databaseChangeLog=master.changelog.json}
?[m?[37m[INFO] 17:13:29,493 [Test worker] jvm.JdbcExecutor. - INSERT INTO PUBLIC.DATABASECHANGELOG (ID, AUTHOR, FILENAME, DATEEXECUTED, ORDEREXECUTED, MD5SUM, DESCRIPTION, COMMENTS, EXECTYPE, CONTEXTS, LABELS, LIQUIBASE, DEPLOYMENT_ID) VALUES ('make_issuer_ref_nullable', 'R3.Corda', 'migration/vault-schema.changelog-v7.xml', NOW(), 26, '8:58039722b4808e90a7711d3c82e5fc95', 'dropNotNullConstraint columnName=issuer_ref, tableName=vault_fungible_states', '', 'EXECUTED', NULL, NULL, '3.6.3', '4052009392') {changeSet=migration/vault-schema.changelog-v7.xml::make_issuer_ref_nullable::R3.Corda, databaseChangeLog=master.changelog.json}
?[m?[37m[INFO] 17:13:29,494 [Test worker] jvm.JdbcExecutor. - CREATE TABLE PUBLIC.state_party (output_index INT, transaction_id NVARCHAR(64), public_key_hash NVARCHAR(255) NOT NULL, x500_name NVARCHAR(255)) {changeSet=migration/vault-schema.changelog-v8.xml::create-external-id-to-state-party-view::R3.Corda, databaseChangeLog=master.changelog.json}
?[m?[37m[INFO] 17:13:29,495 [Test worker] changelog.ChangeSet. - Table state_party created {changeSet=migration/vault-schema.changelog-v8.xml::create-external-id-to-state-party-view::R3.Corda, databaseChangeLog=master.changelog.json}
?[m?[37m[INFO] 17:13:29,495 [Test worker] jvm.JdbcExecutor. - CREATE INDEX PUBLIC.state_pk_hash_idx ON PUBLIC.state_party(public_key_hash) {changeSet=migration/vault-schema.changelog-v8.xml::create-external-id-to-state-party-view::R3.Corda, databaseChangeLog=master.changelog.json}
?[m?[37m[INFO] 17:13:29,496 [Test worker] changelog.ChangeSet. - Index state_pk_hash_idx created {changeSet=migration/vault-schema.changelog-v8.xml::create-external-id-to-state-party-view::R3.Corda, databaseChangeLog=master.changelog.json}
?[m?[37m[INFO] 17:13:29,496 [Test worker] jvm.JdbcExecutor. - CREATE TABLE PUBLIC.pk_hash_to_ext_id_map (id BIGINT NOT NULL, external_id VARCHAR(255) NOT NULL, public_key_hash NVARCHAR(255) NOT NULL) {changeSet=migration/vault-schema.changelog-v8.xml::create-external-id-to-state-party-view::R3.Corda, databaseChangeLog=master.changelog.json}
?[m?[37m[INFO] 17:13:29,497 [Test worker] changelog.ChangeSet. - Table pk_hash_to_ext_id_map created {changeSet=migration/vault-schema.changelog-v8.xml::create-external-id-to-state-party-view::R3.Corda, databaseChangeLog=master.changelog.json}
?[m?[37m[INFO] 17:13:29,497 [Test worker] jvm.JdbcExecutor. - CREATE INDEX PUBLIC.pk_hash_to_xid_idx ON PUBLIC.pk_hash_to_ext_id_map(public_key_hash) {changeSet=migration/vault-schema.changelog-v8.xml::create-external-id-to-state-party-view::R3.Corda, databaseChangeLog=master.changelog.json}
?[m?[37m[INFO] 17:13:29,497 [Test worker] changelog.ChangeSet. - Index pk_hash_to_xid_idx created {changeSet=migration/vault-schema.changelog-v8.xml::create-external-id-to-state-party-view::R3.Corda, databaseChangeLog=master.changelog.json}
?[m?[37m[INFO] 17:13:29,498 [Test worker] jvm.JdbcExecutor. - CREATE VIEW PUBLIC.v_pkey_hash_ex_id_map AS select
                state_party.public_key_hash,
                state_party.transaction_id,
                state_party.output_index,
                pk_hash_to_ext_id_map.external_id
            from state_party
            join pk_hash_to_ext_id_map
            on state_party.public_key_hash = pk_hash_to_ext_id_map.public_key_hash {changeSet=migration/vault-schema.changelog-v8.xml::create-external-id-to-state-party-view::R3.Corda, databaseChangeLog=master.changelog.json}
?[m?[37m[INFO] 17:13:29,499 [Test worker] changelog.ChangeSet. - View v_pkey_hash_ex_id_map created {changeSet=migration/vault-schema.changelog-v8.xml::create-external-id-to-state-party-view::R3.Corda, databaseChangeLog=master.changelog.json}
?[m?[37m[INFO] 17:13:29,499 [Test worker] changelog.ChangeSet. - ChangeSet migration/vault-schema.changelog-v8.xml::create-external-id-to-state-party-view::R3.Corda ran successfully in 6ms {changeSet=migration/vault-schema.changelog-v8.xml::create-external-id-to-state-party-view::R3.Corda, databaseChangeLog=master.changelog.json}
?[m?[37m[INFO] 17:13:29,501 [Test worker] jvm.JdbcExecutor. - INSERT INTO PUBLIC.DATABASECHANGELOG (ID, AUTHOR, FILENAME, DATEEXECUTED, ORDEREXECUTED, MD5SUM, DESCRIPTION, COMMENTS, EXECTYPE, CONTEXTS, LABELS, LIQUIBASE, DEPLOYMENT_ID) VALUES ('create-external-id-to-state-party-view', 'R3.Corda', 'migration/vault-schema.changelog-v8.xml', NOW(), 27, '8:9a5b20f7b7367bb3b86f600bccaa423b', 'createTable tableName=state_party; createIndex indexName=state_pk_hash_idx, tableName=state_party; createTable tableName=pk_hash_to_ext_id_map; createIndex indexName=pk_hash_to_xid_idx, tableName=pk_hash_to_ext_id_map; createView viewName=v_pkey_h...', '', 'EXECUTED', NULL, NULL, '3.6.3', '4052009392') {changeSet=migration/vault-schema.changelog-v8.xml::create-external-id-to-state-party-view::R3.Corda, databaseChangeLog=master.changelog.json}
?[m?[37m[INFO] 17:13:29,503 [Test worker] jvm.JdbcExecutor. - ALTER TABLE PUBLIC.vault_states ALTER COLUMN constraint_data VARBINARY(20000) {changeSet=migration/vault-schema.changelog-v11.xml::expand_constraint_data_size::R3.Corda, databaseChangeLog=master.changelog.json}
?[m?[37m[INFO] 17:13:29,510 [Test worker] changelog.ChangeSet. - vault_states.constraint_data datatype was changed to varbinary(20000) {changeSet=migration/vault-schema.changelog-v11.xml::expand_constraint_data_size::R3.Corda, databaseChangeLog=master.changelog.json}
?[m?[37m[INFO] 17:13:29,510 [Test worker] changelog.ChangeSet. - ChangeSet migration/vault-schema.changelog-v11.xml::expand_constraint_data_size::R3.Corda ran successfully in 8ms {changeSet=migration/vault-schema.changelog-v11.xml::expand_constraint_data_size::R3.Corda, databaseChangeLog=master.changelog.json}
?[m?[37m[INFO] 17:13:29,512 [Test worker] jvm.JdbcExecutor. - INSERT INTO PUBLIC.DATABASECHANGELOG (ID, AUTHOR, FILENAME, DATEEXECUTED, ORDEREXECUTED, MD5SUM, DESCRIPTION, COMMENTS, EXECTYPE, CONTEXTS, LABELS, LIQUIBASE, DEPLOYMENT_ID) VALUES ('expand_constraint_data_size', 'R3.Corda', 'migration/vault-schema.changelog-v11.xml', NOW(), 28, '8:0bd51f3d930d4b03d7b1075454bb2d70', 'modifyDataType columnName=constraint_data, tableName=vault_states', '', 'EXECUTED', NULL, NULL, '3.6.3', '4052009392') {changeSet=migration/vault-schema.changelog-v11.xml::expand_constraint_data_size::R3.Corda, databaseChangeLog=master.changelog.json}
?[m?[37m[INFO] 17:13:29,515 [Test worker] jvm.JdbcExecutor. - CREATE TABLE PUBLIC.node_link_nodeinfo_party (node_info_id INT NOT NULL, party_name NVARCHAR(255) NOT NULL) {changeSet=migration/node-info.changelog-init.xml::1511451595465-4::R3.Corda, databaseChangeLog=master.changelog.json}
?[m?[37m[INFO] 17:13:29,516 [Test worker] changelog.ChangeSet. - Table node_link_nodeinfo_party created {changeSet=migration/node-info.changelog-init.xml::1511451595465-4::R3.Corda, databaseChangeLog=master.changelog.json}
?[m?[37m[INFO] 17:13:29,516 [Test worker] changelog.ChangeSet. - ChangeSet migration/node-info.changelog-init.xml::1511451595465-4::R3.Corda ran successfully in 3ms {changeSet=migration/node-info.changelog-init.xml::1511451595465-4::R3.Corda, databaseChangeLog=master.changelog.json}
?[m?[37m[INFO] 17:13:29,517 [Test worker] jvm.JdbcExecutor. - INSERT INTO PUBLIC.DATABASECHANGELOG (ID, AUTHOR, FILENAME, DATEEXECUTED, ORDEREXECUTED, MD5SUM, DESCRIPTION, COMMENTS, EXECTYPE, CONTEXTS, LABELS, LIQUIBASE, DEPLOYMENT_ID) VALUES ('1511451595465-4', 'R3.Corda', 'migration/node-info.changelog-init.xml', NOW(), 29, '8:cbf3edf78266c3bd22738eaf20c7c111', 'createTable tableName=node_link_nodeinfo_party', '', 'EXECUTED', NULL, NULL, '3.6.3', '4052009392') {changeSet=migration/node-info.changelog-init.xml::1511451595465-4::R3.Corda, databaseChangeLog=master.changelog.json}
?[m?[37m[INFO] 17:13:29,518 [Test worker] jvm.JdbcExecutor. - CREATE TABLE PUBLIC.node_info_hosts (host NVARCHAR(255) NOT NULL, port INT NOT NULL, node_info_id INT) {changeSet=migration/node-info.changelog-init.xml::1511451595465-10::R3.Corda, databaseChangeLog=master.changelog.json}
?[m?[37m[INFO] 17:13:29,518 [Test worker] changelog.ChangeSet. - Table node_info_hosts created {changeSet=migration/node-info.changelog-init.xml::1511451595465-10::R3.Corda, databaseChangeLog=master.changelog.json}
?[m?[37m[INFO] 17:13:29,518 [Test worker] changelog.ChangeSet. - ChangeSet migration/node-info.changelog-init.xml::1511451595465-10::R3.Corda ran successfully in 1ms {changeSet=migration/node-info.changelog-init.xml::1511451595465-10::R3.Corda, databaseChangeLog=master.changelog.json}
?[m?[37m[INFO] 17:13:29,520 [Test worker] jvm.JdbcExecutor. - INSERT INTO PUBLIC.DATABASECHANGELOG (ID, AUTHOR, FILENAME, DATEEXECUTED, ORDEREXECUTED, MD5SUM, DESCRIPTION, COMMENTS, EXECTYPE, CONTEXTS, LABELS, LIQUIBASE, DEPLOYMENT_ID) VALUES ('1511451595465-10', 'R3.Corda', 'migration/node-info.changelog-init.xml', NOW(), 30, '8:f0b2c5a77ffde6aaa3c417095fc220a9', 'createTable tableName=node_info_hosts', '', 'EXECUTED', NULL, NULL, '3.6.3', '4052009392') {changeSet=migration/node-info.changelog-init.xml::1511451595465-10::R3.Corda, databaseChangeLog=master.changelog.json}
?[m?[37m[INFO] 17:13:29,522 [Test worker] jvm.JdbcExecutor. - CREATE TABLE PUBLIC.node_info_party_cert (party_name NVARCHAR(255) NOT NULL, ismain BOOLEAN NOT NULL, owning_key_hash NVARCHAR(130), party_cert_binary BLOB) {changeSet=migration/node-info.changelog-init.xml::1511451595465-11::R3.Corda, databaseChangeLog=master.changelog.json}
?[m?[37m[INFO] 17:13:29,522 [Test worker] changelog.ChangeSet. - Table node_info_party_cert created {changeSet=migration/node-info.changelog-init.xml::1511451595465-11::R3.Corda, databaseChangeLog=master.changelog.json}
?[m?[37m[INFO] 17:13:29,522 [Test worker] changelog.ChangeSet. - ChangeSet migration/node-info.changelog-init.xml::1511451595465-11::R3.Corda ran successfully in 1ms {changeSet=migration/node-info.changelog-init.xml::1511451595465-11::R3.Corda, databaseChangeLog=master.changelog.json}
?[m?[37m[INFO] 17:13:29,523 [Test worker] jvm.JdbcExecutor. - INSERT INTO PUBLIC.DATABASECHANGELOG (ID, AUTHOR, FILENAME, DATEEXECUTED, ORDEREXECUTED, MD5SUM, DESCRIPTION, COMMENTS, EXECTYPE, CONTEXTS, LABELS, LIQUIBASE, DEPLOYMENT_ID) VALUES ('1511451595465-11', 'R3.Corda', 'migration/node-info.changelog-init.xml', NOW(), 31, '8:5eacbf7ce0d85376219f1903b55f5e18', 'createTable tableName=node_info_party_cert', '', 'EXECUTED', NULL, NULL, '3.6.3', '4052009392') {changeSet=migration/node-info.changelog-init.xml::1511451595465-11::R3.Corda, databaseChangeLog=master.changelog.json}
?[m?[37m[INFO] 17:13:29,524 [Test worker] jvm.JdbcExecutor. - CREATE TABLE PUBLIC.node_infos (node_info_id INT NOT NULL, node_info_hash NVARCHAR(64), platform_version INT, serial BIGINT) {changeSet=migration/node-info.changelog-init.xml::1511451595465-12::R3.Corda, databaseChangeLog=master.changelog.json}
?[m?[37m[INFO] 17:13:29,524 [Test worker] changelog.ChangeSet. - Table node_infos created {changeSet=migration/node-info.changelog-init.xml::1511451595465-12::R3.Corda, databaseChangeLog=master.changelog.json}
?[m?[37m[INFO] 17:13:29,525 [Test worker] changelog.ChangeSet. - ChangeSet migration/node-info.changelog-init.xml::1511451595465-12::R3.Corda ran successfully in 1ms {changeSet=migration/node-info.changelog-init.xml::1511451595465-12::R3.Corda, databaseChangeLog=master.changelog.json}
?[m?[37m[INFO] 17:13:29,525 [Test worker] jvm.JdbcExecutor. - INSERT INTO PUBLIC.DATABASECHANGELOG (ID, AUTHOR, FILENAME, DATEEXECUTED, ORDEREXECUTED, MD5SUM, DESCRIPTION, COMMENTS, EXECTYPE, CONTEXTS, LABELS, LIQUIBASE, DEPLOYMENT_ID) VALUES ('1511451595465-12', 'R3.Corda', 'migration/node-info.changelog-init.xml', NOW(), 32, '8:7e30f20cf268860d637ecfb8635f45a3', 'createTable tableName=node_infos', '', 'EXECUTED', NULL, NULL, '3.6.3', '4052009392') {changeSet=migration/node-info.changelog-init.xml::1511451595465-12::R3.Corda, databaseChangeLog=master.changelog.json}
?[m?[37m[INFO] 17:13:29,526 [Test worker] jvm.JdbcExecutor. - ALTER TABLE PUBLIC.node_info_hosts ADD CONSTRAINT node_info_hosts_pkey PRIMARY KEY (host, port) {changeSet=migration/node-info.changelog-init.xml::1511451595465-35::R3.Corda, databaseChangeLog=master.changelog.json}
?[m?[37m[INFO] 17:13:29,526 [Test worker] changelog.ChangeSet. - Primary key added to node_info_hosts (host, port) {changeSet=migration/node-info.changelog-init.xml::1511451595465-35::R3.Corda, databaseChangeLog=master.changelog.json}
?[m?[37m[INFO] 17:13:29,526 [Test worker] changelog.ChangeSet. - ChangeSet migration/node-info.changelog-init.xml::1511451595465-35::R3.Corda ran successfully in 0ms {changeSet=migration/node-info.changelog-init.xml::1511451595465-35::R3.Corda, databaseChangeLog=master.changelog.json}
?[m?[37m[INFO] 17:13:29,527 [Test worker] jvm.JdbcExecutor. - INSERT INTO PUBLIC.DATABASECHANGELOG (ID, AUTHOR, FILENAME, DATEEXECUTED, ORDEREXECUTED, MD5SUM, DESCRIPTION, COMMENTS, EXECTYPE, CONTEXTS, LABELS, LIQUIBASE, DEPLOYMENT_ID) VALUES ('1511451595465-35', 'R3.Corda', 'migration/node-info.changelog-init.xml', NOW(), 33, '8:0d1a734e7350a8278808f540d992fedf', 'addPrimaryKey constraintName=node_info_hosts_pkey, tableName=node_info_hosts', '', 'EXECUTED', NULL, NULL, '3.6.3', '4052009392') {changeSet=migration/node-info.changelog-init.xml::1511451595465-35::R3.Corda, databaseChangeLog=master.changelog.json}
?[m?[37m[INFO] 17:13:29,527 [Test worker] jvm.JdbcExecutor. - ALTER TABLE PUBLIC.node_info_party_cert ADD CONSTRAINT node_info_party_cert_pkey PRIMARY KEY (party_name) {changeSet=migration/node-info.changelog-init.xml::1511451595465-36::R3.Corda, databaseChangeLog=master.changelog.json}
?[m?[37m[INFO] 17:13:29,528 [Test worker] changelog.ChangeSet. - Primary key added to node_info_party_cert (party_name) {changeSet=migration/node-info.changelog-init.xml::1511451595465-36::R3.Corda, databaseChangeLog=master.changelog.json}
?[m?[37m[INFO] 17:13:29,528 [Test worker] changelog.ChangeSet. - ChangeSet migration/node-info.changelog-init.xml::1511451595465-36::R3.Corda ran successfully in 1ms {changeSet=migration/node-info.changelog-init.xml::1511451595465-36::R3.Corda, databaseChangeLog=master.changelog.json}
?[m?[37m[INFO] 17:13:29,528 [Test worker] jvm.JdbcExecutor. - INSERT INTO PUBLIC.DATABASECHANGELOG (ID, AUTHOR, FILENAME, DATEEXECUTED, ORDEREXECUTED, MD5SUM, DESCRIPTION, COMMENTS, EXECTYPE, CONTEXTS, LABELS, LIQUIBASE, DEPLOYMENT_ID) VALUES ('1511451595465-36', 'R3.Corda', 'migration/node-info.changelog-init.xml', NOW(), 34, '8:dc78ba227ce869f406d2645c2064e8dc', 'addPrimaryKey constraintName=node_info_party_cert_pkey, tableName=node_info_party_cert', '', 'EXECUTED', NULL, NULL, '3.6.3', '4052009392') {changeSet=migration/node-info.changelog-init.xml::1511451595465-36::R3.Corda, databaseChangeLog=master.changelog.json}
?[m?[37m[INFO] 17:13:29,529 [Test worker] jvm.JdbcExecutor. - ALTER TABLE PUBLIC.node_infos ADD CONSTRAINT node_infos_pkey PRIMARY KEY (node_info_id) {changeSet=migration/node-info.changelog-init.xml::1511451595465-37::R3.Corda, databaseChangeLog=master.changelog.json}
?[m?[37m[INFO] 17:13:29,529 [Test worker] changelog.ChangeSet. - Primary key added to node_infos (node_info_id) {changeSet=migration/node-info.changelog-init.xml::1511451595465-37::R3.Corda, databaseChangeLog=master.changelog.json}
?[m?[37m[INFO] 17:13:29,529 [Test worker] changelog.ChangeSet. - ChangeSet migration/node-info.changelog-init.xml::1511451595465-37::R3.Corda ran successfully in 0ms {changeSet=migration/node-info.changelog-init.xml::1511451595465-37::R3.Corda, databaseChangeLog=master.changelog.json}
?[m?[37m[INFO] 17:13:29,530 [Test worker] jvm.JdbcExecutor. - INSERT INTO PUBLIC.DATABASECHANGELOG (ID, AUTHOR, FILENAME, DATEEXECUTED, ORDEREXECUTED, MD5SUM, DESCRIPTION, COMMENTS, EXECTYPE, CONTEXTS, LABELS, LIQUIBASE, DEPLOYMENT_ID) VALUES ('1511451595465-37', 'R3.Corda', 'migration/node-info.changelog-init.xml', NOW(), 35, '8:c07cbda2d04c6d77539ac802c66df023', 'addPrimaryKey constraintName=node_infos_pkey, tableName=node_infos', '', 'EXECUTED', NULL, NULL, '3.6.3', '4052009392') {changeSet=migration/node-info.changelog-init.xml::1511451595465-37::R3.Corda, databaseChangeLog=master.changelog.json}
?[m?[37m[INFO] 17:13:29,531 [Test worker] jvm.JdbcExecutor. - ALTER TABLE PUBLIC.node_link_nodeinfo_party ADD CONSTRAINT FK__link_nodeinfo_party__infos FOREIGN KEY (node_info_id) REFERENCES PUBLIC.node_infos (node_info_id) {changeSet=migration/node-info.changelog-init.xml::1511451595465-62::R3.Corda, databaseChangeLog=master.changelog.json}
?[m?[37m[INFO] 17:13:29,532 [Test worker] changelog.ChangeSet. - Foreign key constraint added to node_link_nodeinfo_party (node_info_id) {changeSet=migration/node-info.changelog-init.xml::1511451595465-62::R3.Corda, databaseChangeLog=master.changelog.json}
?[m?[37m[INFO] 17:13:29,532 [Test worker] changelog.ChangeSet. - ChangeSet migration/node-info.changelog-init.xml::1511451595465-62::R3.Corda ran successfully in 1ms {changeSet=migration/node-info.changelog-init.xml::1511451595465-62::R3.Corda, databaseChangeLog=master.changelog.json}
?[m?[37m[INFO] 17:13:29,533 [Test worker] jvm.JdbcExecutor. - INSERT INTO PUBLIC.DATABASECHANGELOG (ID, AUTHOR, FILENAME, DATEEXECUTED, ORDEREXECUTED, MD5SUM, DESCRIPTION, COMMENTS, EXECTYPE, CONTEXTS, LABELS, LIQUIBASE, DEPLOYMENT_ID) VALUES ('1511451595465-62', 'R3.Corda', 'migration/node-info.changelog-init.xml', NOW(), 36, '8:073bbdb8865055a19cde67340a2063e2', 'addForeignKeyConstraint baseTableName=node_link_nodeinfo_party, constraintName=FK__link_nodeinfo_party__infos, referencedTableName=node_infos', '', 'EXECUTED', NULL, NULL, '3.6.3', '4052009392') {changeSet=migration/node-info.changelog-init.xml::1511451595465-62::R3.Corda, databaseChangeLog=master.changelog.json}
?[m?[37m[INFO] 17:13:29,534 [Test worker] jvm.JdbcExecutor. - ALTER TABLE PUBLIC.node_info_hosts ADD CONSTRAINT FK__info_hosts__infos FOREIGN KEY (node_info_id) REFERENCES PUBLIC.node_infos (node_info_id) {changeSet=migration/node-info.changelog-init.xml::1511451595465-63::R3.Corda, databaseChangeLog=master.changelog.json}
?[m?[37m[INFO] 17:13:29,535 [Test worker] changelog.ChangeSet. - Foreign key constraint added to node_info_hosts (node_info_id) {changeSet=migration/node-info.changelog-init.xml::1511451595465-63::R3.Corda, databaseChangeLog=master.changelog.json}
?[m?[37m[INFO] 17:13:29,535 [Test worker] changelog.ChangeSet. - ChangeSet migration/node-info.changelog-init.xml::1511451595465-63::R3.Corda ran successfully in 2ms {changeSet=migration/node-info.changelog-init.xml::1511451595465-63::R3.Corda, databaseChangeLog=master.changelog.json}
?[m?[37m[INFO] 17:13:29,536 [Test worker] jvm.JdbcExecutor. - INSERT INTO PUBLIC.DATABASECHANGELOG (ID, AUTHOR, FILENAME, DATEEXECUTED, ORDEREXECUTED, MD5SUM, DESCRIPTION, COMMENTS, EXECTYPE, CONTEXTS, LABELS, LIQUIBASE, DEPLOYMENT_ID) VALUES ('1511451595465-63', 'R3.Corda', 'migration/node-info.changelog-init.xml', NOW(), 37, '8:fa5ee007de41334ad2ac991b32969076', 'addForeignKeyConstraint baseTableName=node_info_hosts, constraintName=FK__info_hosts__infos, referencedTableName=node_infos', '', 'EXECUTED', NULL, NULL, '3.6.3', '4052009392') {changeSet=migration/node-info.changelog-init.xml::1511451595465-63::R3.Corda, databaseChangeLog=master.changelog.json}
?[m?[37m[INFO] 17:13:29,536 [Test worker] jvm.JdbcExecutor. - DELETE FROM PUBLIC.node_infos {changeSet=migration/node-info.changelog-init.xml::remove_host_port_pk::R3.Corda, databaseChangeLog=master.changelog.json}
?[m?[37m[INFO] 17:13:29,537 [Test worker] changelog.ChangeSet. - Data deleted from node_infos {changeSet=migration/node-info.changelog-init.xml::remove_host_port_pk::R3.Corda, databaseChangeLog=master.changelog.json}
?[m?[37m[INFO] 17:13:29,537 [Test worker] jvm.JdbcExecutor. - DELETE FROM PUBLIC.node_link_nodeinfo_party {changeSet=migration/node-info.changelog-init.xml::remove_host_port_pk::R3.Corda, databaseChangeLog=master.changelog.json}
?[m?[37m[INFO] 17:13:29,537 [Test worker] changelog.ChangeSet. - Data deleted from node_link_nodeinfo_party {changeSet=migration/node-info.changelog-init.xml::remove_host_port_pk::R3.Corda, databaseChangeLog=master.changelog.json}
?[m?[37m[INFO] 17:13:29,537 [Test worker] jvm.JdbcExecutor. - DELETE FROM PUBLIC.node_info_hosts {changeSet=migration/node-info.changelog-init.xml::remove_host_port_pk::R3.Corda, databaseChangeLog=master.changelog.json}
?[m?[37m[INFO] 17:13:29,537 [Test worker] changelog.ChangeSet. - Data deleted from node_info_hosts {changeSet=migration/node-info.changelog-init.xml::remove_host_port_pk::R3.Corda, databaseChangeLog=master.changelog.json}
?[m?[37m[INFO] 17:13:29,537 [Test worker] jvm.JdbcExecutor. - DELETE FROM PUBLIC.node_info_party_cert {changeSet=migration/node-info.changelog-init.xml::remove_host_port_pk::R3.Corda, databaseChangeLog=master.changelog.json}
?[m?[37m[INFO] 17:13:29,537 [Test worker] changelog.ChangeSet. - Data deleted from node_info_party_cert {changeSet=migration/node-info.changelog-init.xml::remove_host_port_pk::R3.Corda, databaseChangeLog=master.changelog.json}
?[m?[37m[INFO] 17:13:29,537 [Test worker] jvm.JdbcExecutor. - ALTER TABLE PUBLIC.node_info_hosts DROP PRIMARY KEY {changeSet=migration/node-info.changelog-init.xml::remove_host_port_pk::R3.Corda, databaseChangeLog=master.changelog.json}
?[m?[37m[INFO] 17:13:29,537 [Test worker] changelog.ChangeSet. - Primary key dropped from node_info_hosts {changeSet=migration/node-info.changelog-init.xml::remove_host_port_pk::R3.Corda, databaseChangeLog=master.changelog.json}
?[m?[37m[INFO] 17:13:29,537 [Test worker] jvm.JdbcExecutor. - ALTER TABLE PUBLIC.node_info_hosts ADD hosts_id INT NOT NULL {changeSet=migration/node-info.changelog-init.xml::remove_host_port_pk::R3.Corda, databaseChangeLog=master.changelog.json}
?[m?[37m[INFO] 17:13:29,539 [Test worker] changelog.ChangeSet. - Columns hosts_id(INT) added to node_info_hosts {changeSet=migration/node-info.changelog-init.xml::remove_host_port_pk::R3.Corda, databaseChangeLog=master.changelog.json}
?[m?[37m[INFO] 17:13:29,540 [Test worker] jvm.JdbcExecutor. - ALTER TABLE PUBLIC.node_info_hosts ADD CONSTRAINT node_info_hosts_pkey_id PRIMARY KEY (hosts_id) {changeSet=migration/node-info.changelog-init.xml::remove_host_port_pk::R3.Corda, databaseChangeLog=master.changelog.json}
?[m?[37m[INFO] 17:13:29,540 [Test worker] changelog.ChangeSet. - Primary key added to node_info_hosts (hosts_id) {changeSet=migration/node-info.changelog-init.xml::remove_host_port_pk::R3.Corda, databaseChangeLog=master.changelog.json}
?[m?[37m[INFO] 17:13:29,540 [Test worker] changelog.ChangeSet. - ChangeSet migration/node-info.changelog-init.xml::remove_host_port_pk::R3.Corda ran successfully in 4ms {changeSet=migration/node-info.changelog-init.xml::remove_host_port_pk::R3.Corda, databaseChangeLog=master.changelog.json}
?[m?[37m[INFO] 17:13:29,541 [Test worker] jvm.JdbcExecutor. - INSERT INTO PUBLIC.DATABASECHANGELOG (ID, AUTHOR, FILENAME, DATEEXECUTED, ORDEREXECUTED, MD5SUM, DESCRIPTION, COMMENTS, EXECTYPE, CONTEXTS, LABELS, LIQUIBASE, DEPLOYMENT_ID) VALUES ('remove_host_port_pk', 'R3.Corda', 'migration/node-info.changelog-init.xml', NOW(), 38, '8:50fa65c10fd9bb3d89e0ad75d29a0e4d', 'delete tableName=node_infos; delete tableName=node_link_nodeinfo_party; delete tableName=node_info_hosts; delete tableName=node_info_party_cert; dropPrimaryKey constraintName=node_info_hosts_pkey, tableName=node_info_hosts; addColumn tableName=nod...', '', 'EXECUTED', NULL, NULL, '3.6.3', '4052009392') {changeSet=migration/node-info.changelog-init.xml::remove_host_port_pk::R3.Corda, databaseChangeLog=master.changelog.json}
?[m?[37m[INFO] 17:13:29,542 [Test worker] jvm.JdbcExecutor. - CREATE TABLE PUBLIC.node_properties (property_key NVARCHAR(255) NOT NULL, property_value NVARCHAR(255)) {changeSet=migration/node-info.changelog-v1.xml::key/value node properties table::R3.Corda, databaseChangeLog=master.changelog.json}
?[m?[37m[INFO] 17:13:29,542 [Test worker] changelog.ChangeSet. - Table node_properties created {changeSet=migration/node-info.changelog-v1.xml::key/value node properties table::R3.Corda, databaseChangeLog=master.changelog.json}
?[m?[37m[INFO] 17:13:29,542 [Test worker] changelog.ChangeSet. - ChangeSet migration/node-info.changelog-v1.xml::key/value node properties table::R3.Corda ran successfully in 0ms {changeSet=migration/node-info.changelog-v1.xml::key/value node properties table::R3.Corda, databaseChangeLog=master.changelog.json}
?[m?[37m[INFO] 17:13:29,543 [Test worker] jvm.JdbcExecutor. - INSERT INTO PUBLIC.DATABASECHANGELOG (ID, AUTHOR, FILENAME, DATEEXECUTED, ORDEREXECUTED, MD5SUM, DESCRIPTION, COMMENTS, EXECTYPE, CONTEXTS, LABELS, LIQUIBASE, DEPLOYMENT_ID) VALUES ('key/value node properties table', 'R3.Corda', 'migration/node-info.changelog-v1.xml', NOW(), 39, '8:39e4c897aa5e893e79a0434af2948a91', 'createTable tableName=node_properties', '', 'EXECUTED', NULL, NULL, '3.6.3', '4052009392') {changeSet=migration/node-info.changelog-v1.xml::key/value node properties table::R3.Corda, databaseChangeLog=master.changelog.json}
?[m?[37m[INFO] 17:13:29,543 [Test worker] jvm.JdbcExecutor. - ALTER TABLE PUBLIC.node_infos ALTER COLUMN node_info_hash SET NOT NULL {changeSet=migration/node-info.changelog-v2.xml::1525962920::R3.Corda, databaseChangeLog=master.changelog.json}
?[m?[37m[INFO] 17:13:29,544 [Test worker] changelog.ChangeSet. - NOT NULL constraint has been added to node_infos.node_info_hash {changeSet=migration/node-info.changelog-v2.xml::1525962920::R3.Corda, databaseChangeLog=master.changelog.json}
?[m?[37m[INFO] 17:13:29,544 [Test worker] jvm.JdbcExecutor. - ALTER TABLE PUBLIC.node_infos ALTER COLUMN platform_version SET NOT NULL {changeSet=migration/node-info.changelog-v2.xml::1525962920::R3.Corda, databaseChangeLog=master.changelog.json}
?[m?[37m[INFO] 17:13:29,544 [Test worker] changelog.ChangeSet. - NOT NULL constraint has been added to node_infos.platform_version {changeSet=migration/node-info.changelog-v2.xml::1525962920::R3.Corda, databaseChangeLog=master.changelog.json}
?[m?[37m[INFO] 17:13:29,544 [Test worker] jvm.JdbcExecutor. - ALTER TABLE PUBLIC.node_infos ALTER COLUMN serial SET NOT NULL {changeSet=migration/node-info.changelog-v2.xml::1525962920::R3.Corda, databaseChangeLog=master.changelog.json}
?[m?[37m[INFO] 17:13:29,545 [Test worker] changelog.ChangeSet. - NOT NULL constraint has been added to node_infos.serial {changeSet=migration/node-info.changelog-v2.xml::1525962920::R3.Corda, databaseChangeLog=master.changelog.json}
?[m?[37m[INFO] 17:13:29,545 [Test worker] jvm.JdbcExecutor. - ALTER TABLE PUBLIC.node_info_hosts ALTER COLUMN host SET NULL {changeSet=migration/node-info.changelog-v2.xml::1525962920::R3.Corda, databaseChangeLog=master.changelog.json}
?[m?[37m[INFO] 17:13:29,545 [Test worker] changelog.ChangeSet. - Null constraint dropped from node_info_hosts.host {changeSet=migration/node-info.changelog-v2.xml::1525962920::R3.Corda, databaseChangeLog=master.changelog.json}
?[m?[37m[INFO] 17:13:29,545 [Test worker] jvm.JdbcExecutor. - ALTER TABLE PUBLIC.node_info_hosts ALTER COLUMN port SET NULL {changeSet=migration/node-info.changelog-v2.xml::1525962920::R3.Corda, databaseChangeLog=master.changelog.json}
?[m?[37m[INFO] 17:13:29,545 [Test worker] changelog.ChangeSet. - Null constraint dropped from node_info_hosts.port {changeSet=migration/node-info.changelog-v2.xml::1525962920::R3.Corda, databaseChangeLog=master.changelog.json}
?[m?[37m[INFO] 17:13:29,546 [Test worker] jvm.JdbcExecutor. - ALTER TABLE PUBLIC.node_info_party_cert ALTER COLUMN owning_key_hash SET NOT NULL {changeSet=migration/node-info.changelog-v2.xml::1525962920::R3.Corda, databaseChangeLog=master.changelog.json}
?[m?[37m[INFO] 17:13:29,546 [Test worker] changelog.ChangeSet. - NOT NULL constraint has been added to node_info_party_cert.owning_key_hash {changeSet=migration/node-info.changelog-v2.xml::1525962920::R3.Corda, databaseChangeLog=master.changelog.json}
?[m?[37m[INFO] 17:13:29,546 [Test worker] jvm.JdbcExecutor. - ALTER TABLE PUBLIC.node_info_party_cert ALTER COLUMN party_cert_binary SET NOT NULL {changeSet=migration/node-info.changelog-v2.xml::1525962920::R3.Corda, databaseChangeLog=master.changelog.json}
?[m?[37m[INFO] 17:13:29,546 [Test worker] changelog.ChangeSet. - NOT NULL constraint has been added to node_info_party_cert.party_cert_binary {changeSet=migration/node-info.changelog-v2.xml::1525962920::R3.Corda, databaseChangeLog=master.changelog.json}
?[m?[37m[INFO] 17:13:29,546 [Test worker] changelog.ChangeSet. - ChangeSet migration/node-info.changelog-v2.xml::1525962920::R3.Corda ran successfully in 3ms {changeSet=migration/node-info.changelog-v2.xml::1525962920::R3.Corda, databaseChangeLog=master.changelog.json}
?[m?[37m[INFO] 17:13:29,547 [Test worker] jvm.JdbcExecutor. - INSERT INTO PUBLIC.DATABASECHANGELOG (ID, AUTHOR, FILENAME, DATEEXECUTED, ORDEREXECUTED, MD5SUM, DESCRIPTION, COMMENTS, EXECTYPE, CONTEXTS, LABELS, LIQUIBASE, DEPLOYMENT_ID) VALUES ('1525962920', 'R3.Corda', 'migration/node-info.changelog-v2.xml', NOW(), 40, '8:cc835e848ed6cc1f4b2a2e8e31fa92f1', 'addNotNullConstraint columnName=node_info_hash, tableName=node_infos; addNotNullConstraint columnName=platform_version, tableName=node_infos; addNotNullConstraint columnName=serial, tableName=node_infos; dropNotNullConstraint columnName=host, tabl...', '', 'EXECUTED', NULL, NULL, '3.6.3', '4052009392') {changeSet=migration/node-info.changelog-v2.xml::1525962920::R3.Corda, databaseChangeLog=master.changelog.json}
?[m?[37m[INFO] 17:13:29,548 [Test worker] jvm.JdbcExecutor. - ALTER TABLE PUBLIC.node_info_hosts ALTER COLUMN host RENAME TO host_name {changeSet=migration/node-info.changelog-v3.xml::column_host_name::R3.Corda, databaseChangeLog=master.changelog.json}
?[m?[37m[INFO] 17:13:29,548 [Test worker] changelog.ChangeSet. - Column node_info_hosts.host renamed to host_name {changeSet=migration/node-info.changelog-v3.xml::column_host_name::R3.Corda, databaseChangeLog=master.changelog.json}
?[m?[37m[INFO] 17:13:29,548 [Test worker] changelog.ChangeSet. - ChangeSet migration/node-info.changelog-v3.xml::column_host_name::R3.Corda ran successfully in 0ms {changeSet=migration/node-info.changelog-v3.xml::column_host_name::R3.Corda, databaseChangeLog=master.changelog.json}
?[m?[37m[INFO] 17:13:29,549 [Test worker] jvm.JdbcExecutor. - INSERT INTO PUBLIC.DATABASECHANGELOG (ID, AUTHOR, FILENAME, DATEEXECUTED, ORDEREXECUTED, MD5SUM, DESCRIPTION, COMMENTS, EXECTYPE, CONTEXTS, LABELS, LIQUIBASE, DEPLOYMENT_ID) VALUES ('column_host_name', 'R3.Corda', 'migration/node-info.changelog-v3.xml', NOW(), 41, '8:e5fb9380221a91515f45ee44c9c30053', 'renameColumn newColumnName=host_name, oldColumnName=host, tableName=node_info_hosts', '', 'EXECUTED', NULL, NULL, '3.6.3', '4052009392') {changeSet=migration/node-info.changelog-v3.xml::column_host_name::R3.Corda, databaseChangeLog=master.changelog.json}
?[m?[37m[INFO] 17:13:29,550 [Test worker] jvm.JdbcExecutor. - CREATE TABLE PUBLIC.node_attachments (att_id NVARCHAR(255) NOT NULL, content BLOB, filename NVARCHAR(255), insertion_date TIMESTAMP NOT NULL, uploader NVARCHAR(255)) {changeSet=migration/node-services.changelog-init.xml::1511451595465-5::R3.Corda, databaseChangeLog=master.changelog.json}
?[m?[37m[INFO] 17:13:29,550 [Test worker] changelog.ChangeSet. - Table node_attachments created {changeSet=migration/node-services.changelog-init.xml::1511451595465-5::R3.Corda, databaseChangeLog=master.changelog.json}
?[m?[37m[INFO] 17:13:29,550 [Test worker] changelog.ChangeSet. - ChangeSet migration/node-services.changelog-init.xml::1511451595465-5::R3.Corda ran successfully in 1ms {changeSet=migration/node-services.changelog-init.xml::1511451595465-5::R3.Corda, databaseChangeLog=master.changelog.json}
?[m?[37m[INFO] 17:13:29,551 [Test worker] jvm.JdbcExecutor. - INSERT INTO PUBLIC.DATABASECHANGELOG (ID, AUTHOR, FILENAME, DATEEXECUTED, ORDEREXECUTED, MD5SUM, DESCRIPTION, COMMENTS, EXECTYPE, CONTEXTS, LABELS, LIQUIBASE, DEPLOYMENT_ID) VALUES ('1511451595465-5', 'R3.Corda', 'migration/node-services.changelog-init.xml', NOW(), 42, '8:380e64788d9896c1166e4c22336d01e4', 'createTable tableName=node_attachments', '', 'EXECUTED', NULL, NULL, '3.6.3', '4052009392') {changeSet=migration/node-services.changelog-init.xml::1511451595465-5::R3.Corda, databaseChangeLog=master.changelog.json}
?[m?[37m[INFO] 17:13:29,552 [Test worker] jvm.JdbcExecutor. - CREATE TABLE PUBLIC.node_checkpoints (checkpoint_id NVARCHAR(64) NOT NULL, checkpoint_value BLOB) {changeSet=migration/node-services.changelog-init.xml::1511451595465-7::R3.Corda, databaseChangeLog=master.changelog.json}
?[m?[37m[INFO] 17:13:29,553 [Test worker] changelog.ChangeSet. - Table node_checkpoints created {changeSet=migration/node-services.changelog-init.xml::1511451595465-7::R3.Corda, databaseChangeLog=master.changelog.json}
?[m?[37m[INFO] 17:13:29,553 [Test worker] changelog.ChangeSet. - ChangeSet migration/node-services.changelog-init.xml::1511451595465-7::R3.Corda ran successfully in 1ms {changeSet=migration/node-services.changelog-init.xml::1511451595465-7::R3.Corda, databaseChangeLog=master.changelog.json}
?[m?[37m[INFO] 17:13:29,556 [Test worker] jvm.JdbcExecutor. - INSERT INTO PUBLIC.DATABASECHANGELOG (ID, AUTHOR, FILENAME, DATEEXECUTED, ORDEREXECUTED, MD5SUM, DESCRIPTION, COMMENTS, EXECTYPE, CONTEXTS, LABELS, LIQUIBASE, DEPLOYMENT_ID) VALUES ('1511451595465-7', 'R3.Corda', 'migration/node-services.changelog-init.xml', NOW(), 43, '8:8aefa1967ed80f8f98b69247c70c9f24', 'createTable tableName=node_checkpoints', '', 'EXECUTED', NULL, NULL, '3.6.3', '4052009392') {changeSet=migration/node-services.changelog-init.xml::1511451595465-7::R3.Corda, databaseChangeLog=master.changelog.json}
?[m?[37m[INFO] 17:13:29,558 [Test worker] jvm.JdbcExecutor. - CREATE TABLE PUBLIC.node_contract_upgrades (state_ref NVARCHAR(96) NOT NULL, contract_class_name NVARCHAR(255)) {changeSet=migration/node-services.changelog-init.xml::1511451595465-8::R3.Corda, databaseChangeLog=master.changelog.json}
?[m?[37m[INFO] 17:13:29,559 [Test worker] changelog.ChangeSet. - Table node_contract_upgrades created {changeSet=migration/node-services.changelog-init.xml::1511451595465-8::R3.Corda, databaseChangeLog=master.changelog.json}
?[m?[37m[INFO] 17:13:29,559 [Test worker] changelog.ChangeSet. - ChangeSet migration/node-services.changelog-init.xml::1511451595465-8::R3.Corda ran successfully in 1ms {changeSet=migration/node-services.changelog-init.xml::1511451595465-8::R3.Corda, databaseChangeLog=master.changelog.json}
?[m?[37m[INFO] 17:13:29,559 [Test worker] jvm.JdbcExecutor. - INSERT INTO PUBLIC.DATABASECHANGELOG (ID, AUTHOR, FILENAME, DATEEXECUTED, ORDEREXECUTED, MD5SUM, DESCRIPTION, COMMENTS, EXECTYPE, CONTEXTS, LABELS, LIQUIBASE, DEPLOYMENT_ID) VALUES ('1511451595465-8', 'R3.Corda', 'migration/node-services.changelog-init.xml', NOW(), 44, '8:6b06fe4c0ef085967f4dbd00dca08533', 'createTable tableName=node_contract_upgrades', '', 'EXECUTED', NULL, NULL, '3.6.3', '4052009392') {changeSet=migration/node-services.changelog-init.xml::1511451595465-8::R3.Corda, databaseChangeLog=master.changelog.json}
?[m?[37m[INFO] 17:13:29,560 [Test worker] jvm.JdbcExecutor. - CREATE TABLE PUBLIC.node_identities (pk_hash NVARCHAR(130) NOT NULL, identity_value BLOB) {changeSet=migration/node-services.changelog-init.xml::1511451595465-9::R3.Corda, databaseChangeLog=master.changelog.json}
?[m?[37m[INFO] 17:13:29,561 [Test worker] changelog.ChangeSet. - Table node_identities created {changeSet=migration/node-services.changelog-init.xml::1511451595465-9::R3.Corda, databaseChangeLog=master.changelog.json}
?[m?[37m[INFO] 17:13:29,561 [Test worker] changelog.ChangeSet. - ChangeSet migration/node-services.changelog-init.xml::1511451595465-9::R3.Corda ran successfully in 1ms {changeSet=migration/node-services.changelog-init.xml::1511451595465-9::R3.Corda, databaseChangeLog=master.changelog.json}
?[m?[37m[INFO] 17:13:29,561 [Test worker] jvm.JdbcExecutor. - INSERT INTO PUBLIC.DATABASECHANGELOG (ID, AUTHOR, FILENAME, DATEEXECUTED, ORDEREXECUTED, MD5SUM, DESCRIPTION, COMMENTS, EXECTYPE, CONTEXTS, LABELS, LIQUIBASE, DEPLOYMENT_ID) VALUES ('1511451595465-9', 'R3.Corda', 'migration/node-services.changelog-init.xml', NOW(), 45, '8:293963c9989772e272e1397c8ae9dfb1', 'createTable tableName=node_identities', '', 'EXECUTED', NULL, NULL, '3.6.3', '4052009392') {changeSet=migration/node-services.changelog-init.xml::1511451595465-9::R3.Corda, databaseChangeLog=master.changelog.json}
?[m?[37m[INFO] 17:13:29,563 [Test worker] jvm.JdbcExecutor. - CREATE TABLE PUBLIC.node_message_ids (message_id NVARCHAR(64) NOT NULL, insertion_time TIMESTAMP) {changeSet=migration/node-services.changelog-init.xml::1511451595465-13::R3.Corda, databaseChangeLog=master.changelog.json}
?[m?[37m[INFO] 17:13:29,563 [Test worker] changelog.ChangeSet. - Table node_message_ids created {changeSet=migration/node-services.changelog-init.xml::1511451595465-13::R3.Corda, databaseChangeLog=master.changelog.json}
?[m?[37m[INFO] 17:13:29,563 [Test worker] changelog.ChangeSet. - ChangeSet migration/node-services.changelog-init.xml::1511451595465-13::R3.Corda ran successfully in 1ms {changeSet=migration/node-services.changelog-init.xml::1511451595465-13::R3.Corda, databaseChangeLog=master.changelog.json}
?[m?[37m[INFO] 17:13:29,564 [Test worker] jvm.JdbcExecutor. - INSERT INTO PUBLIC.DATABASECHANGELOG (ID, AUTHOR, FILENAME, DATEEXECUTED, ORDEREXECUTED, MD5SUM, DESCRIPTION, COMMENTS, EXECTYPE, CONTEXTS, LABELS, LIQUIBASE, DEPLOYMENT_ID) VALUES ('1511451595465-13', 'R3.Corda', 'migration/node-services.changelog-init.xml', NOW(), 46, '8:421bb9432660d6cdf67a18c6f0acdeb4', 'createTable tableName=node_message_ids', '', 'EXECUTED', NULL, NULL, '3.6.3', '4052009392') {changeSet=migration/node-services.changelog-init.xml::1511451595465-13::R3.Corda, databaseChangeLog=master.changelog.json}
?[m?[37m[INFO] 17:13:29,565 [Test worker] jvm.JdbcExecutor. - CREATE TABLE PUBLIC.node_message_retry (message_id BIGINT NOT NULL, message BLOB, recipients BLOB) {changeSet=migration/node-services.changelog-init.xml::1511451595465-14::R3.Corda, databaseChangeLog=master.changelog.json}
?[m?[37m[INFO] 17:13:29,565 [Test worker] changelog.ChangeSet. - Table node_message_retry created {changeSet=migration/node-services.changelog-init.xml::1511451595465-14::R3.Corda, databaseChangeLog=master.changelog.json}
?[m?[37m[INFO] 17:13:29,565 [Test worker] changelog.ChangeSet. - ChangeSet migration/node-services.changelog-init.xml::1511451595465-14::R3.Corda ran successfully in 1ms {changeSet=migration/node-services.changelog-init.xml::1511451595465-14::R3.Corda, databaseChangeLog=master.changelog.json}
?[m?[37m[INFO] 17:13:29,566 [Test worker] jvm.JdbcExecutor. - INSERT INTO PUBLIC.DATABASECHANGELOG (ID, AUTHOR, FILENAME, DATEEXECUTED, ORDEREXECUTED, MD5SUM, DESCRIPTION, COMMENTS, EXECTYPE, CONTEXTS, LABELS, LIQUIBASE, DEPLOYMENT_ID) VALUES ('1511451595465-14', 'R3.Corda', 'migration/node-services.changelog-init.xml', NOW(), 47, '8:ba7acbbe63086c3c9fb627ea948864b2', 'createTable tableName=node_message_retry', '', 'EXECUTED', NULL, NULL, '3.6.3', '4052009392') {changeSet=migration/node-services.changelog-init.xml::1511451595465-14::R3.Corda, databaseChangeLog=master.changelog.json}
?[m?[37m[INFO] 17:13:29,567 [Test worker] jvm.JdbcExecutor. - CREATE TABLE PUBLIC.node_named_identities (name NVARCHAR(128) NOT NULL, pk_hash NVARCHAR(130)) {changeSet=migration/node-services.changelog-init.xml::1511451595465-15::R3.Corda, databaseChangeLog=master.changelog.json}
?[m?[37m[INFO] 17:13:29,568 [Test worker] changelog.ChangeSet. - Table node_named_identities created {changeSet=migration/node-services.changelog-init.xml::1511451595465-15::R3.Corda, databaseChangeLog=master.changelog.json}
?[m?[37m[INFO] 17:13:29,568 [Test worker] changelog.ChangeSet. - ChangeSet migration/node-services.changelog-init.xml::1511451595465-15::R3.Corda ran successfully in 1ms {changeSet=migration/node-services.changelog-init.xml::1511451595465-15::R3.Corda, databaseChangeLog=master.changelog.json}
?[m?[37m[INFO] 17:13:29,569 [Test worker] jvm.JdbcExecutor. - INSERT INTO PUBLIC.DATABASECHANGELOG (ID, AUTHOR, FILENAME, DATEEXECUTED, ORDEREXECUTED, MD5SUM, DESCRIPTION, COMMENTS, EXECTYPE, CONTEXTS, LABELS, LIQUIBASE, DEPLOYMENT_ID) VALUES ('1511451595465-15', 'R3.Corda', 'migration/node-services.changelog-init.xml', NOW(), 48, '8:bf6ca4e45e140b225f6f934935dd2f34', 'createTable tableName=node_named_identities', '', 'EXECUTED', NULL, NULL, '3.6.3', '4052009392') {changeSet=migration/node-services.changelog-init.xml::1511451595465-15::R3.Corda, databaseChangeLog=master.changelog.json}
?[m?[37m[INFO] 17:13:29,570 [Test worker] jvm.JdbcExecutor. - CREATE TABLE PUBLIC.node_our_key_pairs (public_key_hash NVARCHAR(130) NOT NULL, private_key BLOB, public_key BLOB) {changeSet=migration/node-services.changelog-init.xml::1511451595465-17::R3.Corda, databaseChangeLog=master.changelog.json}
?[m?[37m[INFO] 17:13:29,572 [Test worker] changelog.ChangeSet. - Table node_our_key_pairs created {changeSet=migration/node-services.changelog-init.xml::1511451595465-17::R3.Corda, databaseChangeLog=master.changelog.json}
?[m?[37m[INFO] 17:13:29,572 [Test worker] changelog.ChangeSet. - ChangeSet migration/node-services.changelog-init.xml::1511451595465-17::R3.Corda ran successfully in 2ms {changeSet=migration/node-services.changelog-init.xml::1511451595465-17::R3.Corda, databaseChangeLog=master.changelog.json}
?[m?[37m[INFO] 17:13:29,573 [Test worker] jvm.JdbcExecutor. - INSERT INTO PUBLIC.DATABASECHANGELOG (ID, AUTHOR, FILENAME, DATEEXECUTED, ORDEREXECUTED, MD5SUM, DESCRIPTION, COMMENTS, EXECTYPE, CONTEXTS, LABELS, LIQUIBASE, DEPLOYMENT_ID) VALUES ('1511451595465-17', 'R3.Corda', 'migration/node-services.changelog-init.xml', NOW(), 49, '8:e91eb86cb57176d4605d948f694d8441', 'createTable tableName=node_our_key_pairs', '', 'EXECUTED', NULL, NULL, '3.6.3', '4052009392') {changeSet=migration/node-services.changelog-init.xml::1511451595465-17::R3.Corda, databaseChangeLog=master.changelog.json}
?[m?[37m[INFO] 17:13:29,574 [Test worker] jvm.JdbcExecutor. - CREATE TABLE PUBLIC.node_scheduled_states (output_index INT NOT NULL, transaction_id NVARCHAR(64) NOT NULL, scheduled_at TIMESTAMP NOT NULL) {changeSet=migration/node-services.changelog-init.xml::1511451595465-19::R3.Corda, databaseChangeLog=master.changelog.json}
?[m?[37m[INFO] 17:13:29,574 [Test worker] changelog.ChangeSet. - Table node_scheduled_states created {changeSet=migration/node-services.changelog-init.xml::1511451595465-19::R3.Corda, databaseChangeLog=master.changelog.json}
?[m?[37m[INFO] 17:13:29,574 [Test worker] changelog.ChangeSet. - ChangeSet migration/node-services.changelog-init.xml::1511451595465-19::R3.Corda ran successfully in 0ms {changeSet=migration/node-services.changelog-init.xml::1511451595465-19::R3.Corda, databaseChangeLog=master.changelog.json}
?[m?[37m[INFO] 17:13:29,575 [Test worker] jvm.JdbcExecutor. - INSERT INTO PUBLIC.DATABASECHANGELOG (ID, AUTHOR, FILENAME, DATEEXECUTED, ORDEREXECUTED, MD5SUM, DESCRIPTION, COMMENTS, EXECTYPE, CONTEXTS, LABELS, LIQUIBASE, DEPLOYMENT_ID) VALUES ('1511451595465-19', 'R3.Corda', 'migration/node-services.changelog-init.xml', NOW(), 50, '8:55282f9fbfc1cb8f7583a90173e3ff4c', 'createTable tableName=node_scheduled_states', '', 'EXECUTED', NULL, NULL, '3.6.3', '4052009392') {changeSet=migration/node-services.changelog-init.xml::1511451595465-19::R3.Corda, databaseChangeLog=master.changelog.json}
?[m?[37m[INFO] 17:13:29,576 [Test worker] jvm.JdbcExecutor. - CREATE TABLE PUBLIC.node_transaction_mappings (tx_id NVARCHAR(64) NOT NULL, state_machine_run_id NVARCHAR(36)) {changeSet=migration/node-services.changelog-init.xml::1511451595465-20::R3.Corda, databaseChangeLog=master.changelog.json}
?[m?[37m[INFO] 17:13:29,576 [Test worker] changelog.ChangeSet. - Table node_transaction_mappings created {changeSet=migration/node-services.changelog-init.xml::1511451595465-20::R3.Corda, databaseChangeLog=master.changelog.json}
?[m?[37m[INFO] 17:13:29,576 [Test worker] changelog.ChangeSet. - ChangeSet migration/node-services.changelog-init.xml::1511451595465-20::R3.Corda ran successfully in 0ms {changeSet=migration/node-services.changelog-init.xml::1511451595465-20::R3.Corda, databaseChangeLog=master.changelog.json}
?[m?[37m[INFO] 17:13:29,577 [Test worker] jvm.JdbcExecutor. - INSERT INTO PUBLIC.DATABASECHANGELOG (ID, AUTHOR, FILENAME, DATEEXECUTED, ORDEREXECUTED, MD5SUM, DESCRIPTION, COMMENTS, EXECTYPE, CONTEXTS, LABELS, LIQUIBASE, DEPLOYMENT_ID) VALUES ('1511451595465-20', 'R3.Corda', 'migration/node-services.changelog-init.xml', NOW(), 51, '8:cc085b3d33f3d53b75c8866522653f98', 'createTable tableName=node_transaction_mappings', '', 'EXECUTED', NULL, NULL, '3.6.3', '4052009392') {changeSet=migration/node-services.changelog-init.xml::1511451595465-20::R3.Corda, databaseChangeLog=master.changelog.json}
?[m?[37m[INFO] 17:13:29,578 [Test worker] jvm.JdbcExecutor. - CREATE TABLE PUBLIC.node_transactions (tx_id NVARCHAR(64) NOT NULL, transaction_value BLOB) {changeSet=migration/node-services.changelog-init.xml::1511451595465-21::R3.Corda, databaseChangeLog=master.changelog.json}
?[m?[37m[INFO] 17:13:29,578 [Test worker] changelog.ChangeSet. - Table node_transactions created {changeSet=migration/node-services.changelog-init.xml::1511451595465-21::R3.Corda, databaseChangeLog=master.changelog.json}
?[m?[37m[INFO] 17:13:29,578 [Test worker] changelog.ChangeSet. - ChangeSet migration/node-services.changelog-init.xml::1511451595465-21::R3.Corda ran successfully in 0ms {changeSet=migration/node-services.changelog-init.xml::1511451595465-21::R3.Corda, databaseChangeLog=master.changelog.json}
?[m?[37m[INFO] 17:13:29,579 [Test worker] jvm.JdbcExecutor. - INSERT INTO PUBLIC.DATABASECHANGELOG (ID, AUTHOR, FILENAME, DATEEXECUTED, ORDEREXECUTED, MD5SUM, DESCRIPTION, COMMENTS, EXECTYPE, CONTEXTS, LABELS, LIQUIBASE, DEPLOYMENT_ID) VALUES ('1511451595465-21', 'R3.Corda', 'migration/node-services.changelog-init.xml', NOW(), 52, '8:69feb7582f3b77828510a56cb111cfd8', 'createTable tableName=node_transactions', '', 'EXECUTED', NULL, NULL, '3.6.3', '4052009392') {changeSet=migration/node-services.changelog-init.xml::1511451595465-21::R3.Corda, databaseChangeLog=master.changelog.json}
?[m?[37m[INFO] 17:13:29,581 [Test worker] jvm.JdbcExecutor. - ALTER TABLE PUBLIC.node_attachments ADD CONSTRAINT node_attachments_pkey PRIMARY KEY (att_id) {changeSet=migration/node-services.changelog-init.xml::1511451595465-30::R3.Corda, databaseChangeLog=master.changelog.json}
?[m?[37m[INFO] 17:13:29,581 [Test worker] changelog.ChangeSet. - Primary key added to node_attachments (att_id) {changeSet=migration/node-services.changelog-init.xml::1511451595465-30::R3.Corda, databaseChangeLog=master.changelog.json}
?[m?[37m[INFO] 17:13:29,581 [Test worker] changelog.ChangeSet. - ChangeSet migration/node-services.changelog-init.xml::1511451595465-30::R3.Corda ran successfully in 1ms {changeSet=migration/node-services.changelog-init.xml::1511451595465-30::R3.Corda, databaseChangeLog=master.changelog.json}
?[m?[37m[INFO] 17:13:29,583 [Test worker] jvm.JdbcExecutor. - INSERT INTO PUBLIC.DATABASECHANGELOG (ID, AUTHOR, FILENAME, DATEEXECUTED, ORDEREXECUTED, MD5SUM, DESCRIPTION, COMMENTS, EXECTYPE, CONTEXTS, LABELS, LIQUIBASE, DEPLOYMENT_ID) VALUES ('1511451595465-30', 'R3.Corda', 'migration/node-services.changelog-init.xml', NOW(), 53, '8:97c42d4eac368e79f47df345a072b237', 'addPrimaryKey constraintName=node_attachments_pkey, tableName=node_attachments', '', 'EXECUTED', NULL, NULL, '3.6.3', '4052009392') {changeSet=migration/node-services.changelog-init.xml::1511451595465-30::R3.Corda, databaseChangeLog=master.changelog.json}
?[m?[37m[INFO] 17:13:29,584 [Test worker] jvm.JdbcExecutor. - ALTER TABLE PUBLIC.node_checkpoints ADD CONSTRAINT node_checkpoints_pkey PRIMARY KEY (checkpoint_id) {changeSet=migration/node-services.changelog-init.xml::1511451595465-32::R3.Corda, databaseChangeLog=master.changelog.json}
?[m?[37m[INFO] 17:13:29,584 [Test worker] changelog.ChangeSet. - Primary key added to node_checkpoints (checkpoint_id) {changeSet=migration/node-services.changelog-init.xml::1511451595465-32::R3.Corda, databaseChangeLog=master.changelog.json}
?[m?[37m[INFO] 17:13:29,584 [Test worker] changelog.ChangeSet. - ChangeSet migration/node-services.changelog-init.xml::1511451595465-32::R3.Corda ran successfully in 1ms {changeSet=migration/node-services.changelog-init.xml::1511451595465-32::R3.Corda, databaseChangeLog=master.changelog.json}
?[m?[37m[INFO] 17:13:29,585 [Test worker] jvm.JdbcExecutor. - INSERT INTO PUBLIC.DATABASECHANGELOG (ID, AUTHOR, FILENAME, DATEEXECUTED, ORDEREXECUTED, MD5SUM, DESCRIPTION, COMMENTS, EXECTYPE, CONTEXTS, LABELS, LIQUIBASE, DEPLOYMENT_ID) VALUES ('1511451595465-32', 'R3.Corda', 'migration/node-services.changelog-init.xml', NOW(), 54, '8:7224c32660081d3e820e52e2b70b365f', 'addPrimaryKey constraintName=node_checkpoints_pkey, tableName=node_checkpoints', '', 'EXECUTED', NULL, NULL, '3.6.3', '4052009392') {changeSet=migration/node-services.changelog-init.xml::1511451595465-32::R3.Corda, databaseChangeLog=master.changelog.json}
?[m?[37m[INFO] 17:13:29,586 [Test worker] jvm.JdbcExecutor. - ALTER TABLE PUBLIC.node_contract_upgrades ADD CONSTRAINT node_contract_upgrades_pkey PRIMARY KEY (state_ref) {changeSet=migration/node-services.changelog-init.xml::1511451595465-33::R3.Corda, databaseChangeLog=master.changelog.json}
?[m?[37m[INFO] 17:13:29,587 [Test worker] changelog.ChangeSet. - Primary key added to node_contract_upgrades (state_ref) {changeSet=migration/node-services.changelog-init.xml::1511451595465-33::R3.Corda, databaseChangeLog=master.changelog.json}
?[m?[37m[INFO] 17:13:29,587 [Test worker] changelog.ChangeSet. - ChangeSet migration/node-services.changelog-init.xml::1511451595465-33::R3.Corda ran successfully in 1ms {changeSet=migration/node-services.changelog-init.xml::1511451595465-33::R3.Corda, databaseChangeLog=master.changelog.json}
?[m?[37m[INFO] 17:13:29,588 [Test worker] jvm.JdbcExecutor. - INSERT INTO PUBLIC.DATABASECHANGELOG (ID, AUTHOR, FILENAME, DATEEXECUTED, ORDEREXECUTED, MD5SUM, DESCRIPTION, COMMENTS, EXECTYPE, CONTEXTS, LABELS, LIQUIBASE, DEPLOYMENT_ID) VALUES ('1511451595465-33', 'R3.Corda', 'migration/node-services.changelog-init.xml', NOW(), 55, '8:85bcae037a29317065e3b922e0563902', 'addPrimaryKey constraintName=node_contract_upgrades_pkey, tableName=node_contract_upgrades', '', 'EXECUTED', NULL, NULL, '3.6.3', '4052009392') {changeSet=migration/node-services.changelog-init.xml::1511451595465-33::R3.Corda, databaseChangeLog=master.changelog.json}
?[m?[37m[INFO] 17:13:29,589 [Test worker] jvm.JdbcExecutor. - ALTER TABLE PUBLIC.node_identities ADD CONSTRAINT node_identities_pkey PRIMARY KEY (pk_hash) {changeSet=migration/node-services.changelog-init.xml::1511451595465-34::R3.Corda, databaseChangeLog=master.changelog.json}
?[m?[37m[INFO] 17:13:29,589 [Test worker] changelog.ChangeSet. - Primary key added to node_identities (pk_hash) {changeSet=migration/node-services.changelog-init.xml::1511451595465-34::R3.Corda, databaseChangeLog=master.changelog.json}
?[m?[37m[INFO] 17:13:29,589 [Test worker] changelog.ChangeSet. - ChangeSet migration/node-services.changelog-init.xml::1511451595465-34::R3.Corda ran successfully in 1ms {changeSet=migration/node-services.changelog-init.xml::1511451595465-34::R3.Corda, databaseChangeLog=master.changelog.json}
?[m?[37m[INFO] 17:13:29,590 [Test worker] jvm.JdbcExecutor. - INSERT INTO PUBLIC.DATABASECHANGELOG (ID, AUTHOR, FILENAME, DATEEXECUTED, ORDEREXECUTED, MD5SUM, DESCRIPTION, COMMENTS, EXECTYPE, CONTEXTS, LABELS, LIQUIBASE, DEPLOYMENT_ID) VALUES ('1511451595465-34', 'R3.Corda', 'migration/node-services.changelog-init.xml', NOW(), 56, '8:308ffe9985df3029fc05bd41c60010a9', 'addPrimaryKey constraintName=node_identities_pkey, tableName=node_identities', '', 'EXECUTED', NULL, NULL, '3.6.3', '4052009392') {changeSet=migration/node-services.changelog-init.xml::1511451595465-34::R3.Corda, databaseChangeLog=master.changelog.json}
?[m?[37m[INFO] 17:13:29,591 [Test worker] jvm.JdbcExecutor. - ALTER TABLE PUBLIC.node_message_ids ADD CONSTRAINT node_message_ids_pkey PRIMARY KEY (message_id) {changeSet=migration/node-services.changelog-init.xml::1511451595465-38::R3.Corda, databaseChangeLog=master.changelog.json}
?[m?[37m[INFO] 17:13:29,591 [Test worker] changelog.ChangeSet. - Primary key added to node_message_ids (message_id) {changeSet=migration/node-services.changelog-init.xml::1511451595465-38::R3.Corda, databaseChangeLog=master.changelog.json}
?[m?[37m[INFO] 17:13:29,591 [Test worker] changelog.ChangeSet. - ChangeSet migration/node-services.changelog-init.xml::1511451595465-38::R3.Corda ran successfully in 1ms {changeSet=migration/node-services.changelog-init.xml::1511451595465-38::R3.Corda, databaseChangeLog=master.changelog.json}
?[m?[37m[INFO] 17:13:29,592 [Test worker] jvm.JdbcExecutor. - INSERT INTO PUBLIC.DATABASECHANGELOG (ID, AUTHOR, FILENAME, DATEEXECUTED, ORDEREXECUTED, MD5SUM, DESCRIPTION, COMMENTS, EXECTYPE, CONTEXTS, LABELS, LIQUIBASE, DEPLOYMENT_ID) VALUES ('1511451595465-38', 'R3.Corda', 'migration/node-services.changelog-init.xml', NOW(), 57, '8:18b1b83ce2a778af1a8a8c9c56bb9651', 'addPrimaryKey constraintName=node_message_ids_pkey, tableName=node_message_ids', '', 'EXECUTED', NULL, NULL, '3.6.3', '4052009392') {changeSet=migration/node-services.changelog-init.xml::1511451595465-38::R3.Corda, databaseChangeLog=master.changelog.json}
?[m?[37m[INFO] 17:13:29,593 [Test worker] jvm.JdbcExecutor. - ALTER TABLE PUBLIC.node_message_retry ADD CONSTRAINT node_message_retry_pkey PRIMARY KEY (message_id) {changeSet=migration/node-services.changelog-init.xml::1511451595465-39::R3.Corda, databaseChangeLog=master.changelog.json}
?[m?[37m[INFO] 17:13:29,593 [Test worker] changelog.ChangeSet. - Primary key added to node_message_retry (message_id) {changeSet=migration/node-services.changelog-init.xml::1511451595465-39::R3.Corda, databaseChangeLog=master.changelog.json}
?[m?[37m[INFO] 17:13:29,593 [Test worker] changelog.ChangeSet. - ChangeSet migration/node-services.changelog-init.xml::1511451595465-39::R3.Corda ran successfully in 0ms {changeSet=migration/node-services.changelog-init.xml::1511451595465-39::R3.Corda, databaseChangeLog=master.changelog.json}
?[m?[37m[INFO] 17:13:29,594 [Test worker] jvm.JdbcExecutor. - INSERT INTO PUBLIC.DATABASECHANGELOG (ID, AUTHOR, FILENAME, DATEEXECUTED, ORDEREXECUTED, MD5SUM, DESCRIPTION, COMMENTS, EXECTYPE, CONTEXTS, LABELS, LIQUIBASE, DEPLOYMENT_ID) VALUES ('1511451595465-39', 'R3.Corda', 'migration/node-services.changelog-init.xml', NOW(), 58, '8:0359c73c9db723c73ee0171620ff4ac6', 'addPrimaryKey constraintName=node_message_retry_pkey, tableName=node_message_retry', '', 'EXECUTED', NULL, NULL, '3.6.3', '4052009392') {changeSet=migration/node-services.changelog-init.xml::1511451595465-39::R3.Corda, databaseChangeLog=master.changelog.json}
?[m?[37m[INFO] 17:13:29,594 [Test worker] jvm.JdbcExecutor. - ALTER TABLE PUBLIC.node_named_identities ADD CONSTRAINT node_named_identities_pkey PRIMARY KEY (name) {changeSet=migration/node-services.changelog-init.xml::1511451595465-40::R3.Corda, databaseChangeLog=master.changelog.json}
?[m?[37m[INFO] 17:13:29,595 [Test worker] changelog.ChangeSet. - Primary key added to node_named_identities (name) {changeSet=migration/node-services.changelog-init.xml::1511451595465-40::R3.Corda, databaseChangeLog=master.changelog.json}
?[m?[37m[INFO] 17:13:29,595 [Test worker] changelog.ChangeSet. - ChangeSet migration/node-services.changelog-init.xml::1511451595465-40::R3.Corda ran successfully in 1ms {changeSet=migration/node-services.changelog-init.xml::1511451595465-40::R3.Corda, databaseChangeLog=master.changelog.json}
?[m?[37m[INFO] 17:13:29,596 [Test worker] jvm.JdbcExecutor. - INSERT INTO PUBLIC.DATABASECHANGELOG (ID, AUTHOR, FILENAME, DATEEXECUTED, ORDEREXECUTED, MD5SUM, DESCRIPTION, COMMENTS, EXECTYPE, CONTEXTS, LABELS, LIQUIBASE, DEPLOYMENT_ID) VALUES ('1511451595465-40', 'R3.Corda', 'migration/node-services.changelog-init.xml', NOW(), 59, '8:ef3ab101a3e4c5820f575d5adcb85c08', 'addPrimaryKey constraintName=node_named_identities_pkey, tableName=node_named_identities', '', 'EXECUTED', NULL, NULL, '3.6.3', '4052009392') {changeSet=migration/node-services.changelog-init.xml::1511451595465-40::R3.Corda, databaseChangeLog=master.changelog.json}
?[m?[37m[INFO] 17:13:29,596 [Test worker] jvm.JdbcExecutor. - ALTER TABLE PUBLIC.node_our_key_pairs ADD CONSTRAINT node_our_key_pairs_pkey PRIMARY KEY (public_key_hash) {changeSet=migration/node-services.changelog-init.xml::1511451595465-42::R3.Corda, databaseChangeLog=master.changelog.json}
?[m?[37m[INFO] 17:13:29,597 [Test worker] changelog.ChangeSet. - Primary key added to node_our_key_pairs (public_key_hash) {changeSet=migration/node-services.changelog-init.xml::1511451595465-42::R3.Corda, databaseChangeLog=master.changelog.json}
?[m?[37m[INFO] 17:13:29,597 [Test worker] changelog.ChangeSet. - ChangeSet migration/node-services.changelog-init.xml::1511451595465-42::R3.Corda ran successfully in 1ms {changeSet=migration/node-services.changelog-init.xml::1511451595465-42::R3.Corda, databaseChangeLog=master.changelog.json}
?[m?[37m[INFO] 17:13:29,597 [Test worker] jvm.JdbcExecutor. - INSERT INTO PUBLIC.DATABASECHANGELOG (ID, AUTHOR, FILENAME, DATEEXECUTED, ORDEREXECUTED, MD5SUM, DESCRIPTION, COMMENTS, EXECTYPE, CONTEXTS, LABELS, LIQUIBASE, DEPLOYMENT_ID) VALUES ('1511451595465-42', 'R3.Corda', 'migration/node-services.changelog-init.xml', NOW(), 60, '8:d742088fd258d00e0a1fbffcf2e27c61', 'addPrimaryKey constraintName=node_our_key_pairs_pkey, tableName=node_our_key_pairs', '', 'EXECUTED', NULL, NULL, '3.6.3', '4052009392') {changeSet=migration/node-services.changelog-init.xml::1511451595465-42::R3.Corda, databaseChangeLog=master.changelog.json}
?[m?[37m[INFO] 17:13:29,598 [Test worker] jvm.JdbcExecutor. - ALTER TABLE PUBLIC.node_scheduled_states ADD CONSTRAINT node_scheduled_states_pkey PRIMARY KEY (output_index, transaction_id) {changeSet=migration/node-services.changelog-init.xml::1511451595465-44::R3.Corda, databaseChangeLog=master.changelog.json}
?[m?[37m[INFO] 17:13:29,598 [Test worker] changelog.ChangeSet. - Primary key added to node_scheduled_states (output_index, transaction_id) {changeSet=migration/node-services.changelog-init.xml::1511451595465-44::R3.Corda, databaseChangeLog=master.changelog.json}
?[m?[37m[INFO] 17:13:29,598 [Test worker] changelog.ChangeSet. - ChangeSet migration/node-services.changelog-init.xml::1511451595465-44::R3.Corda ran successfully in 0ms {changeSet=migration/node-services.changelog-init.xml::1511451595465-44::R3.Corda, databaseChangeLog=master.changelog.json}
?[m?[37m[INFO] 17:13:29,599 [Test worker] jvm.JdbcExecutor. - INSERT INTO PUBLIC.DATABASECHANGELOG (ID, AUTHOR, FILENAME, DATEEXECUTED, ORDEREXECUTED, MD5SUM, DESCRIPTION, COMMENTS, EXECTYPE, CONTEXTS, LABELS, LIQUIBASE, DEPLOYMENT_ID) VALUES ('1511451595465-44', 'R3.Corda', 'migration/node-services.changelog-init.xml', NOW(), 61, '8:dc8b980de5154038877f6d2e43b97ad1', 'addPrimaryKey constraintName=node_scheduled_states_pkey, tableName=node_scheduled_states', '', 'EXECUTED', NULL, NULL, '3.6.3', '4052009392') {changeSet=migration/node-services.changelog-init.xml::1511451595465-44::R3.Corda, databaseChangeLog=master.changelog.json}
?[m?[37m[INFO] 17:13:29,600 [Test worker] jvm.JdbcExecutor. - ALTER TABLE PUBLIC.node_transaction_mappings ADD CONSTRAINT node_transaction_mappings_pkey PRIMARY KEY (tx_id) {changeSet=migration/node-services.changelog-init.xml::1511451595465-45::R3.Corda, databaseChangeLog=master.changelog.json}
?[m?[37m[INFO] 17:13:29,600 [Test worker] changelog.ChangeSet. - Primary key added to node_transaction_mappings (tx_id) {changeSet=migration/node-services.changelog-init.xml::1511451595465-45::R3.Corda, databaseChangeLog=master.changelog.json}
?[m?[37m[INFO] 17:13:29,600 [Test worker] changelog.ChangeSet. - ChangeSet migration/node-services.changelog-init.xml::1511451595465-45::R3.Corda ran successfully in 0ms {changeSet=migration/node-services.changelog-init.xml::1511451595465-45::R3.Corda, databaseChangeLog=master.changelog.json}
?[m?[37m[INFO] 17:13:29,601 [Test worker] jvm.JdbcExecutor. - INSERT INTO PUBLIC.DATABASECHANGELOG (ID, AUTHOR, FILENAME, DATEEXECUTED, ORDEREXECUTED, MD5SUM, DESCRIPTION, COMMENTS, EXECTYPE, CONTEXTS, LABELS, LIQUIBASE, DEPLOYMENT_ID) VALUES ('1511451595465-45', 'R3.Corda', 'migration/node-services.changelog-init.xml', NOW(), 62, '8:2ae0fa18530e20aa3bcd6109b7d95247', 'addPrimaryKey constraintName=node_transaction_mappings_pkey, tableName=node_transaction_mappings', '', 'EXECUTED', NULL, NULL, '3.6.3', '4052009392') {changeSet=migration/node-services.changelog-init.xml::1511451595465-45::R3.Corda, databaseChangeLog=master.changelog.json}
?[m?[37m[INFO] 17:13:29,602 [Test worker] jvm.JdbcExecutor. - ALTER TABLE PUBLIC.node_transactions ADD CONSTRAINT node_transactions_pkey PRIMARY KEY (tx_id) {changeSet=migration/node-services.changelog-init.xml::1511451595465-46::R3.Corda, databaseChangeLog=master.changelog.json}
?[m?[37m[INFO] 17:13:29,602 [Test worker] changelog.ChangeSet. - Primary key added to node_transactions (tx_id) {changeSet=migration/node-services.changelog-init.xml::1511451595465-46::R3.Corda, databaseChangeLog=master.changelog.json}
?[m?[37m[INFO] 17:13:29,602 [Test worker] changelog.ChangeSet. - ChangeSet migration/node-services.changelog-init.xml::1511451595465-46::R3.Corda ran successfully in 0ms {changeSet=migration/node-services.changelog-init.xml::1511451595465-46::R3.Corda, databaseChangeLog=master.changelog.json}
?[m?[37m[INFO] 17:13:29,603 [Test worker] jvm.JdbcExecutor. - INSERT INTO PUBLIC.DATABASECHANGELOG (ID, AUTHOR, FILENAME, DATEEXECUTED, ORDEREXECUTED, MD5SUM, DESCRIPTION, COMMENTS, EXECTYPE, CONTEXTS, LABELS, LIQUIBASE, DEPLOYMENT_ID) VALUES ('1511451595465-46', 'R3.Corda', 'migration/node-services.changelog-init.xml', NOW(), 63, '8:d5e4dd3dba8e89f77b6eeff0fc5b7a49', 'addPrimaryKey constraintName=node_transactions_pkey, tableName=node_transactions', '', 'EXECUTED', NULL, NULL, '3.6.3', '4052009392') {changeSet=migration/node-services.changelog-init.xml::1511451595465-46::R3.Corda, databaseChangeLog=master.changelog.json}
?[m?[37m[INFO] 17:13:29,604 [Test worker] jvm.JdbcExecutor. - ALTER TABLE PUBLIC.node_link_nodeinfo_party ADD CONSTRAINT FK__link_ni_p__info_p_cert FOREIGN KEY (party_name) REFERENCES PUBLIC.node_info_party_cert (party_name) {changeSet=migration/node-services.changelog-init.xml::1511451595465-61::R3.Corda, databaseChangeLog=master.changelog.json}
?[m?[37m[INFO] 17:13:29,605 [Test worker] changelog.ChangeSet. - Foreign key constraint added to node_link_nodeinfo_party (party_name) {changeSet=migration/node-services.changelog-init.xml::1511451595465-61::R3.Corda, databaseChangeLog=master.changelog.json}
?[m?[37m[INFO] 17:13:29,605 [Test worker] changelog.ChangeSet. - ChangeSet migration/node-services.changelog-init.xml::1511451595465-61::R3.Corda ran successfully in 1ms {changeSet=migration/node-services.changelog-init.xml::1511451595465-61::R3.Corda, databaseChangeLog=master.changelog.json}
?[m?[37m[INFO] 17:13:29,606 [Test worker] jvm.JdbcExecutor. - INSERT INTO PUBLIC.DATABASECHANGELOG (ID, AUTHOR, FILENAME, DATEEXECUTED, ORDEREXECUTED, MD5SUM, DESCRIPTION, COMMENTS, EXECTYPE, CONTEXTS, LABELS, LIQUIBASE, DEPLOYMENT_ID) VALUES ('1511451595465-61', 'R3.Corda', 'migration/node-services.changelog-init.xml', NOW(), 64, '8:1d4e406a8056aa782ccbd978771f1fb9', 'addForeignKeyConstraint baseTableName=node_link_nodeinfo_party, constraintName=FK__link_ni_p__info_p_cert, referencedTableName=node_info_party_cert', '', 'EXECUTED', NULL, NULL, '3.6.3', '4052009392') {changeSet=migration/node-services.changelog-init.xml::1511451595465-61::R3.Corda, databaseChangeLog=master.changelog.json}
?[m?[37m[INFO] 17:13:29,607 [Test worker] jvm.JdbcExecutor. - CREATE INDEX PUBLIC.att_id_idx ON PUBLIC.node_attachments(att_id) {changeSet=migration/node-services.changelog-init.xml::add index att_id::R3.Corda, databaseChangeLog=master.changelog.json}
?[m?[37m[INFO] 17:13:29,607 [Test worker] changelog.ChangeSet. - Index att_id_idx created {changeSet=migration/node-services.changelog-init.xml::add index att_id::R3.Corda, databaseChangeLog=master.changelog.json}
?[m?[37m[INFO] 17:13:29,607 [Test worker] changelog.ChangeSet. - ChangeSet migration/node-services.changelog-init.xml::add index att_id::R3.Corda ran successfully in 1ms {changeSet=migration/node-services.changelog-init.xml::add index att_id::R3.Corda, databaseChangeLog=master.changelog.json}
?[m?[37m[INFO] 17:13:29,607 [Test worker] jvm.JdbcExecutor. - INSERT INTO PUBLIC.DATABASECHANGELOG (ID, AUTHOR, FILENAME, DATEEXECUTED, ORDEREXECUTED, MD5SUM, DESCRIPTION, COMMENTS, EXECTYPE, CONTEXTS, LABELS, LIQUIBASE, DEPLOYMENT_ID) VALUES ('add index att_id', 'R3.Corda', 'migration/node-services.changelog-init.xml', NOW(), 65, '8:ccf9b08f32d685dc60d6e34a3013bffc', 'createIndex indexName=att_id_idx, tableName=node_attachments', '', 'EXECUTED', NULL, NULL, '3.6.3', '4052009392') {changeSet=migration/node-services.changelog-init.xml::add index att_id::R3.Corda, databaseChangeLog=master.changelog.json}
?[m?[37m[INFO] 17:13:29,608 [Test worker] jvm.JdbcExecutor. - CREATE TABLE PUBLIC.node_attchments_contracts (att_id NVARCHAR(255) NOT NULL, contract_class_name NVARCHAR(255)) {changeSet=migration/node-services.changelog-init.xml::add_contract_attachment::R3.Corda, databaseChangeLog=master.changelog.json}
?[m?[37m[INFO] 17:13:29,608 [Test worker] changelog.ChangeSet. - Table node_attchments_contracts created {changeSet=migration/node-services.changelog-init.xml::add_contract_attachment::R3.Corda, databaseChangeLog=master.changelog.json}
?[m?[37m[INFO] 17:13:29,609 [Test worker] jvm.JdbcExecutor. - ALTER TABLE PUBLIC.node_attchments_contracts ADD CONSTRAINT FK__ctr_class__attachments FOREIGN KEY (att_id) REFERENCES PUBLIC.node_attachments (att_id) {changeSet=migration/node-services.changelog-init.xml::add_contract_attachment::R3.Corda, databaseChangeLog=master.changelog.json}
?[m?[37m[INFO] 17:13:29,609 [Test worker] changelog.ChangeSet. - Foreign key constraint added to node_attchments_contracts (att_id) {changeSet=migration/node-services.changelog-init.xml::add_contract_attachment::R3.Corda, databaseChangeLog=master.changelog.json}
?[m?[37m[INFO] 17:13:29,610 [Test worker] jvm.JdbcExecutor. - DELETE FROM PUBLIC.node_attachments {changeSet=migration/node-services.changelog-init.xml::add_contract_attachment::R3.Corda, databaseChangeLog=master.changelog.json}
?[m?[37m[INFO] 17:13:29,610 [Test worker] changelog.ChangeSet. - Data deleted from node_attachments {changeSet=migration/node-services.changelog-init.xml::add_contract_attachment::R3.Corda, databaseChangeLog=master.changelog.json}
?[m?[37m[INFO] 17:13:29,610 [Test worker] changelog.ChangeSet. - ChangeSet migration/node-services.changelog-init.xml::add_contract_attachment::R3.Corda ran successfully in 2ms {changeSet=migration/node-services.changelog-init.xml::add_contract_attachment::R3.Corda, databaseChangeLog=master.changelog.json}
?[m?[37m[INFO] 17:13:29,611 [Test worker] jvm.JdbcExecutor. - INSERT INTO PUBLIC.DATABASECHANGELOG (ID, AUTHOR, FILENAME, DATEEXECUTED, ORDEREXECUTED, MD5SUM, DESCRIPTION, COMMENTS, EXECTYPE, CONTEXTS, LABELS, LIQUIBASE, DEPLOYMENT_ID) VALUES ('add_contract_attachment', 'R3.Corda', 'migration/node-services.changelog-init.xml', NOW(), 66, '8:8898557cf18644883f6f3b0c5e784c0b', 'createTable tableName=node_attchments_contracts; addForeignKeyConstraint baseTableName=node_attchments_contracts, constraintName=FK__ctr_class__attachments, referencedTableName=node_attachments; delete tableName=node_attachments', '', 'EXECUTED', NULL, NULL, '3.6.3', '4052009392') {changeSet=migration/node-services.changelog-init.xml::add_contract_attachment::R3.Corda, databaseChangeLog=master.changelog.json}
?[m?[37m[INFO] 17:13:29,612 [Test worker] jvm.JdbcExecutor. - ALTER TABLE PUBLIC.node_message_ids ADD sender NVARCHAR(64) {changeSet=migration/node-services.changelog-init.xml::add_dedup_columns::R3.Corda, databaseChangeLog=master.changelog.json}
?[m?[37m[INFO] 17:13:29,614 [Test worker] jvm.JdbcExecutor. - ALTER TABLE PUBLIC.node_message_ids ADD sequence_number BIGINT {changeSet=migration/node-services.changelog-init.xml::add_dedup_columns::R3.Corda, databaseChangeLog=master.changelog.json}
?[m?[37m[INFO] 17:13:29,615 [Test worker] changelog.ChangeSet. - Columns sender(NVARCHAR(64)),sequence_number(BIGINT) added to node_message_ids {changeSet=migration/node-services.changelog-init.xml::add_dedup_columns::R3.Corda, databaseChangeLog=master.changelog.json}
?[m?[37m[INFO] 17:13:29,615 [Test worker] changelog.ChangeSet. - ChangeSet migration/node-services.changelog-init.xml::add_dedup_columns::R3.Corda ran successfully in 4ms {changeSet=migration/node-services.changelog-init.xml::add_dedup_columns::R3.Corda, databaseChangeLog=master.changelog.json}
?[m?[37m[INFO] 17:13:29,616 [Test worker] jvm.JdbcExecutor. - INSERT INTO PUBLIC.DATABASECHANGELOG (ID, AUTHOR, FILENAME, DATEEXECUTED, ORDEREXECUTED, MD5SUM, DESCRIPTION, COMMENTS, EXECTYPE, CONTEXTS, LABELS, LIQUIBASE, DEPLOYMENT_ID) VALUES ('add_dedup_columns', 'R3.Corda', 'migration/node-services.changelog-init.xml', NOW(), 67, '8:5924ebdacff695e1f30aa3e0173eccdf', 'addColumn tableName=node_message_ids', '', 'EXECUTED', NULL, NULL, '3.6.3', '4052009392') {changeSet=migration/node-services.changelog-init.xml::add_dedup_columns::R3.Corda, databaseChangeLog=master.changelog.json}
?[m?[37m[INFO] 17:13:29,617 [Test worker] jvm.JdbcExecutor. - ALTER TABLE PUBLIC.node_attchments_contracts RENAME TO node_attachments_contracts {changeSet=migration/node-core.changelog-v4.xml::attchments_rename::R3.Corda, databaseChangeLog=master.changelog.json}
?[m?[37m[INFO] 17:13:29,617 [Test worker] changelog.ChangeSet. - Table node_attchments_contracts renamed to node_attachments_contracts {changeSet=migration/node-core.changelog-v4.xml::attchments_rename::R3.Corda, databaseChangeLog=master.changelog.json}
?[m?[37m[INFO] 17:13:29,617 [Test worker] changelog.ChangeSet. - ChangeSet migration/node-core.changelog-v4.xml::attchments_rename::R3.Corda ran successfully in 0ms {changeSet=migration/node-core.changelog-v4.xml::attchments_rename::R3.Corda, databaseChangeLog=master.changelog.json}
?[m?[37m[INFO] 17:13:29,618 [Test worker] jvm.JdbcExecutor. - INSERT INTO PUBLIC.DATABASECHANGELOG (ID, AUTHOR, FILENAME, DATEEXECUTED, ORDEREXECUTED, MD5SUM, DESCRIPTION, COMMENTS, EXECTYPE, CONTEXTS, LABELS, LIQUIBASE, DEPLOYMENT_ID) VALUES ('attchments_rename', 'R3.Corda', 'migration/node-core.changelog-v4.xml', NOW(), 68, '8:94816d7657264059f2b8da4e97d4b15d', 'renameTable newTableName=node_attachments_contracts, oldTableName=node_attchments_contracts', '', 'EXECUTED', NULL, NULL, '3.6.3', '4052009392') {changeSet=migration/node-core.changelog-v4.xml::attchments_rename::R3.Corda, databaseChangeLog=master.changelog.json}
?[m?[37m[INFO] 17:13:29,619 [Test worker] jvm.JdbcExecutor. - ALTER TABLE PUBLIC.node_identities ALTER COLUMN identity_value SET NOT NULL {changeSet=migration/node-core.changelog-v4.xml::nullability::R3.Corda, databaseChangeLog=master.changelog.json}
?[m?[37m[INFO] 17:13:29,619 [Test worker] changelog.ChangeSet. - NOT NULL constraint has been added to node_identities.identity_value {changeSet=migration/node-core.changelog-v4.xml::nullability::R3.Corda, databaseChangeLog=master.changelog.json}
?[m?[37m[INFO] 17:13:29,619 [Test worker] jvm.JdbcExecutor. - ALTER TABLE PUBLIC.node_attachments ALTER COLUMN content SET NOT NULL {changeSet=migration/node-core.changelog-v4.xml::nullability::R3.Corda, databaseChangeLog=master.changelog.json}
?[m?[37m[INFO] 17:13:29,619 [Test worker] changelog.ChangeSet. - NOT NULL constraint has been added to node_attachments.content {changeSet=migration/node-core.changelog-v4.xml::nullability::R3.Corda, databaseChangeLog=master.changelog.json}
?[m?[37m[INFO] 17:13:29,620 [Test worker] jvm.JdbcExecutor. - ALTER TABLE PUBLIC.node_attachments_contracts ALTER COLUMN contract_class_name SET NOT NULL {changeSet=migration/node-core.changelog-v4.xml::nullability::R3.Corda, databaseChangeLog=master.changelog.json}
?[m?[37m[INFO] 17:13:29,620 [Test worker] changelog.ChangeSet. - NOT NULL constraint has been added to node_attachments_contracts.contract_class_name {changeSet=migration/node-core.changelog-v4.xml::nullability::R3.Corda, databaseChangeLog=master.changelog.json}
?[m?[37m[INFO] 17:13:29,620 [Test worker] jvm.JdbcExecutor. - ALTER TABLE PUBLIC.node_checkpoints ALTER COLUMN checkpoint_value SET NOT NULL {changeSet=migration/node-core.changelog-v4.xml::nullability::R3.Corda, databaseChangeLog=master.changelog.json}
?[m?[37m[INFO] 17:13:29,620 [Test worker] changelog.ChangeSet. - NOT NULL constraint has been added to node_checkpoints.checkpoint_value {changeSet=migration/node-core.changelog-v4.xml::nullability::R3.Corda, databaseChangeLog=master.changelog.json}
?[m?[37m[INFO] 17:13:29,620 [Test worker] jvm.JdbcExecutor. - ALTER TABLE PUBLIC.node_contract_upgrades ALTER COLUMN contract_class_name SET NOT NULL {changeSet=migration/node-core.changelog-v4.xml::nullability::R3.Corda, databaseChangeLog=master.changelog.json}
?[m?[37m[INFO] 17:13:29,620 [Test worker] changelog.ChangeSet. - NOT NULL constraint has been added to node_contract_upgrades.contract_class_name {changeSet=migration/node-core.changelog-v4.xml::nullability::R3.Corda, databaseChangeLog=master.changelog.json}
?[m?[37m[INFO] 17:13:29,621 [Test worker] jvm.JdbcExecutor. - ALTER TABLE PUBLIC.node_message_ids ALTER COLUMN insertion_time SET NOT NULL {changeSet=migration/node-core.changelog-v4.xml::nullability::R3.Corda, databaseChangeLog=master.changelog.json}
?[m?[37m[INFO] 17:13:29,621 [Test worker] changelog.ChangeSet. - NOT NULL constraint has been added to node_message_ids.insertion_time {changeSet=migration/node-core.changelog-v4.xml::nullability::R3.Corda, databaseChangeLog=master.changelog.json}
?[m?[37m[INFO] 17:13:29,621 [Test worker] jvm.JdbcExecutor. - ALTER TABLE PUBLIC.node_message_retry ALTER COLUMN message SET NOT NULL {changeSet=migration/node-core.changelog-v4.xml::nullability::R3.Corda, databaseChangeLog=master.changelog.json}
?[m?[37m[INFO] 17:13:29,621 [Test worker] changelog.ChangeSet. - NOT NULL constraint has been added to node_message_retry.message {changeSet=migration/node-core.changelog-v4.xml::nullability::R3.Corda, databaseChangeLog=master.changelog.json}
?[m?[37m[INFO] 17:13:29,621 [Test worker] jvm.JdbcExecutor. - ALTER TABLE PUBLIC.node_message_retry ALTER COLUMN recipients SET NOT NULL {changeSet=migration/node-core.changelog-v4.xml::nullability::R3.Corda, databaseChangeLog=master.changelog.json}
?[m?[37m[INFO] 17:13:29,621 [Test worker] changelog.ChangeSet. - NOT NULL constraint has been added to node_message_retry.recipients {changeSet=migration/node-core.changelog-v4.xml::nullability::R3.Corda, databaseChangeLog=master.changelog.json}
?[m?[37m[INFO] 17:13:29,621 [Test worker] jvm.JdbcExecutor. - ALTER TABLE PUBLIC.node_named_identities ALTER COLUMN pk_hash SET NOT NULL {changeSet=migration/node-core.changelog-v4.xml::nullability::R3.Corda, databaseChangeLog=master.changelog.json}
?[m?[37m[INFO] 17:13:29,622 [Test worker] changelog.ChangeSet. - NOT NULL constraint has been added to node_named_identities.pk_hash {changeSet=migration/node-core.changelog-v4.xml::nullability::R3.Corda, databaseChangeLog=master.changelog.json}
?[m?[37m[INFO] 17:13:29,622 [Test worker] jvm.JdbcExecutor. - ALTER TABLE PUBLIC.node_our_key_pairs ALTER COLUMN private_key SET NOT NULL {changeSet=migration/node-core.changelog-v4.xml::nullability::R3.Corda, databaseChangeLog=master.changelog.json}
?[m?[37m[INFO] 17:13:29,622 [Test worker] changelog.ChangeSet. - NOT NULL constraint has been added to node_our_key_pairs.private_key {changeSet=migration/node-core.changelog-v4.xml::nullability::R3.Corda, databaseChangeLog=master.changelog.json}
?[m?[37m[INFO] 17:13:29,622 [Test worker] jvm.JdbcExecutor. - ALTER TABLE PUBLIC.node_our_key_pairs ALTER COLUMN public_key SET NOT NULL {changeSet=migration/node-core.changelog-v4.xml::nullability::R3.Corda, databaseChangeLog=master.changelog.json}
?[m?[37m[INFO] 17:13:29,622 [Test worker] changelog.ChangeSet. - NOT NULL constraint has been added to node_our_key_pairs.public_key {changeSet=migration/node-core.changelog-v4.xml::nullability::R3.Corda, databaseChangeLog=master.changelog.json}
?[m?[37m[INFO] 17:13:29,622 [Test worker] jvm.JdbcExecutor. - ALTER TABLE PUBLIC.node_transaction_mappings ALTER COLUMN state_machine_run_id SET NOT NULL {changeSet=migration/node-core.changelog-v4.xml::nullability::R3.Corda, databaseChangeLog=master.changelog.json}
?[m?[37m[INFO] 17:13:29,623 [Test worker] changelog.ChangeSet. - NOT NULL constraint has been added to node_transaction_mappings.state_machine_run_id {changeSet=migration/node-core.changelog-v4.xml::nullability::R3.Corda, databaseChangeLog=master.changelog.json}
?[m?[37m[INFO] 17:13:29,623 [Test worker] jvm.JdbcExecutor. - ALTER TABLE PUBLIC.node_transactions ALTER COLUMN transaction_value SET NOT NULL {changeSet=migration/node-core.changelog-v4.xml::nullability::R3.Corda, databaseChangeLog=master.changelog.json}
?[m?[37m[INFO] 17:13:29,623 [Test worker] changelog.ChangeSet. - NOT NULL constraint has been added to node_transactions.transaction_value {changeSet=migration/node-core.changelog-v4.xml::nullability::R3.Corda, databaseChangeLog=master.changelog.json}
?[m?[37m[INFO] 17:13:29,623 [Test worker] changelog.ChangeSet. - ChangeSet migration/node-core.changelog-v4.xml::nullability::R3.Corda ran successfully in 5ms {changeSet=migration/node-core.changelog-v4.xml::nullability::R3.Corda, databaseChangeLog=master.changelog.json}
?[m?[37m[INFO] 17:13:29,624 [Test worker] jvm.JdbcExecutor. - INSERT INTO PUBLIC.DATABASECHANGELOG (ID, AUTHOR, FILENAME, DATEEXECUTED, ORDEREXECUTED, MD5SUM, DESCRIPTION, COMMENTS, EXECTYPE, CONTEXTS, LABELS, LIQUIBASE, DEPLOYMENT_ID) VALUES ('nullability', 'R3.Corda', 'migration/node-core.changelog-v4.xml', NOW(), 69, '8:62ddcf64aece5dc383fa400ac8ccc392', 'addNotNullConstraint columnName=identity_value, tableName=node_identities; addNotNullConstraint columnName=content, tableName=node_attachments; addNotNullConstraint columnName=contract_class_name, tableName=node_attachments_contracts; addNotNullCo...', '', 'EXECUTED', NULL, NULL, '3.6.3', '4052009392') {changeSet=migration/node-core.changelog-v4.xml::nullability::R3.Corda, databaseChangeLog=master.changelog.json}
?[m?[37m[INFO] 17:13:29,625 [Test worker] jvm.JdbcExecutor. - DROP TABLE PUBLIC.node_message_retry {changeSet=migration/node-core.changelog-v5.xml::remove_unused_node_message_retry::R3.Corda, databaseChangeLog=master.changelog.json}
?[m?[37m[INFO] 17:13:29,626 [Test worker] changelog.ChangeSet. - Table node_message_retry dropped {changeSet=migration/node-core.changelog-v5.xml::remove_unused_node_message_retry::R3.Corda, databaseChangeLog=master.changelog.json}
?[m?[37m[INFO] 17:13:29,626 [Test worker] changelog.ChangeSet. - ChangeSet migration/node-core.changelog-v5.xml::remove_unused_node_message_retry::R3.Corda ran successfully in 1ms {changeSet=migration/node-core.changelog-v5.xml::remove_unused_node_message_retry::R3.Corda, databaseChangeLog=master.changelog.json}
?[m?[37m[INFO] 17:13:29,626 [Test worker] jvm.JdbcExecutor. - INSERT INTO PUBLIC.DATABASECHANGELOG (ID, AUTHOR, FILENAME, DATEEXECUTED, ORDEREXECUTED, MD5SUM, DESCRIPTION, COMMENTS, EXECTYPE, CONTEXTS, LABELS, LIQUIBASE, DEPLOYMENT_ID) VALUES ('remove_unused_node_message_retry', 'R3.Corda', 'migration/node-core.changelog-v5.xml', NOW(), 70, '8:7f43b1a30ed49119520e7d14de6b57bd', 'dropTable tableName=node_message_retry', '', 'EXECUTED', NULL, NULL, '3.6.3', '4052009392') {changeSet=migration/node-core.changelog-v5.xml::remove_unused_node_message_retry::R3.Corda, databaseChangeLog=master.changelog.json}
?[m?[37m[INFO] 17:13:29,627 [Test worker] jvm.JdbcExecutor. - INSERT INTO PUBLIC.DATABASECHANGELOG (ID, AUTHOR, FILENAME, DATEEXECUTED, ORDEREXECUTED, MD5SUM, DESCRIPTION, COMMENTS, EXECTYPE, CONTEXTS, LABELS, LIQUIBASE, DEPLOYMENT_ID) VALUES ('non-clustered_pk-1', 'R3.Corda', 'migration/node-core.changelog-pkey.xml', NOW(), 71, '8:fc341b0d5ff080f0093d8a528299de25', 'dropPrimaryKey constraintName=node_checkpoints_pkey, tableName=node_checkpoints; addPrimaryKey constraintName=node_checkpoints_pkey, tableName=node_checkpoints', '', 'MARK_RAN', NULL, NULL, '3.6.3', '4052009392') {changeSet=migration/node-core.changelog-pkey.xml::non-clustered_pk-1::R3.Corda, databaseChangeLog=master.changelog.json}
?[m?[37m[INFO] 17:13:29,629 [Test worker] jvm.JdbcExecutor. - INSERT INTO PUBLIC.DATABASECHANGELOG (ID, AUTHOR, FILENAME, DATEEXECUTED, ORDEREXECUTED, MD5SUM, DESCRIPTION, COMMENTS, EXECTYPE, CONTEXTS, LABELS, LIQUIBASE, DEPLOYMENT_ID) VALUES ('non-clustered_pk-2', 'R3.Corda', 'migration/node-core.changelog-pkey.xml', NOW(), 72, '8:438db96910ca09a1e8910e74fe31d943', 'dropPrimaryKey constraintName=node_identities_pkey, tableName=node_identities; addPrimaryKey constraintName=node_identities_pkey, tableName=node_identities', '', 'MARK_RAN', NULL, NULL, '3.6.3', '4052009392') {changeSet=migration/node-core.changelog-pkey.xml::non-clustered_pk-2::R3.Corda, databaseChangeLog=master.changelog.json}
?[m?[37m[INFO] 17:13:29,630 [Test worker] jvm.JdbcExecutor. - INSERT INTO PUBLIC.DATABASECHANGELOG (ID, AUTHOR, FILENAME, DATEEXECUTED, ORDEREXECUTED, MD5SUM, DESCRIPTION, COMMENTS, EXECTYPE, CONTEXTS, LABELS, LIQUIBASE, DEPLOYMENT_ID) VALUES ('non-clustered_pk-3', 'R3.Corda', 'migration/node-core.changelog-pkey.xml', NOW(), 73, '8:b02515ba3eb419e880a62ad581d57d9a', 'dropPrimaryKey constraintName=node_message_ids_pkey, tableName=node_message_ids; addPrimaryKey constraintName=node_message_ids_pkey, tableName=node_message_ids', '', 'MARK_RAN', NULL, NULL, '3.6.3', '4052009392') {changeSet=migration/node-core.changelog-pkey.xml::non-clustered_pk-3::R3.Corda, databaseChangeLog=master.changelog.json}
?[m?[37m[INFO] 17:13:29,633 [Test worker] jvm.JdbcExecutor. - INSERT INTO PUBLIC.DATABASECHANGELOG (ID, AUTHOR, FILENAME, DATEEXECUTED, ORDEREXECUTED, MD5SUM, DESCRIPTION, COMMENTS, EXECTYPE, CONTEXTS, LABELS, LIQUIBASE, DEPLOYMENT_ID) VALUES ('non-clustered_pk-4', 'R3.Corda', 'migration/node-core.changelog-pkey.xml', NOW(), 74, '8:9a733c73c5a8ca979384c41d59473644', 'dropPrimaryKey constraintName=node_named_identities_pkey, tableName=node_named_identities; addPrimaryKey constraintName=node_named_identities_pkey, tableName=node_named_identities', '', 'MARK_RAN', NULL, NULL, '3.6.3', '4052009392') {changeSet=migration/node-core.changelog-pkey.xml::non-clustered_pk-4::R3.Corda, databaseChangeLog=master.changelog.json}
?[m?[37m[INFO] 17:13:29,636 [Test worker] jvm.JdbcExecutor. - INSERT INTO PUBLIC.DATABASECHANGELOG (ID, AUTHOR, FILENAME, DATEEXECUTED, ORDEREXECUTED, MD5SUM, DESCRIPTION, COMMENTS, EXECTYPE, CONTEXTS, LABELS, LIQUIBASE, DEPLOYMENT_ID) VALUES ('non-clustered_pk-5', 'R3.Corda', 'migration/node-core.changelog-pkey.xml', NOW(), 75, '8:48cf4a4dad77b6a8f7c3c73c09cc3959', 'dropPrimaryKey constraintName=node_our_key_pairs_pkey, tableName=node_our_key_pairs; addPrimaryKey constraintName=node_our_key_pairs_pkey, tableName=node_our_key_pairs', '', 'MARK_RAN', NULL, NULL, '3.6.3', '4052009392') {changeSet=migration/node-core.changelog-pkey.xml::non-clustered_pk-5::R3.Corda, databaseChangeLog=master.changelog.json}
?[m?[37m[INFO] 17:13:29,638 [Test worker] jvm.JdbcExecutor. - INSERT INTO PUBLIC.DATABASECHANGELOG (ID, AUTHOR, FILENAME, DATEEXECUTED, ORDEREXECUTED, MD5SUM, DESCRIPTION, COMMENTS, EXECTYPE, CONTEXTS, LABELS, LIQUIBASE, DEPLOYMENT_ID) VALUES ('non-clustered_pk-6', 'R3.Corda', 'migration/node-core.changelog-pkey.xml', NOW(), 76, '8:25c5581ce04f688ea83704ffa44bab8e', 'dropPrimaryKey constraintName=node_transaction_mappings_pkey, tableName=node_transaction_mappings; addPrimaryKey constraintName=node_transaction_mappings_pkey, tableName=node_transaction_mappings', '', 'MARK_RAN', NULL, NULL, '3.6.3', '4052009392') {changeSet=migration/node-core.changelog-pkey.xml::non-clustered_pk-6::R3.Corda, databaseChangeLog=master.changelog.json}
?[m?[37m[INFO] 17:13:29,640 [Test worker] jvm.JdbcExecutor. - INSERT INTO PUBLIC.DATABASECHANGELOG (ID, AUTHOR, FILENAME, DATEEXECUTED, ORDEREXECUTED, MD5SUM, DESCRIPTION, COMMENTS, EXECTYPE, CONTEXTS, LABELS, LIQUIBASE, DEPLOYMENT_ID) VALUES ('non-clustered_pk-7', 'R3.Corda', 'migration/node-core.changelog-pkey.xml', NOW(), 77, '8:64773359f27e2f85fe6df6097823ce69', 'dropPrimaryKey constraintName=node_transactions_pkey, tableName=node_transactions; addPrimaryKey constraintName=node_transactions_pkey, tableName=node_transactions', '', 'MARK_RAN', NULL, NULL, '3.6.3', '4052009392') {changeSet=migration/node-core.changelog-pkey.xml::non-clustered_pk-7::R3.Corda, databaseChangeLog=master.changelog.json}
?[m?[37m[INFO] 17:13:29,647 [Test worker] changelog.ChangeSet. - Marking ChangeSet: migration/node-core.changelog-v8.xml::conditional_attchments_rename::R3.Corda ran despite precondition failure due to onFail='MARK_RAN': 
          master.changelog.json : Table PUBLIC.NODE_ATTCHMENTS_CONTRACTS does not exist
 {changeSet=migration/node-core.changelog-v8.xml::conditional_attchments_rename::R3.Corda, databaseChangeLog=master.changelog.json}
?[m?[37m[INFO] 17:13:29,648 [Test worker] jvm.JdbcExecutor. - INSERT INTO PUBLIC.DATABASECHANGELOG (ID, AUTHOR, FILENAME, DATEEXECUTED, ORDEREXECUTED, MD5SUM, DESCRIPTION, COMMENTS, EXECTYPE, CONTEXTS, LABELS, LIQUIBASE, DEPLOYMENT_ID) VALUES ('conditional_attchments_rename', 'R3.Corda', 'migration/node-core.changelog-v8.xml', NOW(), 78, '8:114fc6d1775676ecf274989170741a5b', 'renameTable newTableName=NODE_ATTACHMENTS_CONTRACTS, oldTableName=NODE_ATTCHMENTS_CONTRACTS', '', 'MARK_RAN', NULL, NULL, '3.6.3', '4052009392') {changeSet=migration/node-core.changelog-v8.xml::conditional_attchments_rename::R3.Corda, databaseChangeLog=master.changelog.json}
?[m?[37m[INFO] 17:13:29,654 [Test worker] changelog.ChangeSet. - Marking ChangeSet: migration/node-core.changelog-v8.xml::conditional_attchments_contracts::R3.Corda ran despite precondition failure due to onFail='MARK_RAN': 
          master.changelog.json : Table PUBLIC.NODE_ATTACHMENTS_CONTRACT_CLASS_NAME does not exist
 {changeSet=migration/node-core.changelog-v8.xml::conditional_attchments_contracts::R3.Corda, databaseChangeLog=master.changelog.json}
?[m?[37m[INFO] 17:13:29,655 [Test worker] jvm.JdbcExecutor. - INSERT INTO PUBLIC.DATABASECHANGELOG (ID, AUTHOR, FILENAME, DATEEXECUTED, ORDEREXECUTED, MD5SUM, DESCRIPTION, COMMENTS, EXECTYPE, CONTEXTS, LABELS, LIQUIBASE, DEPLOYMENT_ID) VALUES ('conditional_attchments_contracts', 'R3.Corda', 'migration/node-core.changelog-v8.xml', NOW(), 79, '8:c26d868db33a85bdd25570b094635db5', 'renameTable newTableName=NODE_ATTACHMENTS_CONTRACTS, oldTableName=NODE_ATTACHMENTS_CONTRACT_CLASS_NAME', '', 'MARK_RAN', NULL, NULL, '3.6.3', '4052009392') {changeSet=migration/node-core.changelog-v8.xml::conditional_attchments_contracts::R3.Corda, databaseChangeLog=master.changelog.json}
?[m?[37m[INFO] 17:13:29,656 [Test worker] jvm.JdbcExecutor. - CREATE TABLE PUBLIC.node_attachments_signers (att_id NVARCHAR(255) NOT NULL, signer NVARCHAR(1024)) {changeSet=migration/node-core.changelog-v8.xml::add_signers::R3.Corda, databaseChangeLog=master.changelog.json}
?[m?[37m[INFO] 17:13:29,657 [Test worker] changelog.ChangeSet. - Table node_attachments_signers created {changeSet=migration/node-core.changelog-v8.xml::add_signers::R3.Corda, databaseChangeLog=master.changelog.json}
?[m?[37m[INFO] 17:13:29,657 [Test worker] jvm.JdbcExecutor. - ALTER TABLE PUBLIC.node_attachments_signers ADD CONSTRAINT FK__signers__attachments FOREIGN KEY (att_id) REFERENCES PUBLIC.node_attachments (att_id) {changeSet=migration/node-core.changelog-v8.xml::add_signers::R3.Corda, databaseChangeLog=master.changelog.json}
?[m?[37m[INFO] 17:13:29,658 [Test worker] changelog.ChangeSet. - Foreign key constraint added to node_attachments_signers (att_id) {changeSet=migration/node-core.changelog-v8.xml::add_signers::R3.Corda, databaseChangeLog=master.changelog.json}
?[m?[37m[INFO] 17:13:29,659 [Test worker] changelog.ChangeSet. - ChangeSet migration/node-core.changelog-v8.xml::add_signers::R3.Corda ran successfully in 3ms {changeSet=migration/node-core.changelog-v8.xml::add_signers::R3.Corda, databaseChangeLog=master.changelog.json}
?[m?[37m[INFO] 17:13:29,660 [Test worker] jvm.JdbcExecutor. - INSERT INTO PUBLIC.DATABASECHANGELOG (ID, AUTHOR, FILENAME, DATEEXECUTED, ORDEREXECUTED, MD5SUM, DESCRIPTION, COMMENTS, EXECTYPE, CONTEXTS, LABELS, LIQUIBASE, DEPLOYMENT_ID) VALUES ('add_signers', 'R3.Corda', 'migration/node-core.changelog-v8.xml', NOW(), 80, '8:6a033a579a3a8e11a35846d455833835', 'createTable tableName=node_attachments_signers; addForeignKeyConstraint baseTableName=node_attachments_signers, constraintName=FK__signers__attachments, referencedTableName=node_attachments', '', 'EXECUTED', NULL, NULL, '3.6.3', '4052009392') {changeSet=migration/node-core.changelog-v8.xml::add_signers::R3.Corda, databaseChangeLog=master.changelog.json}
?[m?[37m[INFO] 17:13:29,662 [Test worker] jvm.JdbcExecutor. - ALTER TABLE PUBLIC.node_transactions ADD state_machine_run_id NVARCHAR(36) {changeSet=migration/node-core.changelog-tx-mapping.xml::add_tx_mapping_column::R3.Corda, databaseChangeLog=master.changelog.json}
?[m?[37m[INFO] 17:13:29,667 [Test worker] changelog.ChangeSet. - Columns state_machine_run_id(NVARCHAR(36)) added to node_transactions {changeSet=migration/node-core.changelog-tx-mapping.xml::add_tx_mapping_column::R3.Corda, databaseChangeLog=master.changelog.json}
?[m?[37m[INFO] 17:13:29,668 [Test worker] jvm.JdbcExecutor. - update node_transactions set state_machine_run_id=(select state_machine_run_id from
            node_transaction_mappings where node_transactions.tx_id = node_transaction_mappings.tx_id) {changeSet=migration/node-core.changelog-tx-mapping.xml::add_tx_mapping_column::R3.Corda, databaseChangeLog=master.changelog.json}
?[m?[37m[INFO] 17:13:29,668 [Test worker] changelog.ChangeSet. - Custom SQL executed {changeSet=migration/node-core.changelog-tx-mapping.xml::add_tx_mapping_column::R3.Corda, databaseChangeLog=master.changelog.json}
?[m?[37m[INFO] 17:13:29,669 [Test worker] jvm.JdbcExecutor. - DROP TABLE PUBLIC.node_transaction_mappings {changeSet=migration/node-core.changelog-tx-mapping.xml::add_tx_mapping_column::R3.Corda, databaseChangeLog=master.changelog.json}
?[m?[37m[INFO] 17:13:29,669 [Test worker] changelog.ChangeSet. - Table node_transaction_mappings dropped {changeSet=migration/node-core.changelog-tx-mapping.xml::add_tx_mapping_column::R3.Corda, databaseChangeLog=master.changelog.json}
?[m?[37m[INFO] 17:13:29,669 [Test worker] changelog.ChangeSet. - ChangeSet migration/node-core.changelog-tx-mapping.xml::add_tx_mapping_column::R3.Corda ran successfully in 9ms {changeSet=migration/node-core.changelog-tx-mapping.xml::add_tx_mapping_column::R3.Corda, databaseChangeLog=master.changelog.json}
?[m?[37m[INFO] 17:13:29,671 [Test worker] jvm.JdbcExecutor. - INSERT INTO PUBLIC.DATABASECHANGELOG (ID, AUTHOR, FILENAME, DATEEXECUTED, ORDEREXECUTED, MD5SUM, DESCRIPTION, COMMENTS, EXECTYPE, CONTEXTS, LABELS, LIQUIBASE, DEPLOYMENT_ID) VALUES ('add_tx_mapping_column', 'R3.Corda', 'migration/node-core.changelog-tx-mapping.xml', NOW(), 81, '8:6d9d8484a635e932dd8e8f45db1b3d7e', 'addColumn tableName=node_transactions; sql; dropTable tableName=node_transaction_mappings', '', 'EXECUTED', NULL, NULL, '3.6.3', '4052009392') {changeSet=migration/node-core.changelog-tx-mapping.xml::add_tx_mapping_column::R3.Corda, databaseChangeLog=master.changelog.json}
?[m?[37m[INFO] 17:13:29,672 [Test worker] jvm.JdbcExecutor. - CREATE TABLE PUBLIC.node_network_parameters (hash NVARCHAR(130) NOT NULL, epoch INT NOT NULL, parameters_bytes BLOB NOT NULL, signature_bytes BLOB NOT NULL, cert BLOB NOT NULL, parent_cert_path BLOB NOT NULL) {changeSet=migration/node-services.changelog-init.xml::add_network_parameters_storage::R3.Corda, databaseChangeLog=master.changelog.json}
?[m?[37m[INFO] 17:13:29,673 [Test worker] changelog.ChangeSet. - Table node_network_parameters created {changeSet=migration/node-services.changelog-init.xml::add_network_parameters_storage::R3.Corda, databaseChangeLog=master.changelog.json}
?[m?[37m[INFO] 17:13:29,673 [Test worker] changelog.ChangeSet. - ChangeSet migration/node-services.changelog-init.xml::add_network_parameters_storage::R3.Corda ran successfully in 2ms {changeSet=migration/node-services.changelog-init.xml::add_network_parameters_storage::R3.Corda, databaseChangeLog=master.changelog.json}
?[m?[37m[INFO] 17:13:29,674 [Test worker] jvm.JdbcExecutor. - INSERT INTO PUBLIC.DATABASECHANGELOG (ID, AUTHOR, FILENAME, DATEEXECUTED, ORDEREXECUTED, MD5SUM, DESCRIPTION, COMMENTS, EXECTYPE, CONTEXTS, LABELS, LIQUIBASE, DEPLOYMENT_ID) VALUES ('add_network_parameters_storage', 'R3.Corda', 'migration/node-services.changelog-init.xml', NOW(), 82, '8:b448755ba392674254c59e2b9489140f', 'createTable tableName=node_network_parameters', '', 'EXECUTED', NULL, NULL, '3.6.3', '4052009392') {changeSet=migration/node-services.changelog-init.xml::add_network_parameters_storage::R3.Corda, databaseChangeLog=master.changelog.json}
?[m?[37m[INFO] 17:13:29,675 [Test worker] jvm.JdbcExecutor. - ALTER TABLE PUBLIC.node_network_parameters ADD CONSTRAINT node_network_parameters_pkey PRIMARY KEY (hash) {changeSet=migration/node-services.changelog-init.xml::network_parameters_pk::R3.Corda, databaseChangeLog=master.changelog.json}
?[m?[37m[INFO] 17:13:29,676 [Test worker] changelog.ChangeSet. - Primary key added to node_network_parameters (hash) {changeSet=migration/node-services.changelog-init.xml::network_parameters_pk::R3.Corda, databaseChangeLog=master.changelog.json}
?[m?[37m[INFO] 17:13:29,676 [Test worker] changelog.ChangeSet. - ChangeSet migration/node-services.changelog-init.xml::network_parameters_pk::R3.Corda ran successfully in 1ms {changeSet=migration/node-services.changelog-init.xml::network_parameters_pk::R3.Corda, databaseChangeLog=master.changelog.json}
?[m?[37m[INFO] 17:13:29,677 [Test worker] jvm.JdbcExecutor. - INSERT INTO PUBLIC.DATABASECHANGELOG (ID, AUTHOR, FILENAME, DATEEXECUTED, ORDEREXECUTED, MD5SUM, DESCRIPTION, COMMENTS, EXECTYPE, CONTEXTS, LABELS, LIQUIBASE, DEPLOYMENT_ID) VALUES ('network_parameters_pk', 'R3.Corda', 'migration/node-services.changelog-init.xml', NOW(), 83, '8:fc0358b8cab487b52558cd68d6feaf9e', 'addPrimaryKey constraintName=node_network_parameters_pkey, tableName=node_network_parameters', '', 'EXECUTED', NULL, NULL, '3.6.3', '4052009392') {changeSet=migration/node-services.changelog-init.xml::network_parameters_pk::R3.Corda, databaseChangeLog=master.changelog.json}
?[m?[37m[INFO] 17:13:29,678 [Test worker] jvm.JdbcExecutor. - ALTER TABLE PUBLIC.node_attachments ADD version INT {changeSet=migration/node-services.changelog-init.xml::add_version_column::R3.Corda, databaseChangeLog=master.changelog.json}
?[m?[37m[INFO] 17:13:29,683 [Test worker] changelog.ChangeSet. - Columns version(INT) added to node_attachments {changeSet=migration/node-services.changelog-init.xml::add_version_column::R3.Corda, databaseChangeLog=master.changelog.json}
?[m?[37m[INFO] 17:13:29,683 [Test worker] jvm.JdbcExecutor. - update node_attachments set version = 1 {changeSet=migration/node-services.changelog-init.xml::add_version_column::R3.Corda, databaseChangeLog=master.changelog.json}
?[m?[37m[INFO] 17:13:29,683 [Test worker] changelog.ChangeSet. - Custom SQL executed {changeSet=migration/node-services.changelog-init.xml::add_version_column::R3.Corda, databaseChangeLog=master.changelog.json}
?[m?[37m[INFO] 17:13:29,683 [Test worker] jvm.JdbcExecutor. - ALTER TABLE PUBLIC.node_attachments ALTER COLUMN version SET NOT NULL {changeSet=migration/node-services.changelog-init.xml::add_version_column::R3.Corda, databaseChangeLog=master.changelog.json}
?[m?[37m[INFO] 17:13:29,684 [Test worker] changelog.ChangeSet. - NOT NULL constraint has been added to node_attachments.version {changeSet=migration/node-services.changelog-init.xml::add_version_column::R3.Corda, databaseChangeLog=master.changelog.json}
?[m?[37m[INFO] 17:13:29,684 [Test worker] changelog.ChangeSet. - ChangeSet migration/node-services.changelog-init.xml::add_version_column::R3.Corda ran successfully in 6ms {changeSet=migration/node-services.changelog-init.xml::add_version_column::R3.Corda, databaseChangeLog=master.changelog.json}
?[m?[37m[INFO] 17:13:29,685 [Test worker] jvm.JdbcExecutor. - INSERT INTO PUBLIC.DATABASECHANGELOG (ID, AUTHOR, FILENAME, DATEEXECUTED, ORDEREXECUTED, MD5SUM, DESCRIPTION, COMMENTS, EXECTYPE, CONTEXTS, LABELS, LIQUIBASE, DEPLOYMENT_ID) VALUES ('add_version_column', 'R3.Corda', 'migration/node-services.changelog-init.xml', NOW(), 84, '8:ab6a3101d1da88b0f174ccc06a62feef', 'addColumn tableName=node_attachments; sql; addNotNullConstraint columnName=version, tableName=node_attachments', '', 'EXECUTED', NULL, NULL, '3.6.3', '4052009392') {changeSet=migration/node-services.changelog-init.xml::add_version_column::R3.Corda, databaseChangeLog=master.changelog.json}
?[m?[37m[INFO] 17:13:29,687 [Test worker] persistence.AttachmentVersionNumberMigration. - Start executing... {changeSet=migration/node-services.changelog-init.xml::update-version-of-whitelisted-jars::R3.Corda, databaseChangeLog=master.changelog.json}
?[m?[37m[INFO] 17:13:29,691 [Test worker] persistence.AttachmentVersionNumberMigration. - Attachment version creation from whitelisted JARs using network parameters from build/mock-network/20200706-161310.834/nodes/1/network-parameters, whitelistedContractImplementations: {}. {changeSet=migration/node-services.changelog-init.xml::update-version-of-whitelisted-jars::R3.Corda, databaseChangeLog=master.changelog.json}
?[m?[37m[INFO] 17:13:29,691 [Test worker] persistence.AttachmentVersionNumberMigration. - Attachment version creation from whitelisted JARs skipped, no attachments not found. {changeSet=migration/node-services.changelog-init.xml::update-version-of-whitelisted-jars::R3.Corda, databaseChangeLog=master.changelog.json}
?[m?[37m[INFO] 17:13:29,691 [Test worker] changelog.ChangeSet. - null {changeSet=migration/node-services.changelog-init.xml::update-version-of-whitelisted-jars::R3.Corda, databaseChangeLog=master.changelog.json}
?[m?[37m[INFO] 17:13:29,691 [Test worker] changelog.ChangeSet. - ChangeSet migration/node-services.changelog-init.xml::update-version-of-whitelisted-jars::R3.Corda ran successfully in 5ms {changeSet=migration/node-services.changelog-init.xml::update-version-of-whitelisted-jars::R3.Corda, databaseChangeLog=master.changelog.json}
?[m?[37m[INFO] 17:13:29,693 [Test worker] jvm.JdbcExecutor. - INSERT INTO PUBLIC.DATABASECHANGELOG (ID, AUTHOR, FILENAME, DATEEXECUTED, ORDEREXECUTED, MD5SUM, DESCRIPTION, COMMENTS, EXECTYPE, CONTEXTS, LABELS, LIQUIBASE, DEPLOYMENT_ID) VALUES ('update-version-of-whitelisted-jars', 'R3.Corda', 'migration/node-services.changelog-init.xml', NOW(), 85, '8:1d4174a12a4902070f6bf2ba624b0e97', 'customChange', '', 'EXECUTED', NULL, NULL, '3.6.3', '4052009392') {changeSet=migration/node-services.changelog-init.xml::update-version-of-whitelisted-jars::R3.Corda, databaseChangeLog=master.changelog.json}
?[m?[37m[INFO] 17:13:29,694 [Test worker] jvm.JdbcExecutor. - CREATE TABLE PUBLIC.node_identities_no_cert (pk_hash NVARCHAR(130) NOT NULL, name NVARCHAR(128) NOT NULL) {changeSet=migration/node-services.changelog-init.xml::add-new-persistence-table::R3.Corda, databaseChangeLog=master.changelog.json}
?[m?[37m[INFO] 17:13:29,694 [Test worker] changelog.ChangeSet. - Table node_identities_no_cert created {changeSet=migration/node-services.changelog-init.xml::add-new-persistence-table::R3.Corda, databaseChangeLog=master.changelog.json}
?[m?[37m[INFO] 17:13:29,694 [Test worker] jvm.JdbcExecutor. - ALTER TABLE PUBLIC.node_identities_no_cert ADD CONSTRAINT node_identities_no_cert_pkey PRIMARY KEY (pk_hash) {changeSet=migration/node-services.changelog-init.xml::add-new-persistence-table::R3.Corda, databaseChangeLog=master.changelog.json}
?[m?[37m[INFO] 17:13:29,695 [Test worker] changelog.ChangeSet. - Primary key added to node_identities_no_cert (pk_hash) {changeSet=migration/node-services.changelog-init.xml::add-new-persistence-table::R3.Corda, databaseChangeLog=master.changelog.json}
?[m?[37m[INFO] 17:13:29,695 [Test worker] changelog.ChangeSet. - ChangeSet migration/node-services.changelog-init.xml::add-new-persistence-table::R3.Corda ran successfully in 2ms {changeSet=migration/node-services.changelog-init.xml::add-new-persistence-table::R3.Corda, databaseChangeLog=master.changelog.json}
?[m?[37m[INFO] 17:13:29,696 [Test worker] jvm.JdbcExecutor. - INSERT INTO PUBLIC.DATABASECHANGELOG (ID, AUTHOR, FILENAME, DATEEXECUTED, ORDEREXECUTED, MD5SUM, DESCRIPTION, COMMENTS, EXECTYPE, CONTEXTS, LABELS, LIQUIBASE, DEPLOYMENT_ID) VALUES ('add-new-persistence-table', 'R3.Corda', 'migration/node-services.changelog-init.xml', NOW(), 86, '8:cb3302a80bf346270e0d8f3509c64a9b', 'createTable tableName=node_identities_no_cert; addPrimaryKey constraintName=node_identities_no_cert_pkey, tableName=node_identities_no_cert', '', 'EXECUTED', NULL, NULL, '3.6.3', '4052009392') {changeSet=migration/node-services.changelog-init.xml::add-new-persistence-table::R3.Corda, databaseChangeLog=master.changelog.json}
?[m?[37m[INFO] 17:13:29,698 [Test worker] jvm.JdbcExecutor. - ALTER TABLE PUBLIC.pk_hash_to_ext_id_map DROP COLUMN id {changeSet=migration/node-services.changelog-init.xml::migrate_pk_hash_to_ext_id::R3.Corda, databaseChangeLog=master.changelog.json}
?[m?[37m[INFO] 17:13:29,701 [Test worker] changelog.ChangeSet. - Column pk_hash_to_ext_id_map.id dropped {changeSet=migration/node-services.changelog-init.xml::migrate_pk_hash_to_ext_id::R3.Corda, databaseChangeLog=master.changelog.json}
?[m?[37m[INFO] 17:13:29,702 [Test worker] jvm.JdbcExecutor. - DROP INDEX PUBLIC.pk_hash_to_xid_idx {changeSet=migration/node-services.changelog-init.xml::migrate_pk_hash_to_ext_id::R3.Corda, databaseChangeLog=master.changelog.json}
?[m?[37m[INFO] 17:13:29,703 [Test worker] changelog.ChangeSet. - Index pk_hash_to_xid_idx dropped from table pk_hash_to_ext_id_map {changeSet=migration/node-services.changelog-init.xml::migrate_pk_hash_to_ext_id::R3.Corda, databaseChangeLog=master.changelog.json}
?[m?[37m[INFO] 17:13:29,703 [Test worker] jvm.JdbcExecutor. - ALTER TABLE PUBLIC.pk_hash_to_ext_id_map ADD CONSTRAINT pubkey_hash_to_external_id_pk PRIMARY KEY (public_key_hash) {changeSet=migration/node-services.changelog-init.xml::migrate_pk_hash_to_ext_id::R3.Corda, databaseChangeLog=master.changelog.json}
?[m?[37m[INFO] 17:13:29,703 [Test worker] changelog.ChangeSet. - Primary key added to pk_hash_to_ext_id_map (public_key_hash) {changeSet=migration/node-services.changelog-init.xml::migrate_pk_hash_to_ext_id::R3.Corda, databaseChangeLog=master.changelog.json}
?[m?[37m[INFO] 17:13:29,704 [Test worker] jvm.JdbcExecutor. - CREATE INDEX PUBLIC.ext_id_idx ON PUBLIC.pk_hash_to_ext_id_map(external_id) {changeSet=migration/node-services.changelog-init.xml::migrate_pk_hash_to_ext_id::R3.Corda, databaseChangeLog=master.changelog.json}
?[m?[37m[INFO] 17:13:29,704 [Test worker] changelog.ChangeSet. - Index ext_id_idx created {changeSet=migration/node-services.changelog-init.xml::migrate_pk_hash_to_ext_id::R3.Corda, databaseChangeLog=master.changelog.json}
?[m?[37m[INFO] 17:13:29,704 [Test worker] changelog.ChangeSet. - ChangeSet migration/node-services.changelog-init.xml::migrate_pk_hash_to_ext_id::R3.Corda ran successfully in 6ms {changeSet=migration/node-services.changelog-init.xml::migrate_pk_hash_to_ext_id::R3.Corda, databaseChangeLog=master.changelog.json}
?[m?[37m[INFO] 17:13:29,706 [Test worker] jvm.JdbcExecutor. - INSERT INTO PUBLIC.DATABASECHANGELOG (ID, AUTHOR, FILENAME, DATEEXECUTED, ORDEREXECUTED, MD5SUM, DESCRIPTION, COMMENTS, EXECTYPE, CONTEXTS, LABELS, LIQUIBASE, DEPLOYMENT_ID) VALUES ('migrate_pk_hash_to_ext_id', 'R3.Corda', 'migration/node-services.changelog-init.xml', NOW(), 87, '8:daf9ba8b9522b5ed5e0c474f220a5ef9', 'dropColumn columnName=id, tableName=pk_hash_to_ext_id_map; dropIndex indexName=pk_hash_to_xid_idx, tableName=pk_hash_to_ext_id_map; addPrimaryKey constraintName=pubkey_hash_to_external_id_pk, tableName=pk_hash_to_ext_id_map; createIndex indexName=...', '', 'EXECUTED', NULL, NULL, '3.6.3', '4052009392') {changeSet=migration/node-services.changelog-init.xml::migrate_pk_hash_to_ext_id::R3.Corda, databaseChangeLog=master.changelog.json}
?[m?[37m[INFO] 17:13:29,709 [Test worker] changelog.ChangeSet. - null {changeSet=migration/node-services.changelog-init.xml::migrate_identity_service_to_use_publicKey.toShortString()::R3.Corda, databaseChangeLog=master.changelog.json}
?[m?[37m[INFO] 17:13:29,709 [Test worker] changelog.ChangeSet. - ChangeSet migration/node-services.changelog-init.xml::migrate_identity_service_to_use_publicKey.toShortString()::R3.Corda ran successfully in 1ms {changeSet=migration/node-services.changelog-init.xml::migrate_identity_service_to_use_publicKey.toShortString()::R3.Corda, databaseChangeLog=master.changelog.json}
?[m?[37m[INFO] 17:13:29,710 [Test worker] jvm.JdbcExecutor. - INSERT INTO PUBLIC.DATABASECHANGELOG (ID, AUTHOR, FILENAME, DATEEXECUTED, ORDEREXECUTED, MD5SUM, DESCRIPTION, COMMENTS, EXECTYPE, CONTEXTS, LABELS, LIQUIBASE, DEPLOYMENT_ID) VALUES ('migrate_identity_service_to_use_publicKey.toShortString()', 'R3.Corda', 'migration/node-services.changelog-init.xml', NOW(), 88, '8:51a17ecff2c7f17e1502992fdda4356d', 'customChange', '', 'EXECUTED', NULL, NULL, '3.6.3', '4052009392') {changeSet=migration/node-services.changelog-init.xml::migrate_identity_service_to_use_publicKey.toShortString()::R3.Corda, databaseChangeLog=master.changelog.json}
?[m?[37m[INFO] 17:13:29,711 [Test worker] jvm.JdbcExecutor. - ALTER TABLE PUBLIC.node_transactions ADD status NVARCHAR(1) DEFAULT 'V' NOT NULL {changeSet=migration/node-services.changelog-init.xml::add_status_column::R3.Corda, databaseChangeLog=master.changelog.json}
?[m?[37m[INFO] 17:13:29,714 [Test worker] changelog.ChangeSet. - Columns status(NVARCHAR(1)) added to node_transactions {changeSet=migration/node-services.changelog-init.xml::add_status_column::R3.Corda, databaseChangeLog=master.changelog.json}
?[m?[37m[INFO] 17:13:29,714 [Test worker] changelog.ChangeSet. - ChangeSet migration/node-services.changelog-init.xml::add_status_column::R3.Corda ran successfully in 3ms {changeSet=migration/node-services.changelog-init.xml::add_status_column::R3.Corda, databaseChangeLog=master.changelog.json}
?[m?[37m[INFO] 17:13:29,714 [Test worker] jvm.JdbcExecutor. - INSERT INTO PUBLIC.DATABASECHANGELOG (ID, AUTHOR, FILENAME, DATEEXECUTED, ORDEREXECUTED, MD5SUM, DESCRIPTION, COMMENTS, EXECTYPE, CONTEXTS, LABELS, LIQUIBASE, DEPLOYMENT_ID) VALUES ('add_status_column', 'R3.Corda', 'migration/node-services.changelog-init.xml', NOW(), 89, '8:163dc66ab97910470ce080cd4c4d33ef', 'addColumn tableName=node_transactions', '', 'EXECUTED', NULL, NULL, '3.6.3', '4052009392') {changeSet=migration/node-services.changelog-init.xml::add_status_column::R3.Corda, databaseChangeLog=master.changelog.json}
?[m?[37m[INFO] 17:13:29,716 [Test worker] jvm.JdbcExecutor. - CREATE TABLE PUBLIC.node_hash_to_key (pk_hash NVARCHAR(130) NOT NULL, public_key BLOB NOT NULL) {changeSet=migration/node-services.changelog-init.xml::add-new-pk-hash-to-pk-table::R3.Corda, databaseChangeLog=master.changelog.json}
?[m?[37m[INFO] 17:13:29,717 [Test worker] changelog.ChangeSet. - Table node_hash_to_key created {changeSet=migration/node-services.changelog-init.xml::add-new-pk-hash-to-pk-table::R3.Corda, databaseChangeLog=master.changelog.json}
?[m?[37m[INFO] 17:13:29,717 [Test worker] jvm.JdbcExecutor. - ALTER TABLE PUBLIC.node_hash_to_key ADD CONSTRAINT node_hash_to_key_pk_hash PRIMARY KEY (pk_hash) {changeSet=migration/node-services.changelog-init.xml::add-new-pk-hash-to-pk-table::R3.Corda, databaseChangeLog=master.changelog.json}
?[m?[37m[INFO] 17:13:29,719 [Test worker] changelog.ChangeSet. - Primary key added to node_hash_to_key (pk_hash) {changeSet=migration/node-services.changelog-init.xml::add-new-pk-hash-to-pk-table::R3.Corda, databaseChangeLog=master.changelog.json}
?[m?[37m[INFO] 17:13:29,719 [Test worker] changelog.ChangeSet. - ChangeSet migration/node-services.changelog-init.xml::add-new-pk-hash-to-pk-table::R3.Corda ran successfully in 3ms {changeSet=migration/node-services.changelog-init.xml::add-new-pk-hash-to-pk-table::R3.Corda, databaseChangeLog=master.changelog.json}
?[m?[37m[INFO] 17:13:29,721 [Test worker] jvm.JdbcExecutor. - INSERT INTO PUBLIC.DATABASECHANGELOG (ID, AUTHOR, FILENAME, DATEEXECUTED, ORDEREXECUTED, MD5SUM, DESCRIPTION, COMMENTS, EXECTYPE, CONTEXTS, LABELS, LIQUIBASE, DEPLOYMENT_ID) VALUES ('add-new-pk-hash-to-pk-table', 'R3.Corda', 'migration/node-services.changelog-init.xml', NOW(), 90, '8:90ed8145a19f497b5c95a5c9542917f0', 'createTable tableName=node_hash_to_key; addPrimaryKey constraintName=node_hash_to_key_pk_hash, tableName=node_hash_to_key', '', 'EXECUTED', NULL, NULL, '3.6.3', '4052009392') {changeSet=migration/node-services.changelog-init.xml::add-new-pk-hash-to-pk-table::R3.Corda, databaseChangeLog=master.changelog.json}
?[m?[37m[INFO] 17:13:29,723 [Test worker] jvm.JdbcExecutor. - ALTER TABLE PUBLIC.node_transactions ADD timestamp TIMESTAMP DEFAULT '2000-01-01 12:00:00' NOT NULL {changeSet=migration/node-services.changelog-init.xml::add_timestamp_column_to_node_transactions::R3.Corda, databaseChangeLog=master.changelog.json}
?[m?[37m[INFO] 17:13:29,726 [Test worker] changelog.ChangeSet. - Columns timestamp(TIMESTAMP) added to node_transactions {changeSet=migration/node-services.changelog-init.xml::add_timestamp_column_to_node_transactions::R3.Corda, databaseChangeLog=master.changelog.json}
?[m?[37m[INFO] 17:13:29,726 [Test worker] changelog.ChangeSet. - ChangeSet migration/node-services.changelog-init.xml::add_timestamp_column_to_node_transactions::R3.Corda ran successfully in 4ms {changeSet=migration/node-services.changelog-init.xml::add_timestamp_column_to_node_transactions::R3.Corda, databaseChangeLog=master.changelog.json}
?[m?[37m[INFO] 17:13:29,726 [Test worker] jvm.JdbcExecutor. - INSERT INTO PUBLIC.DATABASECHANGELOG (ID, AUTHOR, FILENAME, DATEEXECUTED, ORDEREXECUTED, MD5SUM, DESCRIPTION, COMMENTS, EXECTYPE, CONTEXTS, LABELS, LIQUIBASE, DEPLOYMENT_ID) VALUES ('add_timestamp_column_to_node_transactions', 'R3.Corda', 'migration/node-services.changelog-init.xml', NOW(), 91, '8:bc308c6c38c83b58a03f11f0943a944f', 'addColumn tableName=node_transactions', '', 'EXECUTED', NULL, NULL, '3.6.3', '4052009392') {changeSet=migration/node-services.changelog-init.xml::add_timestamp_column_to_node_transactions::R3.Corda, databaseChangeLog=master.changelog.json}
?[m?[37m[INFO] 17:13:29,727 [Test worker] migration.VaultStateMigration. - Migrating vault state data to V4 tables {changeSet=migration/vault-schema.changelog-v9.xml::update-vault-states::R3.Corda, databaseChangeLog=master.changelog.json}
?[m?[37m[INFO] 17:13:29,731 [Test worker] persistence.HibernateConfiguration. - Init HibernateConfiguration for schemas: [VaultMigrationSchemaV1(name=net.corda.node.migration.VaultMigrationSchema, version=1), VaultSchemaV1(name=net.corda.node.services.vault.VaultSchema, version=1)] {changeSet=migration/vault-schema.changelog-v9.xml::update-vault-states::R3.Corda, databaseChangeLog=master.changelog.json}
?[m?[37m[INFO] 17:13:29,731 [Test worker] persistence.HibernateConfiguration. - Creating session factory for schemas: [VaultMigrationSchemaV1(name=net.corda.node.migration.VaultMigrationSchema, version=1), VaultSchemaV1(name=net.corda.node.services.vault.VaultSchema, version=1)] {changeSet=migration/vault-schema.changelog-v9.xml::update-vault-states::R3.Corda, databaseChangeLog=master.changelog.json}
?[m?[37m[INFO] 17:13:29,745 [Test worker] internal.ConnectionProviderInitiator. - HHH000130: Instantiating explicit connection provider: net.corda.nodeapi.internal.persistence.HibernateConfiguration$NodeDatabaseConnectionProvider {changeSet=migration/vault-schema.changelog-v9.xml::update-vault-states::R3.Corda, databaseChangeLog=master.changelog.json}
?[m?[37m[INFO] 17:13:29,745 [Test worker] dialect.Dialect. - HHH000400: Using dialect: org.hibernate.dialect.H2Dialect {changeSet=migration/vault-schema.changelog-v9.xml::update-vault-states::R3.Corda, databaseChangeLog=master.changelog.json}
?[m?[37m[INFO] 17:13:29,847 [Test worker] connections.access. - HHH10001501: Connection obtained from JdbcConnectionAccess [org.hibernate.engine.jdbc.env.internal.JdbcEnvironmentInitiator$ConnectionProviderJdbcConnectionAccess@22ebfd78] for (non-JTA) DDL execution was not in auto-commit mode; the Connection 'local transaction' will be committed and the Connection will be set into auto-commit mode. {changeSet=migration/vault-schema.changelog-v9.xml::update-vault-states::R3.Corda, databaseChangeLog=master.changelog.json}
?[m?[37m[INFO] 17:13:29,895 [Test worker] internal.JtaPlatformInitiator. - HHH000490: Using JtaPlatform implementation: [org.hibernate.engine.transaction.jta.platform.internal.NoJtaPlatform] {changeSet=migration/vault-schema.changelog-v9.xml::update-vault-states::R3.Corda, databaseChangeLog=master.changelog.json}
?[m?[37m[INFO] 17:13:29,895 [Test worker] persistence.HibernateConfiguration. - Created session factory for schemas: [VaultMigrationSchemaV1(name=net.corda.node.migration.VaultMigrationSchema, version=1), VaultSchemaV1(name=net.corda.node.services.vault.VaultSchema, version=1)] {changeSet=migration/vault-schema.changelog-v9.xml::update-vault-states::R3.Corda, databaseChangeLog=master.changelog.json}
?[m?[37m[INFO] 17:13:29,919 [Test worker] migration.VaultStateMigration. - Finished performing vault state data migration for 0 states {changeSet=migration/vault-schema.changelog-v9.xml::update-vault-states::R3.Corda, databaseChangeLog=master.changelog.json}
?[m?[37m[INFO] 17:13:29,919 [Test worker] changelog.ChangeSet. - null {changeSet=migration/vault-schema.changelog-v9.xml::update-vault-states::R3.Corda, databaseChangeLog=master.changelog.json}
?[m?[37m[INFO] 17:13:29,919 [Test worker] changelog.ChangeSet. - ChangeSet migration/vault-schema.changelog-v9.xml::update-vault-states::R3.Corda ran successfully in 192ms {changeSet=migration/vault-schema.changelog-v9.xml::update-vault-states::R3.Corda, databaseChangeLog=master.changelog.json}
?[m?[37m[INFO] 17:13:29,920 [Test worker] jvm.JdbcExecutor. - INSERT INTO PUBLIC.DATABASECHANGELOG (ID, AUTHOR, FILENAME, DATEEXECUTED, ORDEREXECUTED, MD5SUM, DESCRIPTION, COMMENTS, EXECTYPE, CONTEXTS, LABELS, LIQUIBASE, DEPLOYMENT_ID) VALUES ('update-vault-states', 'R3.Corda', 'migration/vault-schema.changelog-v9.xml', NOW(), 92, '8:f8f4c73846280164daf6855e1ecf3cc6', 'customChange', '', 'EXECUTED', NULL, NULL, '3.6.3', '4052009392') {changeSet=migration/vault-schema.changelog-v9.xml::update-vault-states::R3.Corda, databaseChangeLog=master.changelog.json}
?[m?[37m[INFO] 17:13:29,923 [Test worker] migration.PersistentIdentityMigrationNewTable. - Migrating persistent identities with certificates table into persistent table with no certificate data. {changeSet=migration/node-services.changelog-init.xml::transfer-to-new-persistence-table::R3.Corda, databaseChangeLog=master.changelog.json}
?[m?[37m[INFO] 17:13:29,927 [Test worker] persistence.HibernateConfiguration. - Init HibernateConfiguration for schemas: [MappedSchema(name=net.corda.node.migration.PersistentIdentitiesMigrationSchema, version=1)] {changeSet=migration/node-services.changelog-init.xml::transfer-to-new-persistence-table::R3.Corda, databaseChangeLog=master.changelog.json}
?[m?[37m[INFO] 17:13:29,927 [Test worker] persistence.HibernateConfiguration. - Creating session factory for schemas: [MappedSchema(name=net.corda.node.migration.PersistentIdentitiesMigrationSchema, version=1)] {changeSet=migration/node-services.changelog-init.xml::transfer-to-new-persistence-table::R3.Corda, databaseChangeLog=master.changelog.json}
?[m?[37m[INFO] 17:13:29,941 [Test worker] internal.ConnectionProviderInitiator. - HHH000130: Instantiating explicit connection provider: net.corda.nodeapi.internal.persistence.HibernateConfiguration$NodeDatabaseConnectionProvider {changeSet=migration/node-services.changelog-init.xml::transfer-to-new-persistence-table::R3.Corda, databaseChangeLog=master.changelog.json}
?[m?[37m[INFO] 17:13:29,942 [Test worker] dialect.Dialect. - HHH000400: Using dialect: org.hibernate.dialect.H2Dialect {changeSet=migration/node-services.changelog-init.xml::transfer-to-new-persistence-table::R3.Corda, databaseChangeLog=master.changelog.json}
?[m?[37m[INFO] 17:13:30,011 [Test worker] connections.access. - HHH10001501: Connection obtained from JdbcConnectionAccess [org.hibernate.engine.jdbc.env.internal.JdbcEnvironmentInitiator$ConnectionProviderJdbcConnectionAccess@591b9d4] for (non-JTA) DDL execution was not in auto-commit mode; the Connection 'local transaction' will be committed and the Connection will be set into auto-commit mode. {changeSet=migration/node-services.changelog-init.xml::transfer-to-new-persistence-table::R3.Corda, databaseChangeLog=master.changelog.json}
?[m?[37m[INFO] 17:13:30,037 [Test worker] internal.JtaPlatformInitiator. - HHH000490: Using JtaPlatform implementation: [org.hibernate.engine.transaction.jta.platform.internal.NoJtaPlatform] {changeSet=migration/node-services.changelog-init.xml::transfer-to-new-persistence-table::R3.Corda, databaseChangeLog=master.changelog.json}
?[m?[37m[INFO] 17:13:30,037 [Test worker] persistence.HibernateConfiguration. - Created session factory for schemas: [MappedSchema(name=net.corda.node.migration.PersistentIdentitiesMigrationSchema, version=1)] {changeSet=migration/node-services.changelog-init.xml::transfer-to-new-persistence-table::R3.Corda, databaseChangeLog=master.changelog.json}
?[m?[37m[INFO] 17:13:30,040 [Test worker] changelog.ChangeSet. - null {changeSet=migration/node-services.changelog-init.xml::transfer-to-new-persistence-table::R3.Corda, databaseChangeLog=master.changelog.json}
?[m?[37m[INFO] 17:13:30,040 [Test worker] changelog.ChangeSet. - ChangeSet migration/node-services.changelog-init.xml::transfer-to-new-persistence-table::R3.Corda ran successfully in 118ms {changeSet=migration/node-services.changelog-init.xml::transfer-to-new-persistence-table::R3.Corda, databaseChangeLog=master.changelog.json}
?[m?[37m[INFO] 17:13:30,041 [Test worker] jvm.JdbcExecutor. - INSERT INTO PUBLIC.DATABASECHANGELOG (ID, AUTHOR, FILENAME, DATEEXECUTED, ORDEREXECUTED, MD5SUM, DESCRIPTION, COMMENTS, EXECTYPE, CONTEXTS, LABELS, LIQUIBASE, DEPLOYMENT_ID) VALUES ('transfer-to-new-persistence-table', 'R3.Corda', 'migration/node-services.changelog-init.xml', NOW(), 93, '8:dc5c1913b593f4a2b95ddca810da11ba', 'customChange', '', 'EXECUTED', NULL, NULL, '3.6.3', '4052009392') {changeSet=migration/node-services.changelog-init.xml::transfer-to-new-persistence-table::R3.Corda, databaseChangeLog=master.changelog.json}
?[m?[37m[INFO] 17:13:30,042 [Test worker] lockservice.StandardLockService. - Successfully released change log lock
?[m?[37m[INFO] 17:13:30,043 [Test worker] internal.InternalMockNetwork$MockNode. - Connected to H2 database.
?[m?[37m[INFO] 17:13:30,045 [Test worker] persistence.HibernateConfiguration. - Init HibernateConfiguration for schemas: [CommonSchemaV1(name=net.corda.core.schemas.CommonSchema, version=1), VaultSchemaV1(name=net.corda.node.services.vault.VaultSchema, version=1), NodeInfoSchemaV1(name=net.corda.node.internal.schemas.NodeInfoSchema, version=1), NodeCoreV1(name=net.corda.node.services.schema.NodeSchemaService$NodeCore, version=1)]
?[m?[37m[INFO] 17:13:30,045 [Test worker] persistence.HibernateConfiguration. - Creating session factory for schemas: [CommonSchemaV1(name=net.corda.core.schemas.CommonSchema, version=1), VaultSchemaV1(name=net.corda.node.services.vault.VaultSchema, version=1), NodeInfoSchemaV1(name=net.corda.node.internal.schemas.NodeInfoSchema, version=1), NodeCoreV1(name=net.corda.node.services.schema.NodeSchemaService$NodeCore, version=1)]
?[m?[37m[INFO] 17:13:30,049 [Test worker] internal.ConnectionProviderInitiator. - HHH000130: Instantiating explicit connection provider: net.corda.nodeapi.internal.persistence.HibernateConfiguration$NodeDatabaseConnectionProvider
?[m?[37m[INFO] 17:13:30,050 [Test worker] dialect.Dialect. - HHH000400: Using dialect: org.hibernate.dialect.H2Dialect
?[m?[37m[INFO] 17:13:30,163 [Test worker] connections.access. - HHH10001501: Connection obtained from JdbcConnectionAccess [org.hibernate.engine.jdbc.env.internal.JdbcEnvironmentInitiator$ConnectionProviderJdbcConnectionAccess@79a5e184] for (non-JTA) DDL execution was not in auto-commit mode; the Connection 'local transaction' will be committed and the Connection will be set into auto-commit mode.
?[m?[37m[INFO] 17:13:30,212 [Test worker] internal.JtaPlatformInitiator. - HHH000490: Using JtaPlatform implementation: [org.hibernate.engine.transaction.jta.platform.internal.NoJtaPlatform]
?[m?[37m[INFO] 17:13:30,212 [Test worker] persistence.HibernateConfiguration. - Created session factory for schemas: [CommonSchemaV1(name=net.corda.core.schemas.CommonSchema, version=1), VaultSchemaV1(name=net.corda.node.services.vault.VaultSchema, version=1), NodeInfoSchemaV1(name=net.corda.node.internal.schemas.NodeInfoSchema, version=1), NodeCoreV1(name=net.corda.node.services.schema.NodeSchemaService$NodeCore, version=1)]
?[m?[37m[INFO] 17:13:30,214 [Test worker] internal.InternalMockNetwork$MockNode. - identity-private-key not found in key store, generating fresh key!
?[m?[37m[INFO] 17:13:30,232 [Test worker] internal.InternalMockNetwork$MockNode. - Node-info has changed so submitting update. Old node-info was null
?[m?[37m[INFO] 17:13:30,232 [Test worker] network.PersistentNetworkMapCache. - Adding node with info: NodeInfo(addresses=[mock.node:1000], legalIdentitiesAndCerts=[O=Mock Company 1, L=London, C=GB], platformVersion=6, serial=1594052010232)
?[m?[37m[INFO] 17:13:30,234 [Test worker] network.PersistentNetworkMapCache. - No previous node found for O=Mock Company 1, L=London, C=GB
?[m?[37m[INFO] 17:13:30,240 [Test worker] internal.InternalMockNetwork$MockNode. - New node-info: NodeInfo(addresses=[mock.node:1000], legalIdentitiesAndCerts=[O=Mock Company 1, L=London, C=GB], platformVersion=6, serial=1594052010232)
?[m?[37m[INFO] 17:13:30,246 [Test worker] network.NetworkMapUpdater. - Auto-accept enabled for network parameter changes which modify only: [epoch, modifiedTime, packageOwnership, whitelistedContractImplementations]
?[m?[37m[INFO] 17:13:30,250 [MockNode-2-2] network.PersistentNetworkMapCache. - Adding node with info: NodeInfo(addresses=[mock.node:1000], legalIdentitiesAndCerts=[O=Mock Company 1, L=London, C=GB], platformVersion=6, serial=1594052010232)
?[m?[37m[INFO] 17:13:30,259 [MockNode-2-2] network.PersistentNetworkMapCache. - Previous node was identical to incoming one - doing nothing
?[m?[37m[INFO] 17:13:30,276 [Test worker] ClassloaderUtils. - Contracts loading for '/var/folders/_g/9fzbngjj4w32txcb7jh6z86c0000gp/T/attachment4990427541982374959.jar' took 6 msec
?[m?[37m[INFO] 17:13:30,287 [Test worker] persistence.NodeAttachmentService. - Stored new attachment: id=C8FAD87E53A1FCF879C27EC3D731908C0E89E846808E94424A07FFB208E7039E uploader=app filename=Template CorDapp
?[m?[37m[INFO] 17:13:30,302 [Test worker] statemachine.SingleThreadedStateMachineManager. - Node ready, info: NodeInfo(addresses=[mock.node:1000], legalIdentitiesAndCerts=[O=Mock Company 1, L=London, C=GB], platformVersion=6, serial=1594052010232)
?[m?[37m[INFO] 17:13:30,306 [Test worker] network.PersistentNetworkMapCache. - Adding node with info: NodeInfo(addresses=[mock.node:1000], legalIdentitiesAndCerts=[O=Notary Service, L=Zurich, C=CH], platformVersion=6, serial=1594052008533)
?[m?[37m[INFO] 17:13:30,311 [Test worker] network.PersistentNetworkMapCache. - No previous node found for O=Notary Service, L=Zurich, C=CH
?[m?[37m[INFO] 17:13:30,328 [Test worker] network.PersistentNetworkMapCache. - Adding node with info: NodeInfo(addresses=[mock.node:1000], legalIdentitiesAndCerts=[O=Mock Company 1, L=London, C=GB], platformVersion=6, serial=1594052010232)
?[m?[37m[INFO] 17:13:30,330 [Test worker] network.PersistentNetworkMapCache. - No previous node found for O=Mock Company 1, L=London, C=GB
?[m?[37m[INFO] 17:13:30,354 [Test worker] network.PersistentNetworkMapCache. - Adding node with info: NodeInfo(addresses=[mock.node:1000], legalIdentitiesAndCerts=[O=Mock Company 1, L=London, C=GB], platformVersion=6, serial=1594052010232)
?[m?[37m[INFO] 17:13:30,354 [Test worker] network.PersistentNetworkMapCache. - Previous node was identical to incoming one - doing nothing
?[m?[37m[INFO] 17:13:30,355 [Test worker] network.PersistentNetworkMapCache. - Adding node with info: NodeInfo(addresses=[mock.node:1000], legalIdentitiesAndCerts=[O=Mock Company 1, L=London, C=GB], platformVersion=6, serial=1594052010232)
?[m?[37m[INFO] 17:13:30,355 [Test worker] network.PersistentNetworkMapCache. - Previous node was identical to incoming one - doing nothing
?[mBing! 0!
Bing! 1!
Bing! 2!
Bing! 3!
Bing! 4!
Bing! 5!
Bing! 6!
Bing! 7!
Bing! 8!
Bing! 9!
Bong! 0!
Bong! 1!
Bong! 2!
Bong! 3!
Bong! 4!
Bong! 5!
Bong! 6!
Bong! 7!
Bong! 8!
Bong! 9!
?[37m[INFO] 17:13:42,920 [Test worker] hikari.HikariDataSource. - HikariPool-1 - Shutdown initiated...
?[m?[37m[INFO] 17:13:42,925 [Test worker] hikari.HikariDataSource. - HikariPool-1 - Shutdown completed.
?[m?[37m[INFO] 17:13:42,932 [Test worker] hikari.HikariDataSource. - HikariPool-2 - Shutdown initiated...
?[m?[37m[INFO] 17:13:42,934 [Test worker] hikari.HikariDataSource. - HikariPool-2 - Shutdown completed.
?[m]]></system-out>
  <system-err><![CDATA[[quasar] WARNING: UnableToInstrumentException encountered when instrumenting com/template/flows/SleepyFlow#call()Ljava/lang/Void;: Unable to instrument com/template/flows/SleepyFlow#call()Ljava/lang/Void; because of blocking call to java/lang/Thread#sleep(J)V
QUASAR WARNING: Assertions enabled. This may harm performance.
QUASAR WARNING: Fibers are set to verify instrumentation. This may *severely* harm performance.
]]></system-err>
</testsuite>
